This file contains any messages produced by compilers while
running configure, to aid debugging if configure makes a mistake.

It was created by libnfsidmap configure 0.25, which was
generated by GNU Autoconf 2.69.  Invocation command line was

  $ ./configure --host=arm-linux --build=x86_64-linux-gnu --prefix=/usr --enable-shared --enable-static

## --------- ##
## Platform. ##
## --------- ##

hostname = debian
uname -m = x86_64
uname -r = 4.9.0-6-amd64
uname -s = Linux
uname -v = #1 SMP Debian 4.9.88-1+deb9u1 (2018-05-07)

/usr/bin/uname -p = unknown
/bin/uname -X     = unknown

/bin/arch              = unknown
/usr/bin/arch -k       = unknown
/usr/convex/getsysinfo = unknown
/usr/bin/hostinfo      = unknown
/bin/machine           = unknown
/usr/bin/oslevel       = unknown
/bin/universe          = unknown

PATH: /root/advancedtomat/release/tools
PATH: /root/advancedtomat/release/tools
PATH: /root/advancedtomat/release/tools
PATH: /root/advancedtomat/release/tools
PATH: /usr/local/sbin
PATH: /usr/local/bin
PATH: /usr/sbin
PATH: /usr/bin
PATH: /sbin
PATH: /bin
PATH: /root/advancedtomat/release/src-rt-6.x.4708/toolchains/hndtools-arm-linux-2.6.36-uclibc-4.5.3/bin
PATH: /sbin
PATH: /root/advancedtomato/release/src-rt-6.x.4708/toolchains/hndtools-arm-linux-2.6.36-uclibc-4.5.3/bin
PATH: /sbin


## ----------- ##
## Core tests. ##
## ----------- ##

configure:2340: checking for a BSD-compatible install
configure:2408: result: /usr/bin/install -c
configure:2419: checking whether build environment is sane
configure:2474: result: yes
configure:2533: checking for arm-linux-strip
configure:2560: result: arm-brcm-linux-uclibcgnueabi-strip
configure:2625: checking for a thread-safe mkdir -p
configure:2664: result: /bin/mkdir -p
configure:2671: checking for gawk
configure:2687: found /usr/bin/gawk
configure:2698: result: gawk
configure:2709: checking whether make sets $(MAKE)
configure:2731: result: yes
configure:2760: checking whether make supports nested variables
configure:2777: result: yes
configure:2931: checking build system type
configure:2945: result: x86_64-pc-linux-gnu
configure:2965: checking host system type
configure:2978: result: arm-unknown-linux-gnu
configure:3019: checking how to print strings
configure:3046: result: printf
configure:3079: checking for style of include used by make
configure:3107: result: GNU
configure:3138: checking for arm-linux-gcc
configure:3165: result: arm-brcm-linux-uclibcgnueabi-gcc
configure:3434: checking for C compiler version
configure:3443: arm-brcm-linux-uclibcgnueabi-gcc --version >&5
arm-brcm-linux-uclibcgnueabi-gcc (Buildroot 2012.02) 4.5.3
Copyright (C) 2010 Free Software Foundation, Inc.
This is free software; see the source for copying conditions.  There is NO
warranty; not even for MERCHANTABILITY or FITNESS FOR A PARTICULAR PURPOSE.

configure:3454: $? = 0
configure:3443: arm-brcm-linux-uclibcgnueabi-gcc -v >&5
Using built-in specs.
COLLECT_GCC=arm-brcm-linux-uclibcgnueabi-gcc
COLLECT_LTO_WRAPPER=/root/advancedtomat/release/src-rt-6.x.4708/toolchains/hndtools-arm-linux-2.6.36-uclibc-4.5.3/bin/../libexec/gcc/arm-brcm-linux-uclibcgnueabi/4.5.3/lto-wrapper
Target: arm-brcm-linux-uclibcgnueabi
Configured with: /projects/toolchains_build/buildroot-2012.02-brcm/output/toolchain/gcc-4.5.3/configure --prefix=/projects/hnd/tools/linux/hndtools-arm-linux-2.6.36-uclibc-4.5.3 --build=i686-pc-linux-gnu --host=i686-pc-linux-gnu --target=arm-brcm-linux-uclibcgnueabi --enable-languages=c,c++ --with-sysroot=/projects/hnd/tools/linux/hndtools-arm-linux-2.6.36-uclibc-4.5.3/arm-brcm-linux-uclibcgnueabi/sysroot --with-build-time-tools=/projects/hnd/tools/linux/hndtools-arm-linux-2.6.36-uclibc-4.5.3/arm-brcm-linux-uclibcgnueabi/bin --disable-__cxa_atexit --enable-target-optspace --disable-libgomp --with-gnu-ld --disable-libssp --disable-multilib --disable-tls --enable-shared --with-gmp=/projects/hnd/tools/linux/hndtools-arm-linux-2.6.36-uclibc-4.5.3 --with-mpfr=/projects/hnd/tools/linux/hndtools-arm-linux-2.6.36-uclibc-4.5.3 --with-mpc=/projects/hnd/tools/linux/hndtools-arm-linux-2.6.36-uclibc-4.5.3 --enable-threads --disable-decimal-float --with-float=soft --with-abi=aapcs-linux --with-arch=armv7-a --with-tune=cortex-a9 --with-pkgversion='Buildroot 2012.02' --with-bugurl=http://bugs.buildroot.net/
Thread model: posix
gcc version 4.5.3 (Buildroot 2012.02) 
configure:3454: $? = 0
configure:3443: arm-brcm-linux-uclibcgnueabi-gcc -V >&5
arm-brcm-linux-uclibcgnueabi-gcc: '-V' option must have argument
configure:3454: $? = 1
configure:3443: arm-brcm-linux-uclibcgnueabi-gcc -qversion >&5
arm-brcm-linux-uclibcgnueabi-gcc: unrecognized option '-qversion'
arm-brcm-linux-uclibcgnueabi-gcc: no input files
configure:3454: $? = 1
configure:3474: checking whether the C compiler works
configure:3496: arm-brcm-linux-uclibcgnueabi-gcc -DBCMWPA2 -DBCMQOS -DBCM_DCS -DEXT_ACS -DD11AC_IOTYPES -DNAS_GTK_PER_STA -DPHYMON -DPROXYARP -DTRAFFIC_MGMT -DTRAFFIC_MGMT_RSSI_POLICY -DLINUX26 -DCONFIG_BCMWL5 -DCONFIG_BCMWL6 -DCONFIG_BCMWL6A -DPART_JFFS2_GAP=0UL -pipe -fno-strict-aliasing -DBCMWPA2 -DBCMARM -marm  -DTCONFIG_NVRAM_64K -DLINUX_KERNEL_VERSION=132644 -O2 -D__CONFIG_EMF__   conftest.c  >&5
configure:3500: $? = 0
configure:3548: result: yes
configure:3551: checking for C compiler default output file name
configure:3553: result: a.out
configure:3559: checking for suffix of executables
configure:3566: arm-brcm-linux-uclibcgnueabi-gcc -o conftest -DBCMWPA2 -DBCMQOS -DBCM_DCS -DEXT_ACS -DD11AC_IOTYPES -DNAS_GTK_PER_STA -DPHYMON -DPROXYARP -DTRAFFIC_MGMT -DTRAFFIC_MGMT_RSSI_POLICY -DLINUX26 -DCONFIG_BCMWL5 -DCONFIG_BCMWL6 -DCONFIG_BCMWL6A -DPART_JFFS2_GAP=0UL -pipe -fno-strict-aliasing -DBCMWPA2 -DBCMARM -marm  -DTCONFIG_NVRAM_64K -DLINUX_KERNEL_VERSION=132644 -O2 -D__CONFIG_EMF__   conftest.c  >&5
configure:3570: $? = 0
configure:3592: result: 
configure:3614: checking whether we are cross compiling
configure:3652: result: yes
configure:3657: checking for suffix of object files
configure:3679: arm-brcm-linux-uclibcgnueabi-gcc -c -DBCMWPA2 -DBCMQOS -DBCM_DCS -DEXT_ACS -DD11AC_IOTYPES -DNAS_GTK_PER_STA -DPHYMON -DPROXYARP -DTRAFFIC_MGMT -DTRAFFIC_MGMT_RSSI_POLICY -DLINUX26 -DCONFIG_BCMWL5 -DCONFIG_BCMWL6 -DCONFIG_BCMWL6A -DPART_JFFS2_GAP=0UL -pipe -fno-strict-aliasing -DBCMWPA2 -DBCMARM -marm  -DTCONFIG_NVRAM_64K -DLINUX_KERNEL_VERSION=132644 -O2 -D__CONFIG_EMF__  conftest.c >&5
configure:3683: $? = 0
configure:3704: result: o
configure:3708: checking whether we are using the GNU C compiler
configure:3727: arm-brcm-linux-uclibcgnueabi-gcc -c -DBCMWPA2 -DBCMQOS -DBCM_DCS -DEXT_ACS -DD11AC_IOTYPES -DNAS_GTK_PER_STA -DPHYMON -DPROXYARP -DTRAFFIC_MGMT -DTRAFFIC_MGMT_RSSI_POLICY -DLINUX26 -DCONFIG_BCMWL5 -DCONFIG_BCMWL6 -DCONFIG_BCMWL6A -DPART_JFFS2_GAP=0UL -pipe -fno-strict-aliasing -DBCMWPA2 -DBCMARM -marm  -DTCONFIG_NVRAM_64K -DLINUX_KERNEL_VERSION=132644 -O2 -D__CONFIG_EMF__  conftest.c >&5
configure:3727: $? = 0
configure:3736: result: yes
configure:3745: checking whether arm-brcm-linux-uclibcgnueabi-gcc accepts -g
configure:3765: arm-brcm-linux-uclibcgnueabi-gcc -c -g  conftest.c >&5
configure:3765: $? = 0
configure:3806: result: yes
configure:3823: checking for arm-brcm-linux-uclibcgnueabi-gcc option to accept ISO C89
configure:3886: arm-brcm-linux-uclibcgnueabi-gcc  -c -DBCMWPA2 -DBCMQOS -DBCM_DCS -DEXT_ACS -DD11AC_IOTYPES -DNAS_GTK_PER_STA -DPHYMON -DPROXYARP -DTRAFFIC_MGMT -DTRAFFIC_MGMT_RSSI_POLICY -DLINUX26 -DCONFIG_BCMWL5 -DCONFIG_BCMWL6 -DCONFIG_BCMWL6A -DPART_JFFS2_GAP=0UL -pipe -fno-strict-aliasing -DBCMWPA2 -DBCMARM -marm  -DTCONFIG_NVRAM_64K -DLINUX_KERNEL_VERSION=132644 -O2 -D__CONFIG_EMF__  conftest.c >&5
configure:3886: $? = 0
configure:3899: result: none needed
configure:3924: checking whether arm-brcm-linux-uclibcgnueabi-gcc understands -c and -o together
configure:3946: arm-brcm-linux-uclibcgnueabi-gcc -c conftest.c -o conftest2.o
configure:3949: $? = 0
configure:3946: arm-brcm-linux-uclibcgnueabi-gcc -c conftest.c -o conftest2.o
configure:3949: $? = 0
configure:3961: result: yes
configure:3980: checking dependency style of arm-brcm-linux-uclibcgnueabi-gcc
configure:4091: result: gcc3
configure:4106: checking for a sed that does not truncate output
configure:4170: result: /bin/sed
configure:4188: checking for grep that handles long lines and -e
configure:4246: result: /bin/grep
configure:4251: checking for egrep
configure:4313: result: /bin/grep -E
configure:4318: checking for fgrep
configure:4380: result: /bin/grep -F
configure:4415: checking for ld used by arm-brcm-linux-uclibcgnueabi-gcc
configure:4482: result: arm-brcm-linux-uclibcgnueabi-ld
configure:4489: checking if the linker (arm-brcm-linux-uclibcgnueabi-ld) is GNU ld
configure:4504: result: yes
configure:4516: checking for BSD- or MS-compatible name lister (nm)
configure:4570: result: arm-brcm-linux-uclibcgnueabi-nm
configure:4700: checking the name lister (arm-brcm-linux-uclibcgnueabi-nm) interface
configure:4707: arm-brcm-linux-uclibcgnueabi-gcc -c -DBCMWPA2 -DBCMQOS -DBCM_DCS -DEXT_ACS -DD11AC_IOTYPES -DNAS_GTK_PER_STA -DPHYMON -DPROXYARP -DTRAFFIC_MGMT -DTRAFFIC_MGMT_RSSI_POLICY -DLINUX26 -DCONFIG_BCMWL5 -DCONFIG_BCMWL6 -DCONFIG_BCMWL6A -DPART_JFFS2_GAP=0UL -pipe -fno-strict-aliasing -DBCMWPA2 -DBCMARM -marm  -DTCONFIG_NVRAM_64K -DLINUX_KERNEL_VERSION=132644 -O2 -D__CONFIG_EMF__  conftest.c >&5
configure:4710: arm-brcm-linux-uclibcgnueabi-nm "conftest.o"
configure:4713: output
00000000 B some_variable
configure:4720: result: BSD nm
configure:4723: checking whether ln -s works
configure:4727: result: yes
configure:4735: checking the maximum length of command line arguments
configure:4866: result: 1572864
configure:4914: checking how to convert x86_64-pc-linux-gnu file names to arm-unknown-linux-gnu format
configure:4954: result: func_convert_file_noop
configure:4961: checking how to convert x86_64-pc-linux-gnu file names to toolchain format
configure:4981: result: func_convert_file_noop
configure:4988: checking for arm-brcm-linux-uclibcgnueabi-ld option to reload object files
configure:4995: result: -r
configure:5029: checking for arm-linux-objdump
configure:5059: result: no
configure:5069: checking for objdump
configure:5085: found /usr/bin/objdump
configure:5096: result: objdump
configure:5108: WARNING: using cross tools not prefixed with host triplet
configure:5128: checking how to recognize dependent libraries
configure:5328: result: pass_all
configure:5373: checking for arm-linux-dlltool
configure:5403: result: no
configure:5413: checking for dlltool
configure:5443: result: no
configure:5473: checking how to associate runtime and link libraries
configure:5500: result: printf %s\n
configure:5517: checking for arm-linux-ar
configure:5544: result: arm-brcm-linux-uclibcgnueabi-ar
configure:5625: checking for archiver @FILE support
configure:5642: arm-brcm-linux-uclibcgnueabi-gcc -c -DBCMWPA2 -DBCMQOS -DBCM_DCS -DEXT_ACS -DD11AC_IOTYPES -DNAS_GTK_PER_STA -DPHYMON -DPROXYARP -DTRAFFIC_MGMT -DTRAFFIC_MGMT_RSSI_POLICY -DLINUX26 -DCONFIG_BCMWL5 -DCONFIG_BCMWL6 -DCONFIG_BCMWL6A -DPART_JFFS2_GAP=0UL -pipe -fno-strict-aliasing -DBCMWPA2 -DBCMARM -marm  -DTCONFIG_NVRAM_64K -DLINUX_KERNEL_VERSION=132644 -O2 -D__CONFIG_EMF__  conftest.c >&5
configure:5642: $? = 0
configure:5645: arm-brcm-linux-uclibcgnueabi-ar cru libconftest.a @conftest.lst >&5
configure:5648: $? = 0
configure:5653: arm-brcm-linux-uclibcgnueabi-ar cru libconftest.a @conftest.lst >&5
arm-brcm-linux-uclibcgnueabi-ar: conftest.o: No such file or directory
configure:5656: $? = 1
configure:5668: result: @
configure:5686: checking for arm-linux-strip
configure:5713: result: arm-brcm-linux-uclibcgnueabi-strip
configure:5785: checking for arm-linux-ranlib
configure:5812: result: arm-brcm-linux-uclibcgnueabi-ranlib
configure:5954: checking command to parse arm-brcm-linux-uclibcgnueabi-nm output from arm-brcm-linux-uclibcgnueabi-gcc object
configure:6107: arm-brcm-linux-uclibcgnueabi-gcc -c -DBCMWPA2 -DBCMQOS -DBCM_DCS -DEXT_ACS -DD11AC_IOTYPES -DNAS_GTK_PER_STA -DPHYMON -DPROXYARP -DTRAFFIC_MGMT -DTRAFFIC_MGMT_RSSI_POLICY -DLINUX26 -DCONFIG_BCMWL5 -DCONFIG_BCMWL6 -DCONFIG_BCMWL6A -DPART_JFFS2_GAP=0UL -pipe -fno-strict-aliasing -DBCMWPA2 -DBCMARM -marm  -DTCONFIG_NVRAM_64K -DLINUX_KERNEL_VERSION=132644 -O2 -D__CONFIG_EMF__  conftest.c >&5
configure:6110: $? = 0
configure:6114: arm-brcm-linux-uclibcgnueabi-nm conftest.o \| sed -n -e 's/^.*[ ]\([ABCDGIRSTW][ABCDGIRSTW]*\)[ ][ ]*\([_A-Za-z][_A-Za-z0-9]*\)$/\1 \2 \2/p' | sed '/ __gnu_lto/d' \> conftest.nm
configure:6117: $? = 0
configure:6183: arm-brcm-linux-uclibcgnueabi-gcc -o conftest -DBCMWPA2 -DBCMQOS -DBCM_DCS -DEXT_ACS -DD11AC_IOTYPES -DNAS_GTK_PER_STA -DPHYMON -DPROXYARP -DTRAFFIC_MGMT -DTRAFFIC_MGMT_RSSI_POLICY -DLINUX26 -DCONFIG_BCMWL5 -DCONFIG_BCMWL6 -DCONFIG_BCMWL6A -DPART_JFFS2_GAP=0UL -pipe -fno-strict-aliasing -DBCMWPA2 -DBCMARM -marm  -DTCONFIG_NVRAM_64K -DLINUX_KERNEL_VERSION=132644 -O2 -D__CONFIG_EMF__   conftest.c conftstm.o >&5
configure:6186: $? = 0
configure:6224: result: ok
configure:6271: checking for sysroot
configure:6301: result: no
configure:6308: checking for a working dd
configure:6346: result: /bin/dd
configure:6350: checking how to truncate binary pipes
configure:6365: result: /bin/dd bs=4096 count=1
configure:6654: checking for arm-linux-mt
configure:6684: result: no
configure:6694: checking for mt
configure:6710: found /bin/mt
configure:6721: result: mt
configure:6744: checking if mt is a manifest tool
configure:6750: mt '-?'
configure:6758: result: no
configure:7435: checking how to run the C preprocessor
configure:7466: arm-brcm-linux-uclibcgnueabi-gcc -E  conftest.c
configure:7466: $? = 0
configure:7480: arm-brcm-linux-uclibcgnueabi-gcc -E  conftest.c
conftest.c:11:28: fatal error: ac_nonexistent.h: No such file or directory
compilation terminated.
configure:7480: $? = 1
configure: failed program was:
| /* confdefs.h */
| #define PACKAGE_NAME "libnfsidmap"
| #define PACKAGE_TARNAME "libnfsidmap"
| #define PACKAGE_VERSION "0.25"
| #define PACKAGE_STRING "libnfsidmap 0.25"
| #define PACKAGE_BUGREPORT "linux-nfs@vger.kernel.org"
| #define PACKAGE_URL ""
| #define PACKAGE "libnfsidmap"
| #define VERSION "0.25"
| /* end confdefs.h.  */
| #include <ac_nonexistent.h>
configure:7505: result: arm-brcm-linux-uclibcgnueabi-gcc -E
configure:7525: arm-brcm-linux-uclibcgnueabi-gcc -E  conftest.c
configure:7525: $? = 0
configure:7539: arm-brcm-linux-uclibcgnueabi-gcc -E  conftest.c
conftest.c:11:28: fatal error: ac_nonexistent.h: No such file or directory
compilation terminated.
configure:7539: $? = 1
configure: failed program was:
| /* confdefs.h */
| #define PACKAGE_NAME "libnfsidmap"
| #define PACKAGE_TARNAME "libnfsidmap"
| #define PACKAGE_VERSION "0.25"
| #define PACKAGE_STRING "libnfsidmap 0.25"
| #define PACKAGE_BUGREPORT "linux-nfs@vger.kernel.org"
| #define PACKAGE_URL ""
| #define PACKAGE "libnfsidmap"
| #define VERSION "0.25"
| /* end confdefs.h.  */
| #include <ac_nonexistent.h>
configure:7568: checking for ANSI C header files
configure:7588: arm-brcm-linux-uclibcgnueabi-gcc -c -DBCMWPA2 -DBCMQOS -DBCM_DCS -DEXT_ACS -DD11AC_IOTYPES -DNAS_GTK_PER_STA -DPHYMON -DPROXYARP -DTRAFFIC_MGMT -DTRAFFIC_MGMT_RSSI_POLICY -DLINUX26 -DCONFIG_BCMWL5 -DCONFIG_BCMWL6 -DCONFIG_BCMWL6A -DPART_JFFS2_GAP=0UL -pipe -fno-strict-aliasing -DBCMWPA2 -DBCMARM -marm  -DTCONFIG_NVRAM_64K -DLINUX_KERNEL_VERSION=132644 -O2 -D__CONFIG_EMF__  conftest.c >&5
configure:7588: $? = 0
configure:7672: result: yes
configure:7685: checking for sys/types.h
configure:7685: arm-brcm-linux-uclibcgnueabi-gcc -c -DBCMWPA2 -DBCMQOS -DBCM_DCS -DEXT_ACS -DD11AC_IOTYPES -DNAS_GTK_PER_STA -DPHYMON -DPROXYARP -DTRAFFIC_MGMT -DTRAFFIC_MGMT_RSSI_POLICY -DLINUX26 -DCONFIG_BCMWL5 -DCONFIG_BCMWL6 -DCONFIG_BCMWL6A -DPART_JFFS2_GAP=0UL -pipe -fno-strict-aliasing -DBCMWPA2 -DBCMARM -marm  -DTCONFIG_NVRAM_64K -DLINUX_KERNEL_VERSION=132644 -O2 -D__CONFIG_EMF__  conftest.c >&5
configure:7685: $? = 0
configure:7685: result: yes
configure:7685: checking for sys/stat.h
configure:7685: arm-brcm-linux-uclibcgnueabi-gcc -c -DBCMWPA2 -DBCMQOS -DBCM_DCS -DEXT_ACS -DD11AC_IOTYPES -DNAS_GTK_PER_STA -DPHYMON -DPROXYARP -DTRAFFIC_MGMT -DTRAFFIC_MGMT_RSSI_POLICY -DLINUX26 -DCONFIG_BCMWL5 -DCONFIG_BCMWL6 -DCONFIG_BCMWL6A -DPART_JFFS2_GAP=0UL -pipe -fno-strict-aliasing -DBCMWPA2 -DBCMARM -marm  -DTCONFIG_NVRAM_64K -DLINUX_KERNEL_VERSION=132644 -O2 -D__CONFIG_EMF__  conftest.c >&5
configure:7685: $? = 0
configure:7685: result: yes
configure:7685: checking for stdlib.h
configure:7685: arm-brcm-linux-uclibcgnueabi-gcc -c -DBCMWPA2 -DBCMQOS -DBCM_DCS -DEXT_ACS -DD11AC_IOTYPES -DNAS_GTK_PER_STA -DPHYMON -DPROXYARP -DTRAFFIC_MGMT -DTRAFFIC_MGMT_RSSI_POLICY -DLINUX26 -DCONFIG_BCMWL5 -DCONFIG_BCMWL6 -DCONFIG_BCMWL6A -DPART_JFFS2_GAP=0UL -pipe -fno-strict-aliasing -DBCMWPA2 -DBCMARM -marm  -DTCONFIG_NVRAM_64K -DLINUX_KERNEL_VERSION=132644 -O2 -D__CONFIG_EMF__  conftest.c >&5
configure:7685: $? = 0
configure:7685: result: yes
configure:7685: checking for string.h
configure:7685: arm-brcm-linux-uclibcgnueabi-gcc -c -DBCMWPA2 -DBCMQOS -DBCM_DCS -DEXT_ACS -DD11AC_IOTYPES -DNAS_GTK_PER_STA -DPHYMON -DPROXYARP -DTRAFFIC_MGMT -DTRAFFIC_MGMT_RSSI_POLICY -DLINUX26 -DCONFIG_BCMWL5 -DCONFIG_BCMWL6 -DCONFIG_BCMWL6A -DPART_JFFS2_GAP=0UL -pipe -fno-strict-aliasing -DBCMWPA2 -DBCMARM -marm  -DTCONFIG_NVRAM_64K -DLINUX_KERNEL_VERSION=132644 -O2 -D__CONFIG_EMF__  conftest.c >&5
configure:7685: $? = 0
configure:7685: result: yes
configure:7685: checking for memory.h
configure:7685: arm-brcm-linux-uclibcgnueabi-gcc -c -DBCMWPA2 -DBCMQOS -DBCM_DCS -DEXT_ACS -DD11AC_IOTYPES -DNAS_GTK_PER_STA -DPHYMON -DPROXYARP -DTRAFFIC_MGMT -DTRAFFIC_MGMT_RSSI_POLICY -DLINUX26 -DCONFIG_BCMWL5 -DCONFIG_BCMWL6 -DCONFIG_BCMWL6A -DPART_JFFS2_GAP=0UL -pipe -fno-strict-aliasing -DBCMWPA2 -DBCMARM -marm  -DTCONFIG_NVRAM_64K -DLINUX_KERNEL_VERSION=132644 -O2 -D__CONFIG_EMF__  conftest.c >&5
configure:7685: $? = 0
configure:7685: result: yes
configure:7685: checking for strings.h
configure:7685: arm-brcm-linux-uclibcgnueabi-gcc -c -DBCMWPA2 -DBCMQOS -DBCM_DCS -DEXT_ACS -DD11AC_IOTYPES -DNAS_GTK_PER_STA -DPHYMON -DPROXYARP -DTRAFFIC_MGMT -DTRAFFIC_MGMT_RSSI_POLICY -DLINUX26 -DCONFIG_BCMWL5 -DCONFIG_BCMWL6 -DCONFIG_BCMWL6A -DPART_JFFS2_GAP=0UL -pipe -fno-strict-aliasing -DBCMWPA2 -DBCMARM -marm  -DTCONFIG_NVRAM_64K -DLINUX_KERNEL_VERSION=132644 -O2 -D__CONFIG_EMF__  conftest.c >&5
configure:7685: $? = 0
configure:7685: result: yes
configure:7685: checking for inttypes.h
configure:7685: arm-brcm-linux-uclibcgnueabi-gcc -c -DBCMWPA2 -DBCMQOS -DBCM_DCS -DEXT_ACS -DD11AC_IOTYPES -DNAS_GTK_PER_STA -DPHYMON -DPROXYARP -DTRAFFIC_MGMT -DTRAFFIC_MGMT_RSSI_POLICY -DLINUX26 -DCONFIG_BCMWL5 -DCONFIG_BCMWL6 -DCONFIG_BCMWL6A -DPART_JFFS2_GAP=0UL -pipe -fno-strict-aliasing -DBCMWPA2 -DBCMARM -marm  -DTCONFIG_NVRAM_64K -DLINUX_KERNEL_VERSION=132644 -O2 -D__CONFIG_EMF__  conftest.c >&5
configure:7685: $? = 0
configure:7685: result: yes
configure:7685: checking for stdint.h
configure:7685: arm-brcm-linux-uclibcgnueabi-gcc -c -DBCMWPA2 -DBCMQOS -DBCM_DCS -DEXT_ACS -DD11AC_IOTYPES -DNAS_GTK_PER_STA -DPHYMON -DPROXYARP -DTRAFFIC_MGMT -DTRAFFIC_MGMT_RSSI_POLICY -DLINUX26 -DCONFIG_BCMWL5 -DCONFIG_BCMWL6 -DCONFIG_BCMWL6A -DPART_JFFS2_GAP=0UL -pipe -fno-strict-aliasing -DBCMWPA2 -DBCMARM -marm  -DTCONFIG_NVRAM_64K -DLINUX_KERNEL_VERSION=132644 -O2 -D__CONFIG_EMF__  conftest.c >&5
configure:7685: $? = 0
configure:7685: result: yes
configure:7685: checking for unistd.h
configure:7685: arm-brcm-linux-uclibcgnueabi-gcc -c -DBCMWPA2 -DBCMQOS -DBCM_DCS -DEXT_ACS -DD11AC_IOTYPES -DNAS_GTK_PER_STA -DPHYMON -DPROXYARP -DTRAFFIC_MGMT -DTRAFFIC_MGMT_RSSI_POLICY -DLINUX26 -DCONFIG_BCMWL5 -DCONFIG_BCMWL6 -DCONFIG_BCMWL6A -DPART_JFFS2_GAP=0UL -pipe -fno-strict-aliasing -DBCMWPA2 -DBCMARM -marm  -DTCONFIG_NVRAM_64K -DLINUX_KERNEL_VERSION=132644 -O2 -D__CONFIG_EMF__  conftest.c >&5
configure:7685: $? = 0
configure:7685: result: yes
configure:7699: checking for dlfcn.h
configure:7699: arm-brcm-linux-uclibcgnueabi-gcc -c -DBCMWPA2 -DBCMQOS -DBCM_DCS -DEXT_ACS -DD11AC_IOTYPES -DNAS_GTK_PER_STA -DPHYMON -DPROXYARP -DTRAFFIC_MGMT -DTRAFFIC_MGMT_RSSI_POLICY -DLINUX26 -DCONFIG_BCMWL5 -DCONFIG_BCMWL6 -DCONFIG_BCMWL6A -DPART_JFFS2_GAP=0UL -pipe -fno-strict-aliasing -DBCMWPA2 -DBCMARM -marm  -DTCONFIG_NVRAM_64K -DLINUX_KERNEL_VERSION=132644 -O2 -D__CONFIG_EMF__  conftest.c >&5
configure:7699: $? = 0
configure:7699: result: yes
configure:7955: checking for objdir
configure:7970: result: .libs
configure:8234: checking if arm-brcm-linux-uclibcgnueabi-gcc supports -fno-rtti -fno-exceptions
configure:8252: arm-brcm-linux-uclibcgnueabi-gcc -c -DBCMWPA2 -DBCMQOS -DBCM_DCS -DEXT_ACS -DD11AC_IOTYPES -DNAS_GTK_PER_STA -DPHYMON -DPROXYARP -DTRAFFIC_MGMT -DTRAFFIC_MGMT_RSSI_POLICY -DLINUX26 -DCONFIG_BCMWL5 -DCONFIG_BCMWL6 -DCONFIG_BCMWL6A -DPART_JFFS2_GAP=0UL -pipe -fno-strict-aliasing -DBCMWPA2 -DBCMARM -marm  -DTCONFIG_NVRAM_64K -DLINUX_KERNEL_VERSION=132644 -O2 -D__CONFIG_EMF__  -fno-rtti -fno-exceptions conftest.c >&5
cc1: warning: command line option "-fno-rtti" is valid for C++/ObjC++ but not for C
configure:8256: $? = 0
configure:8269: result: no
configure:8627: checking for arm-brcm-linux-uclibcgnueabi-gcc option to produce PIC
configure:8634: result: -fPIC -DPIC
configure:8642: checking if arm-brcm-linux-uclibcgnueabi-gcc PIC flag -fPIC -DPIC works
configure:8660: arm-brcm-linux-uclibcgnueabi-gcc -c -DBCMWPA2 -DBCMQOS -DBCM_DCS -DEXT_ACS -DD11AC_IOTYPES -DNAS_GTK_PER_STA -DPHYMON -DPROXYARP -DTRAFFIC_MGMT -DTRAFFIC_MGMT_RSSI_POLICY -DLINUX26 -DCONFIG_BCMWL5 -DCONFIG_BCMWL6 -DCONFIG_BCMWL6A -DPART_JFFS2_GAP=0UL -pipe -fno-strict-aliasing -DBCMWPA2 -DBCMARM -marm  -DTCONFIG_NVRAM_64K -DLINUX_KERNEL_VERSION=132644 -O2 -D__CONFIG_EMF__  -fPIC -DPIC -DPIC conftest.c >&5
configure:8664: $? = 0
configure:8677: result: yes
configure:8706: checking if arm-brcm-linux-uclibcgnueabi-gcc static flag -static works
configure:8734: result: yes
configure:8749: checking if arm-brcm-linux-uclibcgnueabi-gcc supports -c -o file.o
configure:8770: arm-brcm-linux-uclibcgnueabi-gcc -c -DBCMWPA2 -DBCMQOS -DBCM_DCS -DEXT_ACS -DD11AC_IOTYPES -DNAS_GTK_PER_STA -DPHYMON -DPROXYARP -DTRAFFIC_MGMT -DTRAFFIC_MGMT_RSSI_POLICY -DLINUX26 -DCONFIG_BCMWL5 -DCONFIG_BCMWL6 -DCONFIG_BCMWL6A -DPART_JFFS2_GAP=0UL -pipe -fno-strict-aliasing -DBCMWPA2 -DBCMARM -marm  -DTCONFIG_NVRAM_64K -DLINUX_KERNEL_VERSION=132644 -O2 -D__CONFIG_EMF__  -o out/conftest2.o conftest.c >&5
configure:8774: $? = 0
configure:8796: result: yes
configure:8804: checking if arm-brcm-linux-uclibcgnueabi-gcc supports -c -o file.o
configure:8851: result: yes
configure:8884: checking whether the arm-brcm-linux-uclibcgnueabi-gcc linker (arm-brcm-linux-uclibcgnueabi-ld) supports shared libraries
configure:10147: result: yes
configure:10184: checking whether -lc should be explicitly linked in
configure:10192: arm-brcm-linux-uclibcgnueabi-gcc -c -DBCMWPA2 -DBCMQOS -DBCM_DCS -DEXT_ACS -DD11AC_IOTYPES -DNAS_GTK_PER_STA -DPHYMON -DPROXYARP -DTRAFFIC_MGMT -DTRAFFIC_MGMT_RSSI_POLICY -DLINUX26 -DCONFIG_BCMWL5 -DCONFIG_BCMWL6 -DCONFIG_BCMWL6A -DPART_JFFS2_GAP=0UL -pipe -fno-strict-aliasing -DBCMWPA2 -DBCMARM -marm  -DTCONFIG_NVRAM_64K -DLINUX_KERNEL_VERSION=132644 -O2 -D__CONFIG_EMF__  conftest.c >&5
configure:10195: $? = 0
configure:10210: arm-brcm-linux-uclibcgnueabi-gcc -shared  -fPIC -DPIC conftest.o  -v -Wl,-soname -Wl,conftest -o conftest 2\>\&1 \| /bin/grep  -lc  \>/dev/null 2\>\&1
configure:10213: $? = 0
configure:10227: result: no
configure:10387: checking dynamic linker characteristics
configure:10968: arm-brcm-linux-uclibcgnueabi-gcc -o conftest -DBCMWPA2 -DBCMQOS -DBCM_DCS -DEXT_ACS -DD11AC_IOTYPES -DNAS_GTK_PER_STA -DPHYMON -DPROXYARP -DTRAFFIC_MGMT -DTRAFFIC_MGMT_RSSI_POLICY -DLINUX26 -DCONFIG_BCMWL5 -DCONFIG_BCMWL6 -DCONFIG_BCMWL6A -DPART_JFFS2_GAP=0UL -pipe -fno-strict-aliasing -DBCMWPA2 -DBCMARM -marm  -DTCONFIG_NVRAM_64K -DLINUX_KERNEL_VERSION=132644 -O2 -D__CONFIG_EMF__   -Wl,-rpath -Wl,/foo conftest.c  >&5
configure:10968: $? = 0
configure:11217: result: GNU/Linux ld.so
configure:11339: checking how to hardcode library paths into programs
configure:11364: result: immediate
configure:11912: checking whether stripping libraries is possible
configure:11917: result: yes
configure:11952: checking if libtool supports shared libraries
configure:11954: result: yes
configure:11957: checking whether to build shared libraries
configure:11982: result: yes
configure:11985: checking whether to build static libraries
configure:11989: result: yes
configure:12036: checking for arm-linux-gcc
configure:12063: result: arm-brcm-linux-uclibcgnueabi-gcc
configure:12332: checking for C compiler version
configure:12341: arm-brcm-linux-uclibcgnueabi-gcc --version >&5
arm-brcm-linux-uclibcgnueabi-gcc (Buildroot 2012.02) 4.5.3
Copyright (C) 2010 Free Software Foundation, Inc.
This is free software; see the source for copying conditions.  There is NO
warranty; not even for MERCHANTABILITY or FITNESS FOR A PARTICULAR PURPOSE.

configure:12352: $? = 0
configure:12341: arm-brcm-linux-uclibcgnueabi-gcc -v >&5
Using built-in specs.
COLLECT_GCC=arm-brcm-linux-uclibcgnueabi-gcc
COLLECT_LTO_WRAPPER=/root/advancedtomat/release/src-rt-6.x.4708/toolchains/hndtools-arm-linux-2.6.36-uclibc-4.5.3/bin/../libexec/gcc/arm-brcm-linux-uclibcgnueabi/4.5.3/lto-wrapper
Target: arm-brcm-linux-uclibcgnueabi
Configured with: /projects/toolchains_build/buildroot-2012.02-brcm/output/toolchain/gcc-4.5.3/configure --prefix=/projects/hnd/tools/linux/hndtools-arm-linux-2.6.36-uclibc-4.5.3 --build=i686-pc-linux-gnu --host=i686-pc-linux-gnu --target=arm-brcm-linux-uclibcgnueabi --enable-languages=c,c++ --with-sysroot=/projects/hnd/tools/linux/hndtools-arm-linux-2.6.36-uclibc-4.5.3/arm-brcm-linux-uclibcgnueabi/sysroot --with-build-time-tools=/projects/hnd/tools/linux/hndtools-arm-linux-2.6.36-uclibc-4.5.3/arm-brcm-linux-uclibcgnueabi/bin --disable-__cxa_atexit --enable-target-optspace --disable-libgomp --with-gnu-ld --disable-libssp --disable-multilib --disable-tls --enable-shared --with-gmp=/projects/hnd/tools/linux/hndtools-arm-linux-2.6.36-uclibc-4.5.3 --with-mpfr=/projects/hnd/tools/linux/hndtools-arm-linux-2.6.36-uclibc-4.5.3 --with-mpc=/projects/hnd/tools/linux/hndtools-arm-linux-2.6.36-uclibc-4.5.3 --enable-threads --disable-decimal-float --with-float=soft --with-abi=aapcs-linux --with-arch=armv7-a --with-tune=cortex-a9 --with-pkgversion='Buildroot 2012.02' --with-bugurl=http://bugs.buildroot.net/
Thread model: posix
gcc version 4.5.3 (Buildroot 2012.02) 
configure:12352: $? = 0
configure:12341: arm-brcm-linux-uclibcgnueabi-gcc -V >&5
arm-brcm-linux-uclibcgnueabi-gcc: '-V' option must have argument
configure:12352: $? = 1
configure:12341: arm-brcm-linux-uclibcgnueabi-gcc -qversion >&5
arm-brcm-linux-uclibcgnueabi-gcc: unrecognized option '-qversion'
arm-brcm-linux-uclibcgnueabi-gcc: no input files
configure:12352: $? = 1
configure:12356: checking whether we are using the GNU C compiler
configure:12384: result: yes
configure:12393: checking whether arm-brcm-linux-uclibcgnueabi-gcc accepts -g
configure:12454: result: yes
configure:12471: checking for arm-brcm-linux-uclibcgnueabi-gcc option to accept ISO C89
configure:12547: result: none needed
configure:12572: checking whether arm-brcm-linux-uclibcgnueabi-gcc understands -c and -o together
configure:12609: result: yes
configure:12628: checking dependency style of arm-brcm-linux-uclibcgnueabi-gcc
configure:12739: result: gcc3
configure:12763: checking ldap.h usability
configure:12763: arm-brcm-linux-uclibcgnueabi-gcc -c -DBCMWPA2 -DBCMQOS -DBCM_DCS -DEXT_ACS -DD11AC_IOTYPES -DNAS_GTK_PER_STA -DPHYMON -DPROXYARP -DTRAFFIC_MGMT -DTRAFFIC_MGMT_RSSI_POLICY -DLINUX26 -DCONFIG_BCMWL5 -DCONFIG_BCMWL6 -DCONFIG_BCMWL6A -DPART_JFFS2_GAP=0UL -pipe -fno-strict-aliasing -DBCMWPA2 -DBCMARM -marm  -DTCONFIG_NVRAM_64K -DLINUX_KERNEL_VERSION=132644 -O2 -D__CONFIG_EMF__  conftest.c >&5
conftest.c:56:18: fatal error: ldap.h: No such file or directory
compilation terminated.
configure:12763: $? = 1
configure: failed program was:
| /* confdefs.h */
| #define PACKAGE_NAME "libnfsidmap"
| #define PACKAGE_TARNAME "libnfsidmap"
| #define PACKAGE_VERSION "0.25"
| #define PACKAGE_STRING "libnfsidmap 0.25"
| #define PACKAGE_BUGREPORT "linux-nfs@vger.kernel.org"
| #define PACKAGE_URL ""
| #define PACKAGE "libnfsidmap"
| #define VERSION "0.25"
| #define STDC_HEADERS 1
| #define HAVE_SYS_TYPES_H 1
| #define HAVE_SYS_STAT_H 1
| #define HAVE_STDLIB_H 1
| #define HAVE_STRING_H 1
| #define HAVE_MEMORY_H 1
| #define HAVE_STRINGS_H 1
| #define HAVE_INTTYPES_H 1
| #define HAVE_STDINT_H 1
| #define HAVE_UNISTD_H 1
| #define HAVE_DLFCN_H 1
| #define LT_OBJDIR ".libs/"
| /* end confdefs.h.  */
| #include <stdio.h>
| #ifdef HAVE_SYS_TYPES_H
| # include <sys/types.h>
| #endif
| #ifdef HAVE_SYS_STAT_H
| # include <sys/stat.h>
| #endif
| #ifdef STDC_HEADERS
| # include <stdlib.h>
| # include <stddef.h>
| #else
| # ifdef HAVE_STDLIB_H
| #  include <stdlib.h>
| # endif
| #endif
| #ifdef HAVE_STRING_H
| # if !defined STDC_HEADERS && defined HAVE_MEMORY_H
| #  include <memory.h>
| # endif
| # include <string.h>
| #endif
| #ifdef HAVE_STRINGS_H
| # include <strings.h>
| #endif
| #ifdef HAVE_INTTYPES_H
| # include <inttypes.h>
| #endif
| #ifdef HAVE_STDINT_H
| # include <stdint.h>
| #endif
| #ifdef HAVE_UNISTD_H
| # include <unistd.h>
| #endif
| #include <ldap.h>
configure:12763: result: no
configure:12763: checking ldap.h presence
configure:12763: arm-brcm-linux-uclibcgnueabi-gcc -E  conftest.c
conftest.c:23:18: fatal error: ldap.h: No such file or directory
compilation terminated.
configure:12763: $? = 1
configure: failed program was:
| /* confdefs.h */
| #define PACKAGE_NAME "libnfsidmap"
| #define PACKAGE_TARNAME "libnfsidmap"
| #define PACKAGE_VERSION "0.25"
| #define PACKAGE_STRING "libnfsidmap 0.25"
| #define PACKAGE_BUGREPORT "linux-nfs@vger.kernel.org"
| #define PACKAGE_URL ""
| #define PACKAGE "libnfsidmap"
| #define VERSION "0.25"
| #define STDC_HEADERS 1
| #define HAVE_SYS_TYPES_H 1
| #define HAVE_SYS_STAT_H 1
| #define HAVE_STDLIB_H 1
| #define HAVE_STRING_H 1
| #define HAVE_MEMORY_H 1
| #define HAVE_STRINGS_H 1
| #define HAVE_INTTYPES_H 1
| #define HAVE_STDINT_H 1
| #define HAVE_UNISTD_H 1
| #define HAVE_DLFCN_H 1
| #define LT_OBJDIR ".libs/"
| /* end confdefs.h.  */
| #include <ldap.h>
configure:12763: result: no
configure:12763: checking for ldap.h
configure:12763: result: no
configure:12878: checking for ANSI C header files
configure:12982: result: yes
configure:12993: checking for stdlib.h
configure:12993: result: yes
configure:12993: checking for string.h
configure:12993: result: yes
configure:12993: checking for unistd.h
configure:12993: result: yes
configure:12993: checking errno.h usability
configure:12993: arm-brcm-linux-uclibcgnueabi-gcc -c -DBCMWPA2 -DBCMQOS -DBCM_DCS -DEXT_ACS -DD11AC_IOTYPES -DNAS_GTK_PER_STA -DPHYMON -DPROXYARP -DTRAFFIC_MGMT -DTRAFFIC_MGMT_RSSI_POLICY -DLINUX26 -DCONFIG_BCMWL5 -DCONFIG_BCMWL6 -DCONFIG_BCMWL6A -DPART_JFFS2_GAP=0UL -pipe -fno-strict-aliasing -DBCMWPA2 -DBCMARM -marm  -DTCONFIG_NVRAM_64K -DLINUX_KERNEL_VERSION=132644 -O2 -D__CONFIG_EMF__  conftest.c >&5
configure:12993: $? = 0
configure:12993: result: yes
configure:12993: checking errno.h presence
configure:12993: arm-brcm-linux-uclibcgnueabi-gcc -E  conftest.c
configure:12993: $? = 0
configure:12993: result: yes
configure:12993: checking for errno.h
configure:12993: result: yes
configure:13005: checking for uid_t in sys/types.h
configure:13024: result: yes
configure:13035: checking for size_t
configure:13035: arm-brcm-linux-uclibcgnueabi-gcc -c -DBCMWPA2 -DBCMQOS -DBCM_DCS -DEXT_ACS -DD11AC_IOTYPES -DNAS_GTK_PER_STA -DPHYMON -DPROXYARP -DTRAFFIC_MGMT -DTRAFFIC_MGMT_RSSI_POLICY -DLINUX26 -DCONFIG_BCMWL5 -DCONFIG_BCMWL6 -DCONFIG_BCMWL6A -DPART_JFFS2_GAP=0UL -pipe -fno-strict-aliasing -DBCMWPA2 -DBCMARM -marm  -DTCONFIG_NVRAM_64K -DLINUX_KERNEL_VERSION=132644 -O2 -D__CONFIG_EMF__  conftest.c >&5
configure:13035: $? = 0
configure:13035: arm-brcm-linux-uclibcgnueabi-gcc -c -DBCMWPA2 -DBCMQOS -DBCM_DCS -DEXT_ACS -DD11AC_IOTYPES -DNAS_GTK_PER_STA -DPHYMON -DPROXYARP -DTRAFFIC_MGMT -DTRAFFIC_MGMT_RSSI_POLICY -DLINUX26 -DCONFIG_BCMWL5 -DCONFIG_BCMWL6 -DCONFIG_BCMWL6A -DPART_JFFS2_GAP=0UL -pipe -fno-strict-aliasing -DBCMWPA2 -DBCMARM -marm  -DTCONFIG_NVRAM_64K -DLINUX_KERNEL_VERSION=132644 -O2 -D__CONFIG_EMF__  conftest.c >&5
conftest.c: In function 'main':
conftest.c:64:21: error: expected expression before ')' token
configure:13035: $? = 1
configure: failed program was:
| /* confdefs.h */
| #define PACKAGE_NAME "libnfsidmap"
| #define PACKAGE_TARNAME "libnfsidmap"
| #define PACKAGE_VERSION "0.25"
| #define PACKAGE_STRING "libnfsidmap 0.25"
| #define PACKAGE_BUGREPORT "linux-nfs@vger.kernel.org"
| #define PACKAGE_URL ""
| #define PACKAGE "libnfsidmap"
| #define VERSION "0.25"
| #define STDC_HEADERS 1
| #define HAVE_SYS_TYPES_H 1
| #define HAVE_SYS_STAT_H 1
| #define HAVE_STDLIB_H 1
| #define HAVE_STRING_H 1
| #define HAVE_MEMORY_H 1
| #define HAVE_STRINGS_H 1
| #define HAVE_INTTYPES_H 1
| #define HAVE_STDINT_H 1
| #define HAVE_UNISTD_H 1
| #define HAVE_DLFCN_H 1
| #define LT_OBJDIR ".libs/"
| #define STDC_HEADERS 1
| #define HAVE_STDLIB_H 1
| #define HAVE_STRING_H 1
| #define HAVE_UNISTD_H 1
| #define HAVE_ERRNO_H 1
| /* end confdefs.h.  */
| #include <stdio.h>
| #ifdef HAVE_SYS_TYPES_H
| # include <sys/types.h>
| #endif
| #ifdef HAVE_SYS_STAT_H
| # include <sys/stat.h>
| #endif
| #ifdef STDC_HEADERS
| # include <stdlib.h>
| # include <stddef.h>
| #else
| # ifdef HAVE_STDLIB_H
| #  include <stdlib.h>
| # endif
| #endif
| #ifdef HAVE_STRING_H
| # if !defined STDC_HEADERS && defined HAVE_MEMORY_H
| #  include <memory.h>
| # endif
| # include <string.h>
| #endif
| #ifdef HAVE_STRINGS_H
| # include <strings.h>
| #endif
| #ifdef HAVE_INTTYPES_H
| # include <inttypes.h>
| #endif
| #ifdef HAVE_STDINT_H
| # include <stdint.h>
| #endif
| #ifdef HAVE_UNISTD_H
| # include <unistd.h>
| #endif
| int
| main ()
| {
| if (sizeof ((size_t)))
| 	    return 0;
|   ;
|   return 0;
| }
configure:13035: result: yes
configure:13050: checking for stdlib.h
configure:13050: result: yes
configure:13060: checking for GNU libc compatible malloc
configure:13094: result: yes
configure:13118: checking for strchr
configure:13118: arm-brcm-linux-uclibcgnueabi-gcc -o conftest -DBCMWPA2 -DBCMQOS -DBCM_DCS -DEXT_ACS -DD11AC_IOTYPES -DNAS_GTK_PER_STA -DPHYMON -DPROXYARP -DTRAFFIC_MGMT -DTRAFFIC_MGMT_RSSI_POLICY -DLINUX26 -DCONFIG_BCMWL5 -DCONFIG_BCMWL6 -DCONFIG_BCMWL6A -DPART_JFFS2_GAP=0UL -pipe -fno-strict-aliasing -DBCMWPA2 -DBCMARM -marm  -DTCONFIG_NVRAM_64K -DLINUX_KERNEL_VERSION=132644 -O2 -D__CONFIG_EMF__   conftest.c  >&5
conftest.c:53:6: warning: conflicting types for built-in function 'strchr'
configure:13118: $? = 0
configure:13118: result: yes
configure:13118: checking for strdup
configure:13118: arm-brcm-linux-uclibcgnueabi-gcc -o conftest -DBCMWPA2 -DBCMQOS -DBCM_DCS -DEXT_ACS -DD11AC_IOTYPES -DNAS_GTK_PER_STA -DPHYMON -DPROXYARP -DTRAFFIC_MGMT -DTRAFFIC_MGMT_RSSI_POLICY -DLINUX26 -DCONFIG_BCMWL5 -DCONFIG_BCMWL6 -DCONFIG_BCMWL6A -DPART_JFFS2_GAP=0UL -pipe -fno-strict-aliasing -DBCMWPA2 -DBCMARM -marm  -DTCONFIG_NVRAM_64K -DLINUX_KERNEL_VERSION=132644 -O2 -D__CONFIG_EMF__   conftest.c  >&5
conftest.c:54:6: warning: conflicting types for built-in function 'strdup'
configure:13118: $? = 0
configure:13118: result: yes
configure:13241: checking that generated files are newer than configure
configure:13247: result: done
configure:13286: creating ./config.status

## ---------------------- ##
## Running config.status. ##
## ---------------------- ##

This file was extended by libnfsidmap config.status 0.25, which was
generated by GNU Autoconf 2.69.  Invocation command line was

  CONFIG_FILES    = 
  CONFIG_HEADERS  = 
  CONFIG_LINKS    = 
  CONFIG_COMMANDS = 
  $ ./config.status 

on debian

config.status:1102: creating Makefile
config.status:1102: creating libnfsidmap.pc
config.status:1102: creating ./config.h
config.status:1283: ./config.h is unchanged
config.status:1331: executing depfiles commands
config.status:1331: executing libtool commands

## ---------------- ##
## Cache variables. ##
## ---------------- ##

ac_cv_build=x86_64-pc-linux-gnu
ac_cv_c_compiler_gnu=yes
ac_cv_env_CC_set=set
ac_cv_env_CC_value=arm-brcm-linux-uclibcgnueabi-gcc
ac_cv_env_CFLAGS_set=set
ac_cv_env_CFLAGS_value='-DBCMWPA2 -DBCMQOS -DBCM_DCS -DEXT_ACS -DD11AC_IOTYPES -DNAS_GTK_PER_STA -DPHYMON -DPROXYARP -DTRAFFIC_MGMT -DTRAFFIC_MGMT_RSSI_POLICY -DLINUX26 -DCONFIG_BCMWL5 -DCONFIG_BCMWL6 -DCONFIG_BCMWL6A -DPART_JFFS2_GAP=0UL -pipe -fno-strict-aliasing -DBCMWPA2 -DBCMARM -marm  -DTCONFIG_NVRAM_64K -DLINUX_KERNEL_VERSION=132644 -O2 -D__CONFIG_EMF__'
ac_cv_env_CPPFLAGS_set=
ac_cv_env_CPPFLAGS_value=
ac_cv_env_CPP_set=
ac_cv_env_CPP_value=
ac_cv_env_LDFLAGS_set=
ac_cv_env_LDFLAGS_value=
ac_cv_env_LIBS_set=
ac_cv_env_LIBS_value=
ac_cv_env_LT_SYS_LIBRARY_PATH_set=
ac_cv_env_LT_SYS_LIBRARY_PATH_value=
ac_cv_env_build_alias_set=set
ac_cv_env_build_alias_value=x86_64-linux-gnu
ac_cv_env_host_alias_set=set
ac_cv_env_host_alias_value=arm-linux
ac_cv_env_target_alias_set=
ac_cv_env_target_alias_value=
ac_cv_func_malloc_0_nonnull=yes
ac_cv_func_realloc_0_nonnull=yes
ac_cv_func_strchr=yes
ac_cv_func_strdup=yes
ac_cv_header_dlfcn_h=yes
ac_cv_header_errno_h=yes
ac_cv_header_inttypes_h=yes
ac_cv_header_ldap_h=no
ac_cv_header_memory_h=yes
ac_cv_header_stdc=yes
ac_cv_header_stdint_h=yes
ac_cv_header_stdlib_h=yes
ac_cv_header_string_h=yes
ac_cv_header_strings_h=yes
ac_cv_header_sys_stat_h=yes
ac_cv_header_sys_types_h=yes
ac_cv_header_unistd_h=yes
ac_cv_host=arm-unknown-linux-gnu
ac_cv_objext=o
ac_cv_path_EGREP='/bin/grep -E'
ac_cv_path_FGREP='/bin/grep -F'
ac_cv_path_GREP=/bin/grep
ac_cv_path_SED=/bin/sed
ac_cv_path_install='/usr/bin/install -c'
ac_cv_path_lt_DD=/bin/dd
ac_cv_path_mkdir=/bin/mkdir
ac_cv_prog_AR=arm-brcm-linux-uclibcgnueabi-ar
ac_cv_prog_AWK=gawk
ac_cv_prog_CC=arm-brcm-linux-uclibcgnueabi-gcc
ac_cv_prog_CPP='arm-brcm-linux-uclibcgnueabi-gcc -E'
ac_cv_prog_RANLIB=arm-brcm-linux-uclibcgnueabi-ranlib
ac_cv_prog_STRIP=arm-brcm-linux-uclibcgnueabi-strip
ac_cv_prog_ac_ct_MANIFEST_TOOL=mt
ac_cv_prog_ac_ct_OBJDUMP=objdump
ac_cv_prog_cc_c89=
ac_cv_prog_cc_g=yes
ac_cv_prog_make_make_set=yes
ac_cv_type_size_t=yes
ac_cv_type_uid_t=yes
am_cv_CC_dependencies_compiler_type=gcc3
am_cv_make_support_nested_variables=yes
am_cv_prog_cc_c_o=yes
lt_cv_ar_at_file=@
lt_cv_archive_cmds_need_lc=no
lt_cv_deplibs_check_method=pass_all
lt_cv_file_magic_cmd='$MAGIC_CMD'
lt_cv_file_magic_test_file=
lt_cv_ld_reload_flag=-r
lt_cv_nm_interface='BSD nm'
lt_cv_objdir=.libs
lt_cv_path_LD=arm-brcm-linux-uclibcgnueabi-ld
lt_cv_path_NM=arm-brcm-linux-uclibcgnueabi-nm
lt_cv_path_mainfest_tool=no
lt_cv_prog_compiler_c_o=yes
lt_cv_prog_compiler_pic='-fPIC -DPIC'
lt_cv_prog_compiler_pic_works=yes
lt_cv_prog_compiler_rtti_exceptions=no
lt_cv_prog_compiler_static_works=yes
lt_cv_prog_gnu_ld=yes
lt_cv_sharedlib_from_linklib_cmd='printf %s\n'
lt_cv_shlibpath_overrides_runpath=no
lt_cv_sys_global_symbol_pipe='sed -n -e '\''s/^.*[	 ]\([ABCDGIRSTW][ABCDGIRSTW]*\)[	 ][	 ]*\([_A-Za-z][_A-Za-z0-9]*\)$/\1 \2 \2/p'\'' | sed '\''/ __gnu_lto/d'\'''
lt_cv_sys_global_symbol_to_c_name_address='sed -n -e '\''s/^: \(.*\) .*$/  {"\1", (void *) 0},/p'\'' -e '\''s/^[ABCDGIRSTW][ABCDGIRSTW]* .* \(.*\)$/  {"\1", (void *) \&\1},/p'\'''
lt_cv_sys_global_symbol_to_c_name_address_lib_prefix='sed -n -e '\''s/^: \(.*\) .*$/  {"\1", (void *) 0},/p'\'' -e '\''s/^[ABCDGIRSTW][ABCDGIRSTW]* .* \(lib.*\)$/  {"\1", (void *) \&\1},/p'\'' -e '\''s/^[ABCDGIRSTW][ABCDGIRSTW]* .* \(.*\)$/  {"lib\1", (void *) \&\1},/p'\'''
lt_cv_sys_global_symbol_to_cdecl='sed -n -e '\''s/^T .* \(.*\)$/extern int \1();/p'\'' -e '\''s/^[ABCDGIRSTW][ABCDGIRSTW]* .* \(.*\)$/extern char \1;/p'\'''
lt_cv_sys_global_symbol_to_import=
lt_cv_sys_max_cmd_len=1572864
lt_cv_to_host_file_cmd=func_convert_file_noop
lt_cv_to_tool_file_cmd=func_convert_file_noop
lt_cv_truncate_bin='/bin/dd bs=4096 count=1'

## ----------------- ##
## Output variables. ##
## ----------------- ##

ACLOCAL='${SHELL} /root/advancedtomat/release/src-rt-6.x.4708/router/libnfsidmap/missing aclocal-1.14'
AMDEPBACKSLASH='\'
AMDEP_FALSE='#'
AMDEP_TRUE=''
AMTAR='$${TAR-tar}'
AM_BACKSLASH='\'
AM_DEFAULT_V='$(AM_DEFAULT_VERBOSITY)'
AM_DEFAULT_VERBOSITY='1'
AM_V='$(V)'
AR='arm-brcm-linux-uclibcgnueabi-ar'
AUTOCONF='${SHELL} /root/advancedtomat/release/src-rt-6.x.4708/router/libnfsidmap/missing autoconf'
AUTOHEADER='${SHELL} /root/advancedtomat/release/src-rt-6.x.4708/router/libnfsidmap/missing autoheader'
AUTOMAKE='${SHELL} /root/advancedtomat/release/src-rt-6.x.4708/router/libnfsidmap/missing automake-1.14'
AWK='gawk'
CC='arm-brcm-linux-uclibcgnueabi-gcc'
CCDEPMODE='depmode=gcc3'
CFLAGS='-DBCMWPA2 -DBCMQOS -DBCM_DCS -DEXT_ACS -DD11AC_IOTYPES -DNAS_GTK_PER_STA -DPHYMON -DPROXYARP -DTRAFFIC_MGMT -DTRAFFIC_MGMT_RSSI_POLICY -DLINUX26 -DCONFIG_BCMWL5 -DCONFIG_BCMWL6 -DCONFIG_BCMWL6A -DPART_JFFS2_GAP=0UL -pipe -fno-strict-aliasing -DBCMWPA2 -DBCMARM -marm  -DTCONFIG_NVRAM_64K -DLINUX_KERNEL_VERSION=132644 -O2 -D__CONFIG_EMF__'
CPP='arm-brcm-linux-uclibcgnueabi-gcc -E'
CPPFLAGS=''
CYGPATH_W='echo'
DEFS='-DHAVE_CONFIG_H'
DEPDIR='.deps'
DLLTOOL='false'
DSYMUTIL=''
DUMPBIN=''
ECHO_C=''
ECHO_N='-n'
ECHO_T=''
EGREP='/bin/grep -E'
ENABLE_GUMS_FALSE=''
ENABLE_GUMS_TRUE='#'
ENABLE_LDAP_FALSE=''
ENABLE_LDAP_TRUE='#'
EXEEXT=''
FGREP='/bin/grep -F'
GREP='/bin/grep'
INSTALL_DATA='${INSTALL} -m 644'
INSTALL_PROGRAM='${INSTALL}'
INSTALL_SCRIPT='${INSTALL}'
INSTALL_STRIP_PROGRAM='$(install_sh) -c -s'
LD='arm-brcm-linux-uclibcgnueabi-ld'
LDFLAGS=''
LIBOBJS=''
LIBS=''
LIBTOOL='$(SHELL) $(top_builddir)/libtool'
LIPO=''
LN_S='ln -s'
LTLIBOBJS=''
LT_SYS_LIBRARY_PATH=''
MAKEINFO='${SHELL} /root/advancedtomat/release/src-rt-6.x.4708/router/libnfsidmap/missing makeinfo'
MANIFEST_TOOL=':'
MKDIR_P='/bin/mkdir -p'
NM='arm-brcm-linux-uclibcgnueabi-nm'
NMEDIT=''
OBJDUMP='objdump'
OBJEXT='o'
OTOOL64=''
OTOOL=''
PACKAGE='libnfsidmap'
PACKAGE_BUGREPORT='linux-nfs@vger.kernel.org'
PACKAGE_NAME='libnfsidmap'
PACKAGE_STRING='libnfsidmap 0.25'
PACKAGE_TARNAME='libnfsidmap'
PACKAGE_URL=''
PACKAGE_VERSION='0.25'
PATH_PLUGINS_FALSE=''
PATH_PLUGINS_TRUE='#'
PATH_SEPARATOR=':'
RANLIB='arm-brcm-linux-uclibcgnueabi-ranlib'
SED='/bin/sed'
SET_MAKE=''
SHELL='/bin/bash'
STRIP='arm-brcm-linux-uclibcgnueabi-strip'
VERSION='0.25'
ac_ct_AR=''
ac_ct_CC=''
ac_ct_DUMPBIN=''
am__EXEEXT_FALSE=''
am__EXEEXT_TRUE='#'
am__fastdepCC_FALSE='#'
am__fastdepCC_TRUE=''
am__include='include'
am__isrc=''
am__leading_dot='.'
am__nodep='_no'
am__quote=''
am__tar='$${TAR-tar} chof - "$$tardir"'
am__untar='$${TAR-tar} xf -'
bindir='${exec_prefix}/bin'
build='x86_64-pc-linux-gnu'
build_alias='x86_64-linux-gnu'
build_cpu='x86_64'
build_os='linux-gnu'
build_vendor='pc'
datadir='${datarootdir}'
datarootdir='${prefix}/share'
docdir='${datarootdir}/doc/${PACKAGE_TARNAME}'
dvidir='${docdir}'
exec_prefix='${prefix}'
host='arm-unknown-linux-gnu'
host_alias='arm-linux'
host_cpu='arm'
host_os='linux-gnu'
host_vendor='unknown'
htmldir='${docdir}'
includedir='${prefix}/include'
infodir='${datarootdir}/info'
install_sh='${SHELL} /root/advancedtomat/release/src-rt-6.x.4708/router/libnfsidmap/install-sh'
libdir='${exec_prefix}/lib'
libexecdir='${exec_prefix}/libexec'
localedir='${datarootdir}/locale'
localstatedir='${prefix}/var'
mandir='${datarootdir}/man'
mkdir_p='$(MKDIR_P)'
oldincludedir='/usr/include'
pdfdir='${docdir}'
prefix='/usr'
program_transform_name='s,x,x,'
psdir='${docdir}'
runstatedir='${localstatedir}/run'
sbindir='${exec_prefix}/sbin'
sharedstatedir='${prefix}/com'
sysconfdir='${prefix}/etc'
target_alias=''

## ----------- ##
## confdefs.h. ##
## ----------- ##

/* confdefs.h */
#define PACKAGE_NAME "libnfsidmap"
#define PACKAGE_TARNAME "libnfsidmap"
#define PACKAGE_VERSION "0.25"
#define PACKAGE_STRING "libnfsidmap 0.25"
#define PACKAGE_BUGREPORT "linux-nfs@vger.kernel.org"
#define PACKAGE_URL ""
#define PACKAGE "libnfsidmap"
#define VERSION "0.25"
#define STDC_HEADERS 1
#define HAVE_SYS_TYPES_H 1
#define HAVE_SYS_STAT_H 1
#define HAVE_STDLIB_H 1
#define HAVE_STRING_H 1
#define HAVE_MEMORY_H 1
#define HAVE_STRINGS_H 1
#define HAVE_INTTYPES_H 1
#define HAVE_STDINT_H 1
#define HAVE_UNISTD_H 1
#define HAVE_DLFCN_H 1
#define LT_OBJDIR ".libs/"
#define STDC_HEADERS 1
#define HAVE_STDLIB_H 1
#define HAVE_STRING_H 1
#define HAVE_UNISTD_H 1
#define HAVE_ERRNO_H 1
#define HAVE_STDLIB_H 1
#define HAVE_MALLOC 1
#define HAVE_STRCHR 1
#define HAVE_STRDUP 1

configure: exit 0
