This file contains any messages produced by compilers while
running configure, to aid debugging if configure makes a mistake.

It was created by libusb configure 1.0.22, which was
generated by GNU Autoconf 2.69.  Invocation command line was

  $ ./configure --host=arm-linux --build=x86_64-linux-gnu --disable-udev --prefix=/usr ac_cv_lib_rt_clock_gettime=no

## --------- ##
## Platform. ##
## --------- ##

hostname = debian
uname -m = x86_64
uname -r = 4.9.0-6-amd64
uname -s = Linux
uname -v = #1 SMP Debian 4.9.88-1+deb9u1 (2018-05-07)

/usr/bin/uname -p = unknown
/bin/uname -X     = unknown

/bin/arch              = unknown
/usr/bin/arch -k       = unknown
/usr/convex/getsysinfo = unknown
/usr/bin/hostinfo      = unknown
/bin/machine           = unknown
/usr/bin/oslevel       = unknown
/bin/universe          = unknown

PATH: /root/advancedtomat/release/tools
PATH: /root/advancedtomat/release/tools
PATH: /root/advancedtomat/release/tools
PATH: /root/advancedtomat/release/tools
PATH: /usr/local/sbin
PATH: /usr/local/bin
PATH: /usr/sbin
PATH: /usr/bin
PATH: /sbin
PATH: /bin
PATH: /root/advancedtomat/release/src-rt-6.x.4708/toolchains/hndtools-arm-linux-2.6.36-uclibc-4.5.3/bin
PATH: /sbin
PATH: /root/advancedtomato/release/src-rt-6.x.4708/toolchains/hndtools-arm-linux-2.6.36-uclibc-4.5.3/bin
PATH: /sbin


## ----------- ##
## Core tests. ##
## ----------- ##

configure:2570: checking for a BSD-compatible install
configure:2638: result: /usr/bin/install -c
configure:2649: checking whether build environment is sane
configure:2704: result: yes
configure:2763: checking for arm-linux-strip
configure:2790: result: arm-brcm-linux-uclibcgnueabi-strip
configure:2855: checking for a thread-safe mkdir -p
configure:2894: result: /bin/mkdir -p
configure:2901: checking for gawk
configure:2917: found /usr/bin/gawk
configure:2928: result: gawk
configure:2939: checking whether make sets $(MAKE)
configure:2961: result: yes
configure:2990: checking whether make supports nested variables
configure:3007: result: yes
configure:3148: checking whether make supports nested variables
configure:3165: result: yes
configure:3186: checking for arm-linux-gcc
configure:3213: result: arm-brcm-linux-uclibcgnueabi-gcc
configure:3482: checking for C compiler version
configure:3491: arm-brcm-linux-uclibcgnueabi-gcc --version >&5
arm-brcm-linux-uclibcgnueabi-gcc (Buildroot 2012.02) 4.5.3
Copyright (C) 2010 Free Software Foundation, Inc.
This is free software; see the source for copying conditions.  There is NO
warranty; not even for MERCHANTABILITY or FITNESS FOR A PARTICULAR PURPOSE.

configure:3502: $? = 0
configure:3491: arm-brcm-linux-uclibcgnueabi-gcc -v >&5
Using built-in specs.
COLLECT_GCC=arm-brcm-linux-uclibcgnueabi-gcc
COLLECT_LTO_WRAPPER=/root/advancedtomat/release/src-rt-6.x.4708/toolchains/hndtools-arm-linux-2.6.36-uclibc-4.5.3/bin/../libexec/gcc/arm-brcm-linux-uclibcgnueabi/4.5.3/lto-wrapper
Target: arm-brcm-linux-uclibcgnueabi
Configured with: /projects/toolchains_build/buildroot-2012.02-brcm/output/toolchain/gcc-4.5.3/configure --prefix=/projects/hnd/tools/linux/hndtools-arm-linux-2.6.36-uclibc-4.5.3 --build=i686-pc-linux-gnu --host=i686-pc-linux-gnu --target=arm-brcm-linux-uclibcgnueabi --enable-languages=c,c++ --with-sysroot=/projects/hnd/tools/linux/hndtools-arm-linux-2.6.36-uclibc-4.5.3/arm-brcm-linux-uclibcgnueabi/sysroot --with-build-time-tools=/projects/hnd/tools/linux/hndtools-arm-linux-2.6.36-uclibc-4.5.3/arm-brcm-linux-uclibcgnueabi/bin --disable-__cxa_atexit --enable-target-optspace --disable-libgomp --with-gnu-ld --disable-libssp --disable-multilib --disable-tls --enable-shared --with-gmp=/projects/hnd/tools/linux/hndtools-arm-linux-2.6.36-uclibc-4.5.3 --with-mpfr=/projects/hnd/tools/linux/hndtools-arm-linux-2.6.36-uclibc-4.5.3 --with-mpc=/projects/hnd/tools/linux/hndtools-arm-linux-2.6.36-uclibc-4.5.3 --enable-threads --disable-decimal-float --with-float=soft --with-abi=aapcs-linux --with-arch=armv7-a --with-tune=cortex-a9 --with-pkgversion='Buildroot 2012.02' --with-bugurl=http://bugs.buildroot.net/
Thread model: posix
gcc version 4.5.3 (Buildroot 2012.02) 
configure:3502: $? = 0
configure:3491: arm-brcm-linux-uclibcgnueabi-gcc -V >&5
arm-brcm-linux-uclibcgnueabi-gcc: '-V' option must have argument
configure:3502: $? = 1
configure:3491: arm-brcm-linux-uclibcgnueabi-gcc -qversion >&5
arm-brcm-linux-uclibcgnueabi-gcc: unrecognized option '-qversion'
arm-brcm-linux-uclibcgnueabi-gcc: no input files
configure:3502: $? = 1
configure:3522: checking whether the C compiler works
configure:3544: arm-brcm-linux-uclibcgnueabi-gcc -DBCMWPA2 -DBCMQOS -DBCM_DCS -DEXT_ACS -DD11AC_IOTYPES -DNAS_GTK_PER_STA -DPHYMON -DPROXYARP -DTRAFFIC_MGMT -DTRAFFIC_MGMT_RSSI_POLICY -DLINUX26 -DCONFIG_BCMWL5 -DCONFIG_BCMWL6 -DCONFIG_BCMWL6A -DPART_JFFS2_GAP=0UL -pipe -fno-strict-aliasing -DBCMWPA2 -DBCMARM -marm  -DTCONFIG_NVRAM_64K -DLINUX_KERNEL_VERSION=132644 -O2 -D__CONFIG_EMF__   conftest.c  >&5
configure:3548: $? = 0
configure:3596: result: yes
configure:3599: checking for C compiler default output file name
configure:3601: result: a.out
configure:3607: checking for suffix of executables
configure:3614: arm-brcm-linux-uclibcgnueabi-gcc -o conftest -DBCMWPA2 -DBCMQOS -DBCM_DCS -DEXT_ACS -DD11AC_IOTYPES -DNAS_GTK_PER_STA -DPHYMON -DPROXYARP -DTRAFFIC_MGMT -DTRAFFIC_MGMT_RSSI_POLICY -DLINUX26 -DCONFIG_BCMWL5 -DCONFIG_BCMWL6 -DCONFIG_BCMWL6A -DPART_JFFS2_GAP=0UL -pipe -fno-strict-aliasing -DBCMWPA2 -DBCMARM -marm  -DTCONFIG_NVRAM_64K -DLINUX_KERNEL_VERSION=132644 -O2 -D__CONFIG_EMF__   conftest.c  >&5
configure:3618: $? = 0
configure:3640: result: 
configure:3662: checking whether we are cross compiling
configure:3700: result: yes
configure:3705: checking for suffix of object files
configure:3727: arm-brcm-linux-uclibcgnueabi-gcc -c -DBCMWPA2 -DBCMQOS -DBCM_DCS -DEXT_ACS -DD11AC_IOTYPES -DNAS_GTK_PER_STA -DPHYMON -DPROXYARP -DTRAFFIC_MGMT -DTRAFFIC_MGMT_RSSI_POLICY -DLINUX26 -DCONFIG_BCMWL5 -DCONFIG_BCMWL6 -DCONFIG_BCMWL6A -DPART_JFFS2_GAP=0UL -pipe -fno-strict-aliasing -DBCMWPA2 -DBCMARM -marm  -DTCONFIG_NVRAM_64K -DLINUX_KERNEL_VERSION=132644 -O2 -D__CONFIG_EMF__  conftest.c >&5
configure:3731: $? = 0
configure:3752: result: o
configure:3756: checking whether we are using the GNU C compiler
configure:3775: arm-brcm-linux-uclibcgnueabi-gcc -c -DBCMWPA2 -DBCMQOS -DBCM_DCS -DEXT_ACS -DD11AC_IOTYPES -DNAS_GTK_PER_STA -DPHYMON -DPROXYARP -DTRAFFIC_MGMT -DTRAFFIC_MGMT_RSSI_POLICY -DLINUX26 -DCONFIG_BCMWL5 -DCONFIG_BCMWL6 -DCONFIG_BCMWL6A -DPART_JFFS2_GAP=0UL -pipe -fno-strict-aliasing -DBCMWPA2 -DBCMARM -marm  -DTCONFIG_NVRAM_64K -DLINUX_KERNEL_VERSION=132644 -O2 -D__CONFIG_EMF__  conftest.c >&5
configure:3775: $? = 0
configure:3784: result: yes
configure:3793: checking whether arm-brcm-linux-uclibcgnueabi-gcc accepts -g
configure:3813: arm-brcm-linux-uclibcgnueabi-gcc -c -g  conftest.c >&5
configure:3813: $? = 0
configure:3854: result: yes
configure:3871: checking for arm-brcm-linux-uclibcgnueabi-gcc option to accept ISO C89
configure:3934: arm-brcm-linux-uclibcgnueabi-gcc  -c -DBCMWPA2 -DBCMQOS -DBCM_DCS -DEXT_ACS -DD11AC_IOTYPES -DNAS_GTK_PER_STA -DPHYMON -DPROXYARP -DTRAFFIC_MGMT -DTRAFFIC_MGMT_RSSI_POLICY -DLINUX26 -DCONFIG_BCMWL5 -DCONFIG_BCMWL6 -DCONFIG_BCMWL6A -DPART_JFFS2_GAP=0UL -pipe -fno-strict-aliasing -DBCMWPA2 -DBCMARM -marm  -DTCONFIG_NVRAM_64K -DLINUX_KERNEL_VERSION=132644 -O2 -D__CONFIG_EMF__  conftest.c >&5
configure:3934: $? = 0
configure:3947: result: none needed
configure:3972: checking whether arm-brcm-linux-uclibcgnueabi-gcc understands -c and -o together
configure:3994: arm-brcm-linux-uclibcgnueabi-gcc -c conftest.c -o conftest2.o
configure:3997: $? = 0
configure:3994: arm-brcm-linux-uclibcgnueabi-gcc -c conftest.c -o conftest2.o
configure:3997: $? = 0
configure:4009: result: yes
configure:4037: checking for style of include used by make
configure:4065: result: GNU
configure:4091: checking dependency style of arm-brcm-linux-uclibcgnueabi-gcc
configure:4202: result: gcc3
configure:4231: checking for arm-linux-g++
configure:4247: found /root/advancedtomat/release/src-rt-6.x.4708/toolchains/hndtools-arm-linux-2.6.36-uclibc-4.5.3/bin/arm-linux-g++
configure:4258: result: arm-linux-g++
configure:4329: checking for C++ compiler version
configure:4338: arm-linux-g++ --version >&5
arm-linux-g++ (Buildroot 2012.02) 4.5.3
Copyright (C) 2010 Free Software Foundation, Inc.
This is free software; see the source for copying conditions.  There is NO
warranty; not even for MERCHANTABILITY or FITNESS FOR A PARTICULAR PURPOSE.

configure:4349: $? = 0
configure:4338: arm-linux-g++ -v >&5
Using built-in specs.
COLLECT_GCC=arm-linux-g++
COLLECT_LTO_WRAPPER=/root/advancedtomat/release/src-rt-6.x.4708/toolchains/hndtools-arm-linux-2.6.36-uclibc-4.5.3/bin/../libexec/gcc/arm-brcm-linux-uclibcgnueabi/4.5.3/lto-wrapper
Target: arm-brcm-linux-uclibcgnueabi
Configured with: /projects/toolchains_build/buildroot-2012.02-brcm/output/toolchain/gcc-4.5.3/configure --prefix=/projects/hnd/tools/linux/hndtools-arm-linux-2.6.36-uclibc-4.5.3 --build=i686-pc-linux-gnu --host=i686-pc-linux-gnu --target=arm-brcm-linux-uclibcgnueabi --enable-languages=c,c++ --with-sysroot=/projects/hnd/tools/linux/hndtools-arm-linux-2.6.36-uclibc-4.5.3/arm-brcm-linux-uclibcgnueabi/sysroot --with-build-time-tools=/projects/hnd/tools/linux/hndtools-arm-linux-2.6.36-uclibc-4.5.3/arm-brcm-linux-uclibcgnueabi/bin --disable-__cxa_atexit --enable-target-optspace --disable-libgomp --with-gnu-ld --disable-libssp --disable-multilib --disable-tls --enable-shared --with-gmp=/projects/hnd/tools/linux/hndtools-arm-linux-2.6.36-uclibc-4.5.3 --with-mpfr=/projects/hnd/tools/linux/hndtools-arm-linux-2.6.36-uclibc-4.5.3 --with-mpc=/projects/hnd/tools/linux/hndtools-arm-linux-2.6.36-uclibc-4.5.3 --enable-threads --disable-decimal-float --with-float=soft --with-abi=aapcs-linux --with-arch=armv7-a --with-tune=cortex-a9 --with-pkgversion='Buildroot 2012.02' --with-bugurl=http://bugs.buildroot.net/
Thread model: posix
gcc version 4.5.3 (Buildroot 2012.02) 
configure:4349: $? = 0
configure:4338: arm-linux-g++ -V >&5
arm-linux-g++: '-V' option must have argument
configure:4349: $? = 1
configure:4338: arm-linux-g++ -qversion >&5
arm-linux-g++: unrecognized option '-qversion'
arm-linux-g++: no input files
configure:4349: $? = 1
configure:4353: checking whether we are using the GNU C++ compiler
configure:4372: arm-linux-g++ -c   conftest.cpp >&5
configure:4372: $? = 0
configure:4381: result: yes
configure:4390: checking whether arm-linux-g++ accepts -g
configure:4410: arm-linux-g++ -c -g  conftest.cpp >&5
configure:4410: $? = 0
configure:4451: result: yes
configure:4476: checking dependency style of arm-linux-g++
configure:4587: result: gcc3
configure:4631: checking build system type
configure:4645: result: x86_64-pc-linux-gnu
configure:4665: checking host system type
configure:4678: result: arm-unknown-linux-gnu
configure:4719: checking how to print strings
configure:4746: result: printf
configure:4767: checking for a sed that does not truncate output
configure:4831: result: /bin/sed
configure:4849: checking for grep that handles long lines and -e
configure:4907: result: /bin/grep
configure:4912: checking for egrep
configure:4974: result: /bin/grep -E
configure:4979: checking for fgrep
configure:5041: result: /bin/grep -F
configure:5076: checking for ld used by arm-brcm-linux-uclibcgnueabi-gcc
configure:5143: result: arm-brcm-linux-uclibcgnueabi-ld
configure:5150: checking if the linker (arm-brcm-linux-uclibcgnueabi-ld) is GNU ld
configure:5165: result: yes
configure:5177: checking for BSD- or MS-compatible name lister (nm)
configure:5231: result: arm-brcm-linux-uclibcgnueabi-nm
configure:5361: checking the name lister (arm-brcm-linux-uclibcgnueabi-nm) interface
configure:5368: arm-brcm-linux-uclibcgnueabi-gcc -c -DBCMWPA2 -DBCMQOS -DBCM_DCS -DEXT_ACS -DD11AC_IOTYPES -DNAS_GTK_PER_STA -DPHYMON -DPROXYARP -DTRAFFIC_MGMT -DTRAFFIC_MGMT_RSSI_POLICY -DLINUX26 -DCONFIG_BCMWL5 -DCONFIG_BCMWL6 -DCONFIG_BCMWL6A -DPART_JFFS2_GAP=0UL -pipe -fno-strict-aliasing -DBCMWPA2 -DBCMARM -marm  -DTCONFIG_NVRAM_64K -DLINUX_KERNEL_VERSION=132644 -O2 -D__CONFIG_EMF__  conftest.c >&5
configure:5371: arm-brcm-linux-uclibcgnueabi-nm "conftest.o"
configure:5374: output
00000000 B some_variable
configure:5381: result: BSD nm
configure:5384: checking whether ln -s works
configure:5388: result: yes
configure:5396: checking the maximum length of command line arguments
configure:5527: result: 1572864
configure:5575: checking how to convert x86_64-pc-linux-gnu file names to arm-unknown-linux-gnu format
configure:5615: result: func_convert_file_noop
configure:5622: checking how to convert x86_64-pc-linux-gnu file names to toolchain format
configure:5642: result: func_convert_file_noop
configure:5649: checking for arm-brcm-linux-uclibcgnueabi-ld option to reload object files
configure:5656: result: -r
configure:5690: checking for arm-linux-objdump
configure:5720: result: no
configure:5730: checking for objdump
configure:5746: found /usr/bin/objdump
configure:5757: result: objdump
configure:5769: WARNING: using cross tools not prefixed with host triplet
configure:5789: checking how to recognize dependent libraries
configure:5989: result: pass_all
configure:6034: checking for arm-linux-dlltool
configure:6064: result: no
configure:6074: checking for dlltool
configure:6104: result: no
configure:6134: checking how to associate runtime and link libraries
configure:6161: result: printf %s\n
configure:6178: checking for arm-linux-ar
configure:6205: result: arm-brcm-linux-uclibcgnueabi-ar
configure:6286: checking for archiver @FILE support
configure:6303: arm-brcm-linux-uclibcgnueabi-gcc -c -DBCMWPA2 -DBCMQOS -DBCM_DCS -DEXT_ACS -DD11AC_IOTYPES -DNAS_GTK_PER_STA -DPHYMON -DPROXYARP -DTRAFFIC_MGMT -DTRAFFIC_MGMT_RSSI_POLICY -DLINUX26 -DCONFIG_BCMWL5 -DCONFIG_BCMWL6 -DCONFIG_BCMWL6A -DPART_JFFS2_GAP=0UL -pipe -fno-strict-aliasing -DBCMWPA2 -DBCMARM -marm  -DTCONFIG_NVRAM_64K -DLINUX_KERNEL_VERSION=132644 -O2 -D__CONFIG_EMF__  conftest.c >&5
configure:6303: $? = 0
configure:6306: arm-brcm-linux-uclibcgnueabi-ar cru libconftest.a @conftest.lst >&5
configure:6309: $? = 0
configure:6314: arm-brcm-linux-uclibcgnueabi-ar cru libconftest.a @conftest.lst >&5
arm-brcm-linux-uclibcgnueabi-ar: conftest.o: No such file or directory
configure:6317: $? = 1
configure:6329: result: @
configure:6347: checking for arm-linux-strip
configure:6374: result: arm-brcm-linux-uclibcgnueabi-strip
configure:6446: checking for arm-linux-ranlib
configure:6473: result: arm-brcm-linux-uclibcgnueabi-ranlib
configure:6615: checking command to parse arm-brcm-linux-uclibcgnueabi-nm output from arm-brcm-linux-uclibcgnueabi-gcc object
configure:6768: arm-brcm-linux-uclibcgnueabi-gcc -c -DBCMWPA2 -DBCMQOS -DBCM_DCS -DEXT_ACS -DD11AC_IOTYPES -DNAS_GTK_PER_STA -DPHYMON -DPROXYARP -DTRAFFIC_MGMT -DTRAFFIC_MGMT_RSSI_POLICY -DLINUX26 -DCONFIG_BCMWL5 -DCONFIG_BCMWL6 -DCONFIG_BCMWL6A -DPART_JFFS2_GAP=0UL -pipe -fno-strict-aliasing -DBCMWPA2 -DBCMARM -marm  -DTCONFIG_NVRAM_64K -DLINUX_KERNEL_VERSION=132644 -O2 -D__CONFIG_EMF__  conftest.c >&5
configure:6771: $? = 0
configure:6775: arm-brcm-linux-uclibcgnueabi-nm conftest.o \| sed -n -e 's/^.*[ ]\([ABCDGIRSTW][ABCDGIRSTW]*\)[ ][ ]*\([_A-Za-z][_A-Za-z0-9]*\)$/\1 \2 \2/p' | sed '/ __gnu_lto/d' \> conftest.nm
configure:6778: $? = 0
configure:6844: arm-brcm-linux-uclibcgnueabi-gcc -o conftest -DBCMWPA2 -DBCMQOS -DBCM_DCS -DEXT_ACS -DD11AC_IOTYPES -DNAS_GTK_PER_STA -DPHYMON -DPROXYARP -DTRAFFIC_MGMT -DTRAFFIC_MGMT_RSSI_POLICY -DLINUX26 -DCONFIG_BCMWL5 -DCONFIG_BCMWL6 -DCONFIG_BCMWL6A -DPART_JFFS2_GAP=0UL -pipe -fno-strict-aliasing -DBCMWPA2 -DBCMARM -marm  -DTCONFIG_NVRAM_64K -DLINUX_KERNEL_VERSION=132644 -O2 -D__CONFIG_EMF__   conftest.c conftstm.o >&5
configure:6847: $? = 0
configure:6885: result: ok
configure:6932: checking for sysroot
configure:6962: result: no
configure:6969: checking for a working dd
configure:7007: result: /bin/dd
configure:7011: checking how to truncate binary pipes
configure:7026: result: /bin/dd bs=4096 count=1
configure:7315: checking for arm-linux-mt
configure:7345: result: no
configure:7355: checking for mt
configure:7371: found /bin/mt
configure:7382: result: mt
configure:7405: checking if mt is a manifest tool
configure:7411: mt '-?'
configure:7419: result: no
configure:8096: checking how to run the C preprocessor
configure:8127: arm-brcm-linux-uclibcgnueabi-gcc -E  conftest.c
configure:8127: $? = 0
configure:8141: arm-brcm-linux-uclibcgnueabi-gcc -E  conftest.c
conftest.c:11:28: fatal error: ac_nonexistent.h: No such file or directory
compilation terminated.
configure:8141: $? = 1
configure: failed program was:
| /* confdefs.h */
| #define PACKAGE_NAME "libusb"
| #define PACKAGE_TARNAME "libusb"
| #define PACKAGE_VERSION "1.0.22"
| #define PACKAGE_STRING "libusb 1.0.22"
| #define PACKAGE_BUGREPORT "libusb-devel@lists.sourceforge.net"
| #define PACKAGE_URL "http://libusb.info"
| #define PACKAGE "libusb"
| #define VERSION "1.0.22"
| /* end confdefs.h.  */
| #include <ac_nonexistent.h>
configure:8166: result: arm-brcm-linux-uclibcgnueabi-gcc -E
configure:8186: arm-brcm-linux-uclibcgnueabi-gcc -E  conftest.c
configure:8186: $? = 0
configure:8200: arm-brcm-linux-uclibcgnueabi-gcc -E  conftest.c
conftest.c:11:28: fatal error: ac_nonexistent.h: No such file or directory
compilation terminated.
configure:8200: $? = 1
configure: failed program was:
| /* confdefs.h */
| #define PACKAGE_NAME "libusb"
| #define PACKAGE_TARNAME "libusb"
| #define PACKAGE_VERSION "1.0.22"
| #define PACKAGE_STRING "libusb 1.0.22"
| #define PACKAGE_BUGREPORT "libusb-devel@lists.sourceforge.net"
| #define PACKAGE_URL "http://libusb.info"
| #define PACKAGE "libusb"
| #define VERSION "1.0.22"
| /* end confdefs.h.  */
| #include <ac_nonexistent.h>
configure:8229: checking for ANSI C header files
configure:8249: arm-brcm-linux-uclibcgnueabi-gcc -c -DBCMWPA2 -DBCMQOS -DBCM_DCS -DEXT_ACS -DD11AC_IOTYPES -DNAS_GTK_PER_STA -DPHYMON -DPROXYARP -DTRAFFIC_MGMT -DTRAFFIC_MGMT_RSSI_POLICY -DLINUX26 -DCONFIG_BCMWL5 -DCONFIG_BCMWL6 -DCONFIG_BCMWL6A -DPART_JFFS2_GAP=0UL -pipe -fno-strict-aliasing -DBCMWPA2 -DBCMARM -marm  -DTCONFIG_NVRAM_64K -DLINUX_KERNEL_VERSION=132644 -O2 -D__CONFIG_EMF__  conftest.c >&5
configure:8249: $? = 0
configure:8333: result: yes
configure:8346: checking for sys/types.h
configure:8346: arm-brcm-linux-uclibcgnueabi-gcc -c -DBCMWPA2 -DBCMQOS -DBCM_DCS -DEXT_ACS -DD11AC_IOTYPES -DNAS_GTK_PER_STA -DPHYMON -DPROXYARP -DTRAFFIC_MGMT -DTRAFFIC_MGMT_RSSI_POLICY -DLINUX26 -DCONFIG_BCMWL5 -DCONFIG_BCMWL6 -DCONFIG_BCMWL6A -DPART_JFFS2_GAP=0UL -pipe -fno-strict-aliasing -DBCMWPA2 -DBCMARM -marm  -DTCONFIG_NVRAM_64K -DLINUX_KERNEL_VERSION=132644 -O2 -D__CONFIG_EMF__  conftest.c >&5
configure:8346: $? = 0
configure:8346: result: yes
configure:8346: checking for sys/stat.h
configure:8346: arm-brcm-linux-uclibcgnueabi-gcc -c -DBCMWPA2 -DBCMQOS -DBCM_DCS -DEXT_ACS -DD11AC_IOTYPES -DNAS_GTK_PER_STA -DPHYMON -DPROXYARP -DTRAFFIC_MGMT -DTRAFFIC_MGMT_RSSI_POLICY -DLINUX26 -DCONFIG_BCMWL5 -DCONFIG_BCMWL6 -DCONFIG_BCMWL6A -DPART_JFFS2_GAP=0UL -pipe -fno-strict-aliasing -DBCMWPA2 -DBCMARM -marm  -DTCONFIG_NVRAM_64K -DLINUX_KERNEL_VERSION=132644 -O2 -D__CONFIG_EMF__  conftest.c >&5
configure:8346: $? = 0
configure:8346: result: yes
configure:8346: checking for stdlib.h
configure:8346: arm-brcm-linux-uclibcgnueabi-gcc -c -DBCMWPA2 -DBCMQOS -DBCM_DCS -DEXT_ACS -DD11AC_IOTYPES -DNAS_GTK_PER_STA -DPHYMON -DPROXYARP -DTRAFFIC_MGMT -DTRAFFIC_MGMT_RSSI_POLICY -DLINUX26 -DCONFIG_BCMWL5 -DCONFIG_BCMWL6 -DCONFIG_BCMWL6A -DPART_JFFS2_GAP=0UL -pipe -fno-strict-aliasing -DBCMWPA2 -DBCMARM -marm  -DTCONFIG_NVRAM_64K -DLINUX_KERNEL_VERSION=132644 -O2 -D__CONFIG_EMF__  conftest.c >&5
configure:8346: $? = 0
configure:8346: result: yes
configure:8346: checking for string.h
configure:8346: arm-brcm-linux-uclibcgnueabi-gcc -c -DBCMWPA2 -DBCMQOS -DBCM_DCS -DEXT_ACS -DD11AC_IOTYPES -DNAS_GTK_PER_STA -DPHYMON -DPROXYARP -DTRAFFIC_MGMT -DTRAFFIC_MGMT_RSSI_POLICY -DLINUX26 -DCONFIG_BCMWL5 -DCONFIG_BCMWL6 -DCONFIG_BCMWL6A -DPART_JFFS2_GAP=0UL -pipe -fno-strict-aliasing -DBCMWPA2 -DBCMARM -marm  -DTCONFIG_NVRAM_64K -DLINUX_KERNEL_VERSION=132644 -O2 -D__CONFIG_EMF__  conftest.c >&5
configure:8346: $? = 0
configure:8346: result: yes
configure:8346: checking for memory.h
configure:8346: arm-brcm-linux-uclibcgnueabi-gcc -c -DBCMWPA2 -DBCMQOS -DBCM_DCS -DEXT_ACS -DD11AC_IOTYPES -DNAS_GTK_PER_STA -DPHYMON -DPROXYARP -DTRAFFIC_MGMT -DTRAFFIC_MGMT_RSSI_POLICY -DLINUX26 -DCONFIG_BCMWL5 -DCONFIG_BCMWL6 -DCONFIG_BCMWL6A -DPART_JFFS2_GAP=0UL -pipe -fno-strict-aliasing -DBCMWPA2 -DBCMARM -marm  -DTCONFIG_NVRAM_64K -DLINUX_KERNEL_VERSION=132644 -O2 -D__CONFIG_EMF__  conftest.c >&5
configure:8346: $? = 0
configure:8346: result: yes
configure:8346: checking for strings.h
configure:8346: arm-brcm-linux-uclibcgnueabi-gcc -c -DBCMWPA2 -DBCMQOS -DBCM_DCS -DEXT_ACS -DD11AC_IOTYPES -DNAS_GTK_PER_STA -DPHYMON -DPROXYARP -DTRAFFIC_MGMT -DTRAFFIC_MGMT_RSSI_POLICY -DLINUX26 -DCONFIG_BCMWL5 -DCONFIG_BCMWL6 -DCONFIG_BCMWL6A -DPART_JFFS2_GAP=0UL -pipe -fno-strict-aliasing -DBCMWPA2 -DBCMARM -marm  -DTCONFIG_NVRAM_64K -DLINUX_KERNEL_VERSION=132644 -O2 -D__CONFIG_EMF__  conftest.c >&5
configure:8346: $? = 0
configure:8346: result: yes
configure:8346: checking for inttypes.h
configure:8346: arm-brcm-linux-uclibcgnueabi-gcc -c -DBCMWPA2 -DBCMQOS -DBCM_DCS -DEXT_ACS -DD11AC_IOTYPES -DNAS_GTK_PER_STA -DPHYMON -DPROXYARP -DTRAFFIC_MGMT -DTRAFFIC_MGMT_RSSI_POLICY -DLINUX26 -DCONFIG_BCMWL5 -DCONFIG_BCMWL6 -DCONFIG_BCMWL6A -DPART_JFFS2_GAP=0UL -pipe -fno-strict-aliasing -DBCMWPA2 -DBCMARM -marm  -DTCONFIG_NVRAM_64K -DLINUX_KERNEL_VERSION=132644 -O2 -D__CONFIG_EMF__  conftest.c >&5
configure:8346: $? = 0
configure:8346: result: yes
configure:8346: checking for stdint.h
configure:8346: arm-brcm-linux-uclibcgnueabi-gcc -c -DBCMWPA2 -DBCMQOS -DBCM_DCS -DEXT_ACS -DD11AC_IOTYPES -DNAS_GTK_PER_STA -DPHYMON -DPROXYARP -DTRAFFIC_MGMT -DTRAFFIC_MGMT_RSSI_POLICY -DLINUX26 -DCONFIG_BCMWL5 -DCONFIG_BCMWL6 -DCONFIG_BCMWL6A -DPART_JFFS2_GAP=0UL -pipe -fno-strict-aliasing -DBCMWPA2 -DBCMARM -marm  -DTCONFIG_NVRAM_64K -DLINUX_KERNEL_VERSION=132644 -O2 -D__CONFIG_EMF__  conftest.c >&5
configure:8346: $? = 0
configure:8346: result: yes
configure:8346: checking for unistd.h
configure:8346: arm-brcm-linux-uclibcgnueabi-gcc -c -DBCMWPA2 -DBCMQOS -DBCM_DCS -DEXT_ACS -DD11AC_IOTYPES -DNAS_GTK_PER_STA -DPHYMON -DPROXYARP -DTRAFFIC_MGMT -DTRAFFIC_MGMT_RSSI_POLICY -DLINUX26 -DCONFIG_BCMWL5 -DCONFIG_BCMWL6 -DCONFIG_BCMWL6A -DPART_JFFS2_GAP=0UL -pipe -fno-strict-aliasing -DBCMWPA2 -DBCMARM -marm  -DTCONFIG_NVRAM_64K -DLINUX_KERNEL_VERSION=132644 -O2 -D__CONFIG_EMF__  conftest.c >&5
configure:8346: $? = 0
configure:8346: result: yes
configure:8360: checking for dlfcn.h
configure:8360: arm-brcm-linux-uclibcgnueabi-gcc -c -DBCMWPA2 -DBCMQOS -DBCM_DCS -DEXT_ACS -DD11AC_IOTYPES -DNAS_GTK_PER_STA -DPHYMON -DPROXYARP -DTRAFFIC_MGMT -DTRAFFIC_MGMT_RSSI_POLICY -DLINUX26 -DCONFIG_BCMWL5 -DCONFIG_BCMWL6 -DCONFIG_BCMWL6A -DPART_JFFS2_GAP=0UL -pipe -fno-strict-aliasing -DBCMWPA2 -DBCMARM -marm  -DTCONFIG_NVRAM_64K -DLINUX_KERNEL_VERSION=132644 -O2 -D__CONFIG_EMF__  conftest.c >&5
configure:8360: $? = 0
configure:8360: result: yes
configure:8627: checking for objdir
configure:8642: result: .libs
configure:8906: checking if arm-brcm-linux-uclibcgnueabi-gcc supports -fno-rtti -fno-exceptions
configure:8924: arm-brcm-linux-uclibcgnueabi-gcc -c -DBCMWPA2 -DBCMQOS -DBCM_DCS -DEXT_ACS -DD11AC_IOTYPES -DNAS_GTK_PER_STA -DPHYMON -DPROXYARP -DTRAFFIC_MGMT -DTRAFFIC_MGMT_RSSI_POLICY -DLINUX26 -DCONFIG_BCMWL5 -DCONFIG_BCMWL6 -DCONFIG_BCMWL6A -DPART_JFFS2_GAP=0UL -pipe -fno-strict-aliasing -DBCMWPA2 -DBCMARM -marm  -DTCONFIG_NVRAM_64K -DLINUX_KERNEL_VERSION=132644 -O2 -D__CONFIG_EMF__  -fno-rtti -fno-exceptions conftest.c >&5
cc1: warning: command line option "-fno-rtti" is valid for C++/ObjC++ but not for C
configure:8928: $? = 0
configure:8941: result: no
configure:9299: checking for arm-brcm-linux-uclibcgnueabi-gcc option to produce PIC
configure:9306: result: -fPIC -DPIC
configure:9314: checking if arm-brcm-linux-uclibcgnueabi-gcc PIC flag -fPIC -DPIC works
configure:9332: arm-brcm-linux-uclibcgnueabi-gcc -c -DBCMWPA2 -DBCMQOS -DBCM_DCS -DEXT_ACS -DD11AC_IOTYPES -DNAS_GTK_PER_STA -DPHYMON -DPROXYARP -DTRAFFIC_MGMT -DTRAFFIC_MGMT_RSSI_POLICY -DLINUX26 -DCONFIG_BCMWL5 -DCONFIG_BCMWL6 -DCONFIG_BCMWL6A -DPART_JFFS2_GAP=0UL -pipe -fno-strict-aliasing -DBCMWPA2 -DBCMARM -marm  -DTCONFIG_NVRAM_64K -DLINUX_KERNEL_VERSION=132644 -O2 -D__CONFIG_EMF__  -fPIC -DPIC -DPIC conftest.c >&5
configure:9336: $? = 0
configure:9349: result: yes
configure:9378: checking if arm-brcm-linux-uclibcgnueabi-gcc static flag -static works
configure:9406: result: yes
configure:9421: checking if arm-brcm-linux-uclibcgnueabi-gcc supports -c -o file.o
configure:9442: arm-brcm-linux-uclibcgnueabi-gcc -c -DBCMWPA2 -DBCMQOS -DBCM_DCS -DEXT_ACS -DD11AC_IOTYPES -DNAS_GTK_PER_STA -DPHYMON -DPROXYARP -DTRAFFIC_MGMT -DTRAFFIC_MGMT_RSSI_POLICY -DLINUX26 -DCONFIG_BCMWL5 -DCONFIG_BCMWL6 -DCONFIG_BCMWL6A -DPART_JFFS2_GAP=0UL -pipe -fno-strict-aliasing -DBCMWPA2 -DBCMARM -marm  -DTCONFIG_NVRAM_64K -DLINUX_KERNEL_VERSION=132644 -O2 -D__CONFIG_EMF__  -o out/conftest2.o conftest.c >&5
configure:9446: $? = 0
configure:9468: result: yes
configure:9476: checking if arm-brcm-linux-uclibcgnueabi-gcc supports -c -o file.o
configure:9523: result: yes
configure:9556: checking whether the arm-brcm-linux-uclibcgnueabi-gcc linker (arm-brcm-linux-uclibcgnueabi-ld) supports shared libraries
configure:10819: result: yes
configure:10856: checking whether -lc should be explicitly linked in
configure:10864: arm-brcm-linux-uclibcgnueabi-gcc -c -DBCMWPA2 -DBCMQOS -DBCM_DCS -DEXT_ACS -DD11AC_IOTYPES -DNAS_GTK_PER_STA -DPHYMON -DPROXYARP -DTRAFFIC_MGMT -DTRAFFIC_MGMT_RSSI_POLICY -DLINUX26 -DCONFIG_BCMWL5 -DCONFIG_BCMWL6 -DCONFIG_BCMWL6A -DPART_JFFS2_GAP=0UL -pipe -fno-strict-aliasing -DBCMWPA2 -DBCMARM -marm  -DTCONFIG_NVRAM_64K -DLINUX_KERNEL_VERSION=132644 -O2 -D__CONFIG_EMF__  conftest.c >&5
configure:10867: $? = 0
configure:10882: arm-brcm-linux-uclibcgnueabi-gcc -shared  -fPIC -DPIC conftest.o  -v -Wl,-soname -Wl,conftest -o conftest 2\>\&1 \| /bin/grep  -lc  \>/dev/null 2\>\&1
configure:10885: $? = 0
configure:10899: result: no
configure:11059: checking dynamic linker characteristics
configure:11640: arm-brcm-linux-uclibcgnueabi-gcc -o conftest -DBCMWPA2 -DBCMQOS -DBCM_DCS -DEXT_ACS -DD11AC_IOTYPES -DNAS_GTK_PER_STA -DPHYMON -DPROXYARP -DTRAFFIC_MGMT -DTRAFFIC_MGMT_RSSI_POLICY -DLINUX26 -DCONFIG_BCMWL5 -DCONFIG_BCMWL6 -DCONFIG_BCMWL6A -DPART_JFFS2_GAP=0UL -pipe -fno-strict-aliasing -DBCMWPA2 -DBCMARM -marm  -DTCONFIG_NVRAM_64K -DLINUX_KERNEL_VERSION=132644 -O2 -D__CONFIG_EMF__   -Wl,-rpath -Wl,/foo conftest.c  >&5
configure:11640: $? = 0
configure:11889: result: GNU/Linux ld.so
configure:12011: checking how to hardcode library paths into programs
configure:12036: result: immediate
configure:12584: checking whether stripping libraries is possible
configure:12589: result: yes
configure:12624: checking if libtool supports shared libraries
configure:12626: result: yes
configure:12629: checking whether to build shared libraries
configure:12654: result: yes
configure:12657: checking whether to build static libraries
configure:12661: result: yes
configure:12684: checking how to run the C++ preprocessor
configure:12711: arm-linux-g++ -E  conftest.cpp
configure:12711: $? = 0
configure:12725: arm-linux-g++ -E  conftest.cpp
conftest.cpp:23:28: fatal error: ac_nonexistent.h: No such file or directory
compilation terminated.
configure:12725: $? = 1
configure: failed program was:
| /* confdefs.h */
| #define PACKAGE_NAME "libusb"
| #define PACKAGE_TARNAME "libusb"
| #define PACKAGE_VERSION "1.0.22"
| #define PACKAGE_STRING "libusb 1.0.22"
| #define PACKAGE_BUGREPORT "libusb-devel@lists.sourceforge.net"
| #define PACKAGE_URL "http://libusb.info"
| #define PACKAGE "libusb"
| #define VERSION "1.0.22"
| #define STDC_HEADERS 1
| #define HAVE_SYS_TYPES_H 1
| #define HAVE_SYS_STAT_H 1
| #define HAVE_STDLIB_H 1
| #define HAVE_STRING_H 1
| #define HAVE_MEMORY_H 1
| #define HAVE_STRINGS_H 1
| #define HAVE_INTTYPES_H 1
| #define HAVE_STDINT_H 1
| #define HAVE_UNISTD_H 1
| #define HAVE_DLFCN_H 1
| #define LT_OBJDIR ".libs/"
| /* end confdefs.h.  */
| #include <ac_nonexistent.h>
configure:12750: result: arm-linux-g++ -E
configure:12770: arm-linux-g++ -E  conftest.cpp
configure:12770: $? = 0
configure:12784: arm-linux-g++ -E  conftest.cpp
conftest.cpp:23:28: fatal error: ac_nonexistent.h: No such file or directory
compilation terminated.
configure:12784: $? = 1
configure: failed program was:
| /* confdefs.h */
| #define PACKAGE_NAME "libusb"
| #define PACKAGE_TARNAME "libusb"
| #define PACKAGE_VERSION "1.0.22"
| #define PACKAGE_STRING "libusb 1.0.22"
| #define PACKAGE_BUGREPORT "libusb-devel@lists.sourceforge.net"
| #define PACKAGE_URL "http://libusb.info"
| #define PACKAGE "libusb"
| #define VERSION "1.0.22"
| #define STDC_HEADERS 1
| #define HAVE_SYS_TYPES_H 1
| #define HAVE_SYS_STAT_H 1
| #define HAVE_STDLIB_H 1
| #define HAVE_STRING_H 1
| #define HAVE_MEMORY_H 1
| #define HAVE_STRINGS_H 1
| #define HAVE_INTTYPES_H 1
| #define HAVE_STDINT_H 1
| #define HAVE_UNISTD_H 1
| #define HAVE_DLFCN_H 1
| #define LT_OBJDIR ".libs/"
| /* end confdefs.h.  */
| #include <ac_nonexistent.h>
configure:12946: checking for ld used by arm-linux-g++
configure:13013: result: arm-brcm-linux-uclibcgnueabi-ld
configure:13020: checking if the linker (arm-brcm-linux-uclibcgnueabi-ld) is GNU ld
configure:13035: result: yes
configure:13090: checking whether the arm-linux-g++ linker (arm-brcm-linux-uclibcgnueabi-ld) supports shared libraries
configure:14163: result: yes
configure:14199: arm-linux-g++ -c -g -O2  conftest.cpp >&5
configure:14202: $? = 0
configure:14683: checking for arm-linux-g++ option to produce PIC
configure:14690: result: -fPIC -DPIC
configure:14698: checking if arm-linux-g++ PIC flag -fPIC -DPIC works
configure:14716: arm-linux-g++ -c -g -O2  -fPIC -DPIC -DPIC conftest.cpp >&5
configure:14720: $? = 0
configure:14733: result: yes
configure:14756: checking if arm-linux-g++ static flag -static works
configure:14784: result: yes
configure:14796: checking if arm-linux-g++ supports -c -o file.o
configure:14817: arm-linux-g++ -c -g -O2  -o out/conftest2.o conftest.cpp >&5
configure:14821: $? = 0
configure:14843: result: yes
configure:14848: checking if arm-linux-g++ supports -c -o file.o
configure:14895: result: yes
configure:14925: checking whether the arm-linux-g++ linker (arm-brcm-linux-uclibcgnueabi-ld) supports shared libraries
configure:14968: result: yes
configure:15109: checking dynamic linker characteristics
configure:15866: result: GNU/Linux ld.so
configure:15931: checking how to hardcode library paths into programs
configure:15956: result: immediate
configure:16020: checking for arm-linux-windres
configure:16050: result: no
configure:16060: checking for windres
configure:16090: result: no
configure:16187: checking for inline
configure:16203: arm-brcm-linux-uclibcgnueabi-gcc -c -DBCMWPA2 -DBCMQOS -DBCM_DCS -DEXT_ACS -DD11AC_IOTYPES -DNAS_GTK_PER_STA -DPHYMON -DPROXYARP -DTRAFFIC_MGMT -DTRAFFIC_MGMT_RSSI_POLICY -DLINUX26 -DCONFIG_BCMWL5 -DCONFIG_BCMWL6 -DCONFIG_BCMWL6A -DPART_JFFS2_GAP=0UL -pipe -fno-strict-aliasing -DBCMWPA2 -DBCMARM -marm  -DTCONFIG_NVRAM_64K -DLINUX_KERNEL_VERSION=132644 -O2 -D__CONFIG_EMF__  conftest.c >&5
configure:16203: $? = 0
configure:16211: result: inline
configure:16236: checking operating system
configure:16251: result: Linux
configure:16310: checking for library containing clock_gettime2
configure:16341: arm-brcm-linux-uclibcgnueabi-gcc -o conftest -DBCMWPA2 -DBCMQOS -DBCM_DCS -DEXT_ACS -DD11AC_IOTYPES -DNAS_GTK_PER_STA -DPHYMON -DPROXYARP -DTRAFFIC_MGMT -DTRAFFIC_MGMT_RSSI_POLICY -DLINUX26 -DCONFIG_BCMWL5 -DCONFIG_BCMWL6 -DCONFIG_BCMWL6A -DPART_JFFS2_GAP=0UL -pipe -fno-strict-aliasing -DBCMWPA2 -DBCMARM -marm  -DTCONFIG_NVRAM_64K -DLINUX_KERNEL_VERSION=132644 -O2 -D__CONFIG_EMF__   conftest.c  >&5
/tmp/ccxyS2LJ.o: In function `main':
conftest.c:(.text+0x4): undefined reference to `clock_gettime2'
collect2: ld returned 1 exit status
configure:16341: $? = 1
configure: failed program was:
| /* confdefs.h */
| #define PACKAGE_NAME "libusb"
| #define PACKAGE_TARNAME "libusb"
| #define PACKAGE_VERSION "1.0.22"
| #define PACKAGE_STRING "libusb 1.0.22"
| #define PACKAGE_BUGREPORT "libusb-devel@lists.sourceforge.net"
| #define PACKAGE_URL "http://libusb.info"
| #define PACKAGE "libusb"
| #define VERSION "1.0.22"
| #define STDC_HEADERS 1
| #define HAVE_SYS_TYPES_H 1
| #define HAVE_SYS_STAT_H 1
| #define HAVE_STDLIB_H 1
| #define HAVE_STRING_H 1
| #define HAVE_MEMORY_H 1
| #define HAVE_STRINGS_H 1
| #define HAVE_INTTYPES_H 1
| #define HAVE_STDINT_H 1
| #define HAVE_UNISTD_H 1
| #define HAVE_DLFCN_H 1
| #define LT_OBJDIR ".libs/"
| #define _GNU_SOURCE 1
| #define OS_LINUX 1
| /* end confdefs.h.  */
| 
| /* Override any GCC internal prototype to avoid an error.
|    Use char because int might match the return type of a GCC
|    builtin and then its argument prototype would still apply.  */
| #ifdef __cplusplus
| extern "C"
| #endif
| char clock_gettime2 ();
| int
| main ()
| {
| return clock_gettime2 ();
|   ;
|   return 0;
| }
configure:16341: arm-brcm-linux-uclibcgnueabi-gcc -o conftest -DBCMWPA2 -DBCMQOS -DBCM_DCS -DEXT_ACS -DD11AC_IOTYPES -DNAS_GTK_PER_STA -DPHYMON -DPROXYARP -DTRAFFIC_MGMT -DTRAFFIC_MGMT_RSSI_POLICY -DLINUX26 -DCONFIG_BCMWL5 -DCONFIG_BCMWL6 -DCONFIG_BCMWL6A -DPART_JFFS2_GAP=0UL -pipe -fno-strict-aliasing -DBCMWPA2 -DBCMARM -marm  -DTCONFIG_NVRAM_64K -DLINUX_KERNEL_VERSION=132644 -O2 -D__CONFIG_EMF__   conftest.c -lrt -pthread  >&5
/tmp/ccep3WEP.o: In function `main':
conftest.c:(.text+0x4): undefined reference to `clock_gettime2'
collect2: ld returned 1 exit status
configure:16341: $? = 1
configure: failed program was:
| /* confdefs.h */
| #define PACKAGE_NAME "libusb"
| #define PACKAGE_TARNAME "libusb"
| #define PACKAGE_VERSION "1.0.22"
| #define PACKAGE_STRING "libusb 1.0.22"
| #define PACKAGE_BUGREPORT "libusb-devel@lists.sourceforge.net"
| #define PACKAGE_URL "http://libusb.info"
| #define PACKAGE "libusb"
| #define VERSION "1.0.22"
| #define STDC_HEADERS 1
| #define HAVE_SYS_TYPES_H 1
| #define HAVE_SYS_STAT_H 1
| #define HAVE_STDLIB_H 1
| #define HAVE_STRING_H 1
| #define HAVE_MEMORY_H 1
| #define HAVE_STRINGS_H 1
| #define HAVE_INTTYPES_H 1
| #define HAVE_STDINT_H 1
| #define HAVE_UNISTD_H 1
| #define HAVE_DLFCN_H 1
| #define LT_OBJDIR ".libs/"
| #define _GNU_SOURCE 1
| #define OS_LINUX 1
| /* end confdefs.h.  */
| 
| /* Override any GCC internal prototype to avoid an error.
|    Use char because int might match the return type of a GCC
|    builtin and then its argument prototype would still apply.  */
| #ifdef __cplusplus
| extern "C"
| #endif
| char clock_gettime2 ();
| int
| main ()
| {
| return clock_gettime2 ();
|   ;
|   return 0;
| }
configure:16358: result: no
configure:16442: checking asm/types.h usability
configure:16442: arm-brcm-linux-uclibcgnueabi-gcc -c -DBCMWPA2 -DBCMQOS -DBCM_DCS -DEXT_ACS -DD11AC_IOTYPES -DNAS_GTK_PER_STA -DPHYMON -DPROXYARP -DTRAFFIC_MGMT -DTRAFFIC_MGMT_RSSI_POLICY -DLINUX26 -DCONFIG_BCMWL5 -DCONFIG_BCMWL6 -DCONFIG_BCMWL6A -DPART_JFFS2_GAP=0UL -pipe -fno-strict-aliasing -DBCMWPA2 -DBCMARM -marm  -DTCONFIG_NVRAM_64K -DLINUX_KERNEL_VERSION=132644 -O2 -D__CONFIG_EMF__  conftest.c >&5
configure:16442: $? = 0
configure:16442: result: yes
configure:16442: checking asm/types.h presence
configure:16442: arm-brcm-linux-uclibcgnueabi-gcc -E  conftest.c
configure:16442: $? = 0
configure:16442: result: yes
configure:16442: checking for asm/types.h
configure:16442: result: yes
configure:16455: checking for sys/socket.h
configure:16455: arm-brcm-linux-uclibcgnueabi-gcc -c -DBCMWPA2 -DBCMQOS -DBCM_DCS -DEXT_ACS -DD11AC_IOTYPES -DNAS_GTK_PER_STA -DPHYMON -DPROXYARP -DTRAFFIC_MGMT -DTRAFFIC_MGMT_RSSI_POLICY -DLINUX26 -DCONFIG_BCMWL5 -DCONFIG_BCMWL6 -DCONFIG_BCMWL6A -DPART_JFFS2_GAP=0UL -pipe -fno-strict-aliasing -DBCMWPA2 -DBCMARM -marm  -DTCONFIG_NVRAM_64K -DLINUX_KERNEL_VERSION=132644 -O2 -D__CONFIG_EMF__  conftest.c >&5
configure:16455: $? = 0
configure:16455: result: yes
configure:16455: checking for linux/netlink.h
configure:16455: arm-brcm-linux-uclibcgnueabi-gcc -c -DBCMWPA2 -DBCMQOS -DBCM_DCS -DEXT_ACS -DD11AC_IOTYPES -DNAS_GTK_PER_STA -DPHYMON -DPROXYARP -DTRAFFIC_MGMT -DTRAFFIC_MGMT_RSSI_POLICY -DLINUX26 -DCONFIG_BCMWL5 -DCONFIG_BCMWL6 -DCONFIG_BCMWL6A -DPART_JFFS2_GAP=0UL -pipe -fno-strict-aliasing -DBCMWPA2 -DBCMARM -marm  -DTCONFIG_NVRAM_64K -DLINUX_KERNEL_VERSION=132644 -O2 -D__CONFIG_EMF__  conftest.c >&5
configure:16455: $? = 0
configure:16455: result: yes
configure:16483: checking poll.h usability
configure:16483: arm-brcm-linux-uclibcgnueabi-gcc -c -DBCMWPA2 -DBCMQOS -DBCM_DCS -DEXT_ACS -DD11AC_IOTYPES -DNAS_GTK_PER_STA -DPHYMON -DPROXYARP -DTRAFFIC_MGMT -DTRAFFIC_MGMT_RSSI_POLICY -DLINUX26 -DCONFIG_BCMWL5 -DCONFIG_BCMWL6 -DCONFIG_BCMWL6A -DPART_JFFS2_GAP=0UL -pipe -fno-strict-aliasing -DBCMWPA2 -DBCMARM -marm  -DTCONFIG_NVRAM_64K -DLINUX_KERNEL_VERSION=132644 -O2 -D__CONFIG_EMF__  conftest.c >&5
configure:16483: $? = 0
configure:16483: result: yes
configure:16483: checking poll.h presence
configure:16483: arm-brcm-linux-uclibcgnueabi-gcc -E  conftest.c
configure:16483: $? = 0
configure:16483: result: yes
configure:16483: checking for poll.h
configure:16483: result: yes
configure:16728: checking sys/timerfd.h usability
configure:16728: arm-brcm-linux-uclibcgnueabi-gcc -c -DBCMWPA2 -DBCMQOS -DBCM_DCS -DEXT_ACS -DD11AC_IOTYPES -DNAS_GTK_PER_STA -DPHYMON -DPROXYARP -DTRAFFIC_MGMT -DTRAFFIC_MGMT_RSSI_POLICY -DLINUX26 -DCONFIG_BCMWL5 -DCONFIG_BCMWL6 -DCONFIG_BCMWL6A -DPART_JFFS2_GAP=0UL -pipe -fno-strict-aliasing -DBCMWPA2 -DBCMARM -marm  -DTCONFIG_NVRAM_64K -DLINUX_KERNEL_VERSION=132644 -O2 -D__CONFIG_EMF__  conftest.c >&5
configure:16728: $? = 0
configure:16728: result: yes
configure:16728: checking sys/timerfd.h presence
configure:16728: arm-brcm-linux-uclibcgnueabi-gcc -E  conftest.c
configure:16728: $? = 0
configure:16728: result: yes
configure:16728: checking for sys/timerfd.h
configure:16728: result: yes
configure:16748: checking whether TFD_NONBLOCK is declared
configure:16748: arm-brcm-linux-uclibcgnueabi-gcc -c -DBCMWPA2 -DBCMQOS -DBCM_DCS -DEXT_ACS -DD11AC_IOTYPES -DNAS_GTK_PER_STA -DPHYMON -DPROXYARP -DTRAFFIC_MGMT -DTRAFFIC_MGMT_RSSI_POLICY -DLINUX26 -DCONFIG_BCMWL5 -DCONFIG_BCMWL6 -DCONFIG_BCMWL6A -DPART_JFFS2_GAP=0UL -pipe -fno-strict-aliasing -DBCMWPA2 -DBCMARM -marm  -DTCONFIG_NVRAM_64K -DLINUX_KERNEL_VERSION=132644 -O2 -D__CONFIG_EMF__  conftest.c >&5
configure:16748: $? = 0
configure:16748: result: yes
configure:16764: checking whether TFD_CLOEXEC is declared
configure:16764: arm-brcm-linux-uclibcgnueabi-gcc -c -DBCMWPA2 -DBCMQOS -DBCM_DCS -DEXT_ACS -DD11AC_IOTYPES -DNAS_GTK_PER_STA -DPHYMON -DPROXYARP -DTRAFFIC_MGMT -DTRAFFIC_MGMT_RSSI_POLICY -DLINUX26 -DCONFIG_BCMWL5 -DCONFIG_BCMWL6 -DCONFIG_BCMWL6A -DPART_JFFS2_GAP=0UL -pipe -fno-strict-aliasing -DBCMWPA2 -DBCMARM -marm  -DTCONFIG_NVRAM_64K -DLINUX_KERNEL_VERSION=132644 -O2 -D__CONFIG_EMF__  conftest.c >&5
configure:16764: $? = 0
configure:16764: result: yes
configure:16785: checking whether to use timerfd for timing
configure:16792: result: yes
configure:16805: checking for pipe2
configure:16805: arm-brcm-linux-uclibcgnueabi-gcc -o conftest -DBCMWPA2 -DBCMQOS -DBCM_DCS -DEXT_ACS -DD11AC_IOTYPES -DNAS_GTK_PER_STA -DPHYMON -DPROXYARP -DTRAFFIC_MGMT -DTRAFFIC_MGMT_RSSI_POLICY -DLINUX26 -DCONFIG_BCMWL5 -DCONFIG_BCMWL6 -DCONFIG_BCMWL6A -DPART_JFFS2_GAP=0UL -pipe -fno-strict-aliasing -DBCMWPA2 -DBCMARM -marm  -DTCONFIG_NVRAM_64K -DLINUX_KERNEL_VERSION=132644 -O2 -D__CONFIG_EMF__   conftest.c  -pthread >&5
configure:16805: $? = 0
configure:16805: result: yes
configure:16814: checking for struct timespec
configure:16814: arm-brcm-linux-uclibcgnueabi-gcc -c -DBCMWPA2 -DBCMQOS -DBCM_DCS -DEXT_ACS -DD11AC_IOTYPES -DNAS_GTK_PER_STA -DPHYMON -DPROXYARP -DTRAFFIC_MGMT -DTRAFFIC_MGMT_RSSI_POLICY -DLINUX26 -DCONFIG_BCMWL5 -DCONFIG_BCMWL6 -DCONFIG_BCMWL6A -DPART_JFFS2_GAP=0UL -pipe -fno-strict-aliasing -DBCMWPA2 -DBCMARM -marm  -DTCONFIG_NVRAM_64K -DLINUX_KERNEL_VERSION=132644 -O2 -D__CONFIG_EMF__  conftest.c >&5
configure:16814: $? = 0
configure:16814: arm-brcm-linux-uclibcgnueabi-gcc -c -DBCMWPA2 -DBCMQOS -DBCM_DCS -DEXT_ACS -DD11AC_IOTYPES -DNAS_GTK_PER_STA -DPHYMON -DPROXYARP -DTRAFFIC_MGMT -DTRAFFIC_MGMT_RSSI_POLICY -DLINUX26 -DCONFIG_BCMWL5 -DCONFIG_BCMWL6 -DCONFIG_BCMWL6A -DPART_JFFS2_GAP=0UL -pipe -fno-strict-aliasing -DBCMWPA2 -DBCMARM -marm  -DTCONFIG_NVRAM_64K -DLINUX_KERNEL_VERSION=132644 -O2 -D__CONFIG_EMF__  conftest.c >&5
conftest.c: In function 'main':
conftest.c:71:30: error: expected expression before ')' token
configure:16814: $? = 1
configure: failed program was:
| /* confdefs.h */
| #define PACKAGE_NAME "libusb"
| #define PACKAGE_TARNAME "libusb"
| #define PACKAGE_VERSION "1.0.22"
| #define PACKAGE_STRING "libusb 1.0.22"
| #define PACKAGE_BUGREPORT "libusb-devel@lists.sourceforge.net"
| #define PACKAGE_URL "http://libusb.info"
| #define PACKAGE "libusb"
| #define VERSION "1.0.22"
| #define STDC_HEADERS 1
| #define HAVE_SYS_TYPES_H 1
| #define HAVE_SYS_STAT_H 1
| #define HAVE_STDLIB_H 1
| #define HAVE_STRING_H 1
| #define HAVE_MEMORY_H 1
| #define HAVE_STRINGS_H 1
| #define HAVE_INTTYPES_H 1
| #define HAVE_STDINT_H 1
| #define HAVE_UNISTD_H 1
| #define HAVE_DLFCN_H 1
| #define LT_OBJDIR ".libs/"
| #define _GNU_SOURCE 1
| #define OS_LINUX 1
| #define HAVE_ASM_TYPES_H 1
| #define HAVE_SYS_SOCKET_H 1
| #define HAVE_LINUX_NETLINK_H 1
| #define HAVE_POLL_H 1
| #define POLL_NFDS_TYPE nfds_t
| #define THREADS_POSIX 1
| #define HAVE_DECL_TFD_NONBLOCK 1
| #define HAVE_DECL_TFD_CLOEXEC 1
| #define USBI_TIMERFD_AVAILABLE 1
| #define HAVE_PIPE2 1
| /* end confdefs.h.  */
| #include <stdio.h>
| #ifdef HAVE_SYS_TYPES_H
| # include <sys/types.h>
| #endif
| #ifdef HAVE_SYS_STAT_H
| # include <sys/stat.h>
| #endif
| #ifdef STDC_HEADERS
| # include <stdlib.h>
| # include <stddef.h>
| #else
| # ifdef HAVE_STDLIB_H
| #  include <stdlib.h>
| # endif
| #endif
| #ifdef HAVE_STRING_H
| # if !defined STDC_HEADERS && defined HAVE_MEMORY_H
| #  include <memory.h>
| # endif
| # include <string.h>
| #endif
| #ifdef HAVE_STRINGS_H
| # include <strings.h>
| #endif
| #ifdef HAVE_INTTYPES_H
| # include <inttypes.h>
| #endif
| #ifdef HAVE_STDINT_H
| # include <stdint.h>
| #endif
| #ifdef HAVE_UNISTD_H
| # include <unistd.h>
| #endif
| int
| main ()
| {
| if (sizeof ((struct timespec)))
| 	    return 0;
|   ;
|   return 0;
| }
configure:16814: result: yes
configure:16928: checking sys/time.h usability
configure:16928: arm-brcm-linux-uclibcgnueabi-gcc -c -DBCMWPA2 -DBCMQOS -DBCM_DCS -DEXT_ACS -DD11AC_IOTYPES -DNAS_GTK_PER_STA -DPHYMON -DPROXYARP -DTRAFFIC_MGMT -DTRAFFIC_MGMT_RSSI_POLICY -DLINUX26 -DCONFIG_BCMWL5 -DCONFIG_BCMWL6 -DCONFIG_BCMWL6A -DPART_JFFS2_GAP=0UL -pipe -fno-strict-aliasing -DBCMWPA2 -DBCMARM -marm  -DTCONFIG_NVRAM_64K -DLINUX_KERNEL_VERSION=132644 -O2 -D__CONFIG_EMF__  conftest.c >&5
configure:16928: $? = 0
configure:16928: result: yes
configure:16928: checking sys/time.h presence
configure:16928: arm-brcm-linux-uclibcgnueabi-gcc -E  conftest.c
configure:16928: $? = 0
configure:16928: result: yes
configure:16928: checking for sys/time.h
configure:16928: result: yes
configure:16940: checking for sigaction
configure:16940: arm-brcm-linux-uclibcgnueabi-gcc -o conftest -DBCMWPA2 -DBCMQOS -DBCM_DCS -DEXT_ACS -DD11AC_IOTYPES -DNAS_GTK_PER_STA -DPHYMON -DPROXYARP -DTRAFFIC_MGMT -DTRAFFIC_MGMT_RSSI_POLICY -DLINUX26 -DCONFIG_BCMWL5 -DCONFIG_BCMWL6 -DCONFIG_BCMWL6A -DPART_JFFS2_GAP=0UL -pipe -fno-strict-aliasing -DBCMWPA2 -DBCMARM -marm  -DTCONFIG_NVRAM_64K -DLINUX_KERNEL_VERSION=132644 -O2 -D__CONFIG_EMF__   conftest.c  -pthread >&5
configure:16940: $? = 0
configure:16940: result: yes
configure:16971: arm-brcm-linux-uclibcgnueabi-gcc -c -DBCMWPA2 -DBCMQOS -DBCM_DCS -DEXT_ACS -DD11AC_IOTYPES -DNAS_GTK_PER_STA -DPHYMON -DPROXYARP -DTRAFFIC_MGMT -DTRAFFIC_MGMT_RSSI_POLICY -DLINUX26 -DCONFIG_BCMWL5 -DCONFIG_BCMWL6 -DCONFIG_BCMWL6A -DPART_JFFS2_GAP=0UL -pipe -fno-strict-aliasing -DBCMWPA2 -DBCMARM -marm  -DTCONFIG_NVRAM_64K -DLINUX_KERNEL_VERSION=132644 -O2 -D__CONFIG_EMF__ -Werror -fvisibility=hidden  conftest.c >&5
configure:16971: $? = 0
configure:16999: arm-brcm-linux-uclibcgnueabi-gcc -c -DBCMWPA2 -DBCMQOS -DBCM_DCS -DEXT_ACS -DD11AC_IOTYPES -DNAS_GTK_PER_STA -DPHYMON -DPROXYARP -DTRAFFIC_MGMT -DTRAFFIC_MGMT_RSSI_POLICY -DLINUX26 -DCONFIG_BCMWL5 -DCONFIG_BCMWL6 -DCONFIG_BCMWL6A -DPART_JFFS2_GAP=0UL -pipe -fno-strict-aliasing -DBCMWPA2 -DBCMARM -marm  -DTCONFIG_NVRAM_64K -DLINUX_KERNEL_VERSION=132644 -O2 -D__CONFIG_EMF__ -Wno-pointer-sign  conftest.c >&5
configure:16999: $? = 0
configure:17010: checking whether CC supports -std=gnu99
configure:17023: arm-brcm-linux-uclibcgnueabi-gcc -c -std=gnu99  conftest.c >&5
configure:17023: $? = 0
configure:17024: result: yes
configure:17163: checking that generated files are newer than configure
configure:17169: result: done
configure:17248: creating ./config.status

## ---------------------- ##
## Running config.status. ##
## ---------------------- ##

This file was extended by libusb config.status 1.0.22, which was
generated by GNU Autoconf 2.69.  Invocation command line was

  CONFIG_FILES    = 
  CONFIG_HEADERS  = 
  CONFIG_LINKS    = 
  CONFIG_COMMANDS = 
  $ ./config.status 

on debian

config.status:1259: creating libusb-1.0.pc
config.status:1259: creating Makefile
config.status:1259: creating libusb/Makefile
config.status:1259: creating examples/Makefile
config.status:1259: creating tests/Makefile
config.status:1259: creating doc/Makefile
config.status:1259: creating doc/doxygen.cfg
config.status:1259: creating config.h
config.status:1440: config.h is unchanged
config.status:1488: executing depfiles commands
config.status:1488: executing libtool commands

## ---------------- ##
## Cache variables. ##
## ---------------- ##

ac_cv_build=x86_64-pc-linux-gnu
ac_cv_c_compiler_gnu=yes
ac_cv_c_inline=inline
ac_cv_cxx_compiler_gnu=yes
ac_cv_env_CCC_set=
ac_cv_env_CCC_value=
ac_cv_env_CC_set=set
ac_cv_env_CC_value=arm-brcm-linux-uclibcgnueabi-gcc
ac_cv_env_CFLAGS_set=set
ac_cv_env_CFLAGS_value='-DBCMWPA2 -DBCMQOS -DBCM_DCS -DEXT_ACS -DD11AC_IOTYPES -DNAS_GTK_PER_STA -DPHYMON -DPROXYARP -DTRAFFIC_MGMT -DTRAFFIC_MGMT_RSSI_POLICY -DLINUX26 -DCONFIG_BCMWL5 -DCONFIG_BCMWL6 -DCONFIG_BCMWL6A -DPART_JFFS2_GAP=0UL -pipe -fno-strict-aliasing -DBCMWPA2 -DBCMARM -marm  -DTCONFIG_NVRAM_64K -DLINUX_KERNEL_VERSION=132644 -O2 -D__CONFIG_EMF__'
ac_cv_env_CPPFLAGS_set=
ac_cv_env_CPPFLAGS_value=
ac_cv_env_CPP_set=
ac_cv_env_CPP_value=
ac_cv_env_CXXCPP_set=
ac_cv_env_CXXCPP_value=
ac_cv_env_CXXFLAGS_set=
ac_cv_env_CXXFLAGS_value=
ac_cv_env_CXX_set=
ac_cv_env_CXX_value=
ac_cv_env_LDFLAGS_set=
ac_cv_env_LDFLAGS_value=
ac_cv_env_LIBS_set=
ac_cv_env_LIBS_value=
ac_cv_env_LT_SYS_LIBRARY_PATH_set=
ac_cv_env_LT_SYS_LIBRARY_PATH_value=
ac_cv_env_build_alias_set=set
ac_cv_env_build_alias_value=x86_64-linux-gnu
ac_cv_env_host_alias_set=set
ac_cv_env_host_alias_value=arm-linux
ac_cv_env_target_alias_set=
ac_cv_env_target_alias_value=
ac_cv_func_malloc_0_nonnull=yes
ac_cv_func_pipe2=yes
ac_cv_func_sigaction=yes
ac_cv_have_decl_TFD_CLOEXEC=yes
ac_cv_have_decl_TFD_NONBLOCK=yes
ac_cv_header_asm_types_h=yes
ac_cv_header_dlfcn_h=yes
ac_cv_header_inttypes_h=yes
ac_cv_header_linux_netlink_h=yes
ac_cv_header_memory_h=yes
ac_cv_header_poll_h=yes
ac_cv_header_stdc=yes
ac_cv_header_stdint_h=yes
ac_cv_header_stdlib_h=yes
ac_cv_header_string_h=yes
ac_cv_header_strings_h=yes
ac_cv_header_sys_socket_h=yes
ac_cv_header_sys_stat_h=yes
ac_cv_header_sys_time_h=yes
ac_cv_header_sys_timerfd_h=yes
ac_cv_header_sys_types_h=yes
ac_cv_header_unistd_h=yes
ac_cv_host=arm-unknown-linux-gnu
ac_cv_lib_rt_clock_gettime=no
ac_cv_objext=o
ac_cv_path_EGREP='/bin/grep -E'
ac_cv_path_FGREP='/bin/grep -F'
ac_cv_path_GREP=/bin/grep
ac_cv_path_SED=/bin/sed
ac_cv_path_install='/usr/bin/install -c'
ac_cv_path_lt_DD=/bin/dd
ac_cv_path_mkdir=/bin/mkdir
ac_cv_prog_AR=arm-brcm-linux-uclibcgnueabi-ar
ac_cv_prog_AWK=gawk
ac_cv_prog_CC=arm-brcm-linux-uclibcgnueabi-gcc
ac_cv_prog_CPP='arm-brcm-linux-uclibcgnueabi-gcc -E'
ac_cv_prog_CXX=arm-linux-g++
ac_cv_prog_CXXCPP='arm-linux-g++ -E'
ac_cv_prog_RANLIB=arm-brcm-linux-uclibcgnueabi-ranlib
ac_cv_prog_STRIP=arm-brcm-linux-uclibcgnueabi-strip
ac_cv_prog_ac_ct_MANIFEST_TOOL=mt
ac_cv_prog_ac_ct_OBJDUMP=objdump
ac_cv_prog_cc_c89=
ac_cv_prog_cc_g=yes
ac_cv_prog_cxx_g=yes
ac_cv_prog_make_make_set=yes
ac_cv_search_clock_gettime2=no
ac_cv_type_struct_timespec=yes
am_cv_CC_dependencies_compiler_type=gcc3
am_cv_CXX_dependencies_compiler_type=gcc3
am_cv_make_support_nested_variables=yes
am_cv_prog_cc_c_o=yes
lt_cv_ar_at_file=@
lt_cv_archive_cmds_need_lc=no
lt_cv_deplibs_check_method=pass_all
lt_cv_file_magic_cmd='$MAGIC_CMD'
lt_cv_file_magic_test_file=
lt_cv_ld_reload_flag=-r
lt_cv_nm_interface='BSD nm'
lt_cv_objdir=.libs
lt_cv_path_LD=arm-brcm-linux-uclibcgnueabi-ld
lt_cv_path_LDCXX=arm-brcm-linux-uclibcgnueabi-ld
lt_cv_path_NM=arm-brcm-linux-uclibcgnueabi-nm
lt_cv_path_mainfest_tool=no
lt_cv_prog_compiler_c_o=yes
lt_cv_prog_compiler_c_o_CXX=yes
lt_cv_prog_compiler_c_o_RC=yes
lt_cv_prog_compiler_pic='-fPIC -DPIC'
lt_cv_prog_compiler_pic_CXX='-fPIC -DPIC'
lt_cv_prog_compiler_pic_works=yes
lt_cv_prog_compiler_pic_works_CXX=yes
lt_cv_prog_compiler_rtti_exceptions=no
lt_cv_prog_compiler_static_works=yes
lt_cv_prog_compiler_static_works_CXX=yes
lt_cv_prog_gnu_ld=yes
lt_cv_prog_gnu_ldcxx=yes
lt_cv_sharedlib_from_linklib_cmd='printf %s\n'
lt_cv_shlibpath_overrides_runpath=no
lt_cv_sys_global_symbol_pipe='sed -n -e '\''s/^.*[	 ]\([ABCDGIRSTW][ABCDGIRSTW]*\)[	 ][	 ]*\([_A-Za-z][_A-Za-z0-9]*\)$/\1 \2 \2/p'\'' | sed '\''/ __gnu_lto/d'\'''
lt_cv_sys_global_symbol_to_c_name_address='sed -n -e '\''s/^: \(.*\) .*$/  {"\1", (void *) 0},/p'\'' -e '\''s/^[ABCDGIRSTW][ABCDGIRSTW]* .* \(.*\)$/  {"\1", (void *) \&\1},/p'\'''
lt_cv_sys_global_symbol_to_c_name_address_lib_prefix='sed -n -e '\''s/^: \(.*\) .*$/  {"\1", (void *) 0},/p'\'' -e '\''s/^[ABCDGIRSTW][ABCDGIRSTW]* .* \(lib.*\)$/  {"\1", (void *) \&\1},/p'\'' -e '\''s/^[ABCDGIRSTW][ABCDGIRSTW]* .* \(.*\)$/  {"lib\1", (void *) \&\1},/p'\'''
lt_cv_sys_global_symbol_to_cdecl='sed -n -e '\''s/^T .* \(.*\)$/extern int \1();/p'\'' -e '\''s/^[ABCDGIRSTW][ABCDGIRSTW]* .* \(.*\)$/extern char \1;/p'\'''
lt_cv_sys_global_symbol_to_import=
lt_cv_sys_max_cmd_len=1572864
lt_cv_to_host_file_cmd=func_convert_file_noop
lt_cv_to_tool_file_cmd=func_convert_file_noop
lt_cv_truncate_bin='/bin/dd bs=4096 count=1'

## ----------------- ##
## Output variables. ##
## ----------------- ##

ACLOCAL='${SHELL} /root/advancedtomat/release/src-rt-6.x.4708/router/libusb10/missing aclocal-1.14'
AMDEPBACKSLASH='\'
AMDEP_FALSE='#'
AMDEP_TRUE=''
AMTAR='$${TAR-tar}'
AM_BACKSLASH='\'
AM_CFLAGS=' -std=gnu99 -Wall -Wundef -Wunused -Wstrict-prototypes -Werror-implicit-function-declaration -Wno-pointer-sign -Wshadow -pthread -fvisibility=hidden'
AM_DEFAULT_V='$(AM_DEFAULT_VERBOSITY)'
AM_DEFAULT_VERBOSITY='0'
AM_V='$(V)'
AR='arm-brcm-linux-uclibcgnueabi-ar'
AUTOCONF='${SHELL} /root/advancedtomat/release/src-rt-6.x.4708/router/libusb10/missing autoconf'
AUTOHEADER='${SHELL} /root/advancedtomat/release/src-rt-6.x.4708/router/libusb10/missing autoheader'
AUTOMAKE='${SHELL} /root/advancedtomat/release/src-rt-6.x.4708/router/libusb10/missing automake-1.14'
AWK='gawk'
BUILD_EXAMPLES_FALSE=''
BUILD_EXAMPLES_TRUE='#'
BUILD_TESTS_FALSE=''
BUILD_TESTS_TRUE='#'
CC='arm-brcm-linux-uclibcgnueabi-gcc'
CCDEPMODE='depmode=gcc3'
CFLAGS='-DBCMWPA2 -DBCMQOS -DBCM_DCS -DEXT_ACS -DD11AC_IOTYPES -DNAS_GTK_PER_STA -DPHYMON -DPROXYARP -DTRAFFIC_MGMT -DTRAFFIC_MGMT_RSSI_POLICY -DLINUX26 -DCONFIG_BCMWL5 -DCONFIG_BCMWL6 -DCONFIG_BCMWL6A -DPART_JFFS2_GAP=0UL -pipe -fno-strict-aliasing -DBCMWPA2 -DBCMARM -marm  -DTCONFIG_NVRAM_64K -DLINUX_KERNEL_VERSION=132644 -O2 -D__CONFIG_EMF__'
CPP='arm-brcm-linux-uclibcgnueabi-gcc -E'
CPPFLAGS=''
CREATE_IMPORT_LIB_FALSE=''
CREATE_IMPORT_LIB_TRUE='#'
CXX='arm-linux-g++'
CXXCPP='arm-linux-g++ -E'
CXXDEPMODE='depmode=gcc3'
CXXFLAGS='-g -O2'
CYGPATH_W='echo'
DEFS='-DHAVE_CONFIG_H'
DEPDIR='.deps'
DLLTOOL='false'
DSYMUTIL=''
DUMPBIN=''
ECHO_C=''
ECHO_N='-n'
ECHO_T=''
EGREP='/bin/grep -E'
EXEEXT=''
FGREP='/bin/grep -F'
GREP='/bin/grep'
HAVE_SIGACTION_FALSE='#'
HAVE_SIGACTION_TRUE=''
INSTALL_DATA='${INSTALL} -m 644'
INSTALL_PROGRAM='${INSTALL}'
INSTALL_SCRIPT='${INSTALL}'
INSTALL_STRIP_PROGRAM='$(install_sh) -c -s'
LD='arm-brcm-linux-uclibcgnueabi-ld'
LDFLAGS=''
LIBOBJS=''
LIBS=' -pthread'
LIBTOOL='$(SHELL) $(top_builddir)/libtool'
LIPO=''
LN_S='ln -s'
LTLDFLAGS='-version-info 1:0:1 -no-undefined'
LTLIBOBJS=''
LT_SYS_LIBRARY_PATH=''
MAKEINFO='${SHELL} /root/advancedtomat/release/src-rt-6.x.4708/router/libusb10/missing makeinfo'
MANIFEST_TOOL=':'
MKDIR_P='/bin/mkdir -p'
NM='arm-brcm-linux-uclibcgnueabi-nm'
NMEDIT=''
OBJDUMP='objdump'
OBJEXT='o'
OS_DARWIN=''
OS_DARWIN_FALSE=''
OS_DARWIN_TRUE='#'
OS_HAIKU=''
OS_HAIKU_FALSE=''
OS_HAIKU_TRUE='#'
OS_LINUX=''
OS_LINUX_FALSE='#'
OS_LINUX_TRUE=''
OS_NETBSD=''
OS_NETBSD_FALSE=''
OS_NETBSD_TRUE='#'
OS_OPENBSD=''
OS_OPENBSD_FALSE=''
OS_OPENBSD_TRUE='#'
OS_SUNOS=''
OS_SUNOS_FALSE=''
OS_SUNOS_TRUE='#'
OS_WINDOWS=''
OS_WINDOWS_FALSE=''
OS_WINDOWS_TRUE='#'
OTOOL64=''
OTOOL=''
PACKAGE='libusb'
PACKAGE_BUGREPORT='libusb-devel@lists.sourceforge.net'
PACKAGE_NAME='libusb'
PACKAGE_STRING='libusb 1.0.22'
PACKAGE_TARNAME='libusb'
PACKAGE_URL='http://libusb.info'
PACKAGE_VERSION='1.0.22'
PATH_SEPARATOR=':'
RANLIB='arm-brcm-linux-uclibcgnueabi-ranlib'
RC=''
SED='/bin/sed'
SET_MAKE=''
SHELL='/bin/bash'
STRIP='arm-brcm-linux-uclibcgnueabi-strip'
THREADS_POSIX_FALSE='#'
THREADS_POSIX_TRUE=''
USE_UDEV=''
USE_UDEV_FALSE=''
USE_UDEV_TRUE='#'
VERSION='1.0.22'
ac_ct_AR=''
ac_ct_CC=''
ac_ct_CXX=''
ac_ct_DUMPBIN=''
am__EXEEXT_FALSE=''
am__EXEEXT_TRUE='#'
am__fastdepCC_FALSE='#'
am__fastdepCC_TRUE=''
am__fastdepCXX_FALSE='#'
am__fastdepCXX_TRUE=''
am__include='include'
am__isrc=''
am__leading_dot='.'
am__nodep='_no'
am__quote=''
am__tar='$${TAR-tar} chof - "$$tardir"'
am__untar='$${TAR-tar} xf -'
bindir='${exec_prefix}/bin'
build='x86_64-pc-linux-gnu'
build_alias='x86_64-linux-gnu'
build_cpu='x86_64'
build_os='linux-gnu'
build_vendor='pc'
datadir='${datarootdir}'
datarootdir='${prefix}/share'
docdir='${datarootdir}/doc/${PACKAGE_TARNAME}'
dvidir='${docdir}'
exec_prefix='${prefix}'
host='arm-unknown-linux-gnu'
host_alias='arm-linux'
host_cpu='arm'
host_os='linux-gnu'
host_vendor='unknown'
htmldir='${docdir}'
includedir='${prefix}/include'
infodir='${datarootdir}/info'
install_sh='${SHELL} /root/advancedtomat/release/src-rt-6.x.4708/router/libusb10/install-sh'
libdir='${exec_prefix}/lib'
libexecdir='${exec_prefix}/libexec'
localedir='${datarootdir}/locale'
localstatedir='${prefix}/var'
mandir='${datarootdir}/man'
mkdir_p='$(MKDIR_P)'
oldincludedir='/usr/include'
pdfdir='${docdir}'
prefix='/usr'
program_transform_name='s,x,x,'
psdir='${docdir}'
runstatedir='${localstatedir}/run'
sbindir='${exec_prefix}/sbin'
sharedstatedir='${prefix}/com'
sysconfdir='${prefix}/etc'
target_alias=''

## ----------- ##
## confdefs.h. ##
## ----------- ##

/* confdefs.h */
#define PACKAGE_NAME "libusb"
#define PACKAGE_TARNAME "libusb"
#define PACKAGE_VERSION "1.0.22"
#define PACKAGE_STRING "libusb 1.0.22"
#define PACKAGE_BUGREPORT "libusb-devel@lists.sourceforge.net"
#define PACKAGE_URL "http://libusb.info"
#define PACKAGE "libusb"
#define VERSION "1.0.22"
#define STDC_HEADERS 1
#define HAVE_SYS_TYPES_H 1
#define HAVE_SYS_STAT_H 1
#define HAVE_STDLIB_H 1
#define HAVE_STRING_H 1
#define HAVE_MEMORY_H 1
#define HAVE_STRINGS_H 1
#define HAVE_INTTYPES_H 1
#define HAVE_STDINT_H 1
#define HAVE_UNISTD_H 1
#define HAVE_DLFCN_H 1
#define LT_OBJDIR ".libs/"
#define _GNU_SOURCE 1
#define OS_LINUX 1
#define HAVE_ASM_TYPES_H 1
#define HAVE_SYS_SOCKET_H 1
#define HAVE_LINUX_NETLINK_H 1
#define HAVE_POLL_H 1
#define POLL_NFDS_TYPE nfds_t
#define THREADS_POSIX 1
#define HAVE_DECL_TFD_NONBLOCK 1
#define HAVE_DECL_TFD_CLOEXEC 1
#define USBI_TIMERFD_AVAILABLE 1
#define HAVE_PIPE2 1
#define HAVE_STRUCT_TIMESPEC 1
#define ENABLE_LOGGING 1
#define HAVE_SYS_TIME_H 1
#define DEFAULT_VISIBILITY __attribute__((visibility("default")))

configure: exit 0
