This file contains any messages produced by compilers while
running configure, to aid debugging if configure makes a mistake.

It was created by configure, which was
generated by GNU Autoconf 2.69.  Invocation command line was

  $ ./configure --host=arm-linux --build=x86_64-linux-gnu --prefix=/root/advancedtomat/release/src-rt-6.x.4708/router/arm-uclibc/install/pptpd --enable-bcrelay CC=arm-brcm-linux-uclibcgnueabi-gcc RANLIB=arm-brcm-linux-uclibcgnueabi-ranlib LD=arm-brcm-linux-uclibcgnueabi-ld STRIP=arm-brcm-linux-uclibcgnueabi-strip

## --------- ##
## Platform. ##
## --------- ##

hostname = debian
uname -m = x86_64
uname -r = 4.9.0-6-amd64
uname -s = Linux
uname -v = #1 SMP Debian 4.9.88-1+deb9u1 (2018-05-07)

/usr/bin/uname -p = unknown
/bin/uname -X     = unknown

/bin/arch              = unknown
/usr/bin/arch -k       = unknown
/usr/convex/getsysinfo = unknown
/usr/bin/hostinfo      = unknown
/bin/machine           = unknown
/usr/bin/oslevel       = unknown
/bin/universe          = unknown

PATH: /root/advancedtomat/release/tools
PATH: /root/advancedtomat/release/tools
PATH: /root/advancedtomat/release/tools
PATH: /root/advancedtomat/release/tools
PATH: /usr/local/sbin
PATH: /usr/local/bin
PATH: /usr/sbin
PATH: /usr/bin
PATH: /sbin
PATH: /bin
PATH: /root/advancedtomat/release/src-rt-6.x.4708/toolchains/hndtools-arm-linux-2.6.36-uclibc-4.5.3/bin
PATH: /sbin
PATH: /root/advancedtomato/release/src-rt-6.x.4708/toolchains/hndtools-arm-linux-2.6.36-uclibc-4.5.3/bin
PATH: /sbin


## ----------- ##
## Core tests. ##
## ----------- ##

configure:2261: checking for a BSD-compatible install
configure:2329: result: /usr/bin/install -c
configure:2340: checking whether build environment is sane
configure:2390: result: yes
configure:2439: checking for arm-linux-strip
configure:2466: result: arm-brcm-linux-uclibcgnueabi-strip
configure:2531: checking for a thread-safe mkdir -p
configure:2570: result: /bin/mkdir -p
configure:2583: checking for gawk
configure:2599: found /usr/bin/gawk
configure:2610: result: gawk
configure:2621: checking whether make sets $(MAKE)
configure:2643: result: yes
configure:2728: checking command line for use of BSD PPP
configure:2758: result: default standard pppd
configure:2763: checking command line for use of SLIRP
configure:2793: result: default no
configure:2798: checking command line for syslog facility name
configure:2812: result: default LOG_DAEMON
configure:2822: checking command line for bcrelay build
configure:2829: result: yes
configure:2854: checking command line for VRF build
configure:2877: result: default no
configure:2891: checking for arm-linux-gcc
configure:2918: result: arm-brcm-linux-uclibcgnueabi-gcc
configure:3187: checking for C compiler version
configure:3196: arm-brcm-linux-uclibcgnueabi-gcc --version >&5
arm-brcm-linux-uclibcgnueabi-gcc (Buildroot 2012.02) 4.5.3
Copyright (C) 2010 Free Software Foundation, Inc.
This is free software; see the source for copying conditions.  There is NO
warranty; not even for MERCHANTABILITY or FITNESS FOR A PARTICULAR PURPOSE.

configure:3207: $? = 0
configure:3196: arm-brcm-linux-uclibcgnueabi-gcc -v >&5
Using built-in specs.
COLLECT_GCC=arm-brcm-linux-uclibcgnueabi-gcc
COLLECT_LTO_WRAPPER=/root/advancedtomat/release/src-rt-6.x.4708/toolchains/hndtools-arm-linux-2.6.36-uclibc-4.5.3/bin/../libexec/gcc/arm-brcm-linux-uclibcgnueabi/4.5.3/lto-wrapper
Target: arm-brcm-linux-uclibcgnueabi
Configured with: /projects/toolchains_build/buildroot-2012.02-brcm/output/toolchain/gcc-4.5.3/configure --prefix=/projects/hnd/tools/linux/hndtools-arm-linux-2.6.36-uclibc-4.5.3 --build=i686-pc-linux-gnu --host=i686-pc-linux-gnu --target=arm-brcm-linux-uclibcgnueabi --enable-languages=c,c++ --with-sysroot=/projects/hnd/tools/linux/hndtools-arm-linux-2.6.36-uclibc-4.5.3/arm-brcm-linux-uclibcgnueabi/sysroot --with-build-time-tools=/projects/hnd/tools/linux/hndtools-arm-linux-2.6.36-uclibc-4.5.3/arm-brcm-linux-uclibcgnueabi/bin --disable-__cxa_atexit --enable-target-optspace --disable-libgomp --with-gnu-ld --disable-libssp --disable-multilib --disable-tls --enable-shared --with-gmp=/projects/hnd/tools/linux/hndtools-arm-linux-2.6.36-uclibc-4.5.3 --with-mpfr=/projects/hnd/tools/linux/hndtools-arm-linux-2.6.36-uclibc-4.5.3 --with-mpc=/projects/hnd/tools/linux/hndtools-arm-linux-2.6.36-uclibc-4.5.3 --enable-threads --disable-decimal-float --with-float=soft --with-abi=aapcs-linux --with-arch=armv7-a --with-tune=cortex-a9 --with-pkgversion='Buildroot 2012.02' --with-bugurl=http://bugs.buildroot.net/
Thread model: posix
gcc version 4.5.3 (Buildroot 2012.02) 
configure:3207: $? = 0
configure:3196: arm-brcm-linux-uclibcgnueabi-gcc -V >&5
arm-brcm-linux-uclibcgnueabi-gcc: '-V' option must have argument
configure:3207: $? = 1
configure:3196: arm-brcm-linux-uclibcgnueabi-gcc -qversion >&5
arm-brcm-linux-uclibcgnueabi-gcc: unrecognized option '-qversion'
arm-brcm-linux-uclibcgnueabi-gcc: no input files
configure:3207: $? = 1
configure:3227: checking whether the C compiler works
configure:3249: arm-brcm-linux-uclibcgnueabi-gcc -DBCMWPA2 -DBCMQOS -DBCM_DCS -DEXT_ACS -DD11AC_IOTYPES -DNAS_GTK_PER_STA -DPHYMON -DPROXYARP -DTRAFFIC_MGMT -DTRAFFIC_MGMT_RSSI_POLICY -DLINUX26 -DCONFIG_BCMWL5 -DCONFIG_BCMWL6 -DCONFIG_BCMWL6A -DPART_JFFS2_GAP=0UL -pipe -fno-strict-aliasing -DBCMWPA2 -DBCMARM -marm  -DTCONFIG_NVRAM_64K -DLINUX_KERNEL_VERSION=132644 -O2 -D__CONFIG_EMF__   conftest.c  >&5
configure:3253: $? = 0
configure:3301: result: yes
configure:3304: checking for C compiler default output file name
configure:3306: result: a.out
configure:3312: checking for suffix of executables
configure:3319: arm-brcm-linux-uclibcgnueabi-gcc -o conftest -DBCMWPA2 -DBCMQOS -DBCM_DCS -DEXT_ACS -DD11AC_IOTYPES -DNAS_GTK_PER_STA -DPHYMON -DPROXYARP -DTRAFFIC_MGMT -DTRAFFIC_MGMT_RSSI_POLICY -DLINUX26 -DCONFIG_BCMWL5 -DCONFIG_BCMWL6 -DCONFIG_BCMWL6A -DPART_JFFS2_GAP=0UL -pipe -fno-strict-aliasing -DBCMWPA2 -DBCMARM -marm  -DTCONFIG_NVRAM_64K -DLINUX_KERNEL_VERSION=132644 -O2 -D__CONFIG_EMF__   conftest.c  >&5
configure:3323: $? = 0
configure:3345: result: 
configure:3367: checking whether we are cross compiling
configure:3405: result: yes
configure:3410: checking for suffix of object files
configure:3432: arm-brcm-linux-uclibcgnueabi-gcc -c -DBCMWPA2 -DBCMQOS -DBCM_DCS -DEXT_ACS -DD11AC_IOTYPES -DNAS_GTK_PER_STA -DPHYMON -DPROXYARP -DTRAFFIC_MGMT -DTRAFFIC_MGMT_RSSI_POLICY -DLINUX26 -DCONFIG_BCMWL5 -DCONFIG_BCMWL6 -DCONFIG_BCMWL6A -DPART_JFFS2_GAP=0UL -pipe -fno-strict-aliasing -DBCMWPA2 -DBCMARM -marm  -DTCONFIG_NVRAM_64K -DLINUX_KERNEL_VERSION=132644 -O2 -D__CONFIG_EMF__  conftest.c >&5
configure:3436: $? = 0
configure:3457: result: o
configure:3461: checking whether we are using the GNU C compiler
configure:3480: arm-brcm-linux-uclibcgnueabi-gcc -c -DBCMWPA2 -DBCMQOS -DBCM_DCS -DEXT_ACS -DD11AC_IOTYPES -DNAS_GTK_PER_STA -DPHYMON -DPROXYARP -DTRAFFIC_MGMT -DTRAFFIC_MGMT_RSSI_POLICY -DLINUX26 -DCONFIG_BCMWL5 -DCONFIG_BCMWL6 -DCONFIG_BCMWL6A -DPART_JFFS2_GAP=0UL -pipe -fno-strict-aliasing -DBCMWPA2 -DBCMARM -marm  -DTCONFIG_NVRAM_64K -DLINUX_KERNEL_VERSION=132644 -O2 -D__CONFIG_EMF__  conftest.c >&5
configure:3480: $? = 0
configure:3489: result: yes
configure:3498: checking whether arm-brcm-linux-uclibcgnueabi-gcc accepts -g
configure:3518: arm-brcm-linux-uclibcgnueabi-gcc -c -g  conftest.c >&5
configure:3518: $? = 0
configure:3559: result: yes
configure:3576: checking for arm-brcm-linux-uclibcgnueabi-gcc option to accept ISO C89
configure:3639: arm-brcm-linux-uclibcgnueabi-gcc  -c -DBCMWPA2 -DBCMQOS -DBCM_DCS -DEXT_ACS -DD11AC_IOTYPES -DNAS_GTK_PER_STA -DPHYMON -DPROXYARP -DTRAFFIC_MGMT -DTRAFFIC_MGMT_RSSI_POLICY -DLINUX26 -DCONFIG_BCMWL5 -DCONFIG_BCMWL6 -DCONFIG_BCMWL6A -DPART_JFFS2_GAP=0UL -pipe -fno-strict-aliasing -DBCMWPA2 -DBCMARM -marm  -DTCONFIG_NVRAM_64K -DLINUX_KERNEL_VERSION=132644 -O2 -D__CONFIG_EMF__  conftest.c >&5
configure:3639: $? = 0
configure:3652: result: none needed
configure:3683: checking for style of include used by make
configure:3711: result: GNU
configure:3737: checking dependency style of arm-brcm-linux-uclibcgnueabi-gcc
configure:3848: result: none
configure:3866: checking for arm-linux-ranlib
configure:3893: result: arm-brcm-linux-uclibcgnueabi-ranlib
configure:3956: checking whether ln -s works
configure:3960: result: yes
configure:3967: checking whether make sets $(MAKE)
configure:3989: result: yes
configure:4000: checking for an ANSI C-conforming const
configure:4066: arm-brcm-linux-uclibcgnueabi-gcc -c -DBCMWPA2 -DBCMQOS -DBCM_DCS -DEXT_ACS -DD11AC_IOTYPES -DNAS_GTK_PER_STA -DPHYMON -DPROXYARP -DTRAFFIC_MGMT -DTRAFFIC_MGMT_RSSI_POLICY -DLINUX26 -DCONFIG_BCMWL5 -DCONFIG_BCMWL6 -DCONFIG_BCMWL6A -DPART_JFFS2_GAP=0UL -pipe -fno-strict-aliasing -DBCMWPA2 -DBCMARM -marm  -DTCONFIG_NVRAM_64K -DLINUX_KERNEL_VERSION=132644 -O2 -D__CONFIG_EMF__  conftest.c >&5
configure:4066: $? = 0
configure:4073: result: yes
configure:4081: checking for inline
configure:4097: arm-brcm-linux-uclibcgnueabi-gcc -c -DBCMWPA2 -DBCMQOS -DBCM_DCS -DEXT_ACS -DD11AC_IOTYPES -DNAS_GTK_PER_STA -DPHYMON -DPROXYARP -DTRAFFIC_MGMT -DTRAFFIC_MGMT_RSSI_POLICY -DLINUX26 -DCONFIG_BCMWL5 -DCONFIG_BCMWL6 -DCONFIG_BCMWL6A -DPART_JFFS2_GAP=0UL -pipe -fno-strict-aliasing -DBCMWPA2 -DBCMARM -marm  -DTCONFIG_NVRAM_64K -DLINUX_KERNEL_VERSION=132644 -O2 -D__CONFIG_EMF__  conftest.c >&5
configure:4097: $? = 0
configure:4105: result: inline
configure:4126: checking whether #! works in shell scripts
configure:4143: result: yes
configure:4151: checking for setsid
configure:4151: arm-brcm-linux-uclibcgnueabi-gcc -o conftest -DBCMWPA2 -DBCMQOS -DBCM_DCS -DEXT_ACS -DD11AC_IOTYPES -DNAS_GTK_PER_STA -DPHYMON -DPROXYARP -DTRAFFIC_MGMT -DTRAFFIC_MGMT_RSSI_POLICY -DLINUX26 -DCONFIG_BCMWL5 -DCONFIG_BCMWL6 -DCONFIG_BCMWL6A -DPART_JFFS2_GAP=0UL -pipe -fno-strict-aliasing -DBCMWPA2 -DBCMARM -marm  -DTCONFIG_NVRAM_64K -DLINUX_KERNEL_VERSION=132644 -O2 -D__CONFIG_EMF__   conftest.c  >&5
configure:4151: $? = 0
configure:4151: result: yes
configure:4151: checking for daemon
configure:4151: arm-brcm-linux-uclibcgnueabi-gcc -o conftest -DBCMWPA2 -DBCMQOS -DBCM_DCS -DEXT_ACS -DD11AC_IOTYPES -DNAS_GTK_PER_STA -DPHYMON -DPROXYARP -DTRAFFIC_MGMT -DTRAFFIC_MGMT_RSSI_POLICY -DLINUX26 -DCONFIG_BCMWL5 -DCONFIG_BCMWL6 -DCONFIG_BCMWL6A -DPART_JFFS2_GAP=0UL -pipe -fno-strict-aliasing -DBCMWPA2 -DBCMARM -marm  -DTCONFIG_NVRAM_64K -DLINUX_KERNEL_VERSION=132644 -O2 -D__CONFIG_EMF__   conftest.c  >&5
configure:4151: $? = 0
configure:4151: result: yes
configure:4151: checking for setproctitle
configure:4151: arm-brcm-linux-uclibcgnueabi-gcc -o conftest -DBCMWPA2 -DBCMQOS -DBCM_DCS -DEXT_ACS -DD11AC_IOTYPES -DNAS_GTK_PER_STA -DPHYMON -DPROXYARP -DTRAFFIC_MGMT -DTRAFFIC_MGMT_RSSI_POLICY -DLINUX26 -DCONFIG_BCMWL5 -DCONFIG_BCMWL6 -DCONFIG_BCMWL6A -DPART_JFFS2_GAP=0UL -pipe -fno-strict-aliasing -DBCMWPA2 -DBCMARM -marm  -DTCONFIG_NVRAM_64K -DLINUX_KERNEL_VERSION=132644 -O2 -D__CONFIG_EMF__   conftest.c  >&5
/tmp/ccj9NN4L.o: In function `main':
conftest.c:(.text+0x4): undefined reference to `setproctitle'
collect2: ld returned 1 exit status
configure:4151: $? = 1
configure: failed program was:
| /* confdefs.h */
| #define PACKAGE_NAME ""
| #define PACKAGE_TARNAME ""
| #define PACKAGE_VERSION ""
| #define PACKAGE_STRING ""
| #define PACKAGE_BUGREPORT ""
| #define PACKAGE_URL ""
| #define PACKAGE "pptpd"
| #define VERSION "1.4.0"
| #define PPP_BINARY "/usr/sbin/pppd"
| #define PPTP_FACILITY LOG_DAEMON
| #define BCRELAY 1
| #define HAVE_SETSID 1
| #define HAVE_DAEMON 1
| /* end confdefs.h.  */
| /* Define setproctitle to an innocuous variant, in case <limits.h> declares setproctitle.
|    For example, HP-UX 11i <limits.h> declares gettimeofday.  */
| #define setproctitle innocuous_setproctitle
| 
| /* System header to define __stub macros and hopefully few prototypes,
|     which can conflict with char setproctitle (); below.
|     Prefer <limits.h> to <assert.h> if __STDC__ is defined, since
|     <limits.h> exists even on freestanding compilers.  */
| 
| #ifdef __STDC__
| # include <limits.h>
| #else
| # include <assert.h>
| #endif
| 
| #undef setproctitle
| 
| /* Override any GCC internal prototype to avoid an error.
|    Use char because int might match the return type of a GCC
|    builtin and then its argument prototype would still apply.  */
| #ifdef __cplusplus
| extern "C"
| #endif
| char setproctitle ();
| /* The GNU C library defines this for functions which it implements
|     to always fail with ENOSYS.  Some functions are actually named
|     something starting with __ and the normal name is an alias.  */
| #if defined __stub_setproctitle || defined __stub___setproctitle
| choke me
| #endif
| 
| int
| main ()
| {
| return setproctitle ();
|   ;
|   return 0;
| }
configure:4151: result: no
configure:4151: checking for getservbyname
configure:4151: arm-brcm-linux-uclibcgnueabi-gcc -o conftest -DBCMWPA2 -DBCMQOS -DBCM_DCS -DEXT_ACS -DD11AC_IOTYPES -DNAS_GTK_PER_STA -DPHYMON -DPROXYARP -DTRAFFIC_MGMT -DTRAFFIC_MGMT_RSSI_POLICY -DLINUX26 -DCONFIG_BCMWL5 -DCONFIG_BCMWL6 -DCONFIG_BCMWL6A -DPART_JFFS2_GAP=0UL -pipe -fno-strict-aliasing -DBCMWPA2 -DBCMARM -marm  -DTCONFIG_NVRAM_64K -DLINUX_KERNEL_VERSION=132644 -O2 -D__CONFIG_EMF__   conftest.c  >&5
configure:4151: $? = 0
configure:4151: result: yes
configure:4151: checking for strlcpy
configure:4151: arm-brcm-linux-uclibcgnueabi-gcc -o conftest -DBCMWPA2 -DBCMQOS -DBCM_DCS -DEXT_ACS -DD11AC_IOTYPES -DNAS_GTK_PER_STA -DPHYMON -DPROXYARP -DTRAFFIC_MGMT -DTRAFFIC_MGMT_RSSI_POLICY -DLINUX26 -DCONFIG_BCMWL5 -DCONFIG_BCMWL6 -DCONFIG_BCMWL6A -DPART_JFFS2_GAP=0UL -pipe -fno-strict-aliasing -DBCMWPA2 -DBCMARM -marm  -DTCONFIG_NVRAM_64K -DLINUX_KERNEL_VERSION=132644 -O2 -D__CONFIG_EMF__   conftest.c  >&5
configure:4151: $? = 0
configure:4151: result: yes
configure:4151: checking for fork
configure:4151: arm-brcm-linux-uclibcgnueabi-gcc -o conftest -DBCMWPA2 -DBCMQOS -DBCM_DCS -DEXT_ACS -DD11AC_IOTYPES -DNAS_GTK_PER_STA -DPHYMON -DPROXYARP -DTRAFFIC_MGMT -DTRAFFIC_MGMT_RSSI_POLICY -DLINUX26 -DCONFIG_BCMWL5 -DCONFIG_BCMWL6 -DCONFIG_BCMWL6A -DPART_JFFS2_GAP=0UL -pipe -fno-strict-aliasing -DBCMWPA2 -DBCMARM -marm  -DTCONFIG_NVRAM_64K -DLINUX_KERNEL_VERSION=132644 -O2 -D__CONFIG_EMF__   conftest.c  >&5
conftest.c:41:6: warning: conflicting types for built-in function 'fork'
configure:4151: $? = 0
configure:4151: result: yes
configure:4151: checking for memmove
configure:4151: arm-brcm-linux-uclibcgnueabi-gcc -o conftest -DBCMWPA2 -DBCMQOS -DBCM_DCS -DEXT_ACS -DD11AC_IOTYPES -DNAS_GTK_PER_STA -DPHYMON -DPROXYARP -DTRAFFIC_MGMT -DTRAFFIC_MGMT_RSSI_POLICY -DLINUX26 -DCONFIG_BCMWL5 -DCONFIG_BCMWL6 -DCONFIG_BCMWL6A -DPART_JFFS2_GAP=0UL -pipe -fno-strict-aliasing -DBCMWPA2 -DBCMARM -marm  -DTCONFIG_NVRAM_64K -DLINUX_KERNEL_VERSION=132644 -O2 -D__CONFIG_EMF__   conftest.c  >&5
conftest.c:42:6: warning: conflicting types for built-in function 'memmove'
configure:4151: $? = 0
configure:4151: result: yes
configure:4151: checking for strerror
configure:4151: arm-brcm-linux-uclibcgnueabi-gcc -o conftest -DBCMWPA2 -DBCMQOS -DBCM_DCS -DEXT_ACS -DD11AC_IOTYPES -DNAS_GTK_PER_STA -DPHYMON -DPROXYARP -DTRAFFIC_MGMT -DTRAFFIC_MGMT_RSSI_POLICY -DLINUX26 -DCONFIG_BCMWL5 -DCONFIG_BCMWL6 -DCONFIG_BCMWL6A -DPART_JFFS2_GAP=0UL -pipe -fno-strict-aliasing -DBCMWPA2 -DBCMARM -marm  -DTCONFIG_NVRAM_64K -DLINUX_KERNEL_VERSION=132644 -O2 -D__CONFIG_EMF__   conftest.c  >&5
configure:4151: $? = 0
configure:4151: result: yes
configure:4151: checking for writev
configure:4151: arm-brcm-linux-uclibcgnueabi-gcc -o conftest -DBCMWPA2 -DBCMQOS -DBCM_DCS -DEXT_ACS -DD11AC_IOTYPES -DNAS_GTK_PER_STA -DPHYMON -DPROXYARP -DTRAFFIC_MGMT -DTRAFFIC_MGMT_RSSI_POLICY -DLINUX26 -DCONFIG_BCMWL5 -DCONFIG_BCMWL6 -DCONFIG_BCMWL6A -DPART_JFFS2_GAP=0UL -pipe -fno-strict-aliasing -DBCMWPA2 -DBCMARM -marm  -DTCONFIG_NVRAM_64K -DLINUX_KERNEL_VERSION=132644 -O2 -D__CONFIG_EMF__   conftest.c  >&5
configure:4151: $? = 0
configure:4151: result: yes
configure:4166: checking how to run the C preprocessor
configure:4197: arm-brcm-linux-uclibcgnueabi-gcc -E  conftest.c
configure:4197: $? = 0
configure:4211: arm-brcm-linux-uclibcgnueabi-gcc -E  conftest.c
conftest.c:22:28: fatal error: ac_nonexistent.h: No such file or directory
compilation terminated.
configure:4211: $? = 1
configure: failed program was:
| /* confdefs.h */
| #define PACKAGE_NAME ""
| #define PACKAGE_TARNAME ""
| #define PACKAGE_VERSION ""
| #define PACKAGE_STRING ""
| #define PACKAGE_BUGREPORT ""
| #define PACKAGE_URL ""
| #define PACKAGE "pptpd"
| #define VERSION "1.4.0"
| #define PPP_BINARY "/usr/sbin/pppd"
| #define PPTP_FACILITY LOG_DAEMON
| #define BCRELAY 1
| #define HAVE_SETSID 1
| #define HAVE_DAEMON 1
| #define HAVE_GETSERVBYNAME 1
| #define HAVE_STRLCPY 1
| #define HAVE_FORK 1
| #define HAVE_MEMMOVE 1
| #define HAVE_STRERROR 1
| #define HAVE_WRITEV 1
| /* end confdefs.h.  */
| #include <ac_nonexistent.h>
configure:4236: result: arm-brcm-linux-uclibcgnueabi-gcc -E
configure:4256: arm-brcm-linux-uclibcgnueabi-gcc -E  conftest.c
configure:4256: $? = 0
configure:4270: arm-brcm-linux-uclibcgnueabi-gcc -E  conftest.c
conftest.c:22:28: fatal error: ac_nonexistent.h: No such file or directory
compilation terminated.
configure:4270: $? = 1
configure: failed program was:
| /* confdefs.h */
| #define PACKAGE_NAME ""
| #define PACKAGE_TARNAME ""
| #define PACKAGE_VERSION ""
| #define PACKAGE_STRING ""
| #define PACKAGE_BUGREPORT ""
| #define PACKAGE_URL ""
| #define PACKAGE "pptpd"
| #define VERSION "1.4.0"
| #define PPP_BINARY "/usr/sbin/pppd"
| #define PPTP_FACILITY LOG_DAEMON
| #define BCRELAY 1
| #define HAVE_SETSID 1
| #define HAVE_DAEMON 1
| #define HAVE_GETSERVBYNAME 1
| #define HAVE_STRLCPY 1
| #define HAVE_FORK 1
| #define HAVE_MEMMOVE 1
| #define HAVE_STRERROR 1
| #define HAVE_WRITEV 1
| /* end confdefs.h.  */
| #include <ac_nonexistent.h>
configure:4299: checking for grep that handles long lines and -e
configure:4357: result: /bin/grep
configure:4362: checking for egrep
configure:4424: result: /bin/grep -E
configure:4429: checking for ANSI C header files
configure:4449: arm-brcm-linux-uclibcgnueabi-gcc -c -DBCMWPA2 -DBCMQOS -DBCM_DCS -DEXT_ACS -DD11AC_IOTYPES -DNAS_GTK_PER_STA -DPHYMON -DPROXYARP -DTRAFFIC_MGMT -DTRAFFIC_MGMT_RSSI_POLICY -DLINUX26 -DCONFIG_BCMWL5 -DCONFIG_BCMWL6 -DCONFIG_BCMWL6A -DPART_JFFS2_GAP=0UL -pipe -fno-strict-aliasing -DBCMWPA2 -DBCMARM -marm  -DTCONFIG_NVRAM_64K -DLINUX_KERNEL_VERSION=132644 -O2 -D__CONFIG_EMF__  conftest.c >&5
configure:4449: $? = 0
configure:4533: result: yes
configure:4546: checking for sys/types.h
configure:4546: arm-brcm-linux-uclibcgnueabi-gcc -c -DBCMWPA2 -DBCMQOS -DBCM_DCS -DEXT_ACS -DD11AC_IOTYPES -DNAS_GTK_PER_STA -DPHYMON -DPROXYARP -DTRAFFIC_MGMT -DTRAFFIC_MGMT_RSSI_POLICY -DLINUX26 -DCONFIG_BCMWL5 -DCONFIG_BCMWL6 -DCONFIG_BCMWL6A -DPART_JFFS2_GAP=0UL -pipe -fno-strict-aliasing -DBCMWPA2 -DBCMARM -marm  -DTCONFIG_NVRAM_64K -DLINUX_KERNEL_VERSION=132644 -O2 -D__CONFIG_EMF__  conftest.c >&5
configure:4546: $? = 0
configure:4546: result: yes
configure:4546: checking for sys/stat.h
configure:4546: arm-brcm-linux-uclibcgnueabi-gcc -c -DBCMWPA2 -DBCMQOS -DBCM_DCS -DEXT_ACS -DD11AC_IOTYPES -DNAS_GTK_PER_STA -DPHYMON -DPROXYARP -DTRAFFIC_MGMT -DTRAFFIC_MGMT_RSSI_POLICY -DLINUX26 -DCONFIG_BCMWL5 -DCONFIG_BCMWL6 -DCONFIG_BCMWL6A -DPART_JFFS2_GAP=0UL -pipe -fno-strict-aliasing -DBCMWPA2 -DBCMARM -marm  -DTCONFIG_NVRAM_64K -DLINUX_KERNEL_VERSION=132644 -O2 -D__CONFIG_EMF__  conftest.c >&5
configure:4546: $? = 0
configure:4546: result: yes
configure:4546: checking for stdlib.h
configure:4546: arm-brcm-linux-uclibcgnueabi-gcc -c -DBCMWPA2 -DBCMQOS -DBCM_DCS -DEXT_ACS -DD11AC_IOTYPES -DNAS_GTK_PER_STA -DPHYMON -DPROXYARP -DTRAFFIC_MGMT -DTRAFFIC_MGMT_RSSI_POLICY -DLINUX26 -DCONFIG_BCMWL5 -DCONFIG_BCMWL6 -DCONFIG_BCMWL6A -DPART_JFFS2_GAP=0UL -pipe -fno-strict-aliasing -DBCMWPA2 -DBCMARM -marm  -DTCONFIG_NVRAM_64K -DLINUX_KERNEL_VERSION=132644 -O2 -D__CONFIG_EMF__  conftest.c >&5
configure:4546: $? = 0
configure:4546: result: yes
configure:4546: checking for string.h
configure:4546: arm-brcm-linux-uclibcgnueabi-gcc -c -DBCMWPA2 -DBCMQOS -DBCM_DCS -DEXT_ACS -DD11AC_IOTYPES -DNAS_GTK_PER_STA -DPHYMON -DPROXYARP -DTRAFFIC_MGMT -DTRAFFIC_MGMT_RSSI_POLICY -DLINUX26 -DCONFIG_BCMWL5 -DCONFIG_BCMWL6 -DCONFIG_BCMWL6A -DPART_JFFS2_GAP=0UL -pipe -fno-strict-aliasing -DBCMWPA2 -DBCMARM -marm  -DTCONFIG_NVRAM_64K -DLINUX_KERNEL_VERSION=132644 -O2 -D__CONFIG_EMF__  conftest.c >&5
configure:4546: $? = 0
configure:4546: result: yes
configure:4546: checking for memory.h
configure:4546: arm-brcm-linux-uclibcgnueabi-gcc -c -DBCMWPA2 -DBCMQOS -DBCM_DCS -DEXT_ACS -DD11AC_IOTYPES -DNAS_GTK_PER_STA -DPHYMON -DPROXYARP -DTRAFFIC_MGMT -DTRAFFIC_MGMT_RSSI_POLICY -DLINUX26 -DCONFIG_BCMWL5 -DCONFIG_BCMWL6 -DCONFIG_BCMWL6A -DPART_JFFS2_GAP=0UL -pipe -fno-strict-aliasing -DBCMWPA2 -DBCMARM -marm  -DTCONFIG_NVRAM_64K -DLINUX_KERNEL_VERSION=132644 -O2 -D__CONFIG_EMF__  conftest.c >&5
configure:4546: $? = 0
configure:4546: result: yes
configure:4546: checking for strings.h
configure:4546: arm-brcm-linux-uclibcgnueabi-gcc -c -DBCMWPA2 -DBCMQOS -DBCM_DCS -DEXT_ACS -DD11AC_IOTYPES -DNAS_GTK_PER_STA -DPHYMON -DPROXYARP -DTRAFFIC_MGMT -DTRAFFIC_MGMT_RSSI_POLICY -DLINUX26 -DCONFIG_BCMWL5 -DCONFIG_BCMWL6 -DCONFIG_BCMWL6A -DPART_JFFS2_GAP=0UL -pipe -fno-strict-aliasing -DBCMWPA2 -DBCMARM -marm  -DTCONFIG_NVRAM_64K -DLINUX_KERNEL_VERSION=132644 -O2 -D__CONFIG_EMF__  conftest.c >&5
configure:4546: $? = 0
configure:4546: result: yes
configure:4546: checking for inttypes.h
configure:4546: arm-brcm-linux-uclibcgnueabi-gcc -c -DBCMWPA2 -DBCMQOS -DBCM_DCS -DEXT_ACS -DD11AC_IOTYPES -DNAS_GTK_PER_STA -DPHYMON -DPROXYARP -DTRAFFIC_MGMT -DTRAFFIC_MGMT_RSSI_POLICY -DLINUX26 -DCONFIG_BCMWL5 -DCONFIG_BCMWL6 -DCONFIG_BCMWL6A -DPART_JFFS2_GAP=0UL -pipe -fno-strict-aliasing -DBCMWPA2 -DBCMARM -marm  -DTCONFIG_NVRAM_64K -DLINUX_KERNEL_VERSION=132644 -O2 -D__CONFIG_EMF__  conftest.c >&5
configure:4546: $? = 0
configure:4546: result: yes
configure:4546: checking for stdint.h
configure:4546: arm-brcm-linux-uclibcgnueabi-gcc -c -DBCMWPA2 -DBCMQOS -DBCM_DCS -DEXT_ACS -DD11AC_IOTYPES -DNAS_GTK_PER_STA -DPHYMON -DPROXYARP -DTRAFFIC_MGMT -DTRAFFIC_MGMT_RSSI_POLICY -DLINUX26 -DCONFIG_BCMWL5 -DCONFIG_BCMWL6 -DCONFIG_BCMWL6A -DPART_JFFS2_GAP=0UL -pipe -fno-strict-aliasing -DBCMWPA2 -DBCMARM -marm  -DTCONFIG_NVRAM_64K -DLINUX_KERNEL_VERSION=132644 -O2 -D__CONFIG_EMF__  conftest.c >&5
configure:4546: $? = 0
configure:4546: result: yes
configure:4546: checking for unistd.h
configure:4546: arm-brcm-linux-uclibcgnueabi-gcc -c -DBCMWPA2 -DBCMQOS -DBCM_DCS -DEXT_ACS -DD11AC_IOTYPES -DNAS_GTK_PER_STA -DPHYMON -DPROXYARP -DTRAFFIC_MGMT -DTRAFFIC_MGMT_RSSI_POLICY -DLINUX26 -DCONFIG_BCMWL5 -DCONFIG_BCMWL6 -DCONFIG_BCMWL6A -DPART_JFFS2_GAP=0UL -pipe -fno-strict-aliasing -DBCMWPA2 -DBCMARM -marm  -DTCONFIG_NVRAM_64K -DLINUX_KERNEL_VERSION=132644 -O2 -D__CONFIG_EMF__  conftest.c >&5
configure:4546: $? = 0
configure:4546: result: yes
configure:4560: checking pty.h usability
configure:4560: arm-brcm-linux-uclibcgnueabi-gcc -c -DBCMWPA2 -DBCMQOS -DBCM_DCS -DEXT_ACS -DD11AC_IOTYPES -DNAS_GTK_PER_STA -DPHYMON -DPROXYARP -DTRAFFIC_MGMT -DTRAFFIC_MGMT_RSSI_POLICY -DLINUX26 -DCONFIG_BCMWL5 -DCONFIG_BCMWL6 -DCONFIG_BCMWL6A -DPART_JFFS2_GAP=0UL -pipe -fno-strict-aliasing -DBCMWPA2 -DBCMARM -marm  -DTCONFIG_NVRAM_64K -DLINUX_KERNEL_VERSION=132644 -O2 -D__CONFIG_EMF__  conftest.c >&5
configure:4560: $? = 0
configure:4560: result: yes
configure:4560: checking pty.h presence
configure:4560: arm-brcm-linux-uclibcgnueabi-gcc -E  conftest.c
configure:4560: $? = 0
configure:4560: result: yes
configure:4560: checking for pty.h
configure:4560: result: yes
configure:4572: checking for string.h
configure:4572: result: yes
configure:4584: checking syslog.h usability
configure:4584: arm-brcm-linux-uclibcgnueabi-gcc -c -DBCMWPA2 -DBCMQOS -DBCM_DCS -DEXT_ACS -DD11AC_IOTYPES -DNAS_GTK_PER_STA -DPHYMON -DPROXYARP -DTRAFFIC_MGMT -DTRAFFIC_MGMT_RSSI_POLICY -DLINUX26 -DCONFIG_BCMWL5 -DCONFIG_BCMWL6 -DCONFIG_BCMWL6A -DPART_JFFS2_GAP=0UL -pipe -fno-strict-aliasing -DBCMWPA2 -DBCMARM -marm  -DTCONFIG_NVRAM_64K -DLINUX_KERNEL_VERSION=132644 -O2 -D__CONFIG_EMF__  conftest.c >&5
configure:4584: $? = 0
configure:4584: result: yes
configure:4584: checking syslog.h presence
configure:4584: arm-brcm-linux-uclibcgnueabi-gcc -E  conftest.c
configure:4584: $? = 0
configure:4584: result: yes
configure:4584: checking for syslog.h
configure:4584: result: yes
configure:4596: checking libintl.h usability
configure:4596: arm-brcm-linux-uclibcgnueabi-gcc -c -DBCMWPA2 -DBCMQOS -DBCM_DCS -DEXT_ACS -DD11AC_IOTYPES -DNAS_GTK_PER_STA -DPHYMON -DPROXYARP -DTRAFFIC_MGMT -DTRAFFIC_MGMT_RSSI_POLICY -DLINUX26 -DCONFIG_BCMWL5 -DCONFIG_BCMWL6 -DCONFIG_BCMWL6A -DPART_JFFS2_GAP=0UL -pipe -fno-strict-aliasing -DBCMWPA2 -DBCMARM -marm  -DTCONFIG_NVRAM_64K -DLINUX_KERNEL_VERSION=132644 -O2 -D__CONFIG_EMF__  conftest.c >&5
conftest.c:68:21: fatal error: libintl.h: No such file or directory
compilation terminated.
configure:4596: $? = 1
configure: failed program was:
| /* confdefs.h */
| #define PACKAGE_NAME ""
| #define PACKAGE_TARNAME ""
| #define PACKAGE_VERSION ""
| #define PACKAGE_STRING ""
| #define PACKAGE_BUGREPORT ""
| #define PACKAGE_URL ""
| #define PACKAGE "pptpd"
| #define VERSION "1.4.0"
| #define PPP_BINARY "/usr/sbin/pppd"
| #define PPTP_FACILITY LOG_DAEMON
| #define BCRELAY 1
| #define HAVE_SETSID 1
| #define HAVE_DAEMON 1
| #define HAVE_GETSERVBYNAME 1
| #define HAVE_STRLCPY 1
| #define HAVE_FORK 1
| #define HAVE_MEMMOVE 1
| #define HAVE_STRERROR 1
| #define HAVE_WRITEV 1
| #define STDC_HEADERS 1
| #define HAVE_SYS_TYPES_H 1
| #define HAVE_SYS_STAT_H 1
| #define HAVE_STDLIB_H 1
| #define HAVE_STRING_H 1
| #define HAVE_MEMORY_H 1
| #define HAVE_STRINGS_H 1
| #define HAVE_INTTYPES_H 1
| #define HAVE_STDINT_H 1
| #define HAVE_UNISTD_H 1
| #define HAVE_PTY_H 1
| #define HAVE_STRING_H 1
| #define HAVE_SYSLOG_H 1
| /* end confdefs.h.  */
| #include <stdio.h>
| #ifdef HAVE_SYS_TYPES_H
| # include <sys/types.h>
| #endif
| #ifdef HAVE_SYS_STAT_H
| # include <sys/stat.h>
| #endif
| #ifdef STDC_HEADERS
| # include <stdlib.h>
| # include <stddef.h>
| #else
| # ifdef HAVE_STDLIB_H
| #  include <stdlib.h>
| # endif
| #endif
| #ifdef HAVE_STRING_H
| # if !defined STDC_HEADERS && defined HAVE_MEMORY_H
| #  include <memory.h>
| # endif
| # include <string.h>
| #endif
| #ifdef HAVE_STRINGS_H
| # include <strings.h>
| #endif
| #ifdef HAVE_INTTYPES_H
| # include <inttypes.h>
| #endif
| #ifdef HAVE_STDINT_H
| # include <stdint.h>
| #endif
| #ifdef HAVE_UNISTD_H
| # include <unistd.h>
| #endif
| #include <libintl.h>
configure:4596: result: no
configure:4596: checking libintl.h presence
configure:4596: arm-brcm-linux-uclibcgnueabi-gcc -E  conftest.c
conftest.c:35:21: fatal error: libintl.h: No such file or directory
compilation terminated.
configure:4596: $? = 1
configure: failed program was:
| /* confdefs.h */
| #define PACKAGE_NAME ""
| #define PACKAGE_TARNAME ""
| #define PACKAGE_VERSION ""
| #define PACKAGE_STRING ""
| #define PACKAGE_BUGREPORT ""
| #define PACKAGE_URL ""
| #define PACKAGE "pptpd"
| #define VERSION "1.4.0"
| #define PPP_BINARY "/usr/sbin/pppd"
| #define PPTP_FACILITY LOG_DAEMON
| #define BCRELAY 1
| #define HAVE_SETSID 1
| #define HAVE_DAEMON 1
| #define HAVE_GETSERVBYNAME 1
| #define HAVE_STRLCPY 1
| #define HAVE_FORK 1
| #define HAVE_MEMMOVE 1
| #define HAVE_STRERROR 1
| #define HAVE_WRITEV 1
| #define STDC_HEADERS 1
| #define HAVE_SYS_TYPES_H 1
| #define HAVE_SYS_STAT_H 1
| #define HAVE_STDLIB_H 1
| #define HAVE_STRING_H 1
| #define HAVE_MEMORY_H 1
| #define HAVE_STRINGS_H 1
| #define HAVE_INTTYPES_H 1
| #define HAVE_STDINT_H 1
| #define HAVE_UNISTD_H 1
| #define HAVE_PTY_H 1
| #define HAVE_STRING_H 1
| #define HAVE_SYSLOG_H 1
| /* end confdefs.h.  */
| #include <libintl.h>
configure:4596: result: no
configure:4596: checking for libintl.h
configure:4596: result: no
configure:4608: checking libutil.h usability
configure:4608: arm-brcm-linux-uclibcgnueabi-gcc -c -DBCMWPA2 -DBCMQOS -DBCM_DCS -DEXT_ACS -DD11AC_IOTYPES -DNAS_GTK_PER_STA -DPHYMON -DPROXYARP -DTRAFFIC_MGMT -DTRAFFIC_MGMT_RSSI_POLICY -DLINUX26 -DCONFIG_BCMWL5 -DCONFIG_BCMWL6 -DCONFIG_BCMWL6A -DPART_JFFS2_GAP=0UL -pipe -fno-strict-aliasing -DBCMWPA2 -DBCMARM -marm  -DTCONFIG_NVRAM_64K -DLINUX_KERNEL_VERSION=132644 -O2 -D__CONFIG_EMF__  conftest.c >&5
conftest.c:68:21: fatal error: libutil.h: No such file or directory
compilation terminated.
configure:4608: $? = 1
configure: failed program was:
| /* confdefs.h */
| #define PACKAGE_NAME ""
| #define PACKAGE_TARNAME ""
| #define PACKAGE_VERSION ""
| #define PACKAGE_STRING ""
| #define PACKAGE_BUGREPORT ""
| #define PACKAGE_URL ""
| #define PACKAGE "pptpd"
| #define VERSION "1.4.0"
| #define PPP_BINARY "/usr/sbin/pppd"
| #define PPTP_FACILITY LOG_DAEMON
| #define BCRELAY 1
| #define HAVE_SETSID 1
| #define HAVE_DAEMON 1
| #define HAVE_GETSERVBYNAME 1
| #define HAVE_STRLCPY 1
| #define HAVE_FORK 1
| #define HAVE_MEMMOVE 1
| #define HAVE_STRERROR 1
| #define HAVE_WRITEV 1
| #define STDC_HEADERS 1
| #define HAVE_SYS_TYPES_H 1
| #define HAVE_SYS_STAT_H 1
| #define HAVE_STDLIB_H 1
| #define HAVE_STRING_H 1
| #define HAVE_MEMORY_H 1
| #define HAVE_STRINGS_H 1
| #define HAVE_INTTYPES_H 1
| #define HAVE_STDINT_H 1
| #define HAVE_UNISTD_H 1
| #define HAVE_PTY_H 1
| #define HAVE_STRING_H 1
| #define HAVE_SYSLOG_H 1
| /* end confdefs.h.  */
| #include <stdio.h>
| #ifdef HAVE_SYS_TYPES_H
| # include <sys/types.h>
| #endif
| #ifdef HAVE_SYS_STAT_H
| # include <sys/stat.h>
| #endif
| #ifdef STDC_HEADERS
| # include <stdlib.h>
| # include <stddef.h>
| #else
| # ifdef HAVE_STDLIB_H
| #  include <stdlib.h>
| # endif
| #endif
| #ifdef HAVE_STRING_H
| # if !defined STDC_HEADERS && defined HAVE_MEMORY_H
| #  include <memory.h>
| # endif
| # include <string.h>
| #endif
| #ifdef HAVE_STRINGS_H
| # include <strings.h>
| #endif
| #ifdef HAVE_INTTYPES_H
| # include <inttypes.h>
| #endif
| #ifdef HAVE_STDINT_H
| # include <stdint.h>
| #endif
| #ifdef HAVE_UNISTD_H
| # include <unistd.h>
| #endif
| #include <libutil.h>
configure:4608: result: no
configure:4608: checking libutil.h presence
configure:4608: arm-brcm-linux-uclibcgnueabi-gcc -E  conftest.c
conftest.c:35:21: fatal error: libutil.h: No such file or directory
compilation terminated.
configure:4608: $? = 1
configure: failed program was:
| /* confdefs.h */
| #define PACKAGE_NAME ""
| #define PACKAGE_TARNAME ""
| #define PACKAGE_VERSION ""
| #define PACKAGE_STRING ""
| #define PACKAGE_BUGREPORT ""
| #define PACKAGE_URL ""
| #define PACKAGE "pptpd"
| #define VERSION "1.4.0"
| #define PPP_BINARY "/usr/sbin/pppd"
| #define PPTP_FACILITY LOG_DAEMON
| #define BCRELAY 1
| #define HAVE_SETSID 1
| #define HAVE_DAEMON 1
| #define HAVE_GETSERVBYNAME 1
| #define HAVE_STRLCPY 1
| #define HAVE_FORK 1
| #define HAVE_MEMMOVE 1
| #define HAVE_STRERROR 1
| #define HAVE_WRITEV 1
| #define STDC_HEADERS 1
| #define HAVE_SYS_TYPES_H 1
| #define HAVE_SYS_STAT_H 1
| #define HAVE_STDLIB_H 1
| #define HAVE_STRING_H 1
| #define HAVE_MEMORY_H 1
| #define HAVE_STRINGS_H 1
| #define HAVE_INTTYPES_H 1
| #define HAVE_STDINT_H 1
| #define HAVE_UNISTD_H 1
| #define HAVE_PTY_H 1
| #define HAVE_STRING_H 1
| #define HAVE_SYSLOG_H 1
| /* end confdefs.h.  */
| #include <libutil.h>
configure:4608: result: no
configure:4608: checking for libutil.h
configure:4608: result: no
configure:4620: checking sys/uio.h usability
configure:4620: arm-brcm-linux-uclibcgnueabi-gcc -c -DBCMWPA2 -DBCMQOS -DBCM_DCS -DEXT_ACS -DD11AC_IOTYPES -DNAS_GTK_PER_STA -DPHYMON -DPROXYARP -DTRAFFIC_MGMT -DTRAFFIC_MGMT_RSSI_POLICY -DLINUX26 -DCONFIG_BCMWL5 -DCONFIG_BCMWL6 -DCONFIG_BCMWL6A -DPART_JFFS2_GAP=0UL -pipe -fno-strict-aliasing -DBCMWPA2 -DBCMARM -marm  -DTCONFIG_NVRAM_64K -DLINUX_KERNEL_VERSION=132644 -O2 -D__CONFIG_EMF__  conftest.c >&5
configure:4620: $? = 0
configure:4620: result: yes
configure:4620: checking sys/uio.h presence
configure:4620: arm-brcm-linux-uclibcgnueabi-gcc -E  conftest.c
configure:4620: $? = 0
configure:4620: result: yes
configure:4620: checking for sys/uio.h
configure:4620: result: yes
configure:4631: checking for size_t
configure:4631: arm-brcm-linux-uclibcgnueabi-gcc -c -DBCMWPA2 -DBCMQOS -DBCM_DCS -DEXT_ACS -DD11AC_IOTYPES -DNAS_GTK_PER_STA -DPHYMON -DPROXYARP -DTRAFFIC_MGMT -DTRAFFIC_MGMT_RSSI_POLICY -DLINUX26 -DCONFIG_BCMWL5 -DCONFIG_BCMWL6 -DCONFIG_BCMWL6A -DPART_JFFS2_GAP=0UL -pipe -fno-strict-aliasing -DBCMWPA2 -DBCMARM -marm  -DTCONFIG_NVRAM_64K -DLINUX_KERNEL_VERSION=132644 -O2 -D__CONFIG_EMF__  conftest.c >&5
configure:4631: $? = 0
configure:4631: arm-brcm-linux-uclibcgnueabi-gcc -c -DBCMWPA2 -DBCMQOS -DBCM_DCS -DEXT_ACS -DD11AC_IOTYPES -DNAS_GTK_PER_STA -DPHYMON -DPROXYARP -DTRAFFIC_MGMT -DTRAFFIC_MGMT_RSSI_POLICY -DLINUX26 -DCONFIG_BCMWL5 -DCONFIG_BCMWL6 -DCONFIG_BCMWL6A -DPART_JFFS2_GAP=0UL -pipe -fno-strict-aliasing -DBCMWPA2 -DBCMARM -marm  -DTCONFIG_NVRAM_64K -DLINUX_KERNEL_VERSION=132644 -O2 -D__CONFIG_EMF__  conftest.c >&5
conftest.c: In function 'main':
conftest.c:72:21: error: expected expression before ')' token
configure:4631: $? = 1
configure: failed program was:
| /* confdefs.h */
| #define PACKAGE_NAME ""
| #define PACKAGE_TARNAME ""
| #define PACKAGE_VERSION ""
| #define PACKAGE_STRING ""
| #define PACKAGE_BUGREPORT ""
| #define PACKAGE_URL ""
| #define PACKAGE "pptpd"
| #define VERSION "1.4.0"
| #define PPP_BINARY "/usr/sbin/pppd"
| #define PPTP_FACILITY LOG_DAEMON
| #define BCRELAY 1
| #define HAVE_SETSID 1
| #define HAVE_DAEMON 1
| #define HAVE_GETSERVBYNAME 1
| #define HAVE_STRLCPY 1
| #define HAVE_FORK 1
| #define HAVE_MEMMOVE 1
| #define HAVE_STRERROR 1
| #define HAVE_WRITEV 1
| #define STDC_HEADERS 1
| #define HAVE_SYS_TYPES_H 1
| #define HAVE_SYS_STAT_H 1
| #define HAVE_STDLIB_H 1
| #define HAVE_STRING_H 1
| #define HAVE_MEMORY_H 1
| #define HAVE_STRINGS_H 1
| #define HAVE_INTTYPES_H 1
| #define HAVE_STDINT_H 1
| #define HAVE_UNISTD_H 1
| #define HAVE_PTY_H 1
| #define HAVE_STRING_H 1
| #define HAVE_SYSLOG_H 1
| #define HAVE_SYS_UIO_H 1
| /* end confdefs.h.  */
| #include <stdio.h>
| #ifdef HAVE_SYS_TYPES_H
| # include <sys/types.h>
| #endif
| #ifdef HAVE_SYS_STAT_H
| # include <sys/stat.h>
| #endif
| #ifdef STDC_HEADERS
| # include <stdlib.h>
| # include <stddef.h>
| #else
| # ifdef HAVE_STDLIB_H
| #  include <stdlib.h>
| # endif
| #endif
| #ifdef HAVE_STRING_H
| # if !defined STDC_HEADERS && defined HAVE_MEMORY_H
| #  include <memory.h>
| # endif
| # include <string.h>
| #endif
| #ifdef HAVE_STRINGS_H
| # include <strings.h>
| #endif
| #ifdef HAVE_INTTYPES_H
| # include <inttypes.h>
| #endif
| #ifdef HAVE_STDINT_H
| # include <stdint.h>
| #endif
| #ifdef HAVE_UNISTD_H
| # include <unistd.h>
| #endif
| int
| main ()
| {
| if (sizeof ((size_t)))
| 	    return 0;
|   ;
|   return 0;
| }
configure:4631: result: yes
configure:4642: checking for ssize_t
configure:4642: arm-brcm-linux-uclibcgnueabi-gcc -c -DBCMWPA2 -DBCMQOS -DBCM_DCS -DEXT_ACS -DD11AC_IOTYPES -DNAS_GTK_PER_STA -DPHYMON -DPROXYARP -DTRAFFIC_MGMT -DTRAFFIC_MGMT_RSSI_POLICY -DLINUX26 -DCONFIG_BCMWL5 -DCONFIG_BCMWL6 -DCONFIG_BCMWL6A -DPART_JFFS2_GAP=0UL -pipe -fno-strict-aliasing -DBCMWPA2 -DBCMARM -marm  -DTCONFIG_NVRAM_64K -DLINUX_KERNEL_VERSION=132644 -O2 -D__CONFIG_EMF__  conftest.c >&5
configure:4642: $? = 0
configure:4642: arm-brcm-linux-uclibcgnueabi-gcc -c -DBCMWPA2 -DBCMQOS -DBCM_DCS -DEXT_ACS -DD11AC_IOTYPES -DNAS_GTK_PER_STA -DPHYMON -DPROXYARP -DTRAFFIC_MGMT -DTRAFFIC_MGMT_RSSI_POLICY -DLINUX26 -DCONFIG_BCMWL5 -DCONFIG_BCMWL6 -DCONFIG_BCMWL6A -DPART_JFFS2_GAP=0UL -pipe -fno-strict-aliasing -DBCMWPA2 -DBCMARM -marm  -DTCONFIG_NVRAM_64K -DLINUX_KERNEL_VERSION=132644 -O2 -D__CONFIG_EMF__  conftest.c >&5
conftest.c: In function 'main':
conftest.c:72:22: error: expected expression before ')' token
configure:4642: $? = 1
configure: failed program was:
| /* confdefs.h */
| #define PACKAGE_NAME ""
| #define PACKAGE_TARNAME ""
| #define PACKAGE_VERSION ""
| #define PACKAGE_STRING ""
| #define PACKAGE_BUGREPORT ""
| #define PACKAGE_URL ""
| #define PACKAGE "pptpd"
| #define VERSION "1.4.0"
| #define PPP_BINARY "/usr/sbin/pppd"
| #define PPTP_FACILITY LOG_DAEMON
| #define BCRELAY 1
| #define HAVE_SETSID 1
| #define HAVE_DAEMON 1
| #define HAVE_GETSERVBYNAME 1
| #define HAVE_STRLCPY 1
| #define HAVE_FORK 1
| #define HAVE_MEMMOVE 1
| #define HAVE_STRERROR 1
| #define HAVE_WRITEV 1
| #define STDC_HEADERS 1
| #define HAVE_SYS_TYPES_H 1
| #define HAVE_SYS_STAT_H 1
| #define HAVE_STDLIB_H 1
| #define HAVE_STRING_H 1
| #define HAVE_MEMORY_H 1
| #define HAVE_STRINGS_H 1
| #define HAVE_INTTYPES_H 1
| #define HAVE_STDINT_H 1
| #define HAVE_UNISTD_H 1
| #define HAVE_PTY_H 1
| #define HAVE_STRING_H 1
| #define HAVE_SYSLOG_H 1
| #define HAVE_SYS_UIO_H 1
| /* end confdefs.h.  */
| #include <stdio.h>
| #ifdef HAVE_SYS_TYPES_H
| # include <sys/types.h>
| #endif
| #ifdef HAVE_SYS_STAT_H
| # include <sys/stat.h>
| #endif
| #ifdef STDC_HEADERS
| # include <stdlib.h>
| # include <stddef.h>
| #else
| # ifdef HAVE_STDLIB_H
| #  include <stdlib.h>
| # endif
| #endif
| #ifdef HAVE_STRING_H
| # if !defined STDC_HEADERS && defined HAVE_MEMORY_H
| #  include <memory.h>
| # endif
| # include <string.h>
| #endif
| #ifdef HAVE_STRINGS_H
| # include <strings.h>
| #endif
| #ifdef HAVE_INTTYPES_H
| # include <inttypes.h>
| #endif
| #ifdef HAVE_STDINT_H
| # include <stdint.h>
| #endif
| #ifdef HAVE_UNISTD_H
| # include <unistd.h>
| #endif
| int
| main ()
| {
| if (sizeof ((ssize_t)))
| 	    return 0;
|   ;
|   return 0;
| }
configure:4642: result: yes
configure:4653: checking for u_int8_t
configure:4653: arm-brcm-linux-uclibcgnueabi-gcc -c -DBCMWPA2 -DBCMQOS -DBCM_DCS -DEXT_ACS -DD11AC_IOTYPES -DNAS_GTK_PER_STA -DPHYMON -DPROXYARP -DTRAFFIC_MGMT -DTRAFFIC_MGMT_RSSI_POLICY -DLINUX26 -DCONFIG_BCMWL5 -DCONFIG_BCMWL6 -DCONFIG_BCMWL6A -DPART_JFFS2_GAP=0UL -pipe -fno-strict-aliasing -DBCMWPA2 -DBCMARM -marm  -DTCONFIG_NVRAM_64K -DLINUX_KERNEL_VERSION=132644 -O2 -D__CONFIG_EMF__  conftest.c >&5
configure:4653: $? = 0
configure:4653: arm-brcm-linux-uclibcgnueabi-gcc -c -DBCMWPA2 -DBCMQOS -DBCM_DCS -DEXT_ACS -DD11AC_IOTYPES -DNAS_GTK_PER_STA -DPHYMON -DPROXYARP -DTRAFFIC_MGMT -DTRAFFIC_MGMT_RSSI_POLICY -DLINUX26 -DCONFIG_BCMWL5 -DCONFIG_BCMWL6 -DCONFIG_BCMWL6A -DPART_JFFS2_GAP=0UL -pipe -fno-strict-aliasing -DBCMWPA2 -DBCMARM -marm  -DTCONFIG_NVRAM_64K -DLINUX_KERNEL_VERSION=132644 -O2 -D__CONFIG_EMF__  conftest.c >&5
conftest.c: In function 'main':
conftest.c:72:23: error: expected expression before ')' token
configure:4653: $? = 1
configure: failed program was:
| /* confdefs.h */
| #define PACKAGE_NAME ""
| #define PACKAGE_TARNAME ""
| #define PACKAGE_VERSION ""
| #define PACKAGE_STRING ""
| #define PACKAGE_BUGREPORT ""
| #define PACKAGE_URL ""
| #define PACKAGE "pptpd"
| #define VERSION "1.4.0"
| #define PPP_BINARY "/usr/sbin/pppd"
| #define PPTP_FACILITY LOG_DAEMON
| #define BCRELAY 1
| #define HAVE_SETSID 1
| #define HAVE_DAEMON 1
| #define HAVE_GETSERVBYNAME 1
| #define HAVE_STRLCPY 1
| #define HAVE_FORK 1
| #define HAVE_MEMMOVE 1
| #define HAVE_STRERROR 1
| #define HAVE_WRITEV 1
| #define STDC_HEADERS 1
| #define HAVE_SYS_TYPES_H 1
| #define HAVE_SYS_STAT_H 1
| #define HAVE_STDLIB_H 1
| #define HAVE_STRING_H 1
| #define HAVE_MEMORY_H 1
| #define HAVE_STRINGS_H 1
| #define HAVE_INTTYPES_H 1
| #define HAVE_STDINT_H 1
| #define HAVE_UNISTD_H 1
| #define HAVE_PTY_H 1
| #define HAVE_STRING_H 1
| #define HAVE_SYSLOG_H 1
| #define HAVE_SYS_UIO_H 1
| /* end confdefs.h.  */
| #include <stdio.h>
| #ifdef HAVE_SYS_TYPES_H
| # include <sys/types.h>
| #endif
| #ifdef HAVE_SYS_STAT_H
| # include <sys/stat.h>
| #endif
| #ifdef STDC_HEADERS
| # include <stdlib.h>
| # include <stddef.h>
| #else
| # ifdef HAVE_STDLIB_H
| #  include <stdlib.h>
| # endif
| #endif
| #ifdef HAVE_STRING_H
| # if !defined STDC_HEADERS && defined HAVE_MEMORY_H
| #  include <memory.h>
| # endif
| # include <string.h>
| #endif
| #ifdef HAVE_STRINGS_H
| # include <strings.h>
| #endif
| #ifdef HAVE_INTTYPES_H
| # include <inttypes.h>
| #endif
| #ifdef HAVE_STDINT_H
| # include <stdint.h>
| #endif
| #ifdef HAVE_UNISTD_H
| # include <unistd.h>
| #endif
| int
| main ()
| {
| if (sizeof ((u_int8_t)))
| 	    return 0;
|   ;
|   return 0;
| }
configure:4653: result: yes
configure:4664: checking for u_int16_t
configure:4664: arm-brcm-linux-uclibcgnueabi-gcc -c -DBCMWPA2 -DBCMQOS -DBCM_DCS -DEXT_ACS -DD11AC_IOTYPES -DNAS_GTK_PER_STA -DPHYMON -DPROXYARP -DTRAFFIC_MGMT -DTRAFFIC_MGMT_RSSI_POLICY -DLINUX26 -DCONFIG_BCMWL5 -DCONFIG_BCMWL6 -DCONFIG_BCMWL6A -DPART_JFFS2_GAP=0UL -pipe -fno-strict-aliasing -DBCMWPA2 -DBCMARM -marm  -DTCONFIG_NVRAM_64K -DLINUX_KERNEL_VERSION=132644 -O2 -D__CONFIG_EMF__  conftest.c >&5
configure:4664: $? = 0
configure:4664: arm-brcm-linux-uclibcgnueabi-gcc -c -DBCMWPA2 -DBCMQOS -DBCM_DCS -DEXT_ACS -DD11AC_IOTYPES -DNAS_GTK_PER_STA -DPHYMON -DPROXYARP -DTRAFFIC_MGMT -DTRAFFIC_MGMT_RSSI_POLICY -DLINUX26 -DCONFIG_BCMWL5 -DCONFIG_BCMWL6 -DCONFIG_BCMWL6A -DPART_JFFS2_GAP=0UL -pipe -fno-strict-aliasing -DBCMWPA2 -DBCMARM -marm  -DTCONFIG_NVRAM_64K -DLINUX_KERNEL_VERSION=132644 -O2 -D__CONFIG_EMF__  conftest.c >&5
conftest.c: In function 'main':
conftest.c:72:24: error: expected expression before ')' token
configure:4664: $? = 1
configure: failed program was:
| /* confdefs.h */
| #define PACKAGE_NAME ""
| #define PACKAGE_TARNAME ""
| #define PACKAGE_VERSION ""
| #define PACKAGE_STRING ""
| #define PACKAGE_BUGREPORT ""
| #define PACKAGE_URL ""
| #define PACKAGE "pptpd"
| #define VERSION "1.4.0"
| #define PPP_BINARY "/usr/sbin/pppd"
| #define PPTP_FACILITY LOG_DAEMON
| #define BCRELAY 1
| #define HAVE_SETSID 1
| #define HAVE_DAEMON 1
| #define HAVE_GETSERVBYNAME 1
| #define HAVE_STRLCPY 1
| #define HAVE_FORK 1
| #define HAVE_MEMMOVE 1
| #define HAVE_STRERROR 1
| #define HAVE_WRITEV 1
| #define STDC_HEADERS 1
| #define HAVE_SYS_TYPES_H 1
| #define HAVE_SYS_STAT_H 1
| #define HAVE_STDLIB_H 1
| #define HAVE_STRING_H 1
| #define HAVE_MEMORY_H 1
| #define HAVE_STRINGS_H 1
| #define HAVE_INTTYPES_H 1
| #define HAVE_STDINT_H 1
| #define HAVE_UNISTD_H 1
| #define HAVE_PTY_H 1
| #define HAVE_STRING_H 1
| #define HAVE_SYSLOG_H 1
| #define HAVE_SYS_UIO_H 1
| /* end confdefs.h.  */
| #include <stdio.h>
| #ifdef HAVE_SYS_TYPES_H
| # include <sys/types.h>
| #endif
| #ifdef HAVE_SYS_STAT_H
| # include <sys/stat.h>
| #endif
| #ifdef STDC_HEADERS
| # include <stdlib.h>
| # include <stddef.h>
| #else
| # ifdef HAVE_STDLIB_H
| #  include <stdlib.h>
| # endif
| #endif
| #ifdef HAVE_STRING_H
| # if !defined STDC_HEADERS && defined HAVE_MEMORY_H
| #  include <memory.h>
| # endif
| # include <string.h>
| #endif
| #ifdef HAVE_STRINGS_H
| # include <strings.h>
| #endif
| #ifdef HAVE_INTTYPES_H
| # include <inttypes.h>
| #endif
| #ifdef HAVE_STDINT_H
| # include <stdint.h>
| #endif
| #ifdef HAVE_UNISTD_H
| # include <unistd.h>
| #endif
| int
| main ()
| {
| if (sizeof ((u_int16_t)))
| 	    return 0;
|   ;
|   return 0;
| }
configure:4664: result: yes
configure:4675: checking for u_int32_t
configure:4675: arm-brcm-linux-uclibcgnueabi-gcc -c -DBCMWPA2 -DBCMQOS -DBCM_DCS -DEXT_ACS -DD11AC_IOTYPES -DNAS_GTK_PER_STA -DPHYMON -DPROXYARP -DTRAFFIC_MGMT -DTRAFFIC_MGMT_RSSI_POLICY -DLINUX26 -DCONFIG_BCMWL5 -DCONFIG_BCMWL6 -DCONFIG_BCMWL6A -DPART_JFFS2_GAP=0UL -pipe -fno-strict-aliasing -DBCMWPA2 -DBCMARM -marm  -DTCONFIG_NVRAM_64K -DLINUX_KERNEL_VERSION=132644 -O2 -D__CONFIG_EMF__  conftest.c >&5
configure:4675: $? = 0
configure:4675: arm-brcm-linux-uclibcgnueabi-gcc -c -DBCMWPA2 -DBCMQOS -DBCM_DCS -DEXT_ACS -DD11AC_IOTYPES -DNAS_GTK_PER_STA -DPHYMON -DPROXYARP -DTRAFFIC_MGMT -DTRAFFIC_MGMT_RSSI_POLICY -DLINUX26 -DCONFIG_BCMWL5 -DCONFIG_BCMWL6 -DCONFIG_BCMWL6A -DPART_JFFS2_GAP=0UL -pipe -fno-strict-aliasing -DBCMWPA2 -DBCMARM -marm  -DTCONFIG_NVRAM_64K -DLINUX_KERNEL_VERSION=132644 -O2 -D__CONFIG_EMF__  conftest.c >&5
conftest.c: In function 'main':
conftest.c:72:24: error: expected expression before ')' token
configure:4675: $? = 1
configure: failed program was:
| /* confdefs.h */
| #define PACKAGE_NAME ""
| #define PACKAGE_TARNAME ""
| #define PACKAGE_VERSION ""
| #define PACKAGE_STRING ""
| #define PACKAGE_BUGREPORT ""
| #define PACKAGE_URL ""
| #define PACKAGE "pptpd"
| #define VERSION "1.4.0"
| #define PPP_BINARY "/usr/sbin/pppd"
| #define PPTP_FACILITY LOG_DAEMON
| #define BCRELAY 1
| #define HAVE_SETSID 1
| #define HAVE_DAEMON 1
| #define HAVE_GETSERVBYNAME 1
| #define HAVE_STRLCPY 1
| #define HAVE_FORK 1
| #define HAVE_MEMMOVE 1
| #define HAVE_STRERROR 1
| #define HAVE_WRITEV 1
| #define STDC_HEADERS 1
| #define HAVE_SYS_TYPES_H 1
| #define HAVE_SYS_STAT_H 1
| #define HAVE_STDLIB_H 1
| #define HAVE_STRING_H 1
| #define HAVE_MEMORY_H 1
| #define HAVE_STRINGS_H 1
| #define HAVE_INTTYPES_H 1
| #define HAVE_STDINT_H 1
| #define HAVE_UNISTD_H 1
| #define HAVE_PTY_H 1
| #define HAVE_STRING_H 1
| #define HAVE_SYSLOG_H 1
| #define HAVE_SYS_UIO_H 1
| /* end confdefs.h.  */
| #include <stdio.h>
| #ifdef HAVE_SYS_TYPES_H
| # include <sys/types.h>
| #endif
| #ifdef HAVE_SYS_STAT_H
| # include <sys/stat.h>
| #endif
| #ifdef STDC_HEADERS
| # include <stdlib.h>
| # include <stddef.h>
| #else
| # ifdef HAVE_STDLIB_H
| #  include <stdlib.h>
| # endif
| #endif
| #ifdef HAVE_STRING_H
| # if !defined STDC_HEADERS && defined HAVE_MEMORY_H
| #  include <memory.h>
| # endif
| # include <string.h>
| #endif
| #ifdef HAVE_STRINGS_H
| # include <strings.h>
| #endif
| #ifdef HAVE_INTTYPES_H
| # include <inttypes.h>
| #endif
| #ifdef HAVE_STDINT_H
| # include <stdint.h>
| #endif
| #ifdef HAVE_UNISTD_H
| # include <unistd.h>
| #endif
| int
| main ()
| {
| if (sizeof ((u_int32_t)))
| 	    return 0;
|   ;
|   return 0;
| }
configure:4675: result: yes
configure:4687: checking for socklen_t
configure:4712: result: yes
configure:4787: checking for accept in -lc
configure:4812: arm-brcm-linux-uclibcgnueabi-gcc -o conftest -DBCMWPA2 -DBCMQOS -DBCM_DCS -DEXT_ACS -DD11AC_IOTYPES -DNAS_GTK_PER_STA -DPHYMON -DPROXYARP -DTRAFFIC_MGMT -DTRAFFIC_MGMT_RSSI_POLICY -DLINUX26 -DCONFIG_BCMWL5 -DCONFIG_BCMWL6 -DCONFIG_BCMWL6A -DPART_JFFS2_GAP=0UL -pipe -fno-strict-aliasing -DBCMWPA2 -DBCMARM -marm  -DTCONFIG_NVRAM_64K -DLINUX_KERNEL_VERSION=132644 -O2 -D__CONFIG_EMF__   conftest.c -lc   >&5
configure:4812: $? = 0
configure:4821: result: yes
configure:4832: checking for gethostbyname in -lc
configure:4857: arm-brcm-linux-uclibcgnueabi-gcc -o conftest -DBCMWPA2 -DBCMQOS -DBCM_DCS -DEXT_ACS -DD11AC_IOTYPES -DNAS_GTK_PER_STA -DPHYMON -DPROXYARP -DTRAFFIC_MGMT -DTRAFFIC_MGMT_RSSI_POLICY -DLINUX26 -DCONFIG_BCMWL5 -DCONFIG_BCMWL6 -DCONFIG_BCMWL6A -DPART_JFFS2_GAP=0UL -pipe -fno-strict-aliasing -DBCMWPA2 -DBCMARM -marm  -DTCONFIG_NVRAM_64K -DLINUX_KERNEL_VERSION=132644 -O2 -D__CONFIG_EMF__   conftest.c -lc  -lc  >&5
configure:4857: $? = 0
configure:4866: result: yes
configure:4877: checking for openpty in -lc
configure:4902: arm-brcm-linux-uclibcgnueabi-gcc -o conftest -DBCMWPA2 -DBCMQOS -DBCM_DCS -DEXT_ACS -DD11AC_IOTYPES -DNAS_GTK_PER_STA -DPHYMON -DPROXYARP -DTRAFFIC_MGMT -DTRAFFIC_MGMT_RSSI_POLICY -DLINUX26 -DCONFIG_BCMWL5 -DCONFIG_BCMWL6 -DCONFIG_BCMWL6A -DPART_JFFS2_GAP=0UL -pipe -fno-strict-aliasing -DBCMWPA2 -DBCMARM -marm  -DTCONFIG_NVRAM_64K -DLINUX_KERNEL_VERSION=132644 -O2 -D__CONFIG_EMF__   conftest.c -lc  -lc -lc  >&5
/tmp/ccmowHIN.o: In function `main':
conftest.c:(.text+0x4): undefined reference to `openpty'
collect2: ld returned 1 exit status
configure:4902: $? = 1
configure: failed program was:
| /* confdefs.h */
| #define PACKAGE_NAME ""
| #define PACKAGE_TARNAME ""
| #define PACKAGE_VERSION ""
| #define PACKAGE_STRING ""
| #define PACKAGE_BUGREPORT ""
| #define PACKAGE_URL ""
| #define PACKAGE "pptpd"
| #define VERSION "1.4.0"
| #define PPP_BINARY "/usr/sbin/pppd"
| #define PPTP_FACILITY LOG_DAEMON
| #define BCRELAY 1
| #define HAVE_SETSID 1
| #define HAVE_DAEMON 1
| #define HAVE_GETSERVBYNAME 1
| #define HAVE_STRLCPY 1
| #define HAVE_FORK 1
| #define HAVE_MEMMOVE 1
| #define HAVE_STRERROR 1
| #define HAVE_WRITEV 1
| #define STDC_HEADERS 1
| #define HAVE_SYS_TYPES_H 1
| #define HAVE_SYS_STAT_H 1
| #define HAVE_STDLIB_H 1
| #define HAVE_STRING_H 1
| #define HAVE_MEMORY_H 1
| #define HAVE_STRINGS_H 1
| #define HAVE_INTTYPES_H 1
| #define HAVE_STDINT_H 1
| #define HAVE_UNISTD_H 1
| #define HAVE_PTY_H 1
| #define HAVE_STRING_H 1
| #define HAVE_SYSLOG_H 1
| #define HAVE_SYS_UIO_H 1
| #define HAVE_LIBC 1
| #define HAVE_LIBC 1
| /* end confdefs.h.  */
| 
| /* Override any GCC internal prototype to avoid an error.
|    Use char because int might match the return type of a GCC
|    builtin and then its argument prototype would still apply.  */
| #ifdef __cplusplus
| extern "C"
| #endif
| char openpty ();
| int
| main ()
| {
| return openpty ();
|   ;
|   return 0;
| }
configure:4911: result: no
configure:4922: checking for gettext in -lc
configure:4947: arm-brcm-linux-uclibcgnueabi-gcc -o conftest -DBCMWPA2 -DBCMQOS -DBCM_DCS -DEXT_ACS -DD11AC_IOTYPES -DNAS_GTK_PER_STA -DPHYMON -DPROXYARP -DTRAFFIC_MGMT -DTRAFFIC_MGMT_RSSI_POLICY -DLINUX26 -DCONFIG_BCMWL5 -DCONFIG_BCMWL6 -DCONFIG_BCMWL6A -DPART_JFFS2_GAP=0UL -pipe -fno-strict-aliasing -DBCMWPA2 -DBCMARM -marm  -DTCONFIG_NVRAM_64K -DLINUX_KERNEL_VERSION=132644 -O2 -D__CONFIG_EMF__   conftest.c -lc  -lc -lc  >&5
conftest.c:45:6: warning: conflicting types for built-in function 'gettext'
/tmp/cc0lr4NR.o: In function `main':
conftest.c:(.text+0x4): undefined reference to `gettext'
collect2: ld returned 1 exit status
configure:4947: $? = 1
configure: failed program was:
| /* confdefs.h */
| #define PACKAGE_NAME ""
| #define PACKAGE_TARNAME ""
| #define PACKAGE_VERSION ""
| #define PACKAGE_STRING ""
| #define PACKAGE_BUGREPORT ""
| #define PACKAGE_URL ""
| #define PACKAGE "pptpd"
| #define VERSION "1.4.0"
| #define PPP_BINARY "/usr/sbin/pppd"
| #define PPTP_FACILITY LOG_DAEMON
| #define BCRELAY 1
| #define HAVE_SETSID 1
| #define HAVE_DAEMON 1
| #define HAVE_GETSERVBYNAME 1
| #define HAVE_STRLCPY 1
| #define HAVE_FORK 1
| #define HAVE_MEMMOVE 1
| #define HAVE_STRERROR 1
| #define HAVE_WRITEV 1
| #define STDC_HEADERS 1
| #define HAVE_SYS_TYPES_H 1
| #define HAVE_SYS_STAT_H 1
| #define HAVE_STDLIB_H 1
| #define HAVE_STRING_H 1
| #define HAVE_MEMORY_H 1
| #define HAVE_STRINGS_H 1
| #define HAVE_INTTYPES_H 1
| #define HAVE_STDINT_H 1
| #define HAVE_UNISTD_H 1
| #define HAVE_PTY_H 1
| #define HAVE_STRING_H 1
| #define HAVE_SYSLOG_H 1
| #define HAVE_SYS_UIO_H 1
| #define HAVE_LIBC 1
| #define HAVE_LIBC 1
| /* end confdefs.h.  */
| 
| /* Override any GCC internal prototype to avoid an error.
|    Use char because int might match the return type of a GCC
|    builtin and then its argument prototype would still apply.  */
| #ifdef __cplusplus
| extern "C"
| #endif
| char gettext ();
| int
| main ()
| {
| return gettext ();
|   ;
|   return 0;
| }
configure:4956: result: no
configure:4967: checking for accept in -lsocket
configure:4992: arm-brcm-linux-uclibcgnueabi-gcc -o conftest -DBCMWPA2 -DBCMQOS -DBCM_DCS -DEXT_ACS -DD11AC_IOTYPES -DNAS_GTK_PER_STA -DPHYMON -DPROXYARP -DTRAFFIC_MGMT -DTRAFFIC_MGMT_RSSI_POLICY -DLINUX26 -DCONFIG_BCMWL5 -DCONFIG_BCMWL6 -DCONFIG_BCMWL6A -DPART_JFFS2_GAP=0UL -pipe -fno-strict-aliasing -DBCMWPA2 -DBCMARM -marm  -DTCONFIG_NVRAM_64K -DLINUX_KERNEL_VERSION=132644 -O2 -D__CONFIG_EMF__   conftest.c -lsocket  -lc -lc  >&5
/root/advancedtomat/release/src-rt-6.x.4708/toolchains/hndtools-arm-linux-2.6.36-uclibc-4.5.3/bin/../lib/gcc/arm-brcm-linux-uclibcgnueabi/4.5.3/../../../../arm-brcm-linux-uclibcgnueabi/bin/ld: cannot find -lsocket
collect2: ld returned 1 exit status
configure:4992: $? = 1
configure: failed program was:
| /* confdefs.h */
| #define PACKAGE_NAME ""
| #define PACKAGE_TARNAME ""
| #define PACKAGE_VERSION ""
| #define PACKAGE_STRING ""
| #define PACKAGE_BUGREPORT ""
| #define PACKAGE_URL ""
| #define PACKAGE "pptpd"
| #define VERSION "1.4.0"
| #define PPP_BINARY "/usr/sbin/pppd"
| #define PPTP_FACILITY LOG_DAEMON
| #define BCRELAY 1
| #define HAVE_SETSID 1
| #define HAVE_DAEMON 1
| #define HAVE_GETSERVBYNAME 1
| #define HAVE_STRLCPY 1
| #define HAVE_FORK 1
| #define HAVE_MEMMOVE 1
| #define HAVE_STRERROR 1
| #define HAVE_WRITEV 1
| #define STDC_HEADERS 1
| #define HAVE_SYS_TYPES_H 1
| #define HAVE_SYS_STAT_H 1
| #define HAVE_STDLIB_H 1
| #define HAVE_STRING_H 1
| #define HAVE_MEMORY_H 1
| #define HAVE_STRINGS_H 1
| #define HAVE_INTTYPES_H 1
| #define HAVE_STDINT_H 1
| #define HAVE_UNISTD_H 1
| #define HAVE_PTY_H 1
| #define HAVE_STRING_H 1
| #define HAVE_SYSLOG_H 1
| #define HAVE_SYS_UIO_H 1
| #define HAVE_LIBC 1
| #define HAVE_LIBC 1
| /* end confdefs.h.  */
| 
| /* Override any GCC internal prototype to avoid an error.
|    Use char because int might match the return type of a GCC
|    builtin and then its argument prototype would still apply.  */
| #ifdef __cplusplus
| extern "C"
| #endif
| char accept ();
| int
| main ()
| {
| return accept ();
|   ;
|   return 0;
| }
configure:5001: result: no
configure:5012: checking for gethostbyname in -lnsl
configure:5037: arm-brcm-linux-uclibcgnueabi-gcc -o conftest -DBCMWPA2 -DBCMQOS -DBCM_DCS -DEXT_ACS -DD11AC_IOTYPES -DNAS_GTK_PER_STA -DPHYMON -DPROXYARP -DTRAFFIC_MGMT -DTRAFFIC_MGMT_RSSI_POLICY -DLINUX26 -DCONFIG_BCMWL5 -DCONFIG_BCMWL6 -DCONFIG_BCMWL6A -DPART_JFFS2_GAP=0UL -pipe -fno-strict-aliasing -DBCMWPA2 -DBCMARM -marm  -DTCONFIG_NVRAM_64K -DLINUX_KERNEL_VERSION=132644 -O2 -D__CONFIG_EMF__   conftest.c -lnsl  -lc -lc  >&5
configure:5037: $? = 0
configure:5046: result: yes
configure:5057: checking for openpty in -lutil
configure:5082: arm-brcm-linux-uclibcgnueabi-gcc -o conftest -DBCMWPA2 -DBCMQOS -DBCM_DCS -DEXT_ACS -DD11AC_IOTYPES -DNAS_GTK_PER_STA -DPHYMON -DPROXYARP -DTRAFFIC_MGMT -DTRAFFIC_MGMT_RSSI_POLICY -DLINUX26 -DCONFIG_BCMWL5 -DCONFIG_BCMWL6 -DCONFIG_BCMWL6A -DPART_JFFS2_GAP=0UL -pipe -fno-strict-aliasing -DBCMWPA2 -DBCMARM -marm  -DTCONFIG_NVRAM_64K -DLINUX_KERNEL_VERSION=132644 -O2 -D__CONFIG_EMF__   conftest.c -lutil  -lnsl -lc -lc  >&5
configure:5082: $? = 0
configure:5091: result: yes
configure:5102: checking for gettext in -lintl
configure:5127: arm-brcm-linux-uclibcgnueabi-gcc -o conftest -DBCMWPA2 -DBCMQOS -DBCM_DCS -DEXT_ACS -DD11AC_IOTYPES -DNAS_GTK_PER_STA -DPHYMON -DPROXYARP -DTRAFFIC_MGMT -DTRAFFIC_MGMT_RSSI_POLICY -DLINUX26 -DCONFIG_BCMWL5 -DCONFIG_BCMWL6 -DCONFIG_BCMWL6A -DPART_JFFS2_GAP=0UL -pipe -fno-strict-aliasing -DBCMWPA2 -DBCMARM -marm  -DTCONFIG_NVRAM_64K -DLINUX_KERNEL_VERSION=132644 -O2 -D__CONFIG_EMF__   conftest.c -lintl  -lutil -lnsl -lc -lc  >&5
conftest.c:47:6: warning: conflicting types for built-in function 'gettext'
/root/advancedtomat/release/src-rt-6.x.4708/toolchains/hndtools-arm-linux-2.6.36-uclibc-4.5.3/bin/../lib/gcc/arm-brcm-linux-uclibcgnueabi/4.5.3/../../../../arm-brcm-linux-uclibcgnueabi/bin/ld: cannot find -lintl
collect2: ld returned 1 exit status
configure:5127: $? = 1
configure: failed program was:
| /* confdefs.h */
| #define PACKAGE_NAME ""
| #define PACKAGE_TARNAME ""
| #define PACKAGE_VERSION ""
| #define PACKAGE_STRING ""
| #define PACKAGE_BUGREPORT ""
| #define PACKAGE_URL ""
| #define PACKAGE "pptpd"
| #define VERSION "1.4.0"
| #define PPP_BINARY "/usr/sbin/pppd"
| #define PPTP_FACILITY LOG_DAEMON
| #define BCRELAY 1
| #define HAVE_SETSID 1
| #define HAVE_DAEMON 1
| #define HAVE_GETSERVBYNAME 1
| #define HAVE_STRLCPY 1
| #define HAVE_FORK 1
| #define HAVE_MEMMOVE 1
| #define HAVE_STRERROR 1
| #define HAVE_WRITEV 1
| #define STDC_HEADERS 1
| #define HAVE_SYS_TYPES_H 1
| #define HAVE_SYS_STAT_H 1
| #define HAVE_STDLIB_H 1
| #define HAVE_STRING_H 1
| #define HAVE_MEMORY_H 1
| #define HAVE_STRINGS_H 1
| #define HAVE_INTTYPES_H 1
| #define HAVE_STDINT_H 1
| #define HAVE_UNISTD_H 1
| #define HAVE_PTY_H 1
| #define HAVE_STRING_H 1
| #define HAVE_SYSLOG_H 1
| #define HAVE_SYS_UIO_H 1
| #define HAVE_LIBC 1
| #define HAVE_LIBC 1
| #define HAVE_LIBNSL 1
| #define HAVE_LIBUTIL 1
| /* end confdefs.h.  */
| 
| /* Override any GCC internal prototype to avoid an error.
|    Use char because int might match the return type of a GCC
|    builtin and then its argument prototype would still apply.  */
| #ifdef __cplusplus
| extern "C"
| #endif
| char gettext ();
| int
| main ()
| {
| return gettext ();
|   ;
|   return 0;
| }
configure:5136: result: no
configure:5520: creating ./config.status

## ---------------------- ##
## Running config.status. ##
## ---------------------- ##

This file was extended by config.status, which was
generated by GNU Autoconf 2.69.  Invocation command line was

  CONFIG_FILES    = 
  CONFIG_HEADERS  = 
  CONFIG_LINKS    = 
  CONFIG_COMMANDS = 
  $ ./config.status 

on debian

config.status:877: creating Makefile
config.status:877: creating config.h
config.status:1058: config.h is unchanged
config.status:1106: executing depfiles commands

## ---------------- ##
## Cache variables. ##
## ---------------- ##

ac_cv_c_compiler_gnu=yes
ac_cv_c_const=yes
ac_cv_c_inline=inline
ac_cv_env_CC_set=set
ac_cv_env_CC_value=arm-brcm-linux-uclibcgnueabi-gcc
ac_cv_env_CFLAGS_set=set
ac_cv_env_CFLAGS_value='-DBCMWPA2 -DBCMQOS -DBCM_DCS -DEXT_ACS -DD11AC_IOTYPES -DNAS_GTK_PER_STA -DPHYMON -DPROXYARP -DTRAFFIC_MGMT -DTRAFFIC_MGMT_RSSI_POLICY -DLINUX26 -DCONFIG_BCMWL5 -DCONFIG_BCMWL6 -DCONFIG_BCMWL6A -DPART_JFFS2_GAP=0UL -pipe -fno-strict-aliasing -DBCMWPA2 -DBCMARM -marm  -DTCONFIG_NVRAM_64K -DLINUX_KERNEL_VERSION=132644 -O2 -D__CONFIG_EMF__'
ac_cv_env_CPPFLAGS_set=
ac_cv_env_CPPFLAGS_value=
ac_cv_env_CPP_set=
ac_cv_env_CPP_value=
ac_cv_env_LDFLAGS_set=
ac_cv_env_LDFLAGS_value=
ac_cv_env_LIBS_set=
ac_cv_env_LIBS_value=
ac_cv_env_build_alias_set=set
ac_cv_env_build_alias_value=x86_64-linux-gnu
ac_cv_env_host_alias_set=set
ac_cv_env_host_alias_value=arm-linux
ac_cv_env_target_alias_set=
ac_cv_env_target_alias_value=
ac_cv_func_daemon=yes
ac_cv_func_fork=yes
ac_cv_func_getservbyname=yes
ac_cv_func_malloc_0_nonnull=yes
ac_cv_func_memmove=yes
ac_cv_func_setproctitle=no
ac_cv_func_setsid=yes
ac_cv_func_strerror=yes
ac_cv_func_strlcpy=yes
ac_cv_func_writev=yes
ac_cv_header_inttypes_h=yes
ac_cv_header_libintl_h=no
ac_cv_header_libutil_h=no
ac_cv_header_memory_h=yes
ac_cv_header_pty_h=yes
ac_cv_header_stdc=yes
ac_cv_header_stdint_h=yes
ac_cv_header_stdlib_h=yes
ac_cv_header_string_h=yes
ac_cv_header_strings_h=yes
ac_cv_header_sys_stat_h=yes
ac_cv_header_sys_types_h=yes
ac_cv_header_sys_uio_h=yes
ac_cv_header_syslog_h=yes
ac_cv_header_unistd_h=yes
ac_cv_lib_c_accept=yes
ac_cv_lib_c_gethostbyname=yes
ac_cv_lib_c_gettext=no
ac_cv_lib_c_openpty=no
ac_cv_lib_intl_gettext=no
ac_cv_lib_nsl_gethostbyname=yes
ac_cv_lib_socket_accept=no
ac_cv_lib_util_openpty=yes
ac_cv_objext=o
ac_cv_path_EGREP='/bin/grep -E'
ac_cv_path_GREP=/bin/grep
ac_cv_path_install='/usr/bin/install -c'
ac_cv_path_mkdir=/bin/mkdir
ac_cv_prog_AWK=gawk
ac_cv_prog_CC=arm-brcm-linux-uclibcgnueabi-gcc
ac_cv_prog_CPP='arm-brcm-linux-uclibcgnueabi-gcc -E'
ac_cv_prog_RANLIB=arm-brcm-linux-uclibcgnueabi-ranlib
ac_cv_prog_STRIP=arm-brcm-linux-uclibcgnueabi-strip
ac_cv_prog_cc_c89=
ac_cv_prog_cc_g=yes
ac_cv_prog_make_make_set=yes
ac_cv_sys_interpreter=yes
ac_cv_type_size_t=yes
ac_cv_type_socklen_t=yes
ac_cv_type_ssize_t=yes
ac_cv_type_u_int16_t=yes
ac_cv_type_u_int32_t=yes
ac_cv_type_u_int8_t=yes
am_cv_CC_dependencies_compiler_type=none

## ----------------- ##
## Output variables. ##
## ----------------- ##

ACLOCAL='${SHELL} /root/advancedtomat/release/src-rt-6.x.4708/router/pptpd/missing --run aclocal-1.11'
AMDEPBACKSLASH='\'
AMDEP_FALSE='#'
AMDEP_TRUE=''
AMTAR='$${TAR-tar}'
AUTOCONF='${SHELL} /root/advancedtomat/release/src-rt-6.x.4708/router/pptpd/missing --run autoconf'
AUTOHEADER='${SHELL} /root/advancedtomat/release/src-rt-6.x.4708/router/pptpd/missing --run autoheader'
AUTOMAKE='${SHELL} /root/advancedtomat/release/src-rt-6.x.4708/router/pptpd/missing --run automake-1.11'
AWK='gawk'
CC='arm-brcm-linux-uclibcgnueabi-gcc'
CCDEPMODE='depmode=none'
CFLAGS='-DBCMWPA2 -DBCMQOS -DBCM_DCS -DEXT_ACS -DD11AC_IOTYPES -DNAS_GTK_PER_STA -DPHYMON -DPROXYARP -DTRAFFIC_MGMT -DTRAFFIC_MGMT_RSSI_POLICY -DLINUX26 -DCONFIG_BCMWL5 -DCONFIG_BCMWL6 -DCONFIG_BCMWL6A -DPART_JFFS2_GAP=0UL -pipe -fno-strict-aliasing -DBCMWPA2 -DBCMARM -marm  -DTCONFIG_NVRAM_64K -DLINUX_KERNEL_VERSION=132644 -O2 -D__CONFIG_EMF__'
CPP='arm-brcm-linux-uclibcgnueabi-gcc -E'
CPPFLAGS=''
CYGPATH_W='echo'
DEFS='-DHAVE_CONFIG_H'
DEPDIR='.deps'
ECHO_C=''
ECHO_N='-n'
ECHO_T=''
EGREP='/bin/grep -E'
EXEEXT=''
GREP='/bin/grep'
HAVE_OPENPTY=''
INSTALL_DATA='${INSTALL} -m 644'
INSTALL_PROGRAM='${INSTALL}'
INSTALL_SCRIPT='${INSTALL}'
INSTALL_STRIP_PROGRAM='$(install_sh) -c -s'
LDFLAGS=''
LIBOBJS=''
LIBS=''
LN_S='ln -s'
LTLIBOBJS=''
MAKEINFO='${SHELL} /root/advancedtomat/release/src-rt-6.x.4708/router/pptpd/missing --run makeinfo'
MKDIR_P='/bin/mkdir -p'
OBJEXT='o'
PACKAGE='pptpd'
PACKAGE_BUGREPORT=''
PACKAGE_NAME=''
PACKAGE_STRING=''
PACKAGE_TARNAME=''
PACKAGE_URL=''
PACKAGE_VERSION=''
PATH_SEPARATOR=':'
RANLIB='arm-brcm-linux-uclibcgnueabi-ranlib'
SET_MAKE=''
SHELL='/bin/bash'
STRIP='arm-brcm-linux-uclibcgnueabi-strip'
VERSION='1.4.0'
XTRALIBS_CTRL='-lutil'
XTRALIBS_MGR=''
XTRA_PROG='bcrelay'
ac_ct_CC=''
am__EXEEXT_FALSE=''
am__EXEEXT_TRUE='#'
am__fastdepCC_FALSE=''
am__fastdepCC_TRUE='#'
am__include='include'
am__isrc=''
am__leading_dot='.'
am__nodep='_no'
am__quote=''
am__tar='$${TAR-tar} chof - "$$tardir"'
am__untar='$${TAR-tar} xf -'
bindir='${exec_prefix}/bin'
build_alias='x86_64-linux-gnu'
datadir='${datarootdir}'
datarootdir='${prefix}/share'
docdir='${datarootdir}/doc/${PACKAGE}'
dvidir='${docdir}'
exec_prefix='${prefix}'
host_alias='arm-linux'
htmldir='${docdir}'
includedir='${prefix}/include'
infodir='${datarootdir}/info'
install_sh='${SHELL} /root/advancedtomat/release/src-rt-6.x.4708/router/pptpd/install-sh'
libdir='${exec_prefix}/lib'
libexecdir='${exec_prefix}/libexec'
localedir='${datarootdir}/locale'
localstatedir='${prefix}/var'
mandir='${datarootdir}/man'
mkdir_p='/bin/mkdir -p'
oldincludedir='/usr/include'
pdfdir='${docdir}'
prefix='/root/advancedtomat/release/src-rt-6.x.4708/router/arm-uclibc/install/pptpd'
program_transform_name='s,x,x,'
psdir='${docdir}'
runstatedir='${localstatedir}/run'
sbindir='${exec_prefix}/sbin'
sharedstatedir='${prefix}/com'
sysconfdir='${prefix}/etc'
target_alias=''

## ----------- ##
## confdefs.h. ##
## ----------- ##

/* confdefs.h */
#define PACKAGE_NAME ""
#define PACKAGE_TARNAME ""
#define PACKAGE_VERSION ""
#define PACKAGE_STRING ""
#define PACKAGE_BUGREPORT ""
#define PACKAGE_URL ""
#define PACKAGE "pptpd"
#define VERSION "1.4.0"
#define PPP_BINARY "/usr/sbin/pppd"
#define PPTP_FACILITY LOG_DAEMON
#define BCRELAY 1
#define HAVE_SETSID 1
#define HAVE_DAEMON 1
#define HAVE_GETSERVBYNAME 1
#define HAVE_STRLCPY 1
#define HAVE_FORK 1
#define HAVE_MEMMOVE 1
#define HAVE_STRERROR 1
#define HAVE_WRITEV 1
#define STDC_HEADERS 1
#define HAVE_SYS_TYPES_H 1
#define HAVE_SYS_STAT_H 1
#define HAVE_STDLIB_H 1
#define HAVE_STRING_H 1
#define HAVE_MEMORY_H 1
#define HAVE_STRINGS_H 1
#define HAVE_INTTYPES_H 1
#define HAVE_STDINT_H 1
#define HAVE_UNISTD_H 1
#define HAVE_PTY_H 1
#define HAVE_STRING_H 1
#define HAVE_SYSLOG_H 1
#define HAVE_SYS_UIO_H 1
#define HAVE_LIBC 1
#define HAVE_LIBC 1
#define HAVE_LIBNSL 1
#define HAVE_LIBUTIL 1
#define HAVE_OPENPTY 1

configure: exit 0
