This file contains any messages produced by compilers while
running configure, to aid debugging if configure makes a mistake.

It was created by PCRE configure 8.42, which was
generated by GNU Autoconf 2.69.  Invocation command line was

  $ ./configure --host=arm-linux --build=x86_64-linux-gnu --prefix=/usr --disable-dependency-tracking --enable-utf8 --enable-unicode-properties --disable-cpp

## --------- ##
## Platform. ##
## --------- ##

hostname = debian
uname -m = x86_64
uname -r = 4.9.0-6-amd64
uname -s = Linux
uname -v = #1 SMP Debian 4.9.88-1+deb9u1 (2018-05-07)

/usr/bin/uname -p = unknown
/bin/uname -X     = unknown

/bin/arch              = unknown
/usr/bin/arch -k       = unknown
/usr/convex/getsysinfo = unknown
/usr/bin/hostinfo      = unknown
/bin/machine           = unknown
/usr/bin/oslevel       = unknown
/bin/universe          = unknown

PATH: /root/advancedtomat/release/tools
PATH: /root/advancedtomat/release/tools
PATH: /root/advancedtomat/release/tools
PATH: /root/advancedtomat/release/tools
PATH: /usr/local/sbin
PATH: /usr/local/bin
PATH: /usr/sbin
PATH: /usr/bin
PATH: /sbin
PATH: /bin
PATH: /root/advancedtomat/release/src-rt-6.x.4708/toolchains/hndtools-arm-linux-2.6.36-uclibc-4.5.3/bin
PATH: /sbin
PATH: /root/advancedtomato/release/src-rt-6.x.4708/toolchains/hndtools-arm-linux-2.6.36-uclibc-4.5.3/bin
PATH: /sbin


## ----------- ##
## Core tests. ##
## ----------- ##

configure:2828: checking for a BSD-compatible install
configure:2896: result: /usr/bin/install -c
configure:2907: checking whether build environment is sane
configure:2962: result: yes
configure:3021: checking for arm-linux-strip
configure:3048: result: arm-brcm-linux-uclibcgnueabi-strip
configure:3113: checking for a thread-safe mkdir -p
configure:3152: result: /bin/mkdir -p
configure:3159: checking for gawk
configure:3175: found /usr/bin/gawk
configure:3186: result: gawk
configure:3197: checking whether make sets $(MAKE)
configure:3219: result: yes
configure:3248: checking whether make supports nested variables
configure:3265: result: yes
configure:3401: checking whether make supports nested variables
configure:3418: result: yes
configure:3445: checking for style of include used by make
configure:3473: result: GNU
configure:3504: checking for arm-linux-gcc
configure:3531: result: arm-brcm-linux-uclibcgnueabi-gcc
configure:3800: checking for C compiler version
configure:3809: arm-brcm-linux-uclibcgnueabi-gcc --version >&5
arm-brcm-linux-uclibcgnueabi-gcc (Buildroot 2012.02) 4.5.3
Copyright (C) 2010 Free Software Foundation, Inc.
This is free software; see the source for copying conditions.  There is NO
warranty; not even for MERCHANTABILITY or FITNESS FOR A PARTICULAR PURPOSE.

configure:3820: $? = 0
configure:3809: arm-brcm-linux-uclibcgnueabi-gcc -v >&5
Using built-in specs.
COLLECT_GCC=arm-brcm-linux-uclibcgnueabi-gcc
COLLECT_LTO_WRAPPER=/root/advancedtomat/release/src-rt-6.x.4708/toolchains/hndtools-arm-linux-2.6.36-uclibc-4.5.3/bin/../libexec/gcc/arm-brcm-linux-uclibcgnueabi/4.5.3/lto-wrapper
Target: arm-brcm-linux-uclibcgnueabi
Configured with: /projects/toolchains_build/buildroot-2012.02-brcm/output/toolchain/gcc-4.5.3/configure --prefix=/projects/hnd/tools/linux/hndtools-arm-linux-2.6.36-uclibc-4.5.3 --build=i686-pc-linux-gnu --host=i686-pc-linux-gnu --target=arm-brcm-linux-uclibcgnueabi --enable-languages=c,c++ --with-sysroot=/projects/hnd/tools/linux/hndtools-arm-linux-2.6.36-uclibc-4.5.3/arm-brcm-linux-uclibcgnueabi/sysroot --with-build-time-tools=/projects/hnd/tools/linux/hndtools-arm-linux-2.6.36-uclibc-4.5.3/arm-brcm-linux-uclibcgnueabi/bin --disable-__cxa_atexit --enable-target-optspace --disable-libgomp --with-gnu-ld --disable-libssp --disable-multilib --disable-tls --enable-shared --with-gmp=/projects/hnd/tools/linux/hndtools-arm-linux-2.6.36-uclibc-4.5.3 --with-mpfr=/projects/hnd/tools/linux/hndtools-arm-linux-2.6.36-uclibc-4.5.3 --with-mpc=/projects/hnd/tools/linux/hndtools-arm-linux-2.6.36-uclibc-4.5.3 --enable-threads --disable-decimal-float --with-float=soft --with-abi=aapcs-linux --with-arch=armv7-a --with-tune=cortex-a9 --with-pkgversion='Buildroot 2012.02' --with-bugurl=http://bugs.buildroot.net/
Thread model: posix
gcc version 4.5.3 (Buildroot 2012.02) 
configure:3820: $? = 0
configure:3809: arm-brcm-linux-uclibcgnueabi-gcc -V >&5
arm-brcm-linux-uclibcgnueabi-gcc: '-V' option must have argument
configure:3820: $? = 1
configure:3809: arm-brcm-linux-uclibcgnueabi-gcc -qversion >&5
arm-brcm-linux-uclibcgnueabi-gcc: unrecognized option '-qversion'
arm-brcm-linux-uclibcgnueabi-gcc: no input files
configure:3820: $? = 1
configure:3840: checking whether the C compiler works
configure:3862: arm-brcm-linux-uclibcgnueabi-gcc -Os -Wall -DLINUX26 -DCONFIG_BCMWL5 -DCONFIG_BCMWL6 -DCONFIG_BCMWL6A -DPART_JFFS2_GAP=0UL -pipe -fno-strict-aliasing -DBCMWPA2 -DBCMARM -marm  -DTCONFIG_NVRAM_64K -DLINUX_KERNEL_VERSION=132644   conftest.c  >&5
configure:3866: $? = 0
configure:3914: result: yes
configure:3917: checking for C compiler default output file name
configure:3919: result: a.out
configure:3925: checking for suffix of executables
configure:3932: arm-brcm-linux-uclibcgnueabi-gcc -o conftest -Os -Wall -DLINUX26 -DCONFIG_BCMWL5 -DCONFIG_BCMWL6 -DCONFIG_BCMWL6A -DPART_JFFS2_GAP=0UL -pipe -fno-strict-aliasing -DBCMWPA2 -DBCMARM -marm  -DTCONFIG_NVRAM_64K -DLINUX_KERNEL_VERSION=132644   conftest.c  >&5
configure:3936: $? = 0
configure:3958: result: 
configure:3980: checking whether we are cross compiling
configure:4018: result: yes
configure:4023: checking for suffix of object files
configure:4045: arm-brcm-linux-uclibcgnueabi-gcc -c -Os -Wall -DLINUX26 -DCONFIG_BCMWL5 -DCONFIG_BCMWL6 -DCONFIG_BCMWL6A -DPART_JFFS2_GAP=0UL -pipe -fno-strict-aliasing -DBCMWPA2 -DBCMARM -marm  -DTCONFIG_NVRAM_64K -DLINUX_KERNEL_VERSION=132644  conftest.c >&5
configure:4049: $? = 0
configure:4070: result: o
configure:4074: checking whether we are using the GNU C compiler
configure:4093: arm-brcm-linux-uclibcgnueabi-gcc -c -Os -Wall -DLINUX26 -DCONFIG_BCMWL5 -DCONFIG_BCMWL6 -DCONFIG_BCMWL6A -DPART_JFFS2_GAP=0UL -pipe -fno-strict-aliasing -DBCMWPA2 -DBCMARM -marm  -DTCONFIG_NVRAM_64K -DLINUX_KERNEL_VERSION=132644  conftest.c >&5
configure:4093: $? = 0
configure:4102: result: yes
configure:4111: checking whether arm-brcm-linux-uclibcgnueabi-gcc accepts -g
configure:4131: arm-brcm-linux-uclibcgnueabi-gcc -c -g  conftest.c >&5
configure:4131: $? = 0
configure:4172: result: yes
configure:4189: checking for arm-brcm-linux-uclibcgnueabi-gcc option to accept ISO C89
configure:4252: arm-brcm-linux-uclibcgnueabi-gcc  -c -Os -Wall -DLINUX26 -DCONFIG_BCMWL5 -DCONFIG_BCMWL6 -DCONFIG_BCMWL6A -DPART_JFFS2_GAP=0UL -pipe -fno-strict-aliasing -DBCMWPA2 -DBCMARM -marm  -DTCONFIG_NVRAM_64K -DLINUX_KERNEL_VERSION=132644  conftest.c >&5
configure:4252: $? = 0
configure:4265: result: none needed
configure:4290: checking whether arm-brcm-linux-uclibcgnueabi-gcc understands -c and -o together
configure:4312: arm-brcm-linux-uclibcgnueabi-gcc -c conftest.c -o conftest2.o
configure:4315: $? = 0
configure:4312: arm-brcm-linux-uclibcgnueabi-gcc -c conftest.c -o conftest2.o
configure:4315: $? = 0
configure:4327: result: yes
configure:4346: checking dependency style of arm-brcm-linux-uclibcgnueabi-gcc
configure:4457: result: none
configure:4478: checking for arm-linux-ar
configure:4505: result: arm-brcm-linux-uclibcgnueabi-ar
configure:4575: checking the archiver (arm-brcm-linux-uclibcgnueabi-ar) interface
configure:4591: arm-brcm-linux-uclibcgnueabi-gcc -c -Os -Wall -DLINUX26 -DCONFIG_BCMWL5 -DCONFIG_BCMWL6 -DCONFIG_BCMWL6A -DPART_JFFS2_GAP=0UL -pipe -fno-strict-aliasing -DBCMWPA2 -DBCMARM -marm  -DTCONFIG_NVRAM_64K -DLINUX_KERNEL_VERSION=132644  conftest.c >&5
configure:4591: $? = 0
configure:4593: arm-brcm-linux-uclibcgnueabi-ar cru libconftest.a conftest.o >&5
configure:4596: $? = 0
configure:4624: result: ar
configure:4669: checking for arm-linux-gcc
configure:4696: result: arm-brcm-linux-uclibcgnueabi-gcc
configure:4965: checking for C compiler version
configure:4974: arm-brcm-linux-uclibcgnueabi-gcc --version >&5
arm-brcm-linux-uclibcgnueabi-gcc (Buildroot 2012.02) 4.5.3
Copyright (C) 2010 Free Software Foundation, Inc.
This is free software; see the source for copying conditions.  There is NO
warranty; not even for MERCHANTABILITY or FITNESS FOR A PARTICULAR PURPOSE.

configure:4985: $? = 0
configure:4974: arm-brcm-linux-uclibcgnueabi-gcc -v >&5
Using built-in specs.
COLLECT_GCC=arm-brcm-linux-uclibcgnueabi-gcc
COLLECT_LTO_WRAPPER=/root/advancedtomat/release/src-rt-6.x.4708/toolchains/hndtools-arm-linux-2.6.36-uclibc-4.5.3/bin/../libexec/gcc/arm-brcm-linux-uclibcgnueabi/4.5.3/lto-wrapper
Target: arm-brcm-linux-uclibcgnueabi
Configured with: /projects/toolchains_build/buildroot-2012.02-brcm/output/toolchain/gcc-4.5.3/configure --prefix=/projects/hnd/tools/linux/hndtools-arm-linux-2.6.36-uclibc-4.5.3 --build=i686-pc-linux-gnu --host=i686-pc-linux-gnu --target=arm-brcm-linux-uclibcgnueabi --enable-languages=c,c++ --with-sysroot=/projects/hnd/tools/linux/hndtools-arm-linux-2.6.36-uclibc-4.5.3/arm-brcm-linux-uclibcgnueabi/sysroot --with-build-time-tools=/projects/hnd/tools/linux/hndtools-arm-linux-2.6.36-uclibc-4.5.3/arm-brcm-linux-uclibcgnueabi/bin --disable-__cxa_atexit --enable-target-optspace --disable-libgomp --with-gnu-ld --disable-libssp --disable-multilib --disable-tls --enable-shared --with-gmp=/projects/hnd/tools/linux/hndtools-arm-linux-2.6.36-uclibc-4.5.3 --with-mpfr=/projects/hnd/tools/linux/hndtools-arm-linux-2.6.36-uclibc-4.5.3 --with-mpc=/projects/hnd/tools/linux/hndtools-arm-linux-2.6.36-uclibc-4.5.3 --enable-threads --disable-decimal-float --with-float=soft --with-abi=aapcs-linux --with-arch=armv7-a --with-tune=cortex-a9 --with-pkgversion='Buildroot 2012.02' --with-bugurl=http://bugs.buildroot.net/
Thread model: posix
gcc version 4.5.3 (Buildroot 2012.02) 
configure:4985: $? = 0
configure:4974: arm-brcm-linux-uclibcgnueabi-gcc -V >&5
arm-brcm-linux-uclibcgnueabi-gcc: '-V' option must have argument
configure:4985: $? = 1
configure:4974: arm-brcm-linux-uclibcgnueabi-gcc -qversion >&5
arm-brcm-linux-uclibcgnueabi-gcc: unrecognized option '-qversion'
arm-brcm-linux-uclibcgnueabi-gcc: no input files
configure:4985: $? = 1
configure:4989: checking whether we are using the GNU C compiler
configure:5017: result: yes
configure:5026: checking whether arm-brcm-linux-uclibcgnueabi-gcc accepts -g
configure:5087: result: yes
configure:5104: checking for arm-brcm-linux-uclibcgnueabi-gcc option to accept ISO C89
configure:5180: result: none needed
configure:5205: checking whether arm-brcm-linux-uclibcgnueabi-gcc understands -c and -o together
configure:5242: result: yes
configure:5261: checking dependency style of arm-brcm-linux-uclibcgnueabi-gcc
configure:5372: result: none
configure:5499: checking for C++ compiler version
configure:5508: arm-linux-g++ --version >&5
arm-linux-g++ (Buildroot 2012.02) 4.5.3
Copyright (C) 2010 Free Software Foundation, Inc.
This is free software; see the source for copying conditions.  There is NO
warranty; not even for MERCHANTABILITY or FITNESS FOR A PARTICULAR PURPOSE.

configure:5519: $? = 0
configure:5508: arm-linux-g++ -v >&5
Using built-in specs.
COLLECT_GCC=arm-linux-g++
COLLECT_LTO_WRAPPER=/root/advancedtomat/release/src-rt-6.x.4708/toolchains/hndtools-arm-linux-2.6.36-uclibc-4.5.3/bin/../libexec/gcc/arm-brcm-linux-uclibcgnueabi/4.5.3/lto-wrapper
Target: arm-brcm-linux-uclibcgnueabi
Configured with: /projects/toolchains_build/buildroot-2012.02-brcm/output/toolchain/gcc-4.5.3/configure --prefix=/projects/hnd/tools/linux/hndtools-arm-linux-2.6.36-uclibc-4.5.3 --build=i686-pc-linux-gnu --host=i686-pc-linux-gnu --target=arm-brcm-linux-uclibcgnueabi --enable-languages=c,c++ --with-sysroot=/projects/hnd/tools/linux/hndtools-arm-linux-2.6.36-uclibc-4.5.3/arm-brcm-linux-uclibcgnueabi/sysroot --with-build-time-tools=/projects/hnd/tools/linux/hndtools-arm-linux-2.6.36-uclibc-4.5.3/arm-brcm-linux-uclibcgnueabi/bin --disable-__cxa_atexit --enable-target-optspace --disable-libgomp --with-gnu-ld --disable-libssp --disable-multilib --disable-tls --enable-shared --with-gmp=/projects/hnd/tools/linux/hndtools-arm-linux-2.6.36-uclibc-4.5.3 --with-mpfr=/projects/hnd/tools/linux/hndtools-arm-linux-2.6.36-uclibc-4.5.3 --with-mpc=/projects/hnd/tools/linux/hndtools-arm-linux-2.6.36-uclibc-4.5.3 --enable-threads --disable-decimal-float --with-float=soft --with-abi=aapcs-linux --with-arch=armv7-a --with-tune=cortex-a9 --with-pkgversion='Buildroot 2012.02' --with-bugurl=http://bugs.buildroot.net/
Thread model: posix
gcc version 4.5.3 (Buildroot 2012.02) 
configure:5519: $? = 0
configure:5508: arm-linux-g++ -V >&5
arm-linux-g++: '-V' option must have argument
configure:5519: $? = 1
configure:5508: arm-linux-g++ -qversion >&5
arm-linux-g++: unrecognized option '-qversion'
arm-linux-g++: no input files
configure:5519: $? = 1
configure:5523: checking whether we are using the GNU C++ compiler
configure:5542: arm-linux-g++ -c   conftest.cpp >&5
configure:5542: $? = 0
configure:5551: result: yes
configure:5560: checking whether arm-linux-g++ accepts -g
configure:5580: arm-linux-g++ -c -g  conftest.cpp >&5
configure:5580: $? = 0
configure:5621: result: yes
configure:5646: checking dependency style of arm-linux-g++
configure:5757: result: none
configure:5816: arm-linux-g++ -c -O2  conftest.cpp >&5
configure:5816: $? = 0
configure:5835: checking how to run the C preprocessor
configure:5866: arm-brcm-linux-uclibcgnueabi-gcc -E  conftest.c
configure:5866: $? = 0
configure:5880: arm-brcm-linux-uclibcgnueabi-gcc -E  conftest.c
conftest.c:11:28: fatal error: ac_nonexistent.h: No such file or directory
compilation terminated.
configure:5880: $? = 1
configure: failed program was:
| /* confdefs.h */
| #define PACKAGE_NAME "PCRE"
| #define PACKAGE_TARNAME "pcre"
| #define PACKAGE_VERSION "8.42"
| #define PACKAGE_STRING "PCRE 8.42"
| #define PACKAGE_BUGREPORT ""
| #define PACKAGE_URL ""
| #define PACKAGE "pcre"
| #define VERSION "8.42"
| /* end confdefs.h.  */
| #include <ac_nonexistent.h>
configure:5905: result: arm-brcm-linux-uclibcgnueabi-gcc -E
configure:5925: arm-brcm-linux-uclibcgnueabi-gcc -E  conftest.c
configure:5925: $? = 0
configure:5939: arm-brcm-linux-uclibcgnueabi-gcc -E  conftest.c
conftest.c:11:28: fatal error: ac_nonexistent.h: No such file or directory
compilation terminated.
configure:5939: $? = 1
configure: failed program was:
| /* confdefs.h */
| #define PACKAGE_NAME "PCRE"
| #define PACKAGE_TARNAME "pcre"
| #define PACKAGE_VERSION "8.42"
| #define PACKAGE_STRING "PCRE 8.42"
| #define PACKAGE_BUGREPORT ""
| #define PACKAGE_URL ""
| #define PACKAGE "pcre"
| #define VERSION "8.42"
| /* end confdefs.h.  */
| #include <ac_nonexistent.h>
configure:5968: checking for grep that handles long lines and -e
configure:6026: result: /bin/grep
configure:6031: checking for egrep
configure:6093: result: /bin/grep -E
configure:6098: checking for ANSI C header files
configure:6118: arm-brcm-linux-uclibcgnueabi-gcc -c -Os -Wall -DLINUX26 -DCONFIG_BCMWL5 -DCONFIG_BCMWL6 -DCONFIG_BCMWL6A -DPART_JFFS2_GAP=0UL -pipe -fno-strict-aliasing -DBCMWPA2 -DBCMARM -marm  -DTCONFIG_NVRAM_64K -DLINUX_KERNEL_VERSION=132644  conftest.c >&5
configure:6118: $? = 0
configure:6202: result: yes
configure:6215: checking for sys/types.h
configure:6215: arm-brcm-linux-uclibcgnueabi-gcc -c -Os -Wall -DLINUX26 -DCONFIG_BCMWL5 -DCONFIG_BCMWL6 -DCONFIG_BCMWL6A -DPART_JFFS2_GAP=0UL -pipe -fno-strict-aliasing -DBCMWPA2 -DBCMARM -marm  -DTCONFIG_NVRAM_64K -DLINUX_KERNEL_VERSION=132644  conftest.c >&5
configure:6215: $? = 0
configure:6215: result: yes
configure:6215: checking for sys/stat.h
configure:6215: arm-brcm-linux-uclibcgnueabi-gcc -c -Os -Wall -DLINUX26 -DCONFIG_BCMWL5 -DCONFIG_BCMWL6 -DCONFIG_BCMWL6A -DPART_JFFS2_GAP=0UL -pipe -fno-strict-aliasing -DBCMWPA2 -DBCMARM -marm  -DTCONFIG_NVRAM_64K -DLINUX_KERNEL_VERSION=132644  conftest.c >&5
configure:6215: $? = 0
configure:6215: result: yes
configure:6215: checking for stdlib.h
configure:6215: arm-brcm-linux-uclibcgnueabi-gcc -c -Os -Wall -DLINUX26 -DCONFIG_BCMWL5 -DCONFIG_BCMWL6 -DCONFIG_BCMWL6A -DPART_JFFS2_GAP=0UL -pipe -fno-strict-aliasing -DBCMWPA2 -DBCMARM -marm  -DTCONFIG_NVRAM_64K -DLINUX_KERNEL_VERSION=132644  conftest.c >&5
configure:6215: $? = 0
configure:6215: result: yes
configure:6215: checking for string.h
configure:6215: arm-brcm-linux-uclibcgnueabi-gcc -c -Os -Wall -DLINUX26 -DCONFIG_BCMWL5 -DCONFIG_BCMWL6 -DCONFIG_BCMWL6A -DPART_JFFS2_GAP=0UL -pipe -fno-strict-aliasing -DBCMWPA2 -DBCMARM -marm  -DTCONFIG_NVRAM_64K -DLINUX_KERNEL_VERSION=132644  conftest.c >&5
configure:6215: $? = 0
configure:6215: result: yes
configure:6215: checking for memory.h
configure:6215: arm-brcm-linux-uclibcgnueabi-gcc -c -Os -Wall -DLINUX26 -DCONFIG_BCMWL5 -DCONFIG_BCMWL6 -DCONFIG_BCMWL6A -DPART_JFFS2_GAP=0UL -pipe -fno-strict-aliasing -DBCMWPA2 -DBCMARM -marm  -DTCONFIG_NVRAM_64K -DLINUX_KERNEL_VERSION=132644  conftest.c >&5
configure:6215: $? = 0
configure:6215: result: yes
configure:6215: checking for strings.h
configure:6215: arm-brcm-linux-uclibcgnueabi-gcc -c -Os -Wall -DLINUX26 -DCONFIG_BCMWL5 -DCONFIG_BCMWL6 -DCONFIG_BCMWL6A -DPART_JFFS2_GAP=0UL -pipe -fno-strict-aliasing -DBCMWPA2 -DBCMARM -marm  -DTCONFIG_NVRAM_64K -DLINUX_KERNEL_VERSION=132644  conftest.c >&5
configure:6215: $? = 0
configure:6215: result: yes
configure:6215: checking for inttypes.h
configure:6215: arm-brcm-linux-uclibcgnueabi-gcc -c -Os -Wall -DLINUX26 -DCONFIG_BCMWL5 -DCONFIG_BCMWL6 -DCONFIG_BCMWL6A -DPART_JFFS2_GAP=0UL -pipe -fno-strict-aliasing -DBCMWPA2 -DBCMARM -marm  -DTCONFIG_NVRAM_64K -DLINUX_KERNEL_VERSION=132644  conftest.c >&5
configure:6215: $? = 0
configure:6215: result: yes
configure:6215: checking for stdint.h
configure:6215: arm-brcm-linux-uclibcgnueabi-gcc -c -Os -Wall -DLINUX26 -DCONFIG_BCMWL5 -DCONFIG_BCMWL6 -DCONFIG_BCMWL6A -DPART_JFFS2_GAP=0UL -pipe -fno-strict-aliasing -DBCMWPA2 -DBCMARM -marm  -DTCONFIG_NVRAM_64K -DLINUX_KERNEL_VERSION=132644  conftest.c >&5
configure:6215: $? = 0
configure:6215: result: yes
configure:6215: checking for unistd.h
configure:6215: arm-brcm-linux-uclibcgnueabi-gcc -c -Os -Wall -DLINUX26 -DCONFIG_BCMWL5 -DCONFIG_BCMWL6 -DCONFIG_BCMWL6A -DPART_JFFS2_GAP=0UL -pipe -fno-strict-aliasing -DBCMWPA2 -DBCMARM -marm  -DTCONFIG_NVRAM_64K -DLINUX_KERNEL_VERSION=132644  conftest.c >&5
configure:6215: $? = 0
configure:6215: result: yes
configure:6227: checking for int64_t
configure:6227: arm-brcm-linux-uclibcgnueabi-gcc -c -Os -Wall -DLINUX26 -DCONFIG_BCMWL5 -DCONFIG_BCMWL6 -DCONFIG_BCMWL6A -DPART_JFFS2_GAP=0UL -pipe -fno-strict-aliasing -DBCMWPA2 -DBCMARM -marm  -DTCONFIG_NVRAM_64K -DLINUX_KERNEL_VERSION=132644  conftest.c >&5
configure:6227: $? = 0
configure:6227: arm-brcm-linux-uclibcgnueabi-gcc -c -Os -Wall -DLINUX26 -DCONFIG_BCMWL5 -DCONFIG_BCMWL6 -DCONFIG_BCMWL6A -DPART_JFFS2_GAP=0UL -pipe -fno-strict-aliasing -DBCMWPA2 -DBCMARM -marm  -DTCONFIG_NVRAM_64K -DLINUX_KERNEL_VERSION=132644  conftest.c >&5
conftest.c: In function 'main':
conftest.c:59:53: warning: integer overflow in expression
conftest.c:58:12: error: size of array 'test_array' is negative
conftest.c:58:12: error: storage size of 'test_array' isn't constant
conftest.c:58:12: warning: unused variable 'test_array'
configure:6227: $? = 1
configure: failed program was:
| /* confdefs.h */
| #define PACKAGE_NAME "PCRE"
| #define PACKAGE_TARNAME "pcre"
| #define PACKAGE_VERSION "8.42"
| #define PACKAGE_STRING "PCRE 8.42"
| #define PACKAGE_BUGREPORT ""
| #define PACKAGE_URL ""
| #define PACKAGE "pcre"
| #define VERSION "8.42"
| #define STDC_HEADERS 1
| #define HAVE_SYS_TYPES_H 1
| #define HAVE_SYS_STAT_H 1
| #define HAVE_STDLIB_H 1
| #define HAVE_STRING_H 1
| #define HAVE_MEMORY_H 1
| #define HAVE_STRINGS_H 1
| #define HAVE_INTTYPES_H 1
| #define HAVE_STDINT_H 1
| #define HAVE_UNISTD_H 1
| /* end confdefs.h.  */
| #include <stdio.h>
| #ifdef HAVE_SYS_TYPES_H
| # include <sys/types.h>
| #endif
| #ifdef HAVE_SYS_STAT_H
| # include <sys/stat.h>
| #endif
| #ifdef STDC_HEADERS
| # include <stdlib.h>
| # include <stddef.h>
| #else
| # ifdef HAVE_STDLIB_H
| #  include <stdlib.h>
| # endif
| #endif
| #ifdef HAVE_STRING_H
| # if !defined STDC_HEADERS && defined HAVE_MEMORY_H
| #  include <memory.h>
| # endif
| # include <string.h>
| #endif
| #ifdef HAVE_STRINGS_H
| # include <strings.h>
| #endif
| #ifdef HAVE_INTTYPES_H
| # include <inttypes.h>
| #endif
| #ifdef HAVE_STDINT_H
| # include <stdint.h>
| #endif
| #ifdef HAVE_UNISTD_H
| # include <unistd.h>
| #endif
| 	        enum { N = 64 / 2 - 1 };
| int
| main ()
| {
| static int test_array [1 - 2 * !((int64_t) (((((int64_t) 1 << N) << N) - 1) * 2 + 1)
| 		 < (int64_t) (((((int64_t) 1 << N) << N) - 1) * 2 + 2))];
| test_array [0] = 0;
| return test_array [0];
| 
|   ;
|   return 0;
| }
configure:6227: result: yes
configure:6244: checking build system type
configure:6258: result: x86_64-pc-linux-gnu
configure:6278: checking host system type
configure:6291: result: arm-unknown-linux-gnu
configure:6660: checking how to print strings
configure:6687: result: printf
configure:6708: checking for a sed that does not truncate output
configure:6772: result: /bin/sed
configure:6790: checking for fgrep
configure:6852: result: /bin/grep -F
configure:6887: checking for ld used by arm-brcm-linux-uclibcgnueabi-gcc
configure:6954: result: arm-brcm-linux-uclibcgnueabi-ld
configure:6961: checking if the linker (arm-brcm-linux-uclibcgnueabi-ld) is GNU ld
configure:6976: result: yes
configure:6988: checking for BSD- or MS-compatible name lister (nm)
configure:7042: result: arm-brcm-linux-uclibcgnueabi-nm
configure:7172: checking the name lister (arm-brcm-linux-uclibcgnueabi-nm) interface
configure:7179: arm-brcm-linux-uclibcgnueabi-gcc -c -Os -Wall -DLINUX26 -DCONFIG_BCMWL5 -DCONFIG_BCMWL6 -DCONFIG_BCMWL6A -DPART_JFFS2_GAP=0UL -pipe -fno-strict-aliasing -DBCMWPA2 -DBCMARM -marm  -DTCONFIG_NVRAM_64K -DLINUX_KERNEL_VERSION=132644  conftest.c >&5
configure:7182: arm-brcm-linux-uclibcgnueabi-nm "conftest.o"
configure:7185: output
00000000 B some_variable
configure:7192: result: BSD nm
configure:7195: checking whether ln -s works
configure:7199: result: yes
configure:7207: checking the maximum length of command line arguments
configure:7338: result: 1572864
configure:7386: checking how to convert x86_64-pc-linux-gnu file names to arm-unknown-linux-gnu format
configure:7426: result: func_convert_file_noop
configure:7433: checking how to convert x86_64-pc-linux-gnu file names to toolchain format
configure:7453: result: func_convert_file_noop
configure:7460: checking for arm-brcm-linux-uclibcgnueabi-ld option to reload object files
configure:7467: result: -r
configure:7501: checking for arm-linux-objdump
configure:7528: result: objdump
configure:7597: checking how to recognize dependent libraries
configure:7797: result: pass_all
configure:7842: checking for arm-linux-dlltool
configure:7869: result: dlltool
configure:7939: checking how to associate runtime and link libraries
configure:7966: result: printf %s\n
configure:7982: checking for arm-linux-ar
configure:8009: result: arm-brcm-linux-uclibcgnueabi-ar
configure:8106: checking for archiver @FILE support
configure:8123: arm-brcm-linux-uclibcgnueabi-gcc -c -Os -Wall -DLINUX26 -DCONFIG_BCMWL5 -DCONFIG_BCMWL6 -DCONFIG_BCMWL6A -DPART_JFFS2_GAP=0UL -pipe -fno-strict-aliasing -DBCMWPA2 -DBCMARM -marm  -DTCONFIG_NVRAM_64K -DLINUX_KERNEL_VERSION=132644  conftest.c >&5
configure:8123: $? = 0
configure:8126: arm-brcm-linux-uclibcgnueabi-ar cr libconftest.a @conftest.lst >&5
configure:8129: $? = 0
configure:8134: arm-brcm-linux-uclibcgnueabi-ar cr libconftest.a @conftest.lst >&5
arm-brcm-linux-uclibcgnueabi-ar: conftest.o: No such file or directory
configure:8137: $? = 1
configure:8149: result: @
configure:8167: checking for arm-linux-strip
configure:8194: result: arm-brcm-linux-uclibcgnueabi-strip
configure:8266: checking for arm-linux-ranlib
configure:8293: result: arm-brcm-linux-uclibcgnueabi-ranlib
configure:8435: checking command to parse arm-brcm-linux-uclibcgnueabi-nm output from arm-brcm-linux-uclibcgnueabi-gcc object
configure:8588: arm-brcm-linux-uclibcgnueabi-gcc -c -Os -Wall -DLINUX26 -DCONFIG_BCMWL5 -DCONFIG_BCMWL6 -DCONFIG_BCMWL6A -DPART_JFFS2_GAP=0UL -pipe -fno-strict-aliasing -DBCMWPA2 -DBCMARM -marm  -DTCONFIG_NVRAM_64K -DLINUX_KERNEL_VERSION=132644  conftest.c >&5
configure:8591: $? = 0
configure:8595: arm-brcm-linux-uclibcgnueabi-nm conftest.o \| sed -n -e 's/^.*[ ]\([ABCDGIRSTW][ABCDGIRSTW]*\)[ ][ ]*\([_A-Za-z][_A-Za-z0-9]*\)$/\1 \2 \2/p' | sed '/ __gnu_lto/d' \> conftest.nm
configure:8598: $? = 0
configure:8664: arm-brcm-linux-uclibcgnueabi-gcc -o conftest -Os -Wall -DLINUX26 -DCONFIG_BCMWL5 -DCONFIG_BCMWL6 -DCONFIG_BCMWL6A -DPART_JFFS2_GAP=0UL -pipe -fno-strict-aliasing -DBCMWPA2 -DBCMARM -marm  -DTCONFIG_NVRAM_64K -DLINUX_KERNEL_VERSION=132644   conftest.c conftstm.o >&5
configure:8667: $? = 0
configure:8705: result: ok
configure:8752: checking for sysroot
configure:8782: result: no
configure:8789: checking for a working dd
configure:8827: result: /bin/dd
configure:8831: checking how to truncate binary pipes
configure:8846: result: /bin/dd bs=4096 count=1
configure:9135: checking for arm-linux-mt
configure:9165: result: no
configure:9175: checking for mt
configure:9191: found /bin/mt
configure:9202: result: mt
configure:9214: WARNING: using cross tools not prefixed with host triplet
configure:9225: checking if mt is a manifest tool
configure:9231: mt '-?'
configure:9239: result: no
configure:9913: checking for dlfcn.h
configure:9913: arm-brcm-linux-uclibcgnueabi-gcc -c -Os -Wall -DLINUX26 -DCONFIG_BCMWL5 -DCONFIG_BCMWL6 -DCONFIG_BCMWL6A -DPART_JFFS2_GAP=0UL -pipe -fno-strict-aliasing -DBCMWPA2 -DBCMARM -marm  -DTCONFIG_NVRAM_64K -DLINUX_KERNEL_VERSION=132644  conftest.c >&5
configure:9913: $? = 0
configure:9913: result: yes
configure:10177: checking for objdir
configure:10192: result: .libs
configure:10456: checking if arm-brcm-linux-uclibcgnueabi-gcc supports -fno-rtti -fno-exceptions
configure:10474: arm-brcm-linux-uclibcgnueabi-gcc -c -Os -Wall -DLINUX26 -DCONFIG_BCMWL5 -DCONFIG_BCMWL6 -DCONFIG_BCMWL6A -DPART_JFFS2_GAP=0UL -pipe -fno-strict-aliasing -DBCMWPA2 -DBCMARM -marm  -DTCONFIG_NVRAM_64K -DLINUX_KERNEL_VERSION=132644  -fno-rtti -fno-exceptions conftest.c >&5
cc1: warning: command line option "-fno-rtti" is valid for C++/ObjC++ but not for C
configure:10478: $? = 0
configure:10491: result: no
configure:10849: checking for arm-brcm-linux-uclibcgnueabi-gcc option to produce PIC
configure:10856: result: -fPIC -DPIC
configure:10864: checking if arm-brcm-linux-uclibcgnueabi-gcc PIC flag -fPIC -DPIC works
configure:10882: arm-brcm-linux-uclibcgnueabi-gcc -c -Os -Wall -DLINUX26 -DCONFIG_BCMWL5 -DCONFIG_BCMWL6 -DCONFIG_BCMWL6A -DPART_JFFS2_GAP=0UL -pipe -fno-strict-aliasing -DBCMWPA2 -DBCMARM -marm  -DTCONFIG_NVRAM_64K -DLINUX_KERNEL_VERSION=132644  -fPIC -DPIC -DPIC conftest.c >&5
configure:10886: $? = 0
configure:10899: result: yes
configure:10928: checking if arm-brcm-linux-uclibcgnueabi-gcc static flag -static works
configure:10956: result: yes
configure:10971: checking if arm-brcm-linux-uclibcgnueabi-gcc supports -c -o file.o
configure:10992: arm-brcm-linux-uclibcgnueabi-gcc -c -Os -Wall -DLINUX26 -DCONFIG_BCMWL5 -DCONFIG_BCMWL6 -DCONFIG_BCMWL6A -DPART_JFFS2_GAP=0UL -pipe -fno-strict-aliasing -DBCMWPA2 -DBCMARM -marm  -DTCONFIG_NVRAM_64K -DLINUX_KERNEL_VERSION=132644  -o out/conftest2.o conftest.c >&5
configure:10996: $? = 0
configure:11018: result: yes
configure:11026: checking if arm-brcm-linux-uclibcgnueabi-gcc supports -c -o file.o
configure:11073: result: yes
configure:11106: checking whether the arm-brcm-linux-uclibcgnueabi-gcc linker (arm-brcm-linux-uclibcgnueabi-ld) supports shared libraries
configure:12367: result: yes
configure:12404: checking whether -lc should be explicitly linked in
configure:12412: arm-brcm-linux-uclibcgnueabi-gcc -c -Os -Wall -DLINUX26 -DCONFIG_BCMWL5 -DCONFIG_BCMWL6 -DCONFIG_BCMWL6A -DPART_JFFS2_GAP=0UL -pipe -fno-strict-aliasing -DBCMWPA2 -DBCMARM -marm  -DTCONFIG_NVRAM_64K -DLINUX_KERNEL_VERSION=132644  conftest.c >&5
configure:12415: $? = 0
configure:12430: arm-brcm-linux-uclibcgnueabi-gcc -shared  -fPIC -DPIC conftest.o  -v -Wl,-soname -Wl,conftest -o conftest 2\>\&1 \| /bin/grep  -lc  \>/dev/null 2\>\&1
configure:12433: $? = 0
configure:12447: result: no
configure:12607: checking dynamic linker characteristics
configure:13188: arm-brcm-linux-uclibcgnueabi-gcc -o conftest -Os -Wall -DLINUX26 -DCONFIG_BCMWL5 -DCONFIG_BCMWL6 -DCONFIG_BCMWL6A -DPART_JFFS2_GAP=0UL -pipe -fno-strict-aliasing -DBCMWPA2 -DBCMARM -marm  -DTCONFIG_NVRAM_64K -DLINUX_KERNEL_VERSION=132644   -Wl,-rpath -Wl,/foo conftest.c  >&5
configure:13188: $? = 0
configure:13425: result: GNU/Linux ld.so
configure:13547: checking how to hardcode library paths into programs
configure:13572: result: immediate
configure:14120: checking whether stripping libraries is possible
configure:14129: result: yes
configure:14171: checking if libtool supports shared libraries
configure:14173: result: yes
configure:14176: checking whether to build shared libraries
configure:14201: result: yes
configure:14204: checking whether to build static libraries
configure:14208: result: yes
configure:14231: checking how to run the C++ preprocessor
configure:14258: arm-linux-g++ -E  conftest.cpp
configure:14258: $? = 0
configure:14272: arm-linux-g++ -E  conftest.cpp
conftest.cpp:23:28: fatal error: ac_nonexistent.h: No such file or directory
compilation terminated.
configure:14272: $? = 1
configure: failed program was:
| /* confdefs.h */
| #define PACKAGE_NAME "PCRE"
| #define PACKAGE_TARNAME "pcre"
| #define PACKAGE_VERSION "8.42"
| #define PACKAGE_STRING "PCRE 8.42"
| #define PACKAGE_BUGREPORT ""
| #define PACKAGE_URL ""
| #define PACKAGE "pcre"
| #define VERSION "8.42"
| #define STDC_HEADERS 1
| #define HAVE_SYS_TYPES_H 1
| #define HAVE_SYS_STAT_H 1
| #define HAVE_STDLIB_H 1
| #define HAVE_STRING_H 1
| #define HAVE_MEMORY_H 1
| #define HAVE_STRINGS_H 1
| #define HAVE_INTTYPES_H 1
| #define HAVE_STDINT_H 1
| #define HAVE_UNISTD_H 1
| #define HAVE_DLFCN_H 1
| #define LT_OBJDIR ".libs/"
| /* end confdefs.h.  */
| #include <ac_nonexistent.h>
configure:14297: result: arm-linux-g++ -E
configure:14317: arm-linux-g++ -E  conftest.cpp
configure:14317: $? = 0
configure:14331: arm-linux-g++ -E  conftest.cpp
conftest.cpp:23:28: fatal error: ac_nonexistent.h: No such file or directory
compilation terminated.
configure:14331: $? = 1
configure: failed program was:
| /* confdefs.h */
| #define PACKAGE_NAME "PCRE"
| #define PACKAGE_TARNAME "pcre"
| #define PACKAGE_VERSION "8.42"
| #define PACKAGE_STRING "PCRE 8.42"
| #define PACKAGE_BUGREPORT ""
| #define PACKAGE_URL ""
| #define PACKAGE "pcre"
| #define VERSION "8.42"
| #define STDC_HEADERS 1
| #define HAVE_SYS_TYPES_H 1
| #define HAVE_SYS_STAT_H 1
| #define HAVE_STDLIB_H 1
| #define HAVE_STRING_H 1
| #define HAVE_MEMORY_H 1
| #define HAVE_STRINGS_H 1
| #define HAVE_INTTYPES_H 1
| #define HAVE_STDINT_H 1
| #define HAVE_UNISTD_H 1
| #define HAVE_DLFCN_H 1
| #define LT_OBJDIR ".libs/"
| /* end confdefs.h.  */
| #include <ac_nonexistent.h>
configure:14493: checking for ld used by arm-linux-g++
configure:14560: result: arm-brcm-linux-uclibcgnueabi-ld
configure:14567: checking if the linker (arm-brcm-linux-uclibcgnueabi-ld) is GNU ld
configure:14582: result: yes
configure:14637: checking whether the arm-linux-g++ linker (arm-brcm-linux-uclibcgnueabi-ld) supports shared libraries
configure:15711: result: yes
configure:15747: arm-linux-g++ -c -O2  conftest.cpp >&5
configure:15750: $? = 0
configure:16231: checking for arm-linux-g++ option to produce PIC
configure:16238: result: -fPIC -DPIC
configure:16246: checking if arm-linux-g++ PIC flag -fPIC -DPIC works
configure:16264: arm-linux-g++ -c -O2  -fPIC -DPIC -DPIC conftest.cpp >&5
configure:16268: $? = 0
configure:16281: result: yes
configure:16304: checking if arm-linux-g++ static flag -static works
configure:16332: result: yes
configure:16344: checking if arm-linux-g++ supports -c -o file.o
configure:16365: arm-linux-g++ -c -O2  -o out/conftest2.o conftest.cpp >&5
configure:16369: $? = 0
configure:16391: result: yes
configure:16396: checking if arm-linux-g++ supports -c -o file.o
configure:16443: result: yes
configure:16473: checking whether the arm-linux-g++ linker (arm-brcm-linux-uclibcgnueabi-ld) supports shared libraries
configure:16513: result: yes
configure:16654: checking dynamic linker characteristics
configure:17399: result: GNU/Linux ld.so
configure:17464: checking how to hardcode library paths into programs
configure:17489: result: immediate
configure:17550: checking whether ln -s works
configure:17554: result: yes
configure:17570: checking whether the -Werror option is usable
configure:17589: arm-brcm-linux-uclibcgnueabi-gcc -c -Os -Wall -DLINUX26 -DCONFIG_BCMWL5 -DCONFIG_BCMWL6 -DCONFIG_BCMWL6A -DPART_JFFS2_GAP=0UL -pipe -fno-strict-aliasing -DBCMWPA2 -DBCMARM -marm  -DTCONFIG_NVRAM_64K -DLINUX_KERNEL_VERSION=132644 -Werror  conftest.c >&5
configure:17589: $? = 0
configure:17598: result: yes
configure:17600: checking for simple visibility declarations
configure:17627: arm-brcm-linux-uclibcgnueabi-gcc -c -Os -Wall -DLINUX26 -DCONFIG_BCMWL5 -DCONFIG_BCMWL6 -DCONFIG_BCMWL6A -DPART_JFFS2_GAP=0UL -pipe -fno-strict-aliasing -DBCMWPA2 -DBCMARM -marm  -DTCONFIG_NVRAM_64K -DLINUX_KERNEL_VERSION=132644 -fvisibility=hidden -Werror  conftest.c >&5
configure:17627: $? = 0
configure:17636: result: yes
configure:18131: checking for ANSI C header files
configure:18235: result: yes
configure:18246: checking limits.h usability
configure:18246: arm-brcm-linux-uclibcgnueabi-gcc -c -Os -Wall -DLINUX26 -DCONFIG_BCMWL5 -DCONFIG_BCMWL6 -DCONFIG_BCMWL6A -DPART_JFFS2_GAP=0UL -pipe -fno-strict-aliasing -DBCMWPA2 -DBCMARM -marm  -DTCONFIG_NVRAM_64K -DLINUX_KERNEL_VERSION=132644  conftest.c >&5
configure:18246: $? = 0
configure:18246: result: yes
configure:18246: checking limits.h presence
configure:18246: arm-brcm-linux-uclibcgnueabi-gcc -E  conftest.c
configure:18246: $? = 0
configure:18246: result: yes
configure:18246: checking for limits.h
configure:18246: result: yes
configure:18246: checking for sys/types.h
configure:18246: result: yes
configure:18246: checking for sys/stat.h
configure:18246: result: yes
configure:18246: checking dirent.h usability
configure:18246: arm-brcm-linux-uclibcgnueabi-gcc -c -Os -Wall -DLINUX26 -DCONFIG_BCMWL5 -DCONFIG_BCMWL6 -DCONFIG_BCMWL6A -DPART_JFFS2_GAP=0UL -pipe -fno-strict-aliasing -DBCMWPA2 -DBCMARM -marm  -DTCONFIG_NVRAM_64K -DLINUX_KERNEL_VERSION=132644  conftest.c >&5
configure:18246: $? = 0
configure:18246: result: yes
configure:18246: checking dirent.h presence
configure:18246: arm-brcm-linux-uclibcgnueabi-gcc -E  conftest.c
configure:18246: $? = 0
configure:18246: result: yes
configure:18246: checking for dirent.h
configure:18246: result: yes
configure:18258: checking windows.h usability
configure:18258: arm-brcm-linux-uclibcgnueabi-gcc -c -Os -Wall -DLINUX26 -DCONFIG_BCMWL5 -DCONFIG_BCMWL6 -DCONFIG_BCMWL6A -DPART_JFFS2_GAP=0UL -pipe -fno-strict-aliasing -DBCMWPA2 -DBCMARM -marm  -DTCONFIG_NVRAM_64K -DLINUX_KERNEL_VERSION=132644  conftest.c >&5
conftest.c:69:21: fatal error: windows.h: No such file or directory
compilation terminated.
configure:18258: $? = 1
configure: failed program was:
| /* confdefs.h */
| #define PACKAGE_NAME "PCRE"
| #define PACKAGE_TARNAME "pcre"
| #define PACKAGE_VERSION "8.42"
| #define PACKAGE_STRING "PCRE 8.42"
| #define PACKAGE_BUGREPORT ""
| #define PACKAGE_URL ""
| #define PACKAGE "pcre"
| #define VERSION "8.42"
| #define STDC_HEADERS 1
| #define HAVE_SYS_TYPES_H 1
| #define HAVE_SYS_STAT_H 1
| #define HAVE_STDLIB_H 1
| #define HAVE_STRING_H 1
| #define HAVE_MEMORY_H 1
| #define HAVE_STRINGS_H 1
| #define HAVE_INTTYPES_H 1
| #define HAVE_STDINT_H 1
| #define HAVE_UNISTD_H 1
| #define HAVE_DLFCN_H 1
| #define LT_OBJDIR ".libs/"
| #define PCRE_EXP_DECL extern __attribute__ ((visibility ("default")))
| #define PCRE_EXP_DEFN __attribute__ ((visibility ("default")))
| #define PCRE_EXP_DATA_DEFN __attribute__ ((visibility ("default")))
| #define PCREPOSIX_EXP_DECL extern __attribute__ ((visibility ("default")))
| #define PCREPOSIX_EXP_DEFN extern __attribute__ ((visibility ("default")))
| #define PCRECPP_EXP_DECL extern __attribute__ ((visibility ("default")))
| #define PCRECPP_EXP_DEFN __attribute__ ((visibility ("default")))
| #define HAVE_VISIBILITY 1
| #define STDC_HEADERS 1
| #define HAVE_LIMITS_H 1
| #define HAVE_SYS_TYPES_H 1
| #define HAVE_SYS_STAT_H 1
| #define HAVE_DIRENT_H 1
| /* end confdefs.h.  */
| #include <stdio.h>
| #ifdef HAVE_SYS_TYPES_H
| # include <sys/types.h>
| #endif
| #ifdef HAVE_SYS_STAT_H
| # include <sys/stat.h>
| #endif
| #ifdef STDC_HEADERS
| # include <stdlib.h>
| # include <stddef.h>
| #else
| # ifdef HAVE_STDLIB_H
| #  include <stdlib.h>
| # endif
| #endif
| #ifdef HAVE_STRING_H
| # if !defined STDC_HEADERS && defined HAVE_MEMORY_H
| #  include <memory.h>
| # endif
| # include <string.h>
| #endif
| #ifdef HAVE_STRINGS_H
| # include <strings.h>
| #endif
| #ifdef HAVE_INTTYPES_H
| # include <inttypes.h>
| #endif
| #ifdef HAVE_STDINT_H
| # include <stdint.h>
| #endif
| #ifdef HAVE_UNISTD_H
| # include <unistd.h>
| #endif
| #include <windows.h>
configure:18258: result: no
configure:18258: checking windows.h presence
configure:18258: arm-brcm-linux-uclibcgnueabi-gcc -E  conftest.c
conftest.c:36:21: fatal error: windows.h: No such file or directory
compilation terminated.
configure:18258: $? = 1
configure: failed program was:
| /* confdefs.h */
| #define PACKAGE_NAME "PCRE"
| #define PACKAGE_TARNAME "pcre"
| #define PACKAGE_VERSION "8.42"
| #define PACKAGE_STRING "PCRE 8.42"
| #define PACKAGE_BUGREPORT ""
| #define PACKAGE_URL ""
| #define PACKAGE "pcre"
| #define VERSION "8.42"
| #define STDC_HEADERS 1
| #define HAVE_SYS_TYPES_H 1
| #define HAVE_SYS_STAT_H 1
| #define HAVE_STDLIB_H 1
| #define HAVE_STRING_H 1
| #define HAVE_MEMORY_H 1
| #define HAVE_STRINGS_H 1
| #define HAVE_INTTYPES_H 1
| #define HAVE_STDINT_H 1
| #define HAVE_UNISTD_H 1
| #define HAVE_DLFCN_H 1
| #define LT_OBJDIR ".libs/"
| #define PCRE_EXP_DECL extern __attribute__ ((visibility ("default")))
| #define PCRE_EXP_DEFN __attribute__ ((visibility ("default")))
| #define PCRE_EXP_DATA_DEFN __attribute__ ((visibility ("default")))
| #define PCREPOSIX_EXP_DECL extern __attribute__ ((visibility ("default")))
| #define PCREPOSIX_EXP_DEFN extern __attribute__ ((visibility ("default")))
| #define PCRECPP_EXP_DECL extern __attribute__ ((visibility ("default")))
| #define PCRECPP_EXP_DEFN __attribute__ ((visibility ("default")))
| #define HAVE_VISIBILITY 1
| #define STDC_HEADERS 1
| #define HAVE_LIMITS_H 1
| #define HAVE_SYS_TYPES_H 1
| #define HAVE_SYS_STAT_H 1
| #define HAVE_DIRENT_H 1
| /* end confdefs.h.  */
| #include <windows.h>
configure:18258: result: no
configure:18258: checking for windows.h
configure:18258: result: no
configure:18533: checking for an ANSI C-conforming const
configure:18599: arm-brcm-linux-uclibcgnueabi-gcc -c -Os -Wall -DLINUX26 -DCONFIG_BCMWL5 -DCONFIG_BCMWL6 -DCONFIG_BCMWL6A -DPART_JFFS2_GAP=0UL -pipe -fno-strict-aliasing -DBCMWPA2 -DBCMARM -marm  -DTCONFIG_NVRAM_64K -DLINUX_KERNEL_VERSION=132644  conftest.c >&5
configure:18599: $? = 0
configure:18606: result: yes
configure:18614: checking for size_t
configure:18614: arm-brcm-linux-uclibcgnueabi-gcc -c -Os -Wall -DLINUX26 -DCONFIG_BCMWL5 -DCONFIG_BCMWL6 -DCONFIG_BCMWL6A -DPART_JFFS2_GAP=0UL -pipe -fno-strict-aliasing -DBCMWPA2 -DBCMARM -marm  -DTCONFIG_NVRAM_64K -DLINUX_KERNEL_VERSION=132644  conftest.c >&5
configure:18614: $? = 0
configure:18614: arm-brcm-linux-uclibcgnueabi-gcc -c -Os -Wall -DLINUX26 -DCONFIG_BCMWL5 -DCONFIG_BCMWL6 -DCONFIG_BCMWL6A -DPART_JFFS2_GAP=0UL -pipe -fno-strict-aliasing -DBCMWPA2 -DBCMARM -marm  -DTCONFIG_NVRAM_64K -DLINUX_KERNEL_VERSION=132644  conftest.c >&5
conftest.c: In function 'main':
conftest.c:72:21: error: expected expression before ')' token
configure:18614: $? = 1
configure: failed program was:
| /* confdefs.h */
| #define PACKAGE_NAME "PCRE"
| #define PACKAGE_TARNAME "pcre"
| #define PACKAGE_VERSION "8.42"
| #define PACKAGE_STRING "PCRE 8.42"
| #define PACKAGE_BUGREPORT ""
| #define PACKAGE_URL ""
| #define PACKAGE "pcre"
| #define VERSION "8.42"
| #define STDC_HEADERS 1
| #define HAVE_SYS_TYPES_H 1
| #define HAVE_SYS_STAT_H 1
| #define HAVE_STDLIB_H 1
| #define HAVE_STRING_H 1
| #define HAVE_MEMORY_H 1
| #define HAVE_STRINGS_H 1
| #define HAVE_INTTYPES_H 1
| #define HAVE_STDINT_H 1
| #define HAVE_UNISTD_H 1
| #define HAVE_DLFCN_H 1
| #define LT_OBJDIR ".libs/"
| #define PCRE_EXP_DECL extern __attribute__ ((visibility ("default")))
| #define PCRE_EXP_DEFN __attribute__ ((visibility ("default")))
| #define PCRE_EXP_DATA_DEFN __attribute__ ((visibility ("default")))
| #define PCREPOSIX_EXP_DECL extern __attribute__ ((visibility ("default")))
| #define PCREPOSIX_EXP_DEFN extern __attribute__ ((visibility ("default")))
| #define PCRECPP_EXP_DECL extern __attribute__ ((visibility ("default")))
| #define PCRECPP_EXP_DEFN __attribute__ ((visibility ("default")))
| #define HAVE_VISIBILITY 1
| #define STDC_HEADERS 1
| #define HAVE_LIMITS_H 1
| #define HAVE_SYS_TYPES_H 1
| #define HAVE_SYS_STAT_H 1
| #define HAVE_DIRENT_H 1
| /* end confdefs.h.  */
| #include <stdio.h>
| #ifdef HAVE_SYS_TYPES_H
| # include <sys/types.h>
| #endif
| #ifdef HAVE_SYS_STAT_H
| # include <sys/stat.h>
| #endif
| #ifdef STDC_HEADERS
| # include <stdlib.h>
| # include <stddef.h>
| #else
| # ifdef HAVE_STDLIB_H
| #  include <stdlib.h>
| # endif
| #endif
| #ifdef HAVE_STRING_H
| # if !defined STDC_HEADERS && defined HAVE_MEMORY_H
| #  include <memory.h>
| # endif
| # include <string.h>
| #endif
| #ifdef HAVE_STRINGS_H
| # include <strings.h>
| #endif
| #ifdef HAVE_INTTYPES_H
| # include <inttypes.h>
| #endif
| #ifdef HAVE_STDINT_H
| # include <stdint.h>
| #endif
| #ifdef HAVE_UNISTD_H
| # include <unistd.h>
| #endif
| int
| main ()
| {
| if (sizeof ((size_t)))
| 	    return 0;
|   ;
|   return 0;
| }
configure:18614: result: yes
configure:18631: checking for bcopy
configure:18631: arm-brcm-linux-uclibcgnueabi-gcc -o conftest -Os -Wall -DLINUX26 -DCONFIG_BCMWL5 -DCONFIG_BCMWL6 -DCONFIG_BCMWL6A -DPART_JFFS2_GAP=0UL -pipe -fno-strict-aliasing -DBCMWPA2 -DBCMARM -marm  -DTCONFIG_NVRAM_64K -DLINUX_KERNEL_VERSION=132644   conftest.c  >&5
conftest.c:59:6: warning: conflicting types for built-in function 'bcopy'
configure:18631: $? = 0
configure:18631: result: yes
configure:18631: checking for memmove
configure:18631: arm-brcm-linux-uclibcgnueabi-gcc -o conftest -Os -Wall -DLINUX26 -DCONFIG_BCMWL5 -DCONFIG_BCMWL6 -DCONFIG_BCMWL6A -DPART_JFFS2_GAP=0UL -pipe -fno-strict-aliasing -DBCMWPA2 -DBCMARM -marm  -DTCONFIG_NVRAM_64K -DLINUX_KERNEL_VERSION=132644   conftest.c  >&5
conftest.c:60:6: warning: conflicting types for built-in function 'memmove'
configure:18631: $? = 0
configure:18631: result: yes
configure:18631: checking for strerror
configure:18631: arm-brcm-linux-uclibcgnueabi-gcc -o conftest -Os -Wall -DLINUX26 -DCONFIG_BCMWL5 -DCONFIG_BCMWL6 -DCONFIG_BCMWL6A -DPART_JFFS2_GAP=0UL -pipe -fno-strict-aliasing -DBCMWPA2 -DBCMARM -marm  -DTCONFIG_NVRAM_64K -DLINUX_KERNEL_VERSION=132644   conftest.c  >&5
configure:18631: $? = 0
configure:18631: result: yes
configure:18645: checking zlib.h usability
configure:18645: arm-brcm-linux-uclibcgnueabi-gcc -c -Os -Wall -DLINUX26 -DCONFIG_BCMWL5 -DCONFIG_BCMWL6 -DCONFIG_BCMWL6A -DPART_JFFS2_GAP=0UL -pipe -fno-strict-aliasing -DBCMWPA2 -DBCMARM -marm  -DTCONFIG_NVRAM_64K -DLINUX_KERNEL_VERSION=132644  conftest.c >&5
configure:18645: $? = 0
configure:18645: result: yes
configure:18645: checking zlib.h presence
configure:18645: arm-brcm-linux-uclibcgnueabi-gcc -E  conftest.c
configure:18645: $? = 0
configure:18645: result: yes
configure:18645: checking for zlib.h
configure:18645: result: yes
configure:18655: checking for gzopen in -lz
configure:18680: arm-brcm-linux-uclibcgnueabi-gcc -o conftest -Os -Wall -DLINUX26 -DCONFIG_BCMWL5 -DCONFIG_BCMWL6 -DCONFIG_BCMWL6A -DPART_JFFS2_GAP=0UL -pipe -fno-strict-aliasing -DBCMWPA2 -DBCMARM -marm  -DTCONFIG_NVRAM_64K -DLINUX_KERNEL_VERSION=132644   conftest.c -lz   >&5
configure:18680: $? = 0
configure:18689: result: yes
configure:18714: checking bzlib.h usability
configure:18714: arm-brcm-linux-uclibcgnueabi-gcc -c -Os -Wall -DLINUX26 -DCONFIG_BCMWL5 -DCONFIG_BCMWL6 -DCONFIG_BCMWL6A -DPART_JFFS2_GAP=0UL -pipe -fno-strict-aliasing -DBCMWPA2 -DBCMARM -marm  -DTCONFIG_NVRAM_64K -DLINUX_KERNEL_VERSION=132644  conftest.c >&5
conftest.c:73:19: fatal error: bzlib.h: No such file or directory
compilation terminated.
configure:18714: $? = 1
configure: failed program was:
| /* confdefs.h */
| #define PACKAGE_NAME "PCRE"
| #define PACKAGE_TARNAME "pcre"
| #define PACKAGE_VERSION "8.42"
| #define PACKAGE_STRING "PCRE 8.42"
| #define PACKAGE_BUGREPORT ""
| #define PACKAGE_URL ""
| #define PACKAGE "pcre"
| #define VERSION "8.42"
| #define STDC_HEADERS 1
| #define HAVE_SYS_TYPES_H 1
| #define HAVE_SYS_STAT_H 1
| #define HAVE_STDLIB_H 1
| #define HAVE_STRING_H 1
| #define HAVE_MEMORY_H 1
| #define HAVE_STRINGS_H 1
| #define HAVE_INTTYPES_H 1
| #define HAVE_STDINT_H 1
| #define HAVE_UNISTD_H 1
| #define HAVE_DLFCN_H 1
| #define LT_OBJDIR ".libs/"
| #define PCRE_EXP_DECL extern __attribute__ ((visibility ("default")))
| #define PCRE_EXP_DEFN __attribute__ ((visibility ("default")))
| #define PCRE_EXP_DATA_DEFN __attribute__ ((visibility ("default")))
| #define PCREPOSIX_EXP_DECL extern __attribute__ ((visibility ("default")))
| #define PCREPOSIX_EXP_DEFN extern __attribute__ ((visibility ("default")))
| #define PCRECPP_EXP_DECL extern __attribute__ ((visibility ("default")))
| #define PCRECPP_EXP_DEFN __attribute__ ((visibility ("default")))
| #define HAVE_VISIBILITY 1
| #define STDC_HEADERS 1
| #define HAVE_LIMITS_H 1
| #define HAVE_SYS_TYPES_H 1
| #define HAVE_SYS_STAT_H 1
| #define HAVE_DIRENT_H 1
| #define HAVE_BCOPY 1
| #define HAVE_MEMMOVE 1
| #define HAVE_STRERROR 1
| #define HAVE_ZLIB_H 1
| /* end confdefs.h.  */
| #include <stdio.h>
| #ifdef HAVE_SYS_TYPES_H
| # include <sys/types.h>
| #endif
| #ifdef HAVE_SYS_STAT_H
| # include <sys/stat.h>
| #endif
| #ifdef STDC_HEADERS
| # include <stdlib.h>
| # include <stddef.h>
| #else
| # ifdef HAVE_STDLIB_H
| #  include <stdlib.h>
| # endif
| #endif
| #ifdef HAVE_STRING_H
| # if !defined STDC_HEADERS && defined HAVE_MEMORY_H
| #  include <memory.h>
| # endif
| # include <string.h>
| #endif
| #ifdef HAVE_STRINGS_H
| # include <strings.h>
| #endif
| #ifdef HAVE_INTTYPES_H
| # include <inttypes.h>
| #endif
| #ifdef HAVE_STDINT_H
| # include <stdint.h>
| #endif
| #ifdef HAVE_UNISTD_H
| # include <unistd.h>
| #endif
| #include <bzlib.h>
configure:18714: result: no
configure:18714: checking bzlib.h presence
configure:18714: arm-brcm-linux-uclibcgnueabi-gcc -E  conftest.c
conftest.c:40:19: fatal error: bzlib.h: No such file or directory
compilation terminated.
configure:18714: $? = 1
configure: failed program was:
| /* confdefs.h */
| #define PACKAGE_NAME "PCRE"
| #define PACKAGE_TARNAME "pcre"
| #define PACKAGE_VERSION "8.42"
| #define PACKAGE_STRING "PCRE 8.42"
| #define PACKAGE_BUGREPORT ""
| #define PACKAGE_URL ""
| #define PACKAGE "pcre"
| #define VERSION "8.42"
| #define STDC_HEADERS 1
| #define HAVE_SYS_TYPES_H 1
| #define HAVE_SYS_STAT_H 1
| #define HAVE_STDLIB_H 1
| #define HAVE_STRING_H 1
| #define HAVE_MEMORY_H 1
| #define HAVE_STRINGS_H 1
| #define HAVE_INTTYPES_H 1
| #define HAVE_STDINT_H 1
| #define HAVE_UNISTD_H 1
| #define HAVE_DLFCN_H 1
| #define LT_OBJDIR ".libs/"
| #define PCRE_EXP_DECL extern __attribute__ ((visibility ("default")))
| #define PCRE_EXP_DEFN __attribute__ ((visibility ("default")))
| #define PCRE_EXP_DATA_DEFN __attribute__ ((visibility ("default")))
| #define PCREPOSIX_EXP_DECL extern __attribute__ ((visibility ("default")))
| #define PCREPOSIX_EXP_DEFN extern __attribute__ ((visibility ("default")))
| #define PCRECPP_EXP_DECL extern __attribute__ ((visibility ("default")))
| #define PCRECPP_EXP_DEFN __attribute__ ((visibility ("default")))
| #define HAVE_VISIBILITY 1
| #define STDC_HEADERS 1
| #define HAVE_LIMITS_H 1
| #define HAVE_SYS_TYPES_H 1
| #define HAVE_SYS_STAT_H 1
| #define HAVE_DIRENT_H 1
| #define HAVE_BCOPY 1
| #define HAVE_MEMMOVE 1
| #define HAVE_STRERROR 1
| #define HAVE_ZLIB_H 1
| /* end confdefs.h.  */
| #include <bzlib.h>
configure:18714: result: no
configure:18714: checking for bzlib.h
configure:18714: result: no
configure:18729: checking for libbz2
configure:18747: arm-brcm-linux-uclibcgnueabi-gcc -o conftest -Os -Wall -DLINUX26 -DCONFIG_BCMWL5 -DCONFIG_BCMWL6 -DCONFIG_BCMWL6A -DPART_JFFS2_GAP=0UL -pipe -fno-strict-aliasing -DBCMWPA2 -DBCMARM -marm  -DTCONFIG_NVRAM_64K -DLINUX_KERNEL_VERSION=132644   conftest.c  -lbz2 >&5
conftest.c: In function 'main':
conftest.c:47:1: warning: implicit declaration of function 'BZ2_bzopen'
/root/advancedtomat/release/src-rt-6.x.4708/toolchains/hndtools-arm-linux-2.6.36-uclibc-4.5.3/bin/../lib/gcc/arm-brcm-linux-uclibcgnueabi/4.5.3/../../../../arm-brcm-linux-uclibcgnueabi/bin/ld: cannot find -lbz2
collect2: ld returned 1 exit status
configure:18747: $? = 1
configure: failed program was:
| /* confdefs.h */
| #define PACKAGE_NAME "PCRE"
| #define PACKAGE_TARNAME "pcre"
| #define PACKAGE_VERSION "8.42"
| #define PACKAGE_STRING "PCRE 8.42"
| #define PACKAGE_BUGREPORT ""
| #define PACKAGE_URL ""
| #define PACKAGE "pcre"
| #define VERSION "8.42"
| #define STDC_HEADERS 1
| #define HAVE_SYS_TYPES_H 1
| #define HAVE_SYS_STAT_H 1
| #define HAVE_STDLIB_H 1
| #define HAVE_STRING_H 1
| #define HAVE_MEMORY_H 1
| #define HAVE_STRINGS_H 1
| #define HAVE_INTTYPES_H 1
| #define HAVE_STDINT_H 1
| #define HAVE_UNISTD_H 1
| #define HAVE_DLFCN_H 1
| #define LT_OBJDIR ".libs/"
| #define PCRE_EXP_DECL extern __attribute__ ((visibility ("default")))
| #define PCRE_EXP_DEFN __attribute__ ((visibility ("default")))
| #define PCRE_EXP_DATA_DEFN __attribute__ ((visibility ("default")))
| #define PCREPOSIX_EXP_DECL extern __attribute__ ((visibility ("default")))
| #define PCREPOSIX_EXP_DEFN extern __attribute__ ((visibility ("default")))
| #define PCRECPP_EXP_DECL extern __attribute__ ((visibility ("default")))
| #define PCRECPP_EXP_DEFN __attribute__ ((visibility ("default")))
| #define HAVE_VISIBILITY 1
| #define STDC_HEADERS 1
| #define HAVE_LIMITS_H 1
| #define HAVE_SYS_TYPES_H 1
| #define HAVE_SYS_STAT_H 1
| #define HAVE_DIRENT_H 1
| #define HAVE_BCOPY 1
| #define HAVE_MEMMOVE 1
| #define HAVE_STRERROR 1
| #define HAVE_ZLIB_H 1
| /* end confdefs.h.  */
| 
| #ifdef HAVE_BZLIB_H
| #include <bzlib.h>
| #endif
| int
| main ()
| {
| return (int)BZ2_bzopen("conftest", "rb");
|   ;
|   return 0;
| }
configure:18751: result: no
configure:20324: checking that generated files are newer than configure
configure:20330: result: done
configure:20397: creating ./config.status

## ---------------------- ##
## Running config.status. ##
## ---------------------- ##

This file was extended by PCRE config.status 8.42, which was
generated by GNU Autoconf 2.69.  Invocation command line was

  CONFIG_FILES    = 
  CONFIG_HEADERS  = 
  CONFIG_LINKS    = 
  CONFIG_COMMANDS = 
  $ ./config.status 

on debian

config.status:1249: creating Makefile
config.status:1249: creating libpcre.pc
config.status:1249: creating libpcre16.pc
config.status:1249: creating libpcre32.pc
config.status:1249: creating libpcreposix.pc
config.status:1249: creating libpcrecpp.pc
config.status:1249: creating pcre-config
config.status:1249: creating pcre.h
config.status:1249: creating pcre_stringpiece.h
config.status:1249: creating pcrecpparg.h
config.status:1249: creating config.h
config.status:1430: config.h is unchanged
config.status:1478: executing depfiles commands
config.status:1478: executing libtool commands
config.status:1478: executing script-chmod commands
config.status:1478: executing delete-old-chartables commands

## ---------------- ##
## Cache variables. ##
## ---------------- ##

ac_cv_build=x86_64-pc-linux-gnu
ac_cv_c_compiler_gnu=yes
ac_cv_c_const=yes
ac_cv_c_int64_t=yes
ac_cv_cxx_compiler_gnu=yes
ac_cv_env_CCC_set=
ac_cv_env_CCC_value=
ac_cv_env_CC_set=set
ac_cv_env_CC_value=arm-brcm-linux-uclibcgnueabi-gcc
ac_cv_env_CFLAGS_set=set
ac_cv_env_CFLAGS_value='-Os -Wall -DLINUX26 -DCONFIG_BCMWL5 -DCONFIG_BCMWL6 -DCONFIG_BCMWL6A -DPART_JFFS2_GAP=0UL -pipe -fno-strict-aliasing -DBCMWPA2 -DBCMARM -marm  -DTCONFIG_NVRAM_64K -DLINUX_KERNEL_VERSION=132644'
ac_cv_env_CPPFLAGS_set=
ac_cv_env_CPPFLAGS_value=
ac_cv_env_CPP_set=
ac_cv_env_CPP_value=
ac_cv_env_CXXCPP_set=
ac_cv_env_CXXCPP_value=
ac_cv_env_CXXFLAGS_set=
ac_cv_env_CXXFLAGS_value=
ac_cv_env_CXX_set=set
ac_cv_env_CXX_value=arm-linux-g++
ac_cv_env_GENHTML_set=
ac_cv_env_GENHTML_value=
ac_cv_env_LCOV_set=
ac_cv_env_LCOV_value=
ac_cv_env_LDFLAGS_set=
ac_cv_env_LDFLAGS_value=
ac_cv_env_LIBS_set=
ac_cv_env_LIBS_value=
ac_cv_env_LT_SYS_LIBRARY_PATH_set=
ac_cv_env_LT_SYS_LIBRARY_PATH_value=
ac_cv_env_PKG_CONFIG_LIBDIR_set=
ac_cv_env_PKG_CONFIG_LIBDIR_value=
ac_cv_env_PKG_CONFIG_PATH_set=
ac_cv_env_PKG_CONFIG_PATH_value=
ac_cv_env_PKG_CONFIG_set=
ac_cv_env_PKG_CONFIG_value=
ac_cv_env_VALGRIND_CFLAGS_set=
ac_cv_env_VALGRIND_CFLAGS_value=
ac_cv_env_VALGRIND_LIBS_set=
ac_cv_env_VALGRIND_LIBS_value=
ac_cv_env_build_alias_set=set
ac_cv_env_build_alias_value=x86_64-linux-gnu
ac_cv_env_host_alias_set=set
ac_cv_env_host_alias_value=arm-linux
ac_cv_env_target_alias_set=
ac_cv_env_target_alias_value=
ac_cv_func_bcopy=yes
ac_cv_func_malloc_0_nonnull=yes
ac_cv_func_memmove=yes
ac_cv_func_strerror=yes
ac_cv_header_bzlib_h=no
ac_cv_header_dirent_h=yes
ac_cv_header_dlfcn_h=yes
ac_cv_header_inttypes_h=yes
ac_cv_header_limits_h=yes
ac_cv_header_memory_h=yes
ac_cv_header_stdc=yes
ac_cv_header_stdint_h=yes
ac_cv_header_stdlib_h=yes
ac_cv_header_string_h=yes
ac_cv_header_strings_h=yes
ac_cv_header_sys_stat_h=yes
ac_cv_header_sys_types_h=yes
ac_cv_header_unistd_h=yes
ac_cv_header_windows_h=no
ac_cv_header_zlib_h=yes
ac_cv_host=arm-unknown-linux-gnu
ac_cv_lib_z_gzopen=yes
ac_cv_objext=o
ac_cv_path_EGREP='/bin/grep -E'
ac_cv_path_FGREP='/bin/grep -F'
ac_cv_path_GREP=/bin/grep
ac_cv_path_SED=/bin/sed
ac_cv_path_install='/usr/bin/install -c'
ac_cv_path_lt_DD=/bin/dd
ac_cv_path_mkdir=/bin/mkdir
ac_cv_prog_AR=arm-brcm-linux-uclibcgnueabi-ar
ac_cv_prog_AWK=gawk
ac_cv_prog_CC=arm-brcm-linux-uclibcgnueabi-gcc
ac_cv_prog_CPP='arm-brcm-linux-uclibcgnueabi-gcc -E'
ac_cv_prog_CXXCPP='arm-linux-g++ -E'
ac_cv_prog_DLLTOOL=dlltool
ac_cv_prog_OBJDUMP=objdump
ac_cv_prog_RANLIB=arm-brcm-linux-uclibcgnueabi-ranlib
ac_cv_prog_STRIP=arm-brcm-linux-uclibcgnueabi-strip
ac_cv_prog_ac_ct_MANIFEST_TOOL=mt
ac_cv_prog_cc_c89=
ac_cv_prog_cc_g=yes
ac_cv_prog_cxx_g=yes
ac_cv_prog_make_make_set=yes
ac_cv_type_size_t=yes
am_cv_CC_dependencies_compiler_type=none
am_cv_CXX_dependencies_compiler_type=none
am_cv_ar_interface=ar
am_cv_make_support_nested_variables=yes
am_cv_prog_cc_c_o=yes
lt_cv_ar_at_file=@
lt_cv_archive_cmds_need_lc=no
lt_cv_deplibs_check_method=pass_all
lt_cv_file_magic_cmd='$MAGIC_CMD'
lt_cv_file_magic_test_file=
lt_cv_ld_reload_flag=-r
lt_cv_nm_interface='BSD nm'
lt_cv_objdir=.libs
lt_cv_path_LD=arm-brcm-linux-uclibcgnueabi-ld
lt_cv_path_LDCXX=arm-brcm-linux-uclibcgnueabi-ld
lt_cv_path_NM=arm-brcm-linux-uclibcgnueabi-nm
lt_cv_path_mainfest_tool=no
lt_cv_prog_compiler_c_o=yes
lt_cv_prog_compiler_c_o_CXX=yes
lt_cv_prog_compiler_pic='-fPIC -DPIC'
lt_cv_prog_compiler_pic_CXX='-fPIC -DPIC'
lt_cv_prog_compiler_pic_works=yes
lt_cv_prog_compiler_pic_works_CXX=yes
lt_cv_prog_compiler_rtti_exceptions=no
lt_cv_prog_compiler_static_works=yes
lt_cv_prog_compiler_static_works_CXX=yes
lt_cv_prog_gnu_ld=yes
lt_cv_prog_gnu_ldcxx=yes
lt_cv_sharedlib_from_linklib_cmd='printf %s\n'
lt_cv_shlibpath_overrides_runpath=no
lt_cv_sys_global_symbol_pipe='sed -n -e '\''s/^.*[	 ]\([ABCDGIRSTW][ABCDGIRSTW]*\)[	 ][	 ]*\([_A-Za-z][_A-Za-z0-9]*\)$/\1 \2 \2/p'\'' | sed '\''/ __gnu_lto/d'\'''
lt_cv_sys_global_symbol_to_c_name_address='sed -n -e '\''s/^: \(.*\) .*$/  {"\1", (void *) 0},/p'\'' -e '\''s/^[ABCDGIRSTW][ABCDGIRSTW]* .* \(.*\)$/  {"\1", (void *) \&\1},/p'\'''
lt_cv_sys_global_symbol_to_c_name_address_lib_prefix='sed -n -e '\''s/^: \(.*\) .*$/  {"\1", (void *) 0},/p'\'' -e '\''s/^[ABCDGIRSTW][ABCDGIRSTW]* .* \(lib.*\)$/  {"\1", (void *) \&\1},/p'\'' -e '\''s/^[ABCDGIRSTW][ABCDGIRSTW]* .* \(.*\)$/  {"lib\1", (void *) \&\1},/p'\'''
lt_cv_sys_global_symbol_to_cdecl='sed -n -e '\''s/^T .* \(.*\)$/extern int \1();/p'\'' -e '\''s/^[ABCDGIRSTW][ABCDGIRSTW]* .* \(.*\)$/extern char \1;/p'\'''
lt_cv_sys_global_symbol_to_import=
lt_cv_sys_max_cmd_len=1572864
lt_cv_to_host_file_cmd=func_convert_file_noop
lt_cv_to_tool_file_cmd=func_convert_file_noop
lt_cv_truncate_bin='/bin/dd bs=4096 count=1'
pcre_cv_cc_vis_werror=yes
pcre_cv_cc_visibility=yes

## ----------------- ##
## Output variables. ##
## ----------------- ##

ACLOCAL='${SHELL} /root/advancedtomat/release/src-rt-6.x.4708/router/pcre/missing aclocal-1.14'
AMDEPBACKSLASH=''
AMDEP_FALSE=''
AMDEP_TRUE='#'
AMTAR='$${TAR-tar}'
AM_BACKSLASH='\'
AM_DEFAULT_V='$(AM_DEFAULT_VERBOSITY)'
AM_DEFAULT_VERBOSITY='0'
AM_V='$(V)'
AR='arm-brcm-linux-uclibcgnueabi-ar'
AS='arm-brcm-linux-uclibcgnueabi-as'
AUTOCONF='${SHELL} /root/advancedtomat/release/src-rt-6.x.4708/router/pcre/missing autoconf'
AUTOHEADER='${SHELL} /root/advancedtomat/release/src-rt-6.x.4708/router/pcre/missing autoheader'
AUTOMAKE='${SHELL} /root/advancedtomat/release/src-rt-6.x.4708/router/pcre/missing automake-1.14'
AWK='gawk'
CC='arm-brcm-linux-uclibcgnueabi-gcc'
CCDEPMODE='depmode=none'
CFLAGS='-Os -Wall -DLINUX26 -DCONFIG_BCMWL5 -DCONFIG_BCMWL6 -DCONFIG_BCMWL6A -DPART_JFFS2_GAP=0UL -pipe -fno-strict-aliasing -DBCMWPA2 -DBCMARM -marm  -DTCONFIG_NVRAM_64K -DLINUX_KERNEL_VERSION=132644'
CPP='arm-brcm-linux-uclibcgnueabi-gcc -E'
CPPFLAGS=''
CXX='arm-linux-g++'
CXXCPP='arm-linux-g++ -E'
CXXDEPMODE='depmode=none'
CXXFLAGS='-O2'
CYGPATH_W='echo'
DEFS='-DHAVE_CONFIG_H'
DEPDIR='.deps'
DISTCHECK_CONFIGURE_FLAGS='CFLAGS='\'''\'' CXXFLAGS='\'''\'' --enable-pcre16 --enable-pcre32 --enable-jit --enable-cpp --enable-unicode-properties'
DLLTOOL='dlltool'
DSYMUTIL=''
DUMPBIN=''
ECHO_C=''
ECHO_N='-n'
ECHO_T=''
EGREP='/bin/grep -E'
EXEEXT=''
EXTRA_LIBPCRE16_LDFLAGS='                         -version-info 2:10:2'
EXTRA_LIBPCRE32_LDFLAGS='                         -version-info 0:10:0'
EXTRA_LIBPCRECPP_LDFLAGS='                            -version-info 0:1:0                           '
EXTRA_LIBPCREPOSIX_LDFLAGS='                              -version-info 0:6:0'
EXTRA_LIBPCRE_LDFLAGS='                         -version-info 3:10:2'
FGREP='/bin/grep -F'
GCOV_CFLAGS=''
GCOV_CXXFLAGS=''
GCOV_LIBS=''
GENHTML=''
GREP='/bin/grep'
HAVE_VISIBILITY='1'
INSTALL_DATA='${INSTALL} -m 644'
INSTALL_PROGRAM='${INSTALL}'
INSTALL_SCRIPT='${INSTALL}'
INSTALL_STRIP_PROGRAM='$(install_sh) -c -s'
LCOV=''
LD='arm-brcm-linux-uclibcgnueabi-ld'
LDFLAGS=''
LIBBZ2=''
LIBOBJS=''
LIBREADLINE=''
LIBS=''
LIBTOOL='$(SHELL) $(top_builddir)/libtool'
LIBZ=''
LIPO=''
LN_S='ln -s'
LTLIBOBJS=''
LT_SYS_LIBRARY_PATH=''
MAKEINFO='${SHELL} /root/advancedtomat/release/src-rt-6.x.4708/router/pcre/missing makeinfo'
MANIFEST_TOOL=':'
MKDIR_P='/bin/mkdir -p'
NM='arm-brcm-linux-uclibcgnueabi-nm'
NMEDIT=''
OBJDUMP='objdump'
OBJEXT='o'
OTOOL64=''
OTOOL=''
PACKAGE='pcre'
PACKAGE_BUGREPORT=''
PACKAGE_NAME='PCRE'
PACKAGE_STRING='PCRE 8.42'
PACKAGE_TARNAME='pcre'
PACKAGE_URL=''
PACKAGE_VERSION='8.42'
PATH_SEPARATOR=':'
PCRE_DATE='2018-03-20'
PCRE_MAJOR='8'
PCRE_MINOR='42'
PCRE_PRERELEASE=''
PCRE_STATIC_CFLAG=''
PKG_CONFIG=''
PKG_CONFIG_LIBDIR=''
PKG_CONFIG_PATH=''
PTHREAD_CC=''
PTHREAD_CFLAGS=''
PTHREAD_LIBS=''
RANLIB='arm-brcm-linux-uclibcgnueabi-ranlib'
SED='/bin/sed'
SET_MAKE=''
SHELL='/bin/bash'
SHTOOL=''
STRIP='arm-brcm-linux-uclibcgnueabi-strip'
VALGRIND_CFLAGS=''
VALGRIND_LIBS=''
VERSION='8.42'
VISIBILITY_CFLAGS='-fvisibility=hidden'
VISIBILITY_CXXFLAGS='-fvisibility=hidden -fvisibility-inlines-hidden'
WITH_GCOV_FALSE=''
WITH_GCOV_TRUE='#'
WITH_JIT_FALSE=''
WITH_JIT_TRUE='#'
WITH_PCRE16_FALSE=''
WITH_PCRE16_TRUE='#'
WITH_PCRE32_FALSE=''
WITH_PCRE32_TRUE='#'
WITH_PCRE8_FALSE='#'
WITH_PCRE8_TRUE=''
WITH_PCRE_CPP_FALSE=''
WITH_PCRE_CPP_TRUE='#'
WITH_REBUILD_CHARTABLES_FALSE=''
WITH_REBUILD_CHARTABLES_TRUE='#'
WITH_UTF_FALSE='#'
WITH_UTF_TRUE=''
WITH_VALGRIND_FALSE=''
WITH_VALGRIND_TRUE='#'
ac_ct_AR=''
ac_ct_CC=''
ac_ct_CXX=''
ac_ct_DUMPBIN=''
am__EXEEXT_FALSE=''
am__EXEEXT_TRUE='#'
am__fastdepCC_FALSE=''
am__fastdepCC_TRUE='#'
am__fastdepCXX_FALSE=''
am__fastdepCXX_TRUE='#'
am__include='include'
am__isrc=''
am__leading_dot='.'
am__nodep=''
am__quote=''
am__tar='$${TAR-tar} chof - "$$tardir"'
am__untar='$${TAR-tar} xf -'
ax_pthread_config=''
bindir='${exec_prefix}/bin'
build='x86_64-pc-linux-gnu'
build_alias='x86_64-linux-gnu'
build_cpu='x86_64'
build_os='linux-gnu'
build_vendor='pc'
datadir='${datarootdir}'
datarootdir='${prefix}/share'
docdir='${datarootdir}/doc/${PACKAGE_TARNAME}'
dvidir='${docdir}'
enable_cpp='no'
enable_pcre16='no'
enable_pcre32='no'
enable_pcre8='yes'
exec_prefix='${prefix}'
host='arm-unknown-linux-gnu'
host_alias='arm-linux'
host_cpu='arm'
host_os='linux-gnu'
host_vendor='unknown'
htmldir='${docdir}/html'
includedir='${prefix}/include'
infodir='${datarootdir}/info'
install_sh='${SHELL} /root/advancedtomat/release/src-rt-6.x.4708/router/pcre/install-sh'
libdir='${exec_prefix}/lib'
libexecdir='${exec_prefix}/libexec'
localedir='${datarootdir}/locale'
localstatedir='${prefix}/var'
mandir='${datarootdir}/man'
mkdir_p='$(MKDIR_P)'
oldincludedir='/usr/include'
pcre_have_bits_type_traits='0'
pcre_have_long_long=''
pcre_have_type_traits='0'
pcre_have_ulong_long=''
pdfdir='${docdir}'
prefix='/usr'
program_transform_name='s,x,x,'
psdir='${docdir}'
runstatedir='${localstatedir}/run'
sbindir='${exec_prefix}/sbin'
sharedstatedir='${prefix}/com'
sysconfdir='${prefix}/etc'
target_alias=''

## ----------- ##
## confdefs.h. ##
## ----------- ##

/* confdefs.h */
#define PACKAGE_NAME "PCRE"
#define PACKAGE_TARNAME "pcre"
#define PACKAGE_VERSION "8.42"
#define PACKAGE_STRING "PCRE 8.42"
#define PACKAGE_BUGREPORT ""
#define PACKAGE_URL ""
#define PACKAGE "pcre"
#define VERSION "8.42"
#define STDC_HEADERS 1
#define HAVE_SYS_TYPES_H 1
#define HAVE_SYS_STAT_H 1
#define HAVE_STDLIB_H 1
#define HAVE_STRING_H 1
#define HAVE_MEMORY_H 1
#define HAVE_STRINGS_H 1
#define HAVE_INTTYPES_H 1
#define HAVE_STDINT_H 1
#define HAVE_UNISTD_H 1
#define HAVE_DLFCN_H 1
#define LT_OBJDIR ".libs/"
#define PCRE_EXP_DECL extern __attribute__ ((visibility ("default")))
#define PCRE_EXP_DEFN __attribute__ ((visibility ("default")))
#define PCRE_EXP_DATA_DEFN __attribute__ ((visibility ("default")))
#define PCREPOSIX_EXP_DECL extern __attribute__ ((visibility ("default")))
#define PCREPOSIX_EXP_DEFN extern __attribute__ ((visibility ("default")))
#define PCRECPP_EXP_DECL extern __attribute__ ((visibility ("default")))
#define PCRECPP_EXP_DEFN __attribute__ ((visibility ("default")))
#define HAVE_VISIBILITY 1
#define STDC_HEADERS 1
#define HAVE_LIMITS_H 1
#define HAVE_SYS_TYPES_H 1
#define HAVE_SYS_STAT_H 1
#define HAVE_DIRENT_H 1
#define HAVE_BCOPY 1
#define HAVE_MEMMOVE 1
#define HAVE_STRERROR 1
#define HAVE_ZLIB_H 1
#define SUPPORT_PCRE8 /**/
#define SUPPORT_UTF /**/
#define SUPPORT_UCP /**/
#define PCREGREP_BUFSIZE 20480
#define NEWLINE 10
#define LINK_SIZE 2
#define POSIX_MALLOC_THRESHOLD 10
#define PARENS_NEST_LIMIT 250
#define MATCH_LIMIT 10000000
#define MATCH_LIMIT_RECURSION MATCH_LIMIT
#define MAX_NAME_SIZE 32
#define MAX_NAME_COUNT 10000

configure: exit 0
