This file contains any messages produced by compilers while
running configure, to aid debugging if configure makes a mistake.

It was created by ID3 Tag configure 0.15.1b, which was
generated by GNU Autoconf 2.69.  Invocation command line was

  $ ./configure --host=arm-linux --build=x86_64-linux-gnu --enable-shared --enable-static --prefix= --disable-debugging --disable-profiling build_alias=x86_64-linux-gnu host_alias=arm-linux CC=arm-brcm-linux-uclibcgnueabi-gcc CFLAGS=-Os -Wall -DLINUX26 -DCONFIG_BCMWL5 -DCONFIG_BCMWL6 -DCONFIG_BCMWL6A -DPART_JFFS2_GAP=0UL -pipe -fno-strict-aliasing -DBCMWPA2 -DBCMARM -marm  -DTCONFIG_NVRAM_64K -DLINUX_KERNEL_VERSION=132644 -ffunction-sections -fdata-sections LDFLAGS=-L/root/advancedtomat/release/src-rt-6.x.4708/router/zlib -fPIC -ffunction-sections -fdata-sections -Wl,--gc-sections CPPFLAGS=-I/root/advancedtomat/release/src-rt-6.x.4708/router/zlib --no-create --no-recursion

## --------- ##
## Platform. ##
## --------- ##

hostname = debian
uname -m = x86_64
uname -r = 4.9.0-6-amd64
uname -s = Linux
uname -v = #1 SMP Debian 4.9.88-1+deb9u1 (2018-05-07)

/usr/bin/uname -p = unknown
/bin/uname -X     = unknown

/bin/arch              = unknown
/usr/bin/arch -k       = unknown
/usr/convex/getsysinfo = unknown
/usr/bin/hostinfo      = unknown
/bin/machine           = unknown
/usr/bin/oslevel       = unknown
/bin/universe          = unknown

PATH: /root/advancedtomat/release/tools
PATH: /usr/local/sbin
PATH: /usr/local/bin
PATH: /usr/sbin
PATH: /usr/bin
PATH: /sbin
PATH: /bin


## ----------- ##
## Core tests. ##
## ----------- ##

configure:2680: checking for a BSD-compatible install
configure:2748: result: /usr/bin/install -c
configure:2759: checking whether build environment is sane
configure:2796: result: yes
configure:2850: checking for gawk
configure:2866: found /usr/bin/gawk
configure:2877: result: gawk
configure:2888: checking whether make sets $(MAKE)
configure:2910: result: yes
configure:2987: checking for arm-linux-strip
configure:3014: result: arm-brcm-linux-uclibcgnueabi-strip
configure:3093: checking build system type
configure:3107: result: x86_64-pc-linux-gnu
configure:3127: checking host system type
configure:3140: result: arm-unknown-linux-gnu
configure:3170: checking for arm-linux-gcc
configure:3197: result: arm-brcm-linux-uclibcgnueabi-gcc
configure:3466: checking for C compiler version
configure:3475: arm-brcm-linux-uclibcgnueabi-gcc --version >&5
./configure: line 3477: arm-brcm-linux-uclibcgnueabi-gcc: command not found
configure:3486: $? = 127
configure:3475: arm-brcm-linux-uclibcgnueabi-gcc -v >&5
./configure: line 3477: arm-brcm-linux-uclibcgnueabi-gcc: command not found
configure:3486: $? = 127
configure:3475: arm-brcm-linux-uclibcgnueabi-gcc -V >&5
./configure: line 3477: arm-brcm-linux-uclibcgnueabi-gcc: command not found
configure:3486: $? = 127
configure:3475: arm-brcm-linux-uclibcgnueabi-gcc -qversion >&5
./configure: line 3477: arm-brcm-linux-uclibcgnueabi-gcc: command not found
configure:3486: $? = 127
configure:3506: checking whether the C compiler works
configure:3528: arm-brcm-linux-uclibcgnueabi-gcc -Os -Wall -DLINUX26 -DCONFIG_BCMWL5 -DCONFIG_BCMWL6 -DCONFIG_BCMWL6A -DPART_JFFS2_GAP=0UL -pipe -fno-strict-aliasing -DBCMWPA2 -DBCMARM -marm  -DTCONFIG_NVRAM_64K -DLINUX_KERNEL_VERSION=132644 -ffunction-sections -fdata-sections -I/root/advancedtomat/release/src-rt-6.x.4708/router/zlib -L/root/advancedtomat/release/src-rt-6.x.4708/router/zlib -fPIC -ffunction-sections -fdata-sections -Wl,--gc-sections conftest.c  >&5
./configure: line 3530: arm-brcm-linux-uclibcgnueabi-gcc: command not found
configure:3532: $? = 127
configure:3570: result: no
configure: failed program was:
| /* confdefs.h */
| #define PACKAGE_NAME "ID3 Tag"
| #define PACKAGE_TARNAME "libid3tag"
| #define PACKAGE_VERSION "0.15.1b"
| #define PACKAGE_STRING "ID3 Tag 0.15.1b"
| #define PACKAGE_BUGREPORT "support@underbit.com"
| #define PACKAGE_URL ""
| #define PACKAGE "libid3tag"
| #define VERSION "0.15.1b"
| /* end confdefs.h.  */
| 
| int
| main ()
| {
| 
|   ;
|   return 0;
| }
configure:3575: error: in `/root/advancedtomat/release/src-rt-6.x.4708/router/libid3tag':
configure:3577: error: C compiler cannot create executables
See `config.log' for more details

## ---------------- ##
## Cache variables. ##
## ---------------- ##

ac_cv_build=x86_64-pc-linux-gnu
ac_cv_env_CCC_set=
ac_cv_env_CCC_value=
ac_cv_env_CC_set=set
ac_cv_env_CC_value=arm-brcm-linux-uclibcgnueabi-gcc
ac_cv_env_CFLAGS_set=set
ac_cv_env_CFLAGS_value='-Os -Wall -DLINUX26 -DCONFIG_BCMWL5 -DCONFIG_BCMWL6 -DCONFIG_BCMWL6A -DPART_JFFS2_GAP=0UL -pipe -fno-strict-aliasing -DBCMWPA2 -DBCMARM -marm  -DTCONFIG_NVRAM_64K -DLINUX_KERNEL_VERSION=132644 -ffunction-sections -fdata-sections'
ac_cv_env_CPPFLAGS_set=set
ac_cv_env_CPPFLAGS_value=-I/root/advancedtomat/release/src-rt-6.x.4708/router/zlib
ac_cv_env_CPP_set=
ac_cv_env_CPP_value=
ac_cv_env_CXXCPP_set=
ac_cv_env_CXXCPP_value=
ac_cv_env_CXXFLAGS_set=
ac_cv_env_CXXFLAGS_value=
ac_cv_env_CXX_set=
ac_cv_env_CXX_value=
ac_cv_env_F77_set=
ac_cv_env_F77_value=
ac_cv_env_FFLAGS_set=
ac_cv_env_FFLAGS_value=
ac_cv_env_LDFLAGS_set=set
ac_cv_env_LDFLAGS_value='-L/root/advancedtomat/release/src-rt-6.x.4708/router/zlib -fPIC -ffunction-sections -fdata-sections -Wl,--gc-sections'
ac_cv_env_LIBS_set=
ac_cv_env_LIBS_value=
ac_cv_env_build_alias_set=set
ac_cv_env_build_alias_value=x86_64-linux-gnu
ac_cv_env_host_alias_set=set
ac_cv_env_host_alias_value=arm-linux
ac_cv_env_target_alias_set=
ac_cv_env_target_alias_value=
ac_cv_func_malloc_0_nonnull=yes
ac_cv_host=arm-unknown-linux-gnu
ac_cv_path_install='/usr/bin/install -c'
ac_cv_prog_AWK=gawk
ac_cv_prog_CC=arm-brcm-linux-uclibcgnueabi-gcc
ac_cv_prog_STRIP=arm-brcm-linux-uclibcgnueabi-strip
ac_cv_prog_make_make_set=yes

## ----------------- ##
## Output variables. ##
## ----------------- ##

ACLOCAL='${SHELL} /root/advancedtomat/release/src-rt-6.x.4708/router/libid3tag/missing --run aclocal-1.8'
AMDEPBACKSLASH=''
AMDEP_FALSE=''
AMDEP_TRUE=''
AMTAR='${SHELL} /root/advancedtomat/release/src-rt-6.x.4708/router/libid3tag/missing --run tar'
AR='arm-brcm-linux-uclibcgnueabi-ar'
AUTOCONF='${SHELL} /root/advancedtomat/release/src-rt-6.x.4708/router/libid3tag/missing --run autoconf'
AUTOHEADER='${SHELL} /root/advancedtomat/release/src-rt-6.x.4708/router/libid3tag/missing --run autoheader'
AUTOMAKE='${SHELL} /root/advancedtomat/release/src-rt-6.x.4708/router/libid3tag/missing --run automake-1.8'
AWK='gawk'
CC='arm-brcm-linux-uclibcgnueabi-gcc'
CCDEPMODE=''
CFLAGS='-Os -Wall -DLINUX26 -DCONFIG_BCMWL5 -DCONFIG_BCMWL6 -DCONFIG_BCMWL6A -DPART_JFFS2_GAP=0UL -pipe -fno-strict-aliasing -DBCMWPA2 -DBCMARM -marm  -DTCONFIG_NVRAM_64K -DLINUX_KERNEL_VERSION=132644 -ffunction-sections -fdata-sections'
CPP=''
CPPFLAGS='-I/root/advancedtomat/release/src-rt-6.x.4708/router/zlib'
CXX=''
CXXCPP=''
CXXDEPMODE=''
CXXFLAGS=''
CYGPATH_W='echo'
DEBUG_FALSE=''
DEBUG_TRUE=''
DEFS=''
DEPDIR=''
ECHO='echo'
ECHO_C=''
ECHO_N='-n'
ECHO_T=''
EGREP=''
EXEEXT=''
F77=''
FFLAGS=''
GREP=''
INSTALL_DATA='${INSTALL} -m 644'
INSTALL_PROGRAM='${INSTALL}'
INSTALL_SCRIPT='${INSTALL}'
INSTALL_STRIP_PROGRAM='${SHELL} $(install_sh) -c -s'
LDFLAGS='-L/root/advancedtomat/release/src-rt-6.x.4708/router/zlib -fPIC -ffunction-sections -fdata-sections -Wl,--gc-sections'
LIBOBJS=''
LIBS=''
LIBTOOL=''
LIBTOOL_DEPS=''
LN_S=''
LTLIBOBJS=''
MAKEINFO='${SHELL} /root/advancedtomat/release/src-rt-6.x.4708/router/libid3tag/missing --run makeinfo'
OBJEXT=''
PACKAGE='libid3tag'
PACKAGE_BUGREPORT='support@underbit.com'
PACKAGE_NAME='ID3 Tag'
PACKAGE_STRING='ID3 Tag 0.15.1b'
PACKAGE_TARNAME='libid3tag'
PACKAGE_URL=''
PACKAGE_VERSION='0.15.1b'
PATH_SEPARATOR=':'
RANLIB='arm-brcm-linux-uclibcgnueabi-ranlib'
SET_MAKE=''
SHELL='/bin/bash'
STRIP='arm-brcm-linux-uclibcgnueabi-strip'
VERSION='0.15.1b'
ac_ct_CC=''
ac_ct_CXX=''
ac_ct_F77=''
am__fastdepCC_FALSE=''
am__fastdepCC_TRUE=''
am__fastdepCXX_FALSE=''
am__fastdepCXX_TRUE=''
am__include=''
am__leading_dot='.'
am__quote=''
bindir='${exec_prefix}/bin'
build='x86_64-pc-linux-gnu'
build_alias='x86_64-linux-gnu'
build_cpu='x86_64'
build_os='linux-gnu'
build_vendor='pc'
datadir='${datarootdir}'
datarootdir='${prefix}/share'
docdir='${datarootdir}/doc/${PACKAGE_TARNAME}'
dvidir='${docdir}'
exec_prefix='NONE'
host='arm-unknown-linux-gnu'
host_alias='arm-linux'
host_cpu='arm'
host_os='linux-gnu'
host_vendor='unknown'
htmldir='${docdir}'
includedir='${prefix}/include'
infodir='${datarootdir}/info'
install_sh='/root/advancedtomat/release/src-rt-6.x.4708/router/libid3tag/install-sh'
libdir='${exec_prefix}/lib'
libexecdir='${exec_prefix}/libexec'
localedir='${datarootdir}/locale'
localstatedir='${prefix}/var'
mandir='${datarootdir}/man'
mkdir_p='mkdir -p -- .'
oldincludedir='/usr/include'
pdfdir='${docdir}'
prefix=''
program_transform_name='s,x,x,'
psdir='${docdir}'
runstatedir='${localstatedir}/run'
sbindir='${exec_prefix}/sbin'
sharedstatedir='${prefix}/com'
sysconfdir='${prefix}/etc'
target_alias=''

## ----------- ##
## confdefs.h. ##
## ----------- ##

/* confdefs.h */
#define PACKAGE_NAME "ID3 Tag"
#define PACKAGE_TARNAME "libid3tag"
#define PACKAGE_VERSION "0.15.1b"
#define PACKAGE_STRING "ID3 Tag 0.15.1b"
#define PACKAGE_BUGREPORT "support@underbit.com"
#define PACKAGE_URL ""
#define PACKAGE "libid3tag"
#define VERSION "0.15.1b"

configure: exit 77
