This file contains any messages produced by compilers while
running configure, to aid debugging if configure makes a mistake.

It was created by libvorbis configure 1.3.6, which was
generated by GNU Autoconf 2.69.  Invocation command line was

  $ ./configure --host=arm-linux --build=x86_64-linux-gnu --enable-shared --enable-static --prefix= --disable-oggtest --with-ogg-includes=/root/advancedtomat/release/src-rt-6.x.4708/router/libogg/include --with-ogg-libraries=/root/advancedtomat/release/src-rt-6.x.4708/router/libogg/src/.libs

## --------- ##
## Platform. ##
## --------- ##

hostname = debian
uname -m = x86_64
uname -r = 4.9.0-6-amd64
uname -s = Linux
uname -v = #1 SMP Debian 4.9.88-1+deb9u1 (2018-05-07)

/usr/bin/uname -p = unknown
/bin/uname -X     = unknown

/bin/arch              = unknown
/usr/bin/arch -k       = unknown
/usr/convex/getsysinfo = unknown
/usr/bin/hostinfo      = unknown
/bin/machine           = unknown
/usr/bin/oslevel       = unknown
/bin/universe          = unknown

PATH: /root/advancedtomat/release/tools
PATH: /root/advancedtomat/release/tools
PATH: /root/advancedtomat/release/tools
PATH: /root/advancedtomat/release/tools
PATH: /usr/local/sbin
PATH: /usr/local/bin
PATH: /usr/sbin
PATH: /usr/bin
PATH: /sbin
PATH: /bin
PATH: /root/advancedtomat/release/src-rt-6.x.4708/toolchains/hndtools-arm-linux-2.6.36-uclibc-4.5.3/bin
PATH: /sbin
PATH: /root/advancedtomato/release/src-rt-6.x.4708/toolchains/hndtools-arm-linux-2.6.36-uclibc-4.5.3/bin
PATH: /sbin


## ----------- ##
## Core tests. ##
## ----------- ##

configure:2367: checking build system type
configure:2381: result: x86_64-pc-linux-gnu
configure:2401: checking host system type
configure:2414: result: arm-unknown-linux-gnu
configure:2434: checking target system type
configure:2447: result: arm-unknown-linux-gnu
configure:2490: checking for a BSD-compatible install
configure:2558: result: /usr/bin/install -c
configure:2569: checking whether build environment is sane
configure:2624: result: yes
configure:2683: checking for arm-linux-strip
configure:2710: result: arm-brcm-linux-uclibcgnueabi-strip
configure:2775: checking for a thread-safe mkdir -p
configure:2814: result: /bin/mkdir -p
configure:2821: checking for gawk
configure:2837: found /usr/bin/gawk
configure:2848: result: gawk
configure:2859: checking whether make sets $(MAKE)
configure:2881: result: yes
configure:2910: checking whether make supports nested variables
configure:2927: result: yes
configure:3054: checking whether to enable maintainer-specific portions of Makefiles
configure:3063: result: no
configure:3091: checking whether make supports nested variables
configure:3108: result: yes
configure:3153: checking for arm-linux-gcc
configure:3180: result: arm-brcm-linux-uclibcgnueabi-gcc
configure:3449: checking for C compiler version
configure:3458: arm-brcm-linux-uclibcgnueabi-gcc --version >&5
arm-brcm-linux-uclibcgnueabi-gcc (Buildroot 2012.02) 4.5.3
Copyright (C) 2010 Free Software Foundation, Inc.
This is free software; see the source for copying conditions.  There is NO
warranty; not even for MERCHANTABILITY or FITNESS FOR A PARTICULAR PURPOSE.

configure:3469: $? = 0
configure:3458: arm-brcm-linux-uclibcgnueabi-gcc -v >&5
Using built-in specs.
COLLECT_GCC=arm-brcm-linux-uclibcgnueabi-gcc
COLLECT_LTO_WRAPPER=/root/advancedtomat/release/src-rt-6.x.4708/toolchains/hndtools-arm-linux-2.6.36-uclibc-4.5.3/bin/../libexec/gcc/arm-brcm-linux-uclibcgnueabi/4.5.3/lto-wrapper
Target: arm-brcm-linux-uclibcgnueabi
Configured with: /projects/toolchains_build/buildroot-2012.02-brcm/output/toolchain/gcc-4.5.3/configure --prefix=/projects/hnd/tools/linux/hndtools-arm-linux-2.6.36-uclibc-4.5.3 --build=i686-pc-linux-gnu --host=i686-pc-linux-gnu --target=arm-brcm-linux-uclibcgnueabi --enable-languages=c,c++ --with-sysroot=/projects/hnd/tools/linux/hndtools-arm-linux-2.6.36-uclibc-4.5.3/arm-brcm-linux-uclibcgnueabi/sysroot --with-build-time-tools=/projects/hnd/tools/linux/hndtools-arm-linux-2.6.36-uclibc-4.5.3/arm-brcm-linux-uclibcgnueabi/bin --disable-__cxa_atexit --enable-target-optspace --disable-libgomp --with-gnu-ld --disable-libssp --disable-multilib --disable-tls --enable-shared --with-gmp=/projects/hnd/tools/linux/hndtools-arm-linux-2.6.36-uclibc-4.5.3 --with-mpfr=/projects/hnd/tools/linux/hndtools-arm-linux-2.6.36-uclibc-4.5.3 --with-mpc=/projects/hnd/tools/linux/hndtools-arm-linux-2.6.36-uclibc-4.5.3 --enable-threads --disable-decimal-float --with-float=soft --with-abi=aapcs-linux --with-arch=armv7-a --with-tune=cortex-a9 --with-pkgversion='Buildroot 2012.02' --with-bugurl=http://bugs.buildroot.net/
Thread model: posix
gcc version 4.5.3 (Buildroot 2012.02) 
configure:3469: $? = 0
configure:3458: arm-brcm-linux-uclibcgnueabi-gcc -V >&5
arm-brcm-linux-uclibcgnueabi-gcc: '-V' option must have argument
configure:3469: $? = 1
configure:3458: arm-brcm-linux-uclibcgnueabi-gcc -qversion >&5
arm-brcm-linux-uclibcgnueabi-gcc: unrecognized option '-qversion'
arm-brcm-linux-uclibcgnueabi-gcc: no input files
configure:3469: $? = 1
configure:3489: checking whether the C compiler works
configure:3511: arm-brcm-linux-uclibcgnueabi-gcc -Os -Wall -DLINUX26 -DCONFIG_BCMWL5 -DCONFIG_BCMWL6 -DCONFIG_BCMWL6A -DPART_JFFS2_GAP=0UL -pipe -fno-strict-aliasing -DBCMWPA2 -DBCMARM -marm  -DTCONFIG_NVRAM_64K -DLINUX_KERNEL_VERSION=132644 -fPIC -ffunction-sections -fdata-sections -I/root/advancedtomat/release/src-rt-6.x.4708/router/libogg/include -L/root/advancedtomat/release/src-rt-6.x.4708/router/libogg/src/.libs -fPIC -ffunction-sections -fdata-sections -Wl,--gc-sections conftest.c  >&5
configure:3515: $? = 0
configure:3563: result: yes
configure:3566: checking for C compiler default output file name
configure:3568: result: a.out
configure:3574: checking for suffix of executables
configure:3581: arm-brcm-linux-uclibcgnueabi-gcc -o conftest -Os -Wall -DLINUX26 -DCONFIG_BCMWL5 -DCONFIG_BCMWL6 -DCONFIG_BCMWL6A -DPART_JFFS2_GAP=0UL -pipe -fno-strict-aliasing -DBCMWPA2 -DBCMARM -marm  -DTCONFIG_NVRAM_64K -DLINUX_KERNEL_VERSION=132644 -fPIC -ffunction-sections -fdata-sections -I/root/advancedtomat/release/src-rt-6.x.4708/router/libogg/include -L/root/advancedtomat/release/src-rt-6.x.4708/router/libogg/src/.libs -fPIC -ffunction-sections -fdata-sections -Wl,--gc-sections conftest.c  >&5
configure:3585: $? = 0
configure:3607: result: 
configure:3629: checking whether we are cross compiling
configure:3667: result: yes
configure:3672: checking for suffix of object files
configure:3694: arm-brcm-linux-uclibcgnueabi-gcc -c -Os -Wall -DLINUX26 -DCONFIG_BCMWL5 -DCONFIG_BCMWL6 -DCONFIG_BCMWL6A -DPART_JFFS2_GAP=0UL -pipe -fno-strict-aliasing -DBCMWPA2 -DBCMARM -marm  -DTCONFIG_NVRAM_64K -DLINUX_KERNEL_VERSION=132644 -fPIC -ffunction-sections -fdata-sections -I/root/advancedtomat/release/src-rt-6.x.4708/router/libogg/include conftest.c >&5
configure:3698: $? = 0
configure:3719: result: o
configure:3723: checking whether we are using the GNU C compiler
configure:3742: arm-brcm-linux-uclibcgnueabi-gcc -c -Os -Wall -DLINUX26 -DCONFIG_BCMWL5 -DCONFIG_BCMWL6 -DCONFIG_BCMWL6A -DPART_JFFS2_GAP=0UL -pipe -fno-strict-aliasing -DBCMWPA2 -DBCMARM -marm  -DTCONFIG_NVRAM_64K -DLINUX_KERNEL_VERSION=132644 -fPIC -ffunction-sections -fdata-sections -I/root/advancedtomat/release/src-rt-6.x.4708/router/libogg/include conftest.c >&5
configure:3742: $? = 0
configure:3751: result: yes
configure:3760: checking whether arm-brcm-linux-uclibcgnueabi-gcc accepts -g
configure:3780: arm-brcm-linux-uclibcgnueabi-gcc -c -g -I/root/advancedtomat/release/src-rt-6.x.4708/router/libogg/include conftest.c >&5
configure:3780: $? = 0
configure:3821: result: yes
configure:3838: checking for arm-brcm-linux-uclibcgnueabi-gcc option to accept ISO C89
configure:3901: arm-brcm-linux-uclibcgnueabi-gcc  -c -Os -Wall -DLINUX26 -DCONFIG_BCMWL5 -DCONFIG_BCMWL6 -DCONFIG_BCMWL6A -DPART_JFFS2_GAP=0UL -pipe -fno-strict-aliasing -DBCMWPA2 -DBCMARM -marm  -DTCONFIG_NVRAM_64K -DLINUX_KERNEL_VERSION=132644 -fPIC -ffunction-sections -fdata-sections -I/root/advancedtomat/release/src-rt-6.x.4708/router/libogg/include conftest.c >&5
configure:3901: $? = 0
configure:3914: result: none needed
configure:3939: checking whether arm-brcm-linux-uclibcgnueabi-gcc understands -c and -o together
configure:3961: arm-brcm-linux-uclibcgnueabi-gcc -c conftest.c -o conftest2.o
configure:3964: $? = 0
configure:3961: arm-brcm-linux-uclibcgnueabi-gcc -c conftest.c -o conftest2.o
configure:3964: $? = 0
configure:3976: result: yes
configure:4004: checking for style of include used by make
configure:4032: result: GNU
configure:4058: checking dependency style of arm-brcm-linux-uclibcgnueabi-gcc
configure:4169: result: gcc3
configure:4189: checking how to run the C preprocessor
configure:4220: arm-brcm-linux-uclibcgnueabi-gcc -E -I/root/advancedtomat/release/src-rt-6.x.4708/router/libogg/include conftest.c
configure:4220: $? = 0
configure:4234: arm-brcm-linux-uclibcgnueabi-gcc -E -I/root/advancedtomat/release/src-rt-6.x.4708/router/libogg/include conftest.c
conftest.c:11:28: fatal error: ac_nonexistent.h: No such file or directory
compilation terminated.
configure:4234: $? = 1
configure: failed program was:
| /* confdefs.h */
| #define PACKAGE_NAME "libvorbis"
| #define PACKAGE_TARNAME "libvorbis"
| #define PACKAGE_VERSION "1.3.6"
| #define PACKAGE_STRING "libvorbis 1.3.6"
| #define PACKAGE_BUGREPORT "vorbis-dev@xiph.org"
| #define PACKAGE_URL ""
| #define PACKAGE "libvorbis"
| #define VERSION "1.3.6"
| /* end confdefs.h.  */
| #include <ac_nonexistent.h>
configure:4259: result: arm-brcm-linux-uclibcgnueabi-gcc -E
configure:4279: arm-brcm-linux-uclibcgnueabi-gcc -E -I/root/advancedtomat/release/src-rt-6.x.4708/router/libogg/include conftest.c
configure:4279: $? = 0
configure:4293: arm-brcm-linux-uclibcgnueabi-gcc -E -I/root/advancedtomat/release/src-rt-6.x.4708/router/libogg/include conftest.c
conftest.c:11:28: fatal error: ac_nonexistent.h: No such file or directory
compilation terminated.
configure:4293: $? = 1
configure: failed program was:
| /* confdefs.h */
| #define PACKAGE_NAME "libvorbis"
| #define PACKAGE_TARNAME "libvorbis"
| #define PACKAGE_VERSION "1.3.6"
| #define PACKAGE_STRING "libvorbis 1.3.6"
| #define PACKAGE_BUGREPORT "vorbis-dev@xiph.org"
| #define PACKAGE_URL ""
| #define PACKAGE "libvorbis"
| #define VERSION "1.3.6"
| /* end confdefs.h.  */
| #include <ac_nonexistent.h>
configure:4324: checking for inline
configure:4340: arm-brcm-linux-uclibcgnueabi-gcc -c -Os -Wall -DLINUX26 -DCONFIG_BCMWL5 -DCONFIG_BCMWL6 -DCONFIG_BCMWL6A -DPART_JFFS2_GAP=0UL -pipe -fno-strict-aliasing -DBCMWPA2 -DBCMARM -marm  -DTCONFIG_NVRAM_64K -DLINUX_KERNEL_VERSION=132644 -fPIC -ffunction-sections -fdata-sections -I/root/advancedtomat/release/src-rt-6.x.4708/router/libogg/include conftest.c >&5
configure:4340: $? = 0
configure:4348: result: inline
configure:4716: checking how to print strings
configure:4743: result: printf
configure:4764: checking for a sed that does not truncate output
configure:4828: result: /bin/sed
configure:4846: checking for grep that handles long lines and -e
configure:4904: result: /bin/grep
configure:4909: checking for egrep
configure:4971: result: /bin/grep -E
configure:4976: checking for fgrep
configure:5038: result: /bin/grep -F
configure:5073: checking for ld used by arm-brcm-linux-uclibcgnueabi-gcc
configure:5140: result: arm-brcm-linux-uclibcgnueabi-ld
configure:5147: checking if the linker (arm-brcm-linux-uclibcgnueabi-ld) is GNU ld
configure:5162: result: yes
configure:5174: checking for BSD- or MS-compatible name lister (nm)
configure:5228: result: arm-brcm-linux-uclibcgnueabi-nm
configure:5358: checking the name lister (arm-brcm-linux-uclibcgnueabi-nm) interface
configure:5365: arm-brcm-linux-uclibcgnueabi-gcc -c -Os -Wall -DLINUX26 -DCONFIG_BCMWL5 -DCONFIG_BCMWL6 -DCONFIG_BCMWL6A -DPART_JFFS2_GAP=0UL -pipe -fno-strict-aliasing -DBCMWPA2 -DBCMARM -marm  -DTCONFIG_NVRAM_64K -DLINUX_KERNEL_VERSION=132644 -fPIC -ffunction-sections -fdata-sections -I/root/advancedtomat/release/src-rt-6.x.4708/router/libogg/include conftest.c >&5
configure:5368: arm-brcm-linux-uclibcgnueabi-nm "conftest.o"
configure:5371: output
00000000 B some_variable
configure:5378: result: BSD nm
configure:5381: checking whether ln -s works
configure:5385: result: yes
configure:5393: checking the maximum length of command line arguments
configure:5524: result: 1572864
configure:5572: checking how to convert x86_64-pc-linux-gnu file names to arm-unknown-linux-gnu format
configure:5612: result: func_convert_file_noop
configure:5619: checking how to convert x86_64-pc-linux-gnu file names to toolchain format
configure:5639: result: func_convert_file_noop
configure:5646: checking for arm-brcm-linux-uclibcgnueabi-ld option to reload object files
configure:5653: result: -r
configure:5687: checking for arm-linux-objdump
configure:5714: result: objdump
configure:5783: checking how to recognize dependent libraries
configure:5983: result: pass_all
configure:6028: checking for arm-linux-dlltool
configure:6055: result: dlltool
configure:6125: checking how to associate runtime and link libraries
configure:6152: result: printf %s\n
configure:6168: checking for arm-linux-ar
configure:6195: result: arm-brcm-linux-uclibcgnueabi-ar
configure:6276: checking for archiver @FILE support
configure:6293: arm-brcm-linux-uclibcgnueabi-gcc -c -Os -Wall -DLINUX26 -DCONFIG_BCMWL5 -DCONFIG_BCMWL6 -DCONFIG_BCMWL6A -DPART_JFFS2_GAP=0UL -pipe -fno-strict-aliasing -DBCMWPA2 -DBCMARM -marm  -DTCONFIG_NVRAM_64K -DLINUX_KERNEL_VERSION=132644 -fPIC -ffunction-sections -fdata-sections -I/root/advancedtomat/release/src-rt-6.x.4708/router/libogg/include conftest.c >&5
configure:6293: $? = 0
configure:6296: arm-brcm-linux-uclibcgnueabi-ar cru libconftest.a @conftest.lst >&5
configure:6299: $? = 0
configure:6304: arm-brcm-linux-uclibcgnueabi-ar cru libconftest.a @conftest.lst >&5
arm-brcm-linux-uclibcgnueabi-ar: conftest.o: No such file or directory
configure:6307: $? = 1
configure:6319: result: @
configure:6337: checking for arm-linux-strip
configure:6364: result: arm-brcm-linux-uclibcgnueabi-strip
configure:6436: checking for arm-linux-ranlib
configure:6463: result: arm-brcm-linux-uclibcgnueabi-ranlib
configure:6605: checking command to parse arm-brcm-linux-uclibcgnueabi-nm output from arm-brcm-linux-uclibcgnueabi-gcc object
configure:6758: arm-brcm-linux-uclibcgnueabi-gcc -c -Os -Wall -DLINUX26 -DCONFIG_BCMWL5 -DCONFIG_BCMWL6 -DCONFIG_BCMWL6A -DPART_JFFS2_GAP=0UL -pipe -fno-strict-aliasing -DBCMWPA2 -DBCMARM -marm  -DTCONFIG_NVRAM_64K -DLINUX_KERNEL_VERSION=132644 -fPIC -ffunction-sections -fdata-sections -I/root/advancedtomat/release/src-rt-6.x.4708/router/libogg/include conftest.c >&5
configure:6761: $? = 0
configure:6765: arm-brcm-linux-uclibcgnueabi-nm conftest.o \| sed -n -e 's/^.*[ ]\([ABCDGIRSTW][ABCDGIRSTW]*\)[ ][ ]*\([_A-Za-z][_A-Za-z0-9]*\)$/\1 \2 \2/p' | sed '/ __gnu_lto/d' \> conftest.nm
configure:6768: $? = 0
configure:6834: arm-brcm-linux-uclibcgnueabi-gcc -o conftest -Os -Wall -DLINUX26 -DCONFIG_BCMWL5 -DCONFIG_BCMWL6 -DCONFIG_BCMWL6A -DPART_JFFS2_GAP=0UL -pipe -fno-strict-aliasing -DBCMWPA2 -DBCMARM -marm  -DTCONFIG_NVRAM_64K -DLINUX_KERNEL_VERSION=132644 -fPIC -ffunction-sections -fdata-sections -I/root/advancedtomat/release/src-rt-6.x.4708/router/libogg/include -L/root/advancedtomat/release/src-rt-6.x.4708/router/libogg/src/.libs -fPIC -ffunction-sections -fdata-sections -Wl,--gc-sections conftest.c conftstm.o >&5
configure:6837: $? = 0
configure:6875: result: ok
configure:6922: checking for sysroot
configure:6952: result: no
configure:6959: checking for a working dd
configure:6997: result: /bin/dd
configure:7001: checking how to truncate binary pipes
configure:7016: result: /bin/dd bs=4096 count=1
configure:7305: checking for arm-linux-mt
configure:7335: result: no
configure:7345: checking for mt
configure:7361: found /bin/mt
configure:7372: result: mt
configure:7384: WARNING: using cross tools not prefixed with host triplet
configure:7395: checking if mt is a manifest tool
configure:7401: mt '-?'
configure:7409: result: no
configure:8082: checking for ANSI C header files
configure:8102: arm-brcm-linux-uclibcgnueabi-gcc -c -Os -Wall -DLINUX26 -DCONFIG_BCMWL5 -DCONFIG_BCMWL6 -DCONFIG_BCMWL6A -DPART_JFFS2_GAP=0UL -pipe -fno-strict-aliasing -DBCMWPA2 -DBCMARM -marm  -DTCONFIG_NVRAM_64K -DLINUX_KERNEL_VERSION=132644 -fPIC -ffunction-sections -fdata-sections -I/root/advancedtomat/release/src-rt-6.x.4708/router/libogg/include conftest.c >&5
configure:8102: $? = 0
configure:8186: result: yes
configure:8199: checking for sys/types.h
configure:8199: arm-brcm-linux-uclibcgnueabi-gcc -c -Os -Wall -DLINUX26 -DCONFIG_BCMWL5 -DCONFIG_BCMWL6 -DCONFIG_BCMWL6A -DPART_JFFS2_GAP=0UL -pipe -fno-strict-aliasing -DBCMWPA2 -DBCMARM -marm  -DTCONFIG_NVRAM_64K -DLINUX_KERNEL_VERSION=132644 -fPIC -ffunction-sections -fdata-sections -I/root/advancedtomat/release/src-rt-6.x.4708/router/libogg/include conftest.c >&5
configure:8199: $? = 0
configure:8199: result: yes
configure:8199: checking for sys/stat.h
configure:8199: arm-brcm-linux-uclibcgnueabi-gcc -c -Os -Wall -DLINUX26 -DCONFIG_BCMWL5 -DCONFIG_BCMWL6 -DCONFIG_BCMWL6A -DPART_JFFS2_GAP=0UL -pipe -fno-strict-aliasing -DBCMWPA2 -DBCMARM -marm  -DTCONFIG_NVRAM_64K -DLINUX_KERNEL_VERSION=132644 -fPIC -ffunction-sections -fdata-sections -I/root/advancedtomat/release/src-rt-6.x.4708/router/libogg/include conftest.c >&5
configure:8199: $? = 0
configure:8199: result: yes
configure:8199: checking for stdlib.h
configure:8199: arm-brcm-linux-uclibcgnueabi-gcc -c -Os -Wall -DLINUX26 -DCONFIG_BCMWL5 -DCONFIG_BCMWL6 -DCONFIG_BCMWL6A -DPART_JFFS2_GAP=0UL -pipe -fno-strict-aliasing -DBCMWPA2 -DBCMARM -marm  -DTCONFIG_NVRAM_64K -DLINUX_KERNEL_VERSION=132644 -fPIC -ffunction-sections -fdata-sections -I/root/advancedtomat/release/src-rt-6.x.4708/router/libogg/include conftest.c >&5
configure:8199: $? = 0
configure:8199: result: yes
configure:8199: checking for string.h
configure:8199: arm-brcm-linux-uclibcgnueabi-gcc -c -Os -Wall -DLINUX26 -DCONFIG_BCMWL5 -DCONFIG_BCMWL6 -DCONFIG_BCMWL6A -DPART_JFFS2_GAP=0UL -pipe -fno-strict-aliasing -DBCMWPA2 -DBCMARM -marm  -DTCONFIG_NVRAM_64K -DLINUX_KERNEL_VERSION=132644 -fPIC -ffunction-sections -fdata-sections -I/root/advancedtomat/release/src-rt-6.x.4708/router/libogg/include conftest.c >&5
configure:8199: $? = 0
configure:8199: result: yes
configure:8199: checking for memory.h
configure:8199: arm-brcm-linux-uclibcgnueabi-gcc -c -Os -Wall -DLINUX26 -DCONFIG_BCMWL5 -DCONFIG_BCMWL6 -DCONFIG_BCMWL6A -DPART_JFFS2_GAP=0UL -pipe -fno-strict-aliasing -DBCMWPA2 -DBCMARM -marm  -DTCONFIG_NVRAM_64K -DLINUX_KERNEL_VERSION=132644 -fPIC -ffunction-sections -fdata-sections -I/root/advancedtomat/release/src-rt-6.x.4708/router/libogg/include conftest.c >&5
configure:8199: $? = 0
configure:8199: result: yes
configure:8199: checking for strings.h
configure:8199: arm-brcm-linux-uclibcgnueabi-gcc -c -Os -Wall -DLINUX26 -DCONFIG_BCMWL5 -DCONFIG_BCMWL6 -DCONFIG_BCMWL6A -DPART_JFFS2_GAP=0UL -pipe -fno-strict-aliasing -DBCMWPA2 -DBCMARM -marm  -DTCONFIG_NVRAM_64K -DLINUX_KERNEL_VERSION=132644 -fPIC -ffunction-sections -fdata-sections -I/root/advancedtomat/release/src-rt-6.x.4708/router/libogg/include conftest.c >&5
configure:8199: $? = 0
configure:8199: result: yes
configure:8199: checking for inttypes.h
configure:8199: arm-brcm-linux-uclibcgnueabi-gcc -c -Os -Wall -DLINUX26 -DCONFIG_BCMWL5 -DCONFIG_BCMWL6 -DCONFIG_BCMWL6A -DPART_JFFS2_GAP=0UL -pipe -fno-strict-aliasing -DBCMWPA2 -DBCMARM -marm  -DTCONFIG_NVRAM_64K -DLINUX_KERNEL_VERSION=132644 -fPIC -ffunction-sections -fdata-sections -I/root/advancedtomat/release/src-rt-6.x.4708/router/libogg/include conftest.c >&5
configure:8199: $? = 0
configure:8199: result: yes
configure:8199: checking for stdint.h
configure:8199: arm-brcm-linux-uclibcgnueabi-gcc -c -Os -Wall -DLINUX26 -DCONFIG_BCMWL5 -DCONFIG_BCMWL6 -DCONFIG_BCMWL6A -DPART_JFFS2_GAP=0UL -pipe -fno-strict-aliasing -DBCMWPA2 -DBCMARM -marm  -DTCONFIG_NVRAM_64K -DLINUX_KERNEL_VERSION=132644 -fPIC -ffunction-sections -fdata-sections -I/root/advancedtomat/release/src-rt-6.x.4708/router/libogg/include conftest.c >&5
configure:8199: $? = 0
configure:8199: result: yes
configure:8199: checking for unistd.h
configure:8199: arm-brcm-linux-uclibcgnueabi-gcc -c -Os -Wall -DLINUX26 -DCONFIG_BCMWL5 -DCONFIG_BCMWL6 -DCONFIG_BCMWL6A -DPART_JFFS2_GAP=0UL -pipe -fno-strict-aliasing -DBCMWPA2 -DBCMARM -marm  -DTCONFIG_NVRAM_64K -DLINUX_KERNEL_VERSION=132644 -fPIC -ffunction-sections -fdata-sections -I/root/advancedtomat/release/src-rt-6.x.4708/router/libogg/include conftest.c >&5
configure:8199: $? = 0
configure:8199: result: yes
configure:8213: checking for dlfcn.h
configure:8213: arm-brcm-linux-uclibcgnueabi-gcc -c -Os -Wall -DLINUX26 -DCONFIG_BCMWL5 -DCONFIG_BCMWL6 -DCONFIG_BCMWL6A -DPART_JFFS2_GAP=0UL -pipe -fno-strict-aliasing -DBCMWPA2 -DBCMARM -marm  -DTCONFIG_NVRAM_64K -DLINUX_KERNEL_VERSION=132644 -fPIC -ffunction-sections -fdata-sections -I/root/advancedtomat/release/src-rt-6.x.4708/router/libogg/include conftest.c >&5
configure:8213: $? = 0
configure:8213: result: yes
configure:8467: checking for objdir
configure:8482: result: .libs
configure:8746: checking if arm-brcm-linux-uclibcgnueabi-gcc supports -fno-rtti -fno-exceptions
configure:8764: arm-brcm-linux-uclibcgnueabi-gcc -c -Os -Wall -DLINUX26 -DCONFIG_BCMWL5 -DCONFIG_BCMWL6 -DCONFIG_BCMWL6A -DPART_JFFS2_GAP=0UL -pipe -fno-strict-aliasing -DBCMWPA2 -DBCMARM -marm  -DTCONFIG_NVRAM_64K -DLINUX_KERNEL_VERSION=132644 -fPIC -ffunction-sections -fdata-sections -I/root/advancedtomat/release/src-rt-6.x.4708/router/libogg/include -fno-rtti -fno-exceptions conftest.c >&5
cc1: warning: command line option "-fno-rtti" is valid for C++/ObjC++ but not for C
configure:8768: $? = 0
configure:8781: result: no
configure:9139: checking for arm-brcm-linux-uclibcgnueabi-gcc option to produce PIC
configure:9146: result: -fPIC -DPIC
configure:9154: checking if arm-brcm-linux-uclibcgnueabi-gcc PIC flag -fPIC -DPIC works
configure:9172: arm-brcm-linux-uclibcgnueabi-gcc -c -Os -Wall -DLINUX26 -DCONFIG_BCMWL5 -DCONFIG_BCMWL6 -DCONFIG_BCMWL6A -DPART_JFFS2_GAP=0UL -pipe -fno-strict-aliasing -DBCMWPA2 -DBCMARM -marm  -DTCONFIG_NVRAM_64K -DLINUX_KERNEL_VERSION=132644 -fPIC -ffunction-sections -fdata-sections -I/root/advancedtomat/release/src-rt-6.x.4708/router/libogg/include -fPIC -DPIC -DPIC conftest.c >&5
configure:9176: $? = 0
configure:9189: result: yes
configure:9218: checking if arm-brcm-linux-uclibcgnueabi-gcc static flag -static works
configure:9246: result: yes
configure:9261: checking if arm-brcm-linux-uclibcgnueabi-gcc supports -c -o file.o
configure:9282: arm-brcm-linux-uclibcgnueabi-gcc -c -Os -Wall -DLINUX26 -DCONFIG_BCMWL5 -DCONFIG_BCMWL6 -DCONFIG_BCMWL6A -DPART_JFFS2_GAP=0UL -pipe -fno-strict-aliasing -DBCMWPA2 -DBCMARM -marm  -DTCONFIG_NVRAM_64K -DLINUX_KERNEL_VERSION=132644 -fPIC -ffunction-sections -fdata-sections -I/root/advancedtomat/release/src-rt-6.x.4708/router/libogg/include -o out/conftest2.o conftest.c >&5
configure:9286: $? = 0
configure:9308: result: yes
configure:9316: checking if arm-brcm-linux-uclibcgnueabi-gcc supports -c -o file.o
configure:9363: result: yes
configure:9396: checking whether the arm-brcm-linux-uclibcgnueabi-gcc linker (arm-brcm-linux-uclibcgnueabi-ld) supports shared libraries
configure:10655: result: yes
configure:10692: checking whether -lc should be explicitly linked in
configure:10700: arm-brcm-linux-uclibcgnueabi-gcc -c -Os -Wall -DLINUX26 -DCONFIG_BCMWL5 -DCONFIG_BCMWL6 -DCONFIG_BCMWL6A -DPART_JFFS2_GAP=0UL -pipe -fno-strict-aliasing -DBCMWPA2 -DBCMARM -marm  -DTCONFIG_NVRAM_64K -DLINUX_KERNEL_VERSION=132644 -fPIC -ffunction-sections -fdata-sections -I/root/advancedtomat/release/src-rt-6.x.4708/router/libogg/include conftest.c >&5
configure:10703: $? = 0
configure:10718: arm-brcm-linux-uclibcgnueabi-gcc -shared  -fPIC -DPIC conftest.o  -v -Wl,-soname -Wl,conftest -o conftest 2\>\&1 \| /bin/grep  -lc  \>/dev/null 2\>\&1
configure:10721: $? = 0
configure:10735: result: no
configure:10895: checking dynamic linker characteristics
configure:11476: arm-brcm-linux-uclibcgnueabi-gcc -o conftest -Os -Wall -DLINUX26 -DCONFIG_BCMWL5 -DCONFIG_BCMWL6 -DCONFIG_BCMWL6A -DPART_JFFS2_GAP=0UL -pipe -fno-strict-aliasing -DBCMWPA2 -DBCMARM -marm  -DTCONFIG_NVRAM_64K -DLINUX_KERNEL_VERSION=132644 -fPIC -ffunction-sections -fdata-sections -I/root/advancedtomat/release/src-rt-6.x.4708/router/libogg/include -L/root/advancedtomat/release/src-rt-6.x.4708/router/libogg/src/.libs -fPIC -ffunction-sections -fdata-sections -Wl,--gc-sections -Wl,-rpath -Wl,/foo conftest.c  >&5
configure:11476: $? = 0
configure:11716: result: GNU/Linux ld.so
configure:11838: checking how to hardcode library paths into programs
configure:11863: result: immediate
configure:12411: checking whether stripping libraries is possible
configure:12416: result: yes
configure:12451: checking if libtool supports shared libraries
configure:12453: result: yes
configure:12456: checking whether to build shared libraries
configure:12481: result: yes
configure:12484: checking whether to build static libraries
configure:12488: result: yes
configure:12729: checking GCC version
configure:12732: result: 4.5.3
configure:12873: checking if arm-brcm-linux-uclibcgnueabi-gcc accepts -Wdeclaration-after-statement
configure:12888: arm-brcm-linux-uclibcgnueabi-gcc -o conftest -O3 -Wall -Wextra -ffast-math -D_REENTRANT -fsigned-char -Wdeclaration-after-statement -I/root/advancedtomat/release/src-rt-6.x.4708/router/libogg/include -L/root/advancedtomat/release/src-rt-6.x.4708/router/libogg/src/.libs -fPIC -ffunction-sections -fdata-sections -Wl,--gc-sections conftest.c  >&5
configure:12888: $? = 0
configure:12889: result: yes
configure:12903: checking for memory.h
configure:12903: result: yes
configure:12915: checking for cos in -lm
configure:12940: arm-brcm-linux-uclibcgnueabi-gcc -o conftest -O3 -Wall -Wextra -ffast-math -D_REENTRANT -fsigned-char -Wdeclaration-after-statement -Os -Wall -DLINUX26 -DCONFIG_BCMWL5 -DCONFIG_BCMWL6 -DCONFIG_BCMWL6A -DPART_JFFS2_GAP=0UL -pipe -fno-strict-aliasing -DBCMWPA2 -DBCMARM -marm  -DTCONFIG_NVRAM_64K -DLINUX_KERNEL_VERSION=132644 -fPIC -ffunction-sections -fdata-sections -DUSE_MEMORY_H -I/root/advancedtomat/release/src-rt-6.x.4708/router/libogg/include -L/root/advancedtomat/release/src-rt-6.x.4708/router/libogg/src/.libs -fPIC -ffunction-sections -fdata-sections -Wl,--gc-sections conftest.c -lm   >&5
conftest.c:30:6: warning: conflicting types for built-in function 'cos'
configure:12940: $? = 0
configure:12949: result: yes
configure:12957: checking for pthread_create in -lpthread
configure:12982: arm-brcm-linux-uclibcgnueabi-gcc -o conftest -O3 -Wall -Wextra -ffast-math -D_REENTRANT -fsigned-char -Wdeclaration-after-statement -Os -Wall -DLINUX26 -DCONFIG_BCMWL5 -DCONFIG_BCMWL6 -DCONFIG_BCMWL6A -DPART_JFFS2_GAP=0UL -pipe -fno-strict-aliasing -DBCMWPA2 -DBCMARM -marm  -DTCONFIG_NVRAM_64K -DLINUX_KERNEL_VERSION=132644 -fPIC -ffunction-sections -fdata-sections -DUSE_MEMORY_H -I/root/advancedtomat/release/src-rt-6.x.4708/router/libogg/include -L/root/advancedtomat/release/src-rt-6.x.4708/router/libogg/src/.libs -fPIC -ffunction-sections -fdata-sections -Wl,--gc-sections conftest.c -lpthread   >&5
configure:12982: $? = 0
configure:12991: result: yes
configure:13006: checking for arm-linux-pkg-config
configure:13039: result: no
configure:13049: checking for pkg-config
configure:13067: found /usr/bin/pkg-config
configure:13079: result: /usr/bin/pkg-config
configure:13104: checking pkg-config is at least version 0.9.0
configure:13107: result: yes
configure:13122: checking for OGG
configure:13130: $PKG_CONFIG --exists --print-errors "ogg >= 1.0"
Package ogg was not found in the pkg-config search path.
Perhaps you should add the directory containing `ogg.pc'
to the PKG_CONFIG_PATH environment variable
No package 'ogg' found
configure:13133: $? = 1
configure:13148: $PKG_CONFIG --exists --print-errors "ogg >= 1.0"
Package ogg was not found in the pkg-config search path.
Perhaps you should add the directory containing `ogg.pc'
to the PKG_CONFIG_PATH environment variable
No package 'ogg' found
configure:13151: $? = 1
No package 'ogg' found
configure:13179: result: no
configure:13250: checking for Ogg
configure:13303: result: yes
configure:13359: checking for oggpack_writealign
configure:13359: arm-brcm-linux-uclibcgnueabi-gcc -o conftest -O3 -Wall -Wextra -ffast-math -D_REENTRANT -fsigned-char -Wdeclaration-after-statement -Os -Wall -DLINUX26 -DCONFIG_BCMWL5 -DCONFIG_BCMWL6 -DCONFIG_BCMWL6A -DPART_JFFS2_GAP=0UL -pipe -fno-strict-aliasing -DBCMWPA2 -DBCMARM -marm  -DTCONFIG_NVRAM_64K -DLINUX_KERNEL_VERSION=132644 -fPIC -ffunction-sections -fdata-sections -DUSE_MEMORY_H -I/root/advancedtomat/release/src-rt-6.x.4708/router/libogg/include -L/root/advancedtomat/release/src-rt-6.x.4708/router/libogg/src/.libs -fPIC -ffunction-sections -fdata-sections -Wl,--gc-sections conftest.c -L/root/advancedtomat/release/src-rt-6.x.4708/router/libogg/src/.libs -logg -lm >&5
configure:13359: $? = 0
configure:13359: result: yes
configure:13370: checking for size_t
configure:13370: arm-brcm-linux-uclibcgnueabi-gcc -c -O3 -Wall -Wextra -ffast-math -D_REENTRANT -fsigned-char -Wdeclaration-after-statement -Os -Wall -DLINUX26 -DCONFIG_BCMWL5 -DCONFIG_BCMWL6 -DCONFIG_BCMWL6A -DPART_JFFS2_GAP=0UL -pipe -fno-strict-aliasing -DBCMWPA2 -DBCMARM -marm  -DTCONFIG_NVRAM_64K -DLINUX_KERNEL_VERSION=132644 -fPIC -ffunction-sections -fdata-sections -DUSE_MEMORY_H -I/root/advancedtomat/release/src-rt-6.x.4708/router/libogg/include conftest.c >&5
configure:13370: $? = 0
configure:13370: arm-brcm-linux-uclibcgnueabi-gcc -c -O3 -Wall -Wextra -ffast-math -D_REENTRANT -fsigned-char -Wdeclaration-after-statement -Os -Wall -DLINUX26 -DCONFIG_BCMWL5 -DCONFIG_BCMWL6 -DCONFIG_BCMWL6A -DPART_JFFS2_GAP=0UL -pipe -fno-strict-aliasing -DBCMWPA2 -DBCMARM -marm  -DTCONFIG_NVRAM_64K -DLINUX_KERNEL_VERSION=132644 -fPIC -ffunction-sections -fdata-sections -DUSE_MEMORY_H -I/root/advancedtomat/release/src-rt-6.x.4708/router/libogg/include conftest.c >&5
conftest.c: In function 'main':
conftest.c:59:21: error: expected expression before ')' token
configure:13370: $? = 1
configure: failed program was:
| /* confdefs.h */
| #define PACKAGE_NAME "libvorbis"
| #define PACKAGE_TARNAME "libvorbis"
| #define PACKAGE_VERSION "1.3.6"
| #define PACKAGE_STRING "libvorbis 1.3.6"
| #define PACKAGE_BUGREPORT "vorbis-dev@xiph.org"
| #define PACKAGE_URL ""
| #define PACKAGE "libvorbis"
| #define VERSION "1.3.6"
| #define STDC_HEADERS 1
| #define HAVE_SYS_TYPES_H 1
| #define HAVE_SYS_STAT_H 1
| #define HAVE_STDLIB_H 1
| #define HAVE_STRING_H 1
| #define HAVE_MEMORY_H 1
| #define HAVE_STRINGS_H 1
| #define HAVE_INTTYPES_H 1
| #define HAVE_STDINT_H 1
| #define HAVE_UNISTD_H 1
| #define HAVE_DLFCN_H 1
| #define LT_OBJDIR ".libs/"
| /* end confdefs.h.  */
| #include <stdio.h>
| #ifdef HAVE_SYS_TYPES_H
| # include <sys/types.h>
| #endif
| #ifdef HAVE_SYS_STAT_H
| # include <sys/stat.h>
| #endif
| #ifdef STDC_HEADERS
| # include <stdlib.h>
| # include <stddef.h>
| #else
| # ifdef HAVE_STDLIB_H
| #  include <stdlib.h>
| # endif
| #endif
| #ifdef HAVE_STRING_H
| # if !defined STDC_HEADERS && defined HAVE_MEMORY_H
| #  include <memory.h>
| # endif
| # include <string.h>
| #endif
| #ifdef HAVE_STRINGS_H
| # include <strings.h>
| #endif
| #ifdef HAVE_INTTYPES_H
| # include <inttypes.h>
| #endif
| #ifdef HAVE_STDINT_H
| # include <stdint.h>
| #endif
| #ifdef HAVE_UNISTD_H
| # include <unistd.h>
| #endif
| int
| main ()
| {
| if (sizeof ((size_t)))
| 	    return 0;
|   ;
|   return 0;
| }
configure:13370: result: yes
configure:13383: checking for working alloca.h
configure:13400: arm-brcm-linux-uclibcgnueabi-gcc -o conftest -O3 -Wall -Wextra -ffast-math -D_REENTRANT -fsigned-char -Wdeclaration-after-statement -Os -Wall -DLINUX26 -DCONFIG_BCMWL5 -DCONFIG_BCMWL6 -DCONFIG_BCMWL6A -DPART_JFFS2_GAP=0UL -pipe -fno-strict-aliasing -DBCMWPA2 -DBCMARM -marm  -DTCONFIG_NVRAM_64K -DLINUX_KERNEL_VERSION=132644 -fPIC -ffunction-sections -fdata-sections -DUSE_MEMORY_H -I/root/advancedtomat/release/src-rt-6.x.4708/router/libogg/include -L/root/advancedtomat/release/src-rt-6.x.4708/router/libogg/src/.libs -fPIC -ffunction-sections -fdata-sections -Wl,--gc-sections conftest.c  >&5
configure:13400: $? = 0
configure:13408: result: yes
configure:13416: checking for alloca
configure:13453: arm-brcm-linux-uclibcgnueabi-gcc -o conftest -O3 -Wall -Wextra -ffast-math -D_REENTRANT -fsigned-char -Wdeclaration-after-statement -Os -Wall -DLINUX26 -DCONFIG_BCMWL5 -DCONFIG_BCMWL6 -DCONFIG_BCMWL6A -DPART_JFFS2_GAP=0UL -pipe -fno-strict-aliasing -DBCMWPA2 -DBCMARM -marm  -DTCONFIG_NVRAM_64K -DLINUX_KERNEL_VERSION=132644 -fPIC -ffunction-sections -fdata-sections -DUSE_MEMORY_H -I/root/advancedtomat/release/src-rt-6.x.4708/router/libogg/include -L/root/advancedtomat/release/src-rt-6.x.4708/router/libogg/src/.libs -fPIC -ffunction-sections -fdata-sections -Wl,--gc-sections conftest.c  >&5
configure:13453: $? = 0
configure:13461: result: yes
configure:13567: checking for working memcmp
configure:13620: result: no
configure:13752: checking that generated files are newer than configure
configure:13758: result: done
configure:13797: creating ./config.status

## ---------------------- ##
## Running config.status. ##
## ---------------------- ##

This file was extended by libvorbis config.status 1.3.6, which was
generated by GNU Autoconf 2.69.  Invocation command line was

  CONFIG_FILES    = 
  CONFIG_HEADERS  = 
  CONFIG_LINKS    = 
  CONFIG_COMMANDS = 
  $ ./config.status 

on debian

config.status:1148: creating Makefile
config.status:1148: creating m4/Makefile
config.status:1148: creating lib/Makefile
config.status:1148: creating lib/modes/Makefile
config.status:1148: creating lib/books/Makefile
config.status:1148: creating lib/books/coupled/Makefile
config.status:1148: creating lib/books/uncoupled/Makefile
config.status:1148: creating lib/books/floor/Makefile
config.status:1148: creating doc/Makefile
config.status:1148: creating doc/vorbisfile/Makefile
config.status:1148: creating doc/vorbisenc/Makefile
config.status:1148: creating doc/libvorbis/Makefile
config.status:1148: creating doc/Doxyfile
config.status:1148: creating include/Makefile
config.status:1148: creating include/vorbis/Makefile
config.status:1148: creating examples/Makefile
config.status:1148: creating test/Makefile
config.status:1148: creating vq/Makefile
config.status:1148: creating libvorbis.spec
config.status:1148: creating vorbis.pc
config.status:1148: creating vorbisenc.pc
config.status:1148: creating vorbisfile.pc
config.status:1148: creating vorbis-uninstalled.pc
config.status:1148: creating vorbisenc-uninstalled.pc
config.status:1148: creating vorbisfile-uninstalled.pc
config.status:1148: creating config.h
config.status:1329: config.h is unchanged
config.status:1377: executing depfiles commands
config.status:1377: executing libtool commands

## ---------------- ##
## Cache variables. ##
## ---------------- ##

ac_cv_build=x86_64-pc-linux-gnu
ac_cv_c_compiler_gnu=yes
ac_cv_c_inline=inline
ac_cv_env_CC_set=set
ac_cv_env_CC_value=arm-brcm-linux-uclibcgnueabi-gcc
ac_cv_env_CFLAGS_set=set
ac_cv_env_CFLAGS_value='-Os -Wall -DLINUX26 -DCONFIG_BCMWL5 -DCONFIG_BCMWL6 -DCONFIG_BCMWL6A -DPART_JFFS2_GAP=0UL -pipe -fno-strict-aliasing -DBCMWPA2 -DBCMARM -marm  -DTCONFIG_NVRAM_64K -DLINUX_KERNEL_VERSION=132644 -fPIC -ffunction-sections -fdata-sections'
ac_cv_env_CPPFLAGS_set=set
ac_cv_env_CPPFLAGS_value=-I/root/advancedtomat/release/src-rt-6.x.4708/router/libogg/include
ac_cv_env_CPP_set=
ac_cv_env_CPP_value=
ac_cv_env_LDFLAGS_set=set
ac_cv_env_LDFLAGS_value='-L/root/advancedtomat/release/src-rt-6.x.4708/router/libogg/src/.libs -fPIC -ffunction-sections -fdata-sections -Wl,--gc-sections'
ac_cv_env_LIBS_set=
ac_cv_env_LIBS_value=
ac_cv_env_LT_SYS_LIBRARY_PATH_set=
ac_cv_env_LT_SYS_LIBRARY_PATH_value=
ac_cv_env_OGG_CFLAGS_set=
ac_cv_env_OGG_CFLAGS_value=
ac_cv_env_OGG_LIBS_set=
ac_cv_env_OGG_LIBS_value=
ac_cv_env_PKG_CONFIG_set=
ac_cv_env_PKG_CONFIG_value=
ac_cv_env_build_alias_set=set
ac_cv_env_build_alias_value=x86_64-linux-gnu
ac_cv_env_host_alias_set=set
ac_cv_env_host_alias_value=arm-linux
ac_cv_env_target_alias_set=
ac_cv_env_target_alias_value=
ac_cv_func_alloca_works=yes
ac_cv_func_malloc_0_nonnull=yes
ac_cv_func_memcmp_working=no
ac_cv_func_oggpack_writealign=yes
ac_cv_header_dlfcn_h=yes
ac_cv_header_inttypes_h=yes
ac_cv_header_memory_h=yes
ac_cv_header_stdc=yes
ac_cv_header_stdint_h=yes
ac_cv_header_stdlib_h=yes
ac_cv_header_string_h=yes
ac_cv_header_strings_h=yes
ac_cv_header_sys_stat_h=yes
ac_cv_header_sys_types_h=yes
ac_cv_header_unistd_h=yes
ac_cv_host=arm-unknown-linux-gnu
ac_cv_lib_m_cos=yes
ac_cv_lib_pthread_pthread_create=yes
ac_cv_objext=o
ac_cv_path_EGREP='/bin/grep -E'
ac_cv_path_FGREP='/bin/grep -F'
ac_cv_path_GREP=/bin/grep
ac_cv_path_SED=/bin/sed
ac_cv_path_ac_pt_PKG_CONFIG=/usr/bin/pkg-config
ac_cv_path_install='/usr/bin/install -c'
ac_cv_path_lt_DD=/bin/dd
ac_cv_path_mkdir=/bin/mkdir
ac_cv_prog_AR=arm-brcm-linux-uclibcgnueabi-ar
ac_cv_prog_AWK=gawk
ac_cv_prog_CC=arm-brcm-linux-uclibcgnueabi-gcc
ac_cv_prog_CPP='arm-brcm-linux-uclibcgnueabi-gcc -E'
ac_cv_prog_DLLTOOL=dlltool
ac_cv_prog_OBJDUMP=objdump
ac_cv_prog_RANLIB=arm-brcm-linux-uclibcgnueabi-ranlib
ac_cv_prog_STRIP=arm-brcm-linux-uclibcgnueabi-strip
ac_cv_prog_ac_ct_MANIFEST_TOOL=mt
ac_cv_prog_cc_c89=
ac_cv_prog_cc_g=yes
ac_cv_prog_make_make_set=yes
ac_cv_target=arm-unknown-linux-gnu
ac_cv_type_size_t=yes
ac_cv_working_alloca_h=yes
am_cv_CC_dependencies_compiler_type=gcc3
am_cv_make_support_nested_variables=yes
am_cv_prog_cc_c_o=yes
lt_cv_ar_at_file=@
lt_cv_archive_cmds_need_lc=no
lt_cv_deplibs_check_method=pass_all
lt_cv_file_magic_cmd='$MAGIC_CMD'
lt_cv_file_magic_test_file=
lt_cv_ld_reload_flag=-r
lt_cv_nm_interface='BSD nm'
lt_cv_objdir=.libs
lt_cv_path_LD=arm-brcm-linux-uclibcgnueabi-ld
lt_cv_path_NM=arm-brcm-linux-uclibcgnueabi-nm
lt_cv_path_mainfest_tool=no
lt_cv_prog_compiler_c_o=yes
lt_cv_prog_compiler_pic='-fPIC -DPIC'
lt_cv_prog_compiler_pic_works=yes
lt_cv_prog_compiler_rtti_exceptions=no
lt_cv_prog_compiler_static_works=yes
lt_cv_prog_gnu_ld=yes
lt_cv_sharedlib_from_linklib_cmd='printf %s\n'
lt_cv_shlibpath_overrides_runpath=no
lt_cv_sys_global_symbol_pipe='sed -n -e '\''s/^.*[	 ]\([ABCDGIRSTW][ABCDGIRSTW]*\)[	 ][	 ]*\([_A-Za-z][_A-Za-z0-9]*\)$/\1 \2 \2/p'\'' | sed '\''/ __gnu_lto/d'\'''
lt_cv_sys_global_symbol_to_c_name_address='sed -n -e '\''s/^: \(.*\) .*$/  {"\1", (void *) 0},/p'\'' -e '\''s/^[ABCDGIRSTW][ABCDGIRSTW]* .* \(.*\)$/  {"\1", (void *) \&\1},/p'\'''
lt_cv_sys_global_symbol_to_c_name_address_lib_prefix='sed -n -e '\''s/^: \(.*\) .*$/  {"\1", (void *) 0},/p'\'' -e '\''s/^[ABCDGIRSTW][ABCDGIRSTW]* .* \(lib.*\)$/  {"\1", (void *) \&\1},/p'\'' -e '\''s/^[ABCDGIRSTW][ABCDGIRSTW]* .* \(.*\)$/  {"lib\1", (void *) \&\1},/p'\'''
lt_cv_sys_global_symbol_to_cdecl='sed -n -e '\''s/^T .* \(.*\)$/extern int \1();/p'\'' -e '\''s/^[ABCDGIRSTW][ABCDGIRSTW]* .* \(.*\)$/extern char \1;/p'\'''
lt_cv_sys_global_symbol_to_import=
lt_cv_sys_max_cmd_len=1572864
lt_cv_to_host_file_cmd=func_convert_file_noop
lt_cv_to_tool_file_cmd=func_convert_file_noop
lt_cv_truncate_bin='/bin/dd bs=4096 count=1'

## ----------------- ##
## Output variables. ##
## ----------------- ##

ACLOCAL='${SHELL} /root/advancedtomat/release/src-rt-6.x.4708/router/libvorbis/missing aclocal-1.15'
ACLOCAL_AMFLAGS='-I m4'
ALLOCA=''
AMDEPBACKSLASH='\'
AMDEP_FALSE='#'
AMDEP_TRUE=''
AMTAR='$${TAR-tar}'
AM_BACKSLASH='\'
AM_DEFAULT_V='$(AM_DEFAULT_VERBOSITY)'
AM_DEFAULT_VERBOSITY='0'
AM_V='$(V)'
AR='arm-brcm-linux-uclibcgnueabi-ar'
AS='arm-brcm-linux-uclibcgnueabi-as'
AUTOCONF='${SHELL} /root/advancedtomat/release/src-rt-6.x.4708/router/libvorbis/missing autoconf'
AUTOHEADER='${SHELL} /root/advancedtomat/release/src-rt-6.x.4708/router/libvorbis/missing autoheader'
AUTOMAKE='${SHELL} /root/advancedtomat/release/src-rt-6.x.4708/router/libvorbis/missing automake-1.15'
AWK='gawk'
BUILD_DOCS_FALSE=''
BUILD_DOCS_TRUE='#'
BUILD_EXAMPLES_FALSE=''
BUILD_EXAMPLES_TRUE='#'
CC='arm-brcm-linux-uclibcgnueabi-gcc'
CCDEPMODE='depmode=gcc3'
CFLAGS='-O3 -Wall -Wextra -ffast-math -D_REENTRANT -fsigned-char -Wdeclaration-after-statement -Os -Wall -DLINUX26 -DCONFIG_BCMWL5 -DCONFIG_BCMWL6 -DCONFIG_BCMWL6A -DPART_JFFS2_GAP=0UL -pipe -fno-strict-aliasing -DBCMWPA2 -DBCMARM -marm  -DTCONFIG_NVRAM_64K -DLINUX_KERNEL_VERSION=132644 -fPIC -ffunction-sections -fdata-sections -DUSE_MEMORY_H'
CPP='arm-brcm-linux-uclibcgnueabi-gcc -E'
CPPFLAGS='-I/root/advancedtomat/release/src-rt-6.x.4708/router/libogg/include'
CYGPATH_W='echo'
DEBUG='-g -Wall -Wextra -D_REENTRANT -D__NO_MATH_INLINES -fsigned-char'
DEFS='-DHAVE_CONFIG_H'
DEPDIR='.deps'
DLLTOOL='dlltool'
DSYMUTIL=''
DUMPBIN=''
ECHO_C=''
ECHO_N='-n'
ECHO_T=''
EGREP='/bin/grep -E'
EXEEXT=''
FGREP='/bin/grep -F'
GREP='/bin/grep'
HAVE_DOXYGEN='false'
HAVE_DOXYGEN_FALSE=''
HAVE_DOXYGEN_TRUE='#'
HTLATEX=''
INSTALL_DATA='${INSTALL} -m 644'
INSTALL_PROGRAM='${INSTALL}'
INSTALL_SCRIPT='${INSTALL}'
INSTALL_STRIP_PROGRAM='$(install_sh) -c -s'
LD='arm-brcm-linux-uclibcgnueabi-ld'
LDFLAGS='-L/root/advancedtomat/release/src-rt-6.x.4708/router/libogg/src/.libs -fPIC -ffunction-sections -fdata-sections -Wl,--gc-sections'
LIBOBJS=' ${LIBOBJDIR}memcmp$U.o'
LIBS=''
LIBTOOL='$(SHELL) $(top_builddir)/libtool'
LIBTOOL_DEPS='./ltmain.sh'
LIPO=''
LN_S='ln -s'
LTLIBOBJS=' ${LIBOBJDIR}memcmp$U.lo'
LT_SYS_LIBRARY_PATH=''
MAINT='#'
MAINTAINER_MODE_FALSE=''
MAINTAINER_MODE_TRUE='#'
MAKEINFO='${SHELL} /root/advancedtomat/release/src-rt-6.x.4708/router/libvorbis/missing makeinfo'
MANIFEST_TOOL=':'
MKDIR_P='/bin/mkdir -p'
NM='arm-brcm-linux-uclibcgnueabi-nm'
NMEDIT=''
OBJDUMP='objdump'
OBJEXT='o'
OGG_CFLAGS='-I/root/advancedtomat/release/src-rt-6.x.4708/router/libogg/include'
OGG_LIBS='-L/root/advancedtomat/release/src-rt-6.x.4708/router/libogg/src/.libs -logg'
OTOOL64=''
OTOOL=''
PACKAGE='libvorbis'
PACKAGE_BUGREPORT='vorbis-dev@xiph.org'
PACKAGE_NAME='libvorbis'
PACKAGE_STRING='libvorbis 1.3.6'
PACKAGE_TARNAME='libvorbis'
PACKAGE_URL=''
PACKAGE_VERSION='1.3.6'
PATH_SEPARATOR=':'
PDFLATEX=''
PKG_CONFIG='/usr/bin/pkg-config'
PROFILE='-pg -g -O3 -ffast-math -D_REENTRANT -fsigned-char'
RANLIB='arm-brcm-linux-uclibcgnueabi-ranlib'
SED='/bin/sed'
SET_MAKE=''
SHELL='/bin/bash'
STRIP='arm-brcm-linux-uclibcgnueabi-strip'
VERSION='1.3.6'
VE_LIB_AGE='0'
VE_LIB_CURRENT='2'
VE_LIB_REVISION='11'
VF_LIB_AGE='3'
VF_LIB_CURRENT='6'
VF_LIB_REVISION='7'
VORBIS_LIBS='-lm'
V_LIB_AGE='4'
V_LIB_CURRENT='4'
V_LIB_REVISION='8'
ac_ct_AR=''
ac_ct_CC=''
ac_ct_DUMPBIN=''
am__EXEEXT_FALSE=''
am__EXEEXT_TRUE='#'
am__fastdepCC_FALSE='#'
am__fastdepCC_TRUE=''
am__include='include'
am__isrc=''
am__leading_dot='.'
am__nodep='_no'
am__quote=''
am__tar='$${TAR-tar} chof - "$$tardir"'
am__untar='$${TAR-tar} xf -'
bindir='${exec_prefix}/bin'
build='x86_64-pc-linux-gnu'
build_alias='x86_64-linux-gnu'
build_cpu='x86_64'
build_os='linux-gnu'
build_vendor='pc'
datadir='${datarootdir}'
datarootdir='${prefix}/share'
docdir='${datarootdir}/doc/${PACKAGE_TARNAME}'
dvidir='${docdir}'
exec_prefix='${prefix}'
host='arm-unknown-linux-gnu'
host_alias='arm-linux'
host_cpu='arm'
host_os='linux-gnu'
host_vendor='unknown'
htmldir='${docdir}'
includedir='${prefix}/include'
infodir='${datarootdir}/info'
install_sh='${SHELL} /root/advancedtomat/release/src-rt-6.x.4708/router/libvorbis/install-sh'
libdir='${exec_prefix}/lib'
libexecdir='${exec_prefix}/libexec'
localedir='${datarootdir}/locale'
localstatedir='${prefix}/var'
mandir='${datarootdir}/man'
mkdir_p='$(MKDIR_P)'
oldincludedir='/usr/include'
pdfdir='${docdir}'
prefix=''
program_transform_name='s,x,x,'
psdir='${docdir}'
pthread_lib='-lpthread'
sbindir='${exec_prefix}/sbin'
sharedstatedir='${prefix}/com'
sysconfdir='${prefix}/etc'
target='arm-unknown-linux-gnu'
target_alias=''
target_cpu='arm'
target_os='linux-gnu'
target_vendor='unknown'

## ----------- ##
## confdefs.h. ##
## ----------- ##

/* confdefs.h */
#define PACKAGE_NAME "libvorbis"
#define PACKAGE_TARNAME "libvorbis"
#define PACKAGE_VERSION "1.3.6"
#define PACKAGE_STRING "libvorbis 1.3.6"
#define PACKAGE_BUGREPORT "vorbis-dev@xiph.org"
#define PACKAGE_URL ""
#define PACKAGE "libvorbis"
#define VERSION "1.3.6"
#define STDC_HEADERS 1
#define HAVE_SYS_TYPES_H 1
#define HAVE_SYS_STAT_H 1
#define HAVE_STDLIB_H 1
#define HAVE_STRING_H 1
#define HAVE_MEMORY_H 1
#define HAVE_STRINGS_H 1
#define HAVE_INTTYPES_H 1
#define HAVE_STDINT_H 1
#define HAVE_UNISTD_H 1
#define HAVE_DLFCN_H 1
#define LT_OBJDIR ".libs/"
#define HAVE_ALLOCA_H 1
#define HAVE_ALLOCA 1

configure: exit 0
