This file contains any messages produced by compilers while
running configure, to aid debugging if configure makes a mistake.

It was created by nettle configure 3.4, which was
generated by GNU Autoconf 2.69.  Invocation command line was

  $ ./configure --host=arm-linux --build=x86_64-linux-gnu prefix=/root/advancedtomato-arm/release/src-rt-6.x.4708/router/nettle --enable-mini-gmp --disable-documentation --disable-shared

## --------- ##
## Platform. ##
## --------- ##

hostname = debian
uname -m = x86_64
uname -r = 4.9.0-6-amd64
uname -s = Linux
uname -v = #1 SMP Debian 4.9.82-1+deb9u3 (2018-03-02)

/usr/bin/uname -p = unknown
/bin/uname -X     = unknown

/bin/arch              = unknown
/usr/bin/arch -k       = unknown
/usr/convex/getsysinfo = unknown
/usr/bin/hostinfo      = unknown
/bin/machine           = unknown
/usr/bin/oslevel       = unknown
/bin/universe          = unknown

PATH: /root/advancedtomato-arm/release/tools
PATH: /root/advancedtomato-arm/release/tools
PATH: /root/advancedtomato-arm/release/tools
PATH: /root/advancedtomato-arm/release/tools
PATH: /usr/local/sbin
PATH: /usr/local/bin
PATH: /usr/sbin
PATH: /usr/bin
PATH: /sbin
PATH: /bin
PATH: /home/alx/tomato/release/src-rt-6.x.4708/toolchains/hndtools-arm-linux-2.6.36-uclibc-4.5.3/bin
PATH: /sbin
PATH: /root/tomato/release/src-rt-6.x.4708/toolchains/hndtools-arm-linux-2.6.36-uclibc-4.5.3/bin
PATH: /sbin


## ----------- ##
## Core tests. ##
## ----------- ##

configure:2518: checking build system type
configure:2532: result: x86_64-pc-linux-gnu
configure:2552: checking host system type
configure:2565: result: arm-unknown-linux-gnu
configure:2719: checking for -R flag
configure:2741: result: using -Wl,-rpath,
configure:2748: result: Searching for libraries
configure:2755: checking /root/advancedtomato-arm/release/src-rt-6.x.4708/router/nettle/lib
configure:2782: result: not found
configure:2755: checking /usr/local/lib
configure:2773: result: added
configure:2755: checking /sw/local/lib
configure:2782: result: not found
configure:2755: checking /sw/lib
configure:2782: result: not found
configure:2755: checking /usr/gnu/lib
configure:2782: result: not found
configure:2755: checking /opt/gnu/lib
configure:2782: result: not found
configure:2755: checking /sw/gnu/lib
configure:2782: result: not found
configure:2755: checking /usr/freeware/lib
configure:2782: result: not found
configure:2755: checking /usr/pkg/lib
configure:2782: result: not found
configure:2798: checking for arm-linux-gcc
configure:2825: result: arm-brcm-linux-uclibcgnueabi-gcc
configure:3094: checking for C compiler version
configure:3103: arm-brcm-linux-uclibcgnueabi-gcc --version >&5
arm-brcm-linux-uclibcgnueabi-gcc (Buildroot 2012.02) 4.5.3
Copyright (C) 2010 Free Software Foundation, Inc.
This is free software; see the source for copying conditions.  There is NO
warranty; not even for MERCHANTABILITY or FITNESS FOR A PARTICULAR PURPOSE.

configure:3114: $? = 0
configure:3103: arm-brcm-linux-uclibcgnueabi-gcc -v >&5
Using built-in specs.
COLLECT_GCC=arm-brcm-linux-uclibcgnueabi-gcc
COLLECT_LTO_WRAPPER=/root/tomato/release/src-rt-6.x.4708/toolchains/hndtools-arm-linux-2.6.36-uclibc-4.5.3/bin/../libexec/gcc/arm-brcm-linux-uclibcgnueabi/4.5.3/lto-wrapper
Target: arm-brcm-linux-uclibcgnueabi
Configured with: /projects/toolchains_build/buildroot-2012.02-brcm/output/toolchain/gcc-4.5.3/configure --prefix=/projects/hnd/tools/linux/hndtools-arm-linux-2.6.36-uclibc-4.5.3 --build=i686-pc-linux-gnu --host=i686-pc-linux-gnu --target=arm-brcm-linux-uclibcgnueabi --enable-languages=c,c++ --with-sysroot=/projects/hnd/tools/linux/hndtools-arm-linux-2.6.36-uclibc-4.5.3/arm-brcm-linux-uclibcgnueabi/sysroot --with-build-time-tools=/projects/hnd/tools/linux/hndtools-arm-linux-2.6.36-uclibc-4.5.3/arm-brcm-linux-uclibcgnueabi/bin --disable-__cxa_atexit --enable-target-optspace --disable-libgomp --with-gnu-ld --disable-libssp --disable-multilib --disable-tls --enable-shared --with-gmp=/projects/hnd/tools/linux/hndtools-arm-linux-2.6.36-uclibc-4.5.3 --with-mpfr=/projects/hnd/tools/linux/hndtools-arm-linux-2.6.36-uclibc-4.5.3 --with-mpc=/projects/hnd/tools/linux/hndtools-arm-linux-2.6.36-uclibc-4.5.3 --enable-threads --disable-decimal-float --with-float=soft --with-abi=aapcs-linux --with-arch=armv7-a --with-tune=cortex-a9 --with-pkgversion='Buildroot 2012.02' --with-bugurl=http://bugs.buildroot.net/
Thread model: posix
gcc version 4.5.3 (Buildroot 2012.02) 
configure:3114: $? = 0
configure:3103: arm-brcm-linux-uclibcgnueabi-gcc -V >&5
arm-brcm-linux-uclibcgnueabi-gcc: '-V' option must have argument
configure:3114: $? = 1
configure:3103: arm-brcm-linux-uclibcgnueabi-gcc -qversion >&5
arm-brcm-linux-uclibcgnueabi-gcc: unrecognized option '-qversion'
arm-brcm-linux-uclibcgnueabi-gcc: no input files
configure:3114: $? = 1
configure:3134: checking whether the C compiler works
configure:3156: arm-brcm-linux-uclibcgnueabi-gcc -O2 -Wall -DLINUX26 -DCONFIG_BCMWL5 -DCONFIG_BCMWL6 -DCONFIG_BCMWL6A -DPART_JFFS2_GAP=0UL -pipe -fno-strict-aliasing -DBCMWPA2 -DBCMARM -marm  -DTCONFIG_NVRAM_64K -DLINUX_KERNEL_VERSION=132644 -fPIC -ffunction-sections -fdata-sections -I/root/advancedtomato-arm/release/src-rt-6.x.4708/router/gmp -L/root/advancedtomato-arm/release/src-rt-6.x.4708/router/gmp/.libs -ffunction-sections -fdata-sections -Wl,--gc-sections -fPIC conftest.c  >&5
configure:3160: $? = 0
configure:3208: result: yes
configure:3211: checking for C compiler default output file name
configure:3213: result: a.out
configure:3219: checking for suffix of executables
configure:3226: arm-brcm-linux-uclibcgnueabi-gcc -o conftest -O2 -Wall -DLINUX26 -DCONFIG_BCMWL5 -DCONFIG_BCMWL6 -DCONFIG_BCMWL6A -DPART_JFFS2_GAP=0UL -pipe -fno-strict-aliasing -DBCMWPA2 -DBCMARM -marm  -DTCONFIG_NVRAM_64K -DLINUX_KERNEL_VERSION=132644 -fPIC -ffunction-sections -fdata-sections -I/root/advancedtomato-arm/release/src-rt-6.x.4708/router/gmp -L/root/advancedtomato-arm/release/src-rt-6.x.4708/router/gmp/.libs -ffunction-sections -fdata-sections -Wl,--gc-sections -fPIC conftest.c  >&5
configure:3230: $? = 0
configure:3252: result: 
configure:3274: checking whether we are cross compiling
configure:3312: result: yes
configure:3317: checking for suffix of object files
configure:3339: arm-brcm-linux-uclibcgnueabi-gcc -c -O2 -Wall -DLINUX26 -DCONFIG_BCMWL5 -DCONFIG_BCMWL6 -DCONFIG_BCMWL6A -DPART_JFFS2_GAP=0UL -pipe -fno-strict-aliasing -DBCMWPA2 -DBCMARM -marm  -DTCONFIG_NVRAM_64K -DLINUX_KERNEL_VERSION=132644 -fPIC -ffunction-sections -fdata-sections -I/root/advancedtomato-arm/release/src-rt-6.x.4708/router/gmp conftest.c >&5
configure:3343: $? = 0
configure:3364: result: o
configure:3368: checking whether we are using the GNU C compiler
configure:3387: arm-brcm-linux-uclibcgnueabi-gcc -c -O2 -Wall -DLINUX26 -DCONFIG_BCMWL5 -DCONFIG_BCMWL6 -DCONFIG_BCMWL6A -DPART_JFFS2_GAP=0UL -pipe -fno-strict-aliasing -DBCMWPA2 -DBCMARM -marm  -DTCONFIG_NVRAM_64K -DLINUX_KERNEL_VERSION=132644 -fPIC -ffunction-sections -fdata-sections -I/root/advancedtomato-arm/release/src-rt-6.x.4708/router/gmp conftest.c >&5
configure:3387: $? = 0
configure:3396: result: yes
configure:3405: checking whether arm-brcm-linux-uclibcgnueabi-gcc accepts -g
configure:3425: arm-brcm-linux-uclibcgnueabi-gcc -c -g -I/root/advancedtomato-arm/release/src-rt-6.x.4708/router/gmp conftest.c >&5
configure:3425: $? = 0
configure:3466: result: yes
configure:3483: checking for arm-brcm-linux-uclibcgnueabi-gcc option to accept ISO C89
configure:3546: arm-brcm-linux-uclibcgnueabi-gcc  -c -O2 -Wall -DLINUX26 -DCONFIG_BCMWL5 -DCONFIG_BCMWL6 -DCONFIG_BCMWL6A -DPART_JFFS2_GAP=0UL -pipe -fno-strict-aliasing -DBCMWPA2 -DBCMARM -marm  -DTCONFIG_NVRAM_64K -DLINUX_KERNEL_VERSION=132644 -fPIC -ffunction-sections -fdata-sections -I/root/advancedtomato-arm/release/src-rt-6.x.4708/router/gmp conftest.c >&5
configure:3546: $? = 0
configure:3559: result: none needed
configure:3581: checking for ifunc support
configure:3663: arm-brcm-linux-uclibcgnueabi-gcc -o conftest -O2 -Wall -DLINUX26 -DCONFIG_BCMWL5 -DCONFIG_BCMWL6 -DCONFIG_BCMWL6A -DPART_JFFS2_GAP=0UL -pipe -fno-strict-aliasing -DBCMWPA2 -DBCMARM -marm  -DTCONFIG_NVRAM_64K -DLINUX_KERNEL_VERSION=132644 -fPIC -ffunction-sections -fdata-sections -I/root/advancedtomato-arm/release/src-rt-6.x.4708/router/gmp -L/root/advancedtomato-arm/release/src-rt-6.x.4708/router/gmp/.libs -ffunction-sections -fdata-sections -Wl,--gc-sections -fPIC conftest.c  >&5
conftest.c:24:1: warning: 'ifunc' attribute directive ignored
conftest.c:19:1: warning: 'foo_resolv' defined but not used
/tmp/ccdRiNEi.o: In function `main':
conftest.c:(.text.main+0x4): undefined reference to `foo'
collect2: ld returned 1 exit status
configure:3663: $? = 1
configure: failed program was:
| /* confdefs.h */
| #define PACKAGE_NAME "nettle"
| #define PACKAGE_TARNAME "nettle"
| #define PACKAGE_VERSION "3.4"
| #define PACKAGE_STRING "nettle 3.4"
| #define PACKAGE_BUGREPORT "nettle-bugs@lists.lysator.liu.se"
| #define PACKAGE_URL ""
| /* end confdefs.h.  */
| 
| static int
| foo_imp(int x)
| {
|   return 1;
| }
| 
| typedef void void_func (void);
| 
| static void_func *
| foo_resolv(void)
| {
|   return (void_func *) foo_imp;
| }
| 
| int foo (int x) __attribute__ ((ifunc("foo_resolv")));
| 
| int
| main ()
| {
| 
|   return foo(0);
| 
| 
|   ;
|   return 0;
| }
configure:3671: result: no
configure:3711: checking for arm-linux-g++
configure:3727: found /root/tomato/release/src-rt-6.x.4708/toolchains/hndtools-arm-linux-2.6.36-uclibc-4.5.3/bin/arm-linux-g++
configure:3738: result: arm-linux-g++
configure:3809: checking for C++ compiler version
configure:3818: arm-linux-g++ --version >&5
arm-linux-g++ (Buildroot 2012.02) 4.5.3
Copyright (C) 2010 Free Software Foundation, Inc.
This is free software; see the source for copying conditions.  There is NO
warranty; not even for MERCHANTABILITY or FITNESS FOR A PARTICULAR PURPOSE.

configure:3829: $? = 0
configure:3818: arm-linux-g++ -v >&5
Using built-in specs.
COLLECT_GCC=arm-linux-g++
COLLECT_LTO_WRAPPER=/root/tomato/release/src-rt-6.x.4708/toolchains/hndtools-arm-linux-2.6.36-uclibc-4.5.3/bin/../libexec/gcc/arm-brcm-linux-uclibcgnueabi/4.5.3/lto-wrapper
Target: arm-brcm-linux-uclibcgnueabi
Configured with: /projects/toolchains_build/buildroot-2012.02-brcm/output/toolchain/gcc-4.5.3/configure --prefix=/projects/hnd/tools/linux/hndtools-arm-linux-2.6.36-uclibc-4.5.3 --build=i686-pc-linux-gnu --host=i686-pc-linux-gnu --target=arm-brcm-linux-uclibcgnueabi --enable-languages=c,c++ --with-sysroot=/projects/hnd/tools/linux/hndtools-arm-linux-2.6.36-uclibc-4.5.3/arm-brcm-linux-uclibcgnueabi/sysroot --with-build-time-tools=/projects/hnd/tools/linux/hndtools-arm-linux-2.6.36-uclibc-4.5.3/arm-brcm-linux-uclibcgnueabi/bin --disable-__cxa_atexit --enable-target-optspace --disable-libgomp --with-gnu-ld --disable-libssp --disable-multilib --disable-tls --enable-shared --with-gmp=/projects/hnd/tools/linux/hndtools-arm-linux-2.6.36-uclibc-4.5.3 --with-mpfr=/projects/hnd/tools/linux/hndtools-arm-linux-2.6.36-uclibc-4.5.3 --with-mpc=/projects/hnd/tools/linux/hndtools-arm-linux-2.6.36-uclibc-4.5.3 --enable-threads --disable-decimal-float --with-float=soft --with-abi=aapcs-linux --with-arch=armv7-a --with-tune=cortex-a9 --with-pkgversion='Buildroot 2012.02' --with-bugurl=http://bugs.buildroot.net/
Thread model: posix
gcc version 4.5.3 (Buildroot 2012.02) 
configure:3829: $? = 0
configure:3818: arm-linux-g++ -V >&5
arm-linux-g++: '-V' option must have argument
configure:3829: $? = 1
configure:3818: arm-linux-g++ -qversion >&5
arm-linux-g++: unrecognized option '-qversion'
arm-linux-g++: no input files
configure:3829: $? = 1
configure:3833: checking whether we are using the GNU C++ compiler
configure:3852: arm-linux-g++ -c  -I/root/advancedtomato-arm/release/src-rt-6.x.4708/router/gmp conftest.cpp >&5
configure:3852: $? = 0
configure:3861: result: yes
configure:3870: checking whether arm-linux-g++ accepts -g
configure:3890: arm-linux-g++ -c -g -I/root/advancedtomato-arm/release/src-rt-6.x.4708/router/gmp conftest.cpp >&5
configure:3890: $? = 0
configure:3931: result: yes
configure:3973: arm-linux-g++ -c -g -O2 -I/root/advancedtomato-arm/release/src-rt-6.x.4708/router/gmp conftest.cpp >&5
configure:3973: $? = 0
configure:3994: checking if LD -Wl,--version-script works
configure:4012: arm-brcm-linux-uclibcgnueabi-gcc -o conftest -O2 -Wall -DLINUX26 -DCONFIG_BCMWL5 -DCONFIG_BCMWL6 -DCONFIG_BCMWL6A -DPART_JFFS2_GAP=0UL -pipe -fno-strict-aliasing -DBCMWPA2 -DBCMARM -marm  -DTCONFIG_NVRAM_64K -DLINUX_KERNEL_VERSION=132644 -fPIC -ffunction-sections -fdata-sections -I/root/advancedtomato-arm/release/src-rt-6.x.4708/router/gmp -L/root/advancedtomato-arm/release/src-rt-6.x.4708/router/gmp/.libs -ffunction-sections -fdata-sections -Wl,--gc-sections -fPIC -Wl,--version-script=conftest.map conftest.c  >&5
/root/tomato/release/src-rt-6.x.4708/toolchains/hndtools-arm-linux-2.6.36-uclibc-4.5.3/bin/../lib/gcc/arm-brcm-linux-uclibcgnueabi/4.5.3/../../../../arm-brcm-linux-uclibcgnueabi/bin/ld:conftest.map:2: syntax error in VERSION script
collect2: ld returned 1 exit status
configure:4012: $? = 1
configure: failed program was:
| /* confdefs.h */
| #define PACKAGE_NAME "nettle"
| #define PACKAGE_TARNAME "nettle"
| #define PACKAGE_VERSION "3.4"
| #define PACKAGE_STRING "nettle 3.4"
| #define PACKAGE_BUGREPORT "nettle-bugs@lists.lysator.liu.se"
| #define PACKAGE_URL ""
| /* end confdefs.h.  */
| 
| int
| main ()
| {
| 
|   ;
|   return 0;
| }
configure:4040: arm-brcm-linux-uclibcgnueabi-gcc -o conftest -O2 -Wall -DLINUX26 -DCONFIG_BCMWL5 -DCONFIG_BCMWL6 -DCONFIG_BCMWL6A -DPART_JFFS2_GAP=0UL -pipe -fno-strict-aliasing -DBCMWPA2 -DBCMARM -marm  -DTCONFIG_NVRAM_64K -DLINUX_KERNEL_VERSION=132644 -fPIC -ffunction-sections -fdata-sections -I/root/advancedtomato-arm/release/src-rt-6.x.4708/router/gmp -L/root/advancedtomato-arm/release/src-rt-6.x.4708/router/gmp/.libs -ffunction-sections -fdata-sections -Wl,--gc-sections -fPIC -Wl,--version-script=conftest.map conftest.c  >&5
configure:4040: $? = 0
configure:4052: result: yes
configure:4063: checking whether make sets $(MAKE)
configure:4085: result: yes
configure:4097: checking for arm-linux-ranlib
configure:4124: result: arm-brcm-linux-uclibcgnueabi-ranlib
configure:4189: checking for arm-linux-nm
configure:4216: result: arm-brcm-linux-uclibcgnueabi-nm
configure:4282: checking for arm-linux-objdump
configure:4312: result: no
configure:4322: checking for objdump
configure:4338: found /usr/bin/objdump
configure:4349: result: objdump
configure:4361: WARNING: using cross tools not prefixed with host triplet
configure:4374: checking for arm-linux-ar
configure:4401: result: arm-brcm-linux-uclibcgnueabi-ar
configure:4482: checking for a BSD-compatible install
configure:4550: result: /usr/bin/install -c
configure:4564: checking for a thread-safe mkdir -p
configure:4603: result: /bin/mkdir -p
configure:4607: checking whether ln -s works
configure:4611: result: yes
configure:4690: checking build system compiler gcc
configure:4703: gcc conftest.c
conftest.c: In function 'main':
conftest.c:4:3: warning: implicit declaration of function 'exit' [-Wimplicit-function-declaration]
   exit(0);
   ^~~~
conftest.c:4:3: warning: incompatible implicit declaration of built-in function 'exit'
conftest.c:4:3: note: include '<stdlib.h>' or provide a declaration of 'exit'
configure:4706: $? = 0
configure:4713: result: yes
configure:4736: checking for build system executable suffix
configure:4753: gcc -O -g conftest.c -o conftest.exe
conftest.c: In function 'main':
conftest.c:4:3: warning: implicit declaration of function 'exit' [-Wimplicit-function-declaration]
   exit (0);
   ^~~~
conftest.c:4:3: warning: incompatible implicit declaration of built-in function 'exit'
conftest.c:4:3: note: include '<stdlib.h>' or provide a declaration of 'exit'
configure:4756: $? = 0
./configure: line 4758: ./conftest: No such file or directory
configure:4753: gcc -O -g conftest.c -o conftest,ff8
conftest.c: In function 'main':
conftest.c:4:3: warning: implicit declaration of function 'exit' [-Wimplicit-function-declaration]
   exit (0);
   ^~~~
conftest.c:4:3: warning: incompatible implicit declaration of built-in function 'exit'
conftest.c:4:3: note: include '<stdlib.h>' or provide a declaration of 'exit'
configure:4756: $? = 0
./configure: line 4758: ./conftest: No such file or directory
configure:4753: gcc -O -g conftest.c -o conftest
conftest.c: In function 'main':
conftest.c:4:3: warning: implicit declaration of function 'exit' [-Wimplicit-function-declaration]
   exit (0);
   ^~~~
conftest.c:4:3: warning: incompatible implicit declaration of built-in function 'exit'
conftest.c:4:3: note: include '<stdlib.h>' or provide a declaration of 'exit'
configure:4756: $? = 0
configure:4771: result: 
configure:4832: checking for an ANSI C-conforming const
configure:4898: arm-brcm-linux-uclibcgnueabi-gcc -c -O2 -Wall -DLINUX26 -DCONFIG_BCMWL5 -DCONFIG_BCMWL6 -DCONFIG_BCMWL6A -DPART_JFFS2_GAP=0UL -pipe -fno-strict-aliasing -DBCMWPA2 -DBCMARM -marm  -DTCONFIG_NVRAM_64K -DLINUX_KERNEL_VERSION=132644 -fPIC -ffunction-sections -fdata-sections -I/root/advancedtomato-arm/release/src-rt-6.x.4708/router/gmp conftest.c >&5
configure:4898: $? = 0
configure:4905: result: yes
configure:4913: checking for inline
configure:4929: arm-brcm-linux-uclibcgnueabi-gcc -c -O2 -Wall -DLINUX26 -DCONFIG_BCMWL5 -DCONFIG_BCMWL6 -DCONFIG_BCMWL6A -DPART_JFFS2_GAP=0UL -pipe -fno-strict-aliasing -DBCMWPA2 -DBCMARM -marm  -DTCONFIG_NVRAM_64K -DLINUX_KERNEL_VERSION=132644 -fPIC -ffunction-sections -fdata-sections -I/root/advancedtomato-arm/release/src-rt-6.x.4708/router/gmp conftest.c >&5
configure:4929: $? = 0
configure:4937: result: inline
configure:4960: checking how to run the C preprocessor
configure:4991: arm-brcm-linux-uclibcgnueabi-gcc -E -I/root/advancedtomato-arm/release/src-rt-6.x.4708/router/gmp conftest.c
configure:4991: $? = 0
configure:5005: arm-brcm-linux-uclibcgnueabi-gcc -E -I/root/advancedtomato-arm/release/src-rt-6.x.4708/router/gmp conftest.c
conftest.c:9:28: fatal error: ac_nonexistent.h: No such file or directory
compilation terminated.
configure:5005: $? = 1
configure: failed program was:
| /* confdefs.h */
| #define PACKAGE_NAME "nettle"
| #define PACKAGE_TARNAME "nettle"
| #define PACKAGE_VERSION "3.4"
| #define PACKAGE_STRING "nettle 3.4"
| #define PACKAGE_BUGREPORT "nettle-bugs@lists.lysator.liu.se"
| #define PACKAGE_URL ""
| /* end confdefs.h.  */
| #include <ac_nonexistent.h>
configure:5030: result: arm-brcm-linux-uclibcgnueabi-gcc -E
configure:5050: arm-brcm-linux-uclibcgnueabi-gcc -E -I/root/advancedtomato-arm/release/src-rt-6.x.4708/router/gmp conftest.c
configure:5050: $? = 0
configure:5064: arm-brcm-linux-uclibcgnueabi-gcc -E -I/root/advancedtomato-arm/release/src-rt-6.x.4708/router/gmp conftest.c
conftest.c:9:28: fatal error: ac_nonexistent.h: No such file or directory
compilation terminated.
configure:5064: $? = 1
configure: failed program was:
| /* confdefs.h */
| #define PACKAGE_NAME "nettle"
| #define PACKAGE_TARNAME "nettle"
| #define PACKAGE_VERSION "3.4"
| #define PACKAGE_STRING "nettle 3.4"
| #define PACKAGE_BUGREPORT "nettle-bugs@lists.lysator.liu.se"
| #define PACKAGE_URL ""
| /* end confdefs.h.  */
| #include <ac_nonexistent.h>
configure:5093: checking for grep that handles long lines and -e
configure:5151: result: /bin/grep
configure:5156: checking for egrep
configure:5218: result: /bin/grep -E
configure:5223: checking for uid_t in sys/types.h
configure:5242: result: yes
configure:5253: checking for ANSI C header files
configure:5273: arm-brcm-linux-uclibcgnueabi-gcc -c -O2 -Wall -DLINUX26 -DCONFIG_BCMWL5 -DCONFIG_BCMWL6 -DCONFIG_BCMWL6A -DPART_JFFS2_GAP=0UL -pipe -fno-strict-aliasing -DBCMWPA2 -DBCMARM -marm  -DTCONFIG_NVRAM_64K -DLINUX_KERNEL_VERSION=132644 -fPIC -ffunction-sections -fdata-sections -I/root/advancedtomato-arm/release/src-rt-6.x.4708/router/gmp conftest.c >&5
configure:5273: $? = 0
configure:5357: result: yes
configure:5370: checking for sys/types.h
configure:5370: arm-brcm-linux-uclibcgnueabi-gcc -c -O2 -Wall -DLINUX26 -DCONFIG_BCMWL5 -DCONFIG_BCMWL6 -DCONFIG_BCMWL6A -DPART_JFFS2_GAP=0UL -pipe -fno-strict-aliasing -DBCMWPA2 -DBCMARM -marm  -DTCONFIG_NVRAM_64K -DLINUX_KERNEL_VERSION=132644 -fPIC -ffunction-sections -fdata-sections -I/root/advancedtomato-arm/release/src-rt-6.x.4708/router/gmp conftest.c >&5
configure:5370: $? = 0
configure:5370: result: yes
configure:5370: checking for sys/stat.h
configure:5370: arm-brcm-linux-uclibcgnueabi-gcc -c -O2 -Wall -DLINUX26 -DCONFIG_BCMWL5 -DCONFIG_BCMWL6 -DCONFIG_BCMWL6A -DPART_JFFS2_GAP=0UL -pipe -fno-strict-aliasing -DBCMWPA2 -DBCMARM -marm  -DTCONFIG_NVRAM_64K -DLINUX_KERNEL_VERSION=132644 -fPIC -ffunction-sections -fdata-sections -I/root/advancedtomato-arm/release/src-rt-6.x.4708/router/gmp conftest.c >&5
configure:5370: $? = 0
configure:5370: result: yes
configure:5370: checking for stdlib.h
configure:5370: arm-brcm-linux-uclibcgnueabi-gcc -c -O2 -Wall -DLINUX26 -DCONFIG_BCMWL5 -DCONFIG_BCMWL6 -DCONFIG_BCMWL6A -DPART_JFFS2_GAP=0UL -pipe -fno-strict-aliasing -DBCMWPA2 -DBCMARM -marm  -DTCONFIG_NVRAM_64K -DLINUX_KERNEL_VERSION=132644 -fPIC -ffunction-sections -fdata-sections -I/root/advancedtomato-arm/release/src-rt-6.x.4708/router/gmp conftest.c >&5
configure:5370: $? = 0
configure:5370: result: yes
configure:5370: checking for string.h
configure:5370: arm-brcm-linux-uclibcgnueabi-gcc -c -O2 -Wall -DLINUX26 -DCONFIG_BCMWL5 -DCONFIG_BCMWL6 -DCONFIG_BCMWL6A -DPART_JFFS2_GAP=0UL -pipe -fno-strict-aliasing -DBCMWPA2 -DBCMARM -marm  -DTCONFIG_NVRAM_64K -DLINUX_KERNEL_VERSION=132644 -fPIC -ffunction-sections -fdata-sections -I/root/advancedtomato-arm/release/src-rt-6.x.4708/router/gmp conftest.c >&5
configure:5370: $? = 0
configure:5370: result: yes
configure:5370: checking for memory.h
configure:5370: arm-brcm-linux-uclibcgnueabi-gcc -c -O2 -Wall -DLINUX26 -DCONFIG_BCMWL5 -DCONFIG_BCMWL6 -DCONFIG_BCMWL6A -DPART_JFFS2_GAP=0UL -pipe -fno-strict-aliasing -DBCMWPA2 -DBCMARM -marm  -DTCONFIG_NVRAM_64K -DLINUX_KERNEL_VERSION=132644 -fPIC -ffunction-sections -fdata-sections -I/root/advancedtomato-arm/release/src-rt-6.x.4708/router/gmp conftest.c >&5
configure:5370: $? = 0
configure:5370: result: yes
configure:5370: checking for strings.h
configure:5370: arm-brcm-linux-uclibcgnueabi-gcc -c -O2 -Wall -DLINUX26 -DCONFIG_BCMWL5 -DCONFIG_BCMWL6 -DCONFIG_BCMWL6A -DPART_JFFS2_GAP=0UL -pipe -fno-strict-aliasing -DBCMWPA2 -DBCMARM -marm  -DTCONFIG_NVRAM_64K -DLINUX_KERNEL_VERSION=132644 -fPIC -ffunction-sections -fdata-sections -I/root/advancedtomato-arm/release/src-rt-6.x.4708/router/gmp conftest.c >&5
configure:5370: $? = 0
configure:5370: result: yes
configure:5370: checking for inttypes.h
configure:5370: arm-brcm-linux-uclibcgnueabi-gcc -c -O2 -Wall -DLINUX26 -DCONFIG_BCMWL5 -DCONFIG_BCMWL6 -DCONFIG_BCMWL6A -DPART_JFFS2_GAP=0UL -pipe -fno-strict-aliasing -DBCMWPA2 -DBCMARM -marm  -DTCONFIG_NVRAM_64K -DLINUX_KERNEL_VERSION=132644 -fPIC -ffunction-sections -fdata-sections -I/root/advancedtomato-arm/release/src-rt-6.x.4708/router/gmp conftest.c >&5
configure:5370: $? = 0
configure:5370: result: yes
configure:5370: checking for stdint.h
configure:5370: arm-brcm-linux-uclibcgnueabi-gcc -c -O2 -Wall -DLINUX26 -DCONFIG_BCMWL5 -DCONFIG_BCMWL6 -DCONFIG_BCMWL6A -DPART_JFFS2_GAP=0UL -pipe -fno-strict-aliasing -DBCMWPA2 -DBCMARM -marm  -DTCONFIG_NVRAM_64K -DLINUX_KERNEL_VERSION=132644 -fPIC -ffunction-sections -fdata-sections -I/root/advancedtomato-arm/release/src-rt-6.x.4708/router/gmp conftest.c >&5
configure:5370: $? = 0
configure:5370: result: yes
configure:5370: checking for unistd.h
configure:5370: arm-brcm-linux-uclibcgnueabi-gcc -c -O2 -Wall -DLINUX26 -DCONFIG_BCMWL5 -DCONFIG_BCMWL6 -DCONFIG_BCMWL6A -DPART_JFFS2_GAP=0UL -pipe -fno-strict-aliasing -DBCMWPA2 -DBCMARM -marm  -DTCONFIG_NVRAM_64K -DLINUX_KERNEL_VERSION=132644 -fPIC -ffunction-sections -fdata-sections -I/root/advancedtomato-arm/release/src-rt-6.x.4708/router/gmp conftest.c >&5
configure:5370: $? = 0
configure:5370: result: yes
configure:5382: checking for size_t
configure:5382: arm-brcm-linux-uclibcgnueabi-gcc -c -O2 -Wall -DLINUX26 -DCONFIG_BCMWL5 -DCONFIG_BCMWL6 -DCONFIG_BCMWL6A -DPART_JFFS2_GAP=0UL -pipe -fno-strict-aliasing -DBCMWPA2 -DBCMARM -marm  -DTCONFIG_NVRAM_64K -DLINUX_KERNEL_VERSION=132644 -fPIC -ffunction-sections -fdata-sections -I/root/advancedtomato-arm/release/src-rt-6.x.4708/router/gmp conftest.c >&5
configure:5382: $? = 0
configure:5382: arm-brcm-linux-uclibcgnueabi-gcc -c -O2 -Wall -DLINUX26 -DCONFIG_BCMWL5 -DCONFIG_BCMWL6 -DCONFIG_BCMWL6A -DPART_JFFS2_GAP=0UL -pipe -fno-strict-aliasing -DBCMWPA2 -DBCMARM -marm  -DTCONFIG_NVRAM_64K -DLINUX_KERNEL_VERSION=132644 -fPIC -ffunction-sections -fdata-sections -I/root/advancedtomato-arm/release/src-rt-6.x.4708/router/gmp conftest.c >&5
conftest.c: In function 'main':
conftest.c:55:21: error: expected expression before ')' token
configure:5382: $? = 1
configure: failed program was:
| /* confdefs.h */
| #define PACKAGE_NAME "nettle"
| #define PACKAGE_TARNAME "nettle"
| #define PACKAGE_VERSION "3.4"
| #define PACKAGE_STRING "nettle 3.4"
| #define PACKAGE_BUGREPORT "nettle-bugs@lists.lysator.liu.se"
| #define PACKAGE_URL ""
| #define STDC_HEADERS 1
| #define HAVE_SYS_TYPES_H 1
| #define HAVE_SYS_STAT_H 1
| #define HAVE_STDLIB_H 1
| #define HAVE_STRING_H 1
| #define HAVE_MEMORY_H 1
| #define HAVE_STRINGS_H 1
| #define HAVE_INTTYPES_H 1
| #define HAVE_STDINT_H 1
| #define HAVE_UNISTD_H 1
| /* end confdefs.h.  */
| #include <stdio.h>
| #ifdef HAVE_SYS_TYPES_H
| # include <sys/types.h>
| #endif
| #ifdef HAVE_SYS_STAT_H
| # include <sys/stat.h>
| #endif
| #ifdef STDC_HEADERS
| # include <stdlib.h>
| # include <stddef.h>
| #else
| # ifdef HAVE_STDLIB_H
| #  include <stdlib.h>
| # endif
| #endif
| #ifdef HAVE_STRING_H
| # if !defined STDC_HEADERS && defined HAVE_MEMORY_H
| #  include <memory.h>
| # endif
| # include <string.h>
| #endif
| #ifdef HAVE_STRINGS_H
| # include <strings.h>
| #endif
| #ifdef HAVE_INTTYPES_H
| # include <inttypes.h>
| #endif
| #ifdef HAVE_STDINT_H
| # include <stdint.h>
| #endif
| #ifdef HAVE_UNISTD_H
| # include <unistd.h>
| #endif
| int
| main ()
| {
| if (sizeof ((size_t)))
| 	    return 0;
|   ;
|   return 0;
| }
configure:5382: result: yes
configure:5393: checking whether time.h and sys/time.h may both be included
configure:5413: arm-brcm-linux-uclibcgnueabi-gcc -c -O2 -Wall -DLINUX26 -DCONFIG_BCMWL5 -DCONFIG_BCMWL6 -DCONFIG_BCMWL6A -DPART_JFFS2_GAP=0UL -pipe -fno-strict-aliasing -DBCMWPA2 -DBCMARM -marm  -DTCONFIG_NVRAM_64K -DLINUX_KERNEL_VERSION=132644 -fPIC -ffunction-sections -fdata-sections -I/root/advancedtomato-arm/release/src-rt-6.x.4708/router/gmp conftest.c >&5
configure:5413: $? = 0
configure:5420: result: yes
configure:5432: checking size of long
configure:5437: arm-brcm-linux-uclibcgnueabi-gcc -c -O2 -Wall -DLINUX26 -DCONFIG_BCMWL5 -DCONFIG_BCMWL6 -DCONFIG_BCMWL6A -DPART_JFFS2_GAP=0UL -pipe -fno-strict-aliasing -DBCMWPA2 -DBCMARM -marm  -DTCONFIG_NVRAM_64K -DLINUX_KERNEL_VERSION=132644 -fPIC -ffunction-sections -fdata-sections -I/root/advancedtomato-arm/release/src-rt-6.x.4708/router/gmp conftest.c >&5
configure:5437: $? = 0
configure:5437: arm-brcm-linux-uclibcgnueabi-gcc -c -O2 -Wall -DLINUX26 -DCONFIG_BCMWL5 -DCONFIG_BCMWL6 -DCONFIG_BCMWL6A -DPART_JFFS2_GAP=0UL -pipe -fno-strict-aliasing -DBCMWPA2 -DBCMARM -marm  -DTCONFIG_NVRAM_64K -DLINUX_KERNEL_VERSION=132644 -fPIC -ffunction-sections -fdata-sections -I/root/advancedtomato-arm/release/src-rt-6.x.4708/router/gmp conftest.c >&5
conftest.c: In function 'main':
conftest.c:56:12: error: size of array 'test_array' is negative
configure:5437: $? = 1
configure: failed program was:
| /* confdefs.h */
| #define PACKAGE_NAME "nettle"
| #define PACKAGE_TARNAME "nettle"
| #define PACKAGE_VERSION "3.4"
| #define PACKAGE_STRING "nettle 3.4"
| #define PACKAGE_BUGREPORT "nettle-bugs@lists.lysator.liu.se"
| #define PACKAGE_URL ""
| #define STDC_HEADERS 1
| #define HAVE_SYS_TYPES_H 1
| #define HAVE_SYS_STAT_H 1
| #define HAVE_STDLIB_H 1
| #define HAVE_STRING_H 1
| #define HAVE_MEMORY_H 1
| #define HAVE_STRINGS_H 1
| #define HAVE_INTTYPES_H 1
| #define HAVE_STDINT_H 1
| #define HAVE_UNISTD_H 1
| #define TIME_WITH_SYS_TIME 1
| /* end confdefs.h.  */
| #include <stdio.h>
| #ifdef HAVE_SYS_TYPES_H
| # include <sys/types.h>
| #endif
| #ifdef HAVE_SYS_STAT_H
| # include <sys/stat.h>
| #endif
| #ifdef STDC_HEADERS
| # include <stdlib.h>
| # include <stddef.h>
| #else
| # ifdef HAVE_STDLIB_H
| #  include <stdlib.h>
| # endif
| #endif
| #ifdef HAVE_STRING_H
| # if !defined STDC_HEADERS && defined HAVE_MEMORY_H
| #  include <memory.h>
| # endif
| # include <string.h>
| #endif
| #ifdef HAVE_STRINGS_H
| # include <strings.h>
| #endif
| #ifdef HAVE_INTTYPES_H
| # include <inttypes.h>
| #endif
| #ifdef HAVE_STDINT_H
| # include <stdint.h>
| #endif
| #ifdef HAVE_UNISTD_H
| # include <unistd.h>
| #endif
| int
| main ()
| {
| static int test_array [1 - 2 * !(((long int) (sizeof (long))) <= 0)];
| test_array [0] = 0;
| return test_array [0];
| 
|   ;
|   return 0;
| }
configure:5437: arm-brcm-linux-uclibcgnueabi-gcc -c -O2 -Wall -DLINUX26 -DCONFIG_BCMWL5 -DCONFIG_BCMWL6 -DCONFIG_BCMWL6A -DPART_JFFS2_GAP=0UL -pipe -fno-strict-aliasing -DBCMWPA2 -DBCMARM -marm  -DTCONFIG_NVRAM_64K -DLINUX_KERNEL_VERSION=132644 -fPIC -ffunction-sections -fdata-sections -I/root/advancedtomato-arm/release/src-rt-6.x.4708/router/gmp conftest.c >&5
conftest.c: In function 'main':
conftest.c:56:12: error: size of array 'test_array' is negative
configure:5437: $? = 1
configure: failed program was:
| /* confdefs.h */
| #define PACKAGE_NAME "nettle"
| #define PACKAGE_TARNAME "nettle"
| #define PACKAGE_VERSION "3.4"
| #define PACKAGE_STRING "nettle 3.4"
| #define PACKAGE_BUGREPORT "nettle-bugs@lists.lysator.liu.se"
| #define PACKAGE_URL ""
| #define STDC_HEADERS 1
| #define HAVE_SYS_TYPES_H 1
| #define HAVE_SYS_STAT_H 1
| #define HAVE_STDLIB_H 1
| #define HAVE_STRING_H 1
| #define HAVE_MEMORY_H 1
| #define HAVE_STRINGS_H 1
| #define HAVE_INTTYPES_H 1
| #define HAVE_STDINT_H 1
| #define HAVE_UNISTD_H 1
| #define TIME_WITH_SYS_TIME 1
| /* end confdefs.h.  */
| #include <stdio.h>
| #ifdef HAVE_SYS_TYPES_H
| # include <sys/types.h>
| #endif
| #ifdef HAVE_SYS_STAT_H
| # include <sys/stat.h>
| #endif
| #ifdef STDC_HEADERS
| # include <stdlib.h>
| # include <stddef.h>
| #else
| # ifdef HAVE_STDLIB_H
| #  include <stdlib.h>
| # endif
| #endif
| #ifdef HAVE_STRING_H
| # if !defined STDC_HEADERS && defined HAVE_MEMORY_H
| #  include <memory.h>
| # endif
| # include <string.h>
| #endif
| #ifdef HAVE_STRINGS_H
| # include <strings.h>
| #endif
| #ifdef HAVE_INTTYPES_H
| # include <inttypes.h>
| #endif
| #ifdef HAVE_STDINT_H
| # include <stdint.h>
| #endif
| #ifdef HAVE_UNISTD_H
| # include <unistd.h>
| #endif
| int
| main ()
| {
| static int test_array [1 - 2 * !(((long int) (sizeof (long))) <= 1)];
| test_array [0] = 0;
| return test_array [0];
| 
|   ;
|   return 0;
| }
configure:5437: arm-brcm-linux-uclibcgnueabi-gcc -c -O2 -Wall -DLINUX26 -DCONFIG_BCMWL5 -DCONFIG_BCMWL6 -DCONFIG_BCMWL6A -DPART_JFFS2_GAP=0UL -pipe -fno-strict-aliasing -DBCMWPA2 -DBCMARM -marm  -DTCONFIG_NVRAM_64K -DLINUX_KERNEL_VERSION=132644 -fPIC -ffunction-sections -fdata-sections -I/root/advancedtomato-arm/release/src-rt-6.x.4708/router/gmp conftest.c >&5
conftest.c: In function 'main':
conftest.c:56:12: error: size of array 'test_array' is negative
configure:5437: $? = 1
configure: failed program was:
| /* confdefs.h */
| #define PACKAGE_NAME "nettle"
| #define PACKAGE_TARNAME "nettle"
| #define PACKAGE_VERSION "3.4"
| #define PACKAGE_STRING "nettle 3.4"
| #define PACKAGE_BUGREPORT "nettle-bugs@lists.lysator.liu.se"
| #define PACKAGE_URL ""
| #define STDC_HEADERS 1
| #define HAVE_SYS_TYPES_H 1
| #define HAVE_SYS_STAT_H 1
| #define HAVE_STDLIB_H 1
| #define HAVE_STRING_H 1
| #define HAVE_MEMORY_H 1
| #define HAVE_STRINGS_H 1
| #define HAVE_INTTYPES_H 1
| #define HAVE_STDINT_H 1
| #define HAVE_UNISTD_H 1
| #define TIME_WITH_SYS_TIME 1
| /* end confdefs.h.  */
| #include <stdio.h>
| #ifdef HAVE_SYS_TYPES_H
| # include <sys/types.h>
| #endif
| #ifdef HAVE_SYS_STAT_H
| # include <sys/stat.h>
| #endif
| #ifdef STDC_HEADERS
| # include <stdlib.h>
| # include <stddef.h>
| #else
| # ifdef HAVE_STDLIB_H
| #  include <stdlib.h>
| # endif
| #endif
| #ifdef HAVE_STRING_H
| # if !defined STDC_HEADERS && defined HAVE_MEMORY_H
| #  include <memory.h>
| # endif
| # include <string.h>
| #endif
| #ifdef HAVE_STRINGS_H
| # include <strings.h>
| #endif
| #ifdef HAVE_INTTYPES_H
| # include <inttypes.h>
| #endif
| #ifdef HAVE_STDINT_H
| # include <stdint.h>
| #endif
| #ifdef HAVE_UNISTD_H
| # include <unistd.h>
| #endif
| int
| main ()
| {
| static int test_array [1 - 2 * !(((long int) (sizeof (long))) <= 3)];
| test_array [0] = 0;
| return test_array [0];
| 
|   ;
|   return 0;
| }
configure:5437: arm-brcm-linux-uclibcgnueabi-gcc -c -O2 -Wall -DLINUX26 -DCONFIG_BCMWL5 -DCONFIG_BCMWL6 -DCONFIG_BCMWL6A -DPART_JFFS2_GAP=0UL -pipe -fno-strict-aliasing -DBCMWPA2 -DBCMARM -marm  -DTCONFIG_NVRAM_64K -DLINUX_KERNEL_VERSION=132644 -fPIC -ffunction-sections -fdata-sections -I/root/advancedtomato-arm/release/src-rt-6.x.4708/router/gmp conftest.c >&5
configure:5437: $? = 0
configure:5437: arm-brcm-linux-uclibcgnueabi-gcc -c -O2 -Wall -DLINUX26 -DCONFIG_BCMWL5 -DCONFIG_BCMWL6 -DCONFIG_BCMWL6A -DPART_JFFS2_GAP=0UL -pipe -fno-strict-aliasing -DBCMWPA2 -DBCMARM -marm  -DTCONFIG_NVRAM_64K -DLINUX_KERNEL_VERSION=132644 -fPIC -ffunction-sections -fdata-sections -I/root/advancedtomato-arm/release/src-rt-6.x.4708/router/gmp conftest.c >&5
configure:5437: $? = 0
configure:5437: arm-brcm-linux-uclibcgnueabi-gcc -c -O2 -Wall -DLINUX26 -DCONFIG_BCMWL5 -DCONFIG_BCMWL6 -DCONFIG_BCMWL6A -DPART_JFFS2_GAP=0UL -pipe -fno-strict-aliasing -DBCMWPA2 -DBCMARM -marm  -DTCONFIG_NVRAM_64K -DLINUX_KERNEL_VERSION=132644 -fPIC -ffunction-sections -fdata-sections -I/root/advancedtomato-arm/release/src-rt-6.x.4708/router/gmp conftest.c >&5
configure:5437: $? = 0
configure:5451: result: 4
configure:5465: checking size of size_t
configure:5470: arm-brcm-linux-uclibcgnueabi-gcc -c -O2 -Wall -DLINUX26 -DCONFIG_BCMWL5 -DCONFIG_BCMWL6 -DCONFIG_BCMWL6A -DPART_JFFS2_GAP=0UL -pipe -fno-strict-aliasing -DBCMWPA2 -DBCMARM -marm  -DTCONFIG_NVRAM_64K -DLINUX_KERNEL_VERSION=132644 -fPIC -ffunction-sections -fdata-sections -I/root/advancedtomato-arm/release/src-rt-6.x.4708/router/gmp conftest.c >&5
configure:5470: $? = 0
configure:5470: arm-brcm-linux-uclibcgnueabi-gcc -c -O2 -Wall -DLINUX26 -DCONFIG_BCMWL5 -DCONFIG_BCMWL6 -DCONFIG_BCMWL6A -DPART_JFFS2_GAP=0UL -pipe -fno-strict-aliasing -DBCMWPA2 -DBCMARM -marm  -DTCONFIG_NVRAM_64K -DLINUX_KERNEL_VERSION=132644 -fPIC -ffunction-sections -fdata-sections -I/root/advancedtomato-arm/release/src-rt-6.x.4708/router/gmp conftest.c >&5
conftest.c: In function 'main':
conftest.c:57:12: error: size of array 'test_array' is negative
configure:5470: $? = 1
configure: failed program was:
| /* confdefs.h */
| #define PACKAGE_NAME "nettle"
| #define PACKAGE_TARNAME "nettle"
| #define PACKAGE_VERSION "3.4"
| #define PACKAGE_STRING "nettle 3.4"
| #define PACKAGE_BUGREPORT "nettle-bugs@lists.lysator.liu.se"
| #define PACKAGE_URL ""
| #define STDC_HEADERS 1
| #define HAVE_SYS_TYPES_H 1
| #define HAVE_SYS_STAT_H 1
| #define HAVE_STDLIB_H 1
| #define HAVE_STRING_H 1
| #define HAVE_MEMORY_H 1
| #define HAVE_STRINGS_H 1
| #define HAVE_INTTYPES_H 1
| #define HAVE_STDINT_H 1
| #define HAVE_UNISTD_H 1
| #define TIME_WITH_SYS_TIME 1
| #define SIZEOF_LONG 4
| /* end confdefs.h.  */
| #include <stdio.h>
| #ifdef HAVE_SYS_TYPES_H
| # include <sys/types.h>
| #endif
| #ifdef HAVE_SYS_STAT_H
| # include <sys/stat.h>
| #endif
| #ifdef STDC_HEADERS
| # include <stdlib.h>
| # include <stddef.h>
| #else
| # ifdef HAVE_STDLIB_H
| #  include <stdlib.h>
| # endif
| #endif
| #ifdef HAVE_STRING_H
| # if !defined STDC_HEADERS && defined HAVE_MEMORY_H
| #  include <memory.h>
| # endif
| # include <string.h>
| #endif
| #ifdef HAVE_STRINGS_H
| # include <strings.h>
| #endif
| #ifdef HAVE_INTTYPES_H
| # include <inttypes.h>
| #endif
| #ifdef HAVE_STDINT_H
| # include <stdint.h>
| #endif
| #ifdef HAVE_UNISTD_H
| # include <unistd.h>
| #endif
| int
| main ()
| {
| static int test_array [1 - 2 * !(((long int) (sizeof (size_t))) <= 0)];
| test_array [0] = 0;
| return test_array [0];
| 
|   ;
|   return 0;
| }
configure:5470: arm-brcm-linux-uclibcgnueabi-gcc -c -O2 -Wall -DLINUX26 -DCONFIG_BCMWL5 -DCONFIG_BCMWL6 -DCONFIG_BCMWL6A -DPART_JFFS2_GAP=0UL -pipe -fno-strict-aliasing -DBCMWPA2 -DBCMARM -marm  -DTCONFIG_NVRAM_64K -DLINUX_KERNEL_VERSION=132644 -fPIC -ffunction-sections -fdata-sections -I/root/advancedtomato-arm/release/src-rt-6.x.4708/router/gmp conftest.c >&5
conftest.c: In function 'main':
conftest.c:57:12: error: size of array 'test_array' is negative
configure:5470: $? = 1
configure: failed program was:
| /* confdefs.h */
| #define PACKAGE_NAME "nettle"
| #define PACKAGE_TARNAME "nettle"
| #define PACKAGE_VERSION "3.4"
| #define PACKAGE_STRING "nettle 3.4"
| #define PACKAGE_BUGREPORT "nettle-bugs@lists.lysator.liu.se"
| #define PACKAGE_URL ""
| #define STDC_HEADERS 1
| #define HAVE_SYS_TYPES_H 1
| #define HAVE_SYS_STAT_H 1
| #define HAVE_STDLIB_H 1
| #define HAVE_STRING_H 1
| #define HAVE_MEMORY_H 1
| #define HAVE_STRINGS_H 1
| #define HAVE_INTTYPES_H 1
| #define HAVE_STDINT_H 1
| #define HAVE_UNISTD_H 1
| #define TIME_WITH_SYS_TIME 1
| #define SIZEOF_LONG 4
| /* end confdefs.h.  */
| #include <stdio.h>
| #ifdef HAVE_SYS_TYPES_H
| # include <sys/types.h>
| #endif
| #ifdef HAVE_SYS_STAT_H
| # include <sys/stat.h>
| #endif
| #ifdef STDC_HEADERS
| # include <stdlib.h>
| # include <stddef.h>
| #else
| # ifdef HAVE_STDLIB_H
| #  include <stdlib.h>
| # endif
| #endif
| #ifdef HAVE_STRING_H
| # if !defined STDC_HEADERS && defined HAVE_MEMORY_H
| #  include <memory.h>
| # endif
| # include <string.h>
| #endif
| #ifdef HAVE_STRINGS_H
| # include <strings.h>
| #endif
| #ifdef HAVE_INTTYPES_H
| # include <inttypes.h>
| #endif
| #ifdef HAVE_STDINT_H
| # include <stdint.h>
| #endif
| #ifdef HAVE_UNISTD_H
| # include <unistd.h>
| #endif
| int
| main ()
| {
| static int test_array [1 - 2 * !(((long int) (sizeof (size_t))) <= 1)];
| test_array [0] = 0;
| return test_array [0];
| 
|   ;
|   return 0;
| }
configure:5470: arm-brcm-linux-uclibcgnueabi-gcc -c -O2 -Wall -DLINUX26 -DCONFIG_BCMWL5 -DCONFIG_BCMWL6 -DCONFIG_BCMWL6A -DPART_JFFS2_GAP=0UL -pipe -fno-strict-aliasing -DBCMWPA2 -DBCMARM -marm  -DTCONFIG_NVRAM_64K -DLINUX_KERNEL_VERSION=132644 -fPIC -ffunction-sections -fdata-sections -I/root/advancedtomato-arm/release/src-rt-6.x.4708/router/gmp conftest.c >&5
conftest.c: In function 'main':
conftest.c:57:12: error: size of array 'test_array' is negative
configure:5470: $? = 1
configure: failed program was:
| /* confdefs.h */
| #define PACKAGE_NAME "nettle"
| #define PACKAGE_TARNAME "nettle"
| #define PACKAGE_VERSION "3.4"
| #define PACKAGE_STRING "nettle 3.4"
| #define PACKAGE_BUGREPORT "nettle-bugs@lists.lysator.liu.se"
| #define PACKAGE_URL ""
| #define STDC_HEADERS 1
| #define HAVE_SYS_TYPES_H 1
| #define HAVE_SYS_STAT_H 1
| #define HAVE_STDLIB_H 1
| #define HAVE_STRING_H 1
| #define HAVE_MEMORY_H 1
| #define HAVE_STRINGS_H 1
| #define HAVE_INTTYPES_H 1
| #define HAVE_STDINT_H 1
| #define HAVE_UNISTD_H 1
| #define TIME_WITH_SYS_TIME 1
| #define SIZEOF_LONG 4
| /* end confdefs.h.  */
| #include <stdio.h>
| #ifdef HAVE_SYS_TYPES_H
| # include <sys/types.h>
| #endif
| #ifdef HAVE_SYS_STAT_H
| # include <sys/stat.h>
| #endif
| #ifdef STDC_HEADERS
| # include <stdlib.h>
| # include <stddef.h>
| #else
| # ifdef HAVE_STDLIB_H
| #  include <stdlib.h>
| # endif
| #endif
| #ifdef HAVE_STRING_H
| # if !defined STDC_HEADERS && defined HAVE_MEMORY_H
| #  include <memory.h>
| # endif
| # include <string.h>
| #endif
| #ifdef HAVE_STRINGS_H
| # include <strings.h>
| #endif
| #ifdef HAVE_INTTYPES_H
| # include <inttypes.h>
| #endif
| #ifdef HAVE_STDINT_H
| # include <stdint.h>
| #endif
| #ifdef HAVE_UNISTD_H
| # include <unistd.h>
| #endif
| int
| main ()
| {
| static int test_array [1 - 2 * !(((long int) (sizeof (size_t))) <= 3)];
| test_array [0] = 0;
| return test_array [0];
| 
|   ;
|   return 0;
| }
configure:5470: arm-brcm-linux-uclibcgnueabi-gcc -c -O2 -Wall -DLINUX26 -DCONFIG_BCMWL5 -DCONFIG_BCMWL6 -DCONFIG_BCMWL6A -DPART_JFFS2_GAP=0UL -pipe -fno-strict-aliasing -DBCMWPA2 -DBCMARM -marm  -DTCONFIG_NVRAM_64K -DLINUX_KERNEL_VERSION=132644 -fPIC -ffunction-sections -fdata-sections -I/root/advancedtomato-arm/release/src-rt-6.x.4708/router/gmp conftest.c >&5
configure:5470: $? = 0
configure:5470: arm-brcm-linux-uclibcgnueabi-gcc -c -O2 -Wall -DLINUX26 -DCONFIG_BCMWL5 -DCONFIG_BCMWL6 -DCONFIG_BCMWL6A -DPART_JFFS2_GAP=0UL -pipe -fno-strict-aliasing -DBCMWPA2 -DBCMARM -marm  -DTCONFIG_NVRAM_64K -DLINUX_KERNEL_VERSION=132644 -fPIC -ffunction-sections -fdata-sections -I/root/advancedtomato-arm/release/src-rt-6.x.4708/router/gmp conftest.c >&5
configure:5470: $? = 0
configure:5470: arm-brcm-linux-uclibcgnueabi-gcc -c -O2 -Wall -DLINUX26 -DCONFIG_BCMWL5 -DCONFIG_BCMWL6 -DCONFIG_BCMWL6A -DPART_JFFS2_GAP=0UL -pipe -fno-strict-aliasing -DBCMWPA2 -DBCMARM -marm  -DTCONFIG_NVRAM_64K -DLINUX_KERNEL_VERSION=132644 -fPIC -ffunction-sections -fdata-sections -I/root/advancedtomato-arm/release/src-rt-6.x.4708/router/gmp conftest.c >&5
configure:5470: $? = 0
configure:5484: result: 4
configure:5498: checking openssl/evp.h usability
configure:5498: arm-brcm-linux-uclibcgnueabi-gcc -c -O2 -Wall -DLINUX26 -DCONFIG_BCMWL5 -DCONFIG_BCMWL6 -DCONFIG_BCMWL6A -DPART_JFFS2_GAP=0UL -pipe -fno-strict-aliasing -DBCMWPA2 -DBCMARM -marm  -DTCONFIG_NVRAM_64K -DLINUX_KERNEL_VERSION=132644 -fPIC -ffunction-sections -fdata-sections -I/root/advancedtomato-arm/release/src-rt-6.x.4708/router/gmp conftest.c >&5
configure:5498: $? = 0
configure:5498: result: yes
configure:5498: checking openssl/evp.h presence
configure:5498: arm-brcm-linux-uclibcgnueabi-gcc -E -I/root/advancedtomato-arm/release/src-rt-6.x.4708/router/gmp conftest.c
configure:5498: $? = 0
configure:5498: result: yes
configure:5498: checking for openssl/evp.h
configure:5498: result: yes
configure:5498: checking openssl/ecdsa.h usability
configure:5498: arm-brcm-linux-uclibcgnueabi-gcc -c -O2 -Wall -DLINUX26 -DCONFIG_BCMWL5 -DCONFIG_BCMWL6 -DCONFIG_BCMWL6A -DPART_JFFS2_GAP=0UL -pipe -fno-strict-aliasing -DBCMWPA2 -DBCMARM -marm  -DTCONFIG_NVRAM_64K -DLINUX_KERNEL_VERSION=132644 -fPIC -ffunction-sections -fdata-sections -I/root/advancedtomato-arm/release/src-rt-6.x.4708/router/gmp conftest.c >&5
configure:5498: $? = 0
configure:5498: result: yes
configure:5498: checking openssl/ecdsa.h presence
configure:5498: arm-brcm-linux-uclibcgnueabi-gcc -E -I/root/advancedtomato-arm/release/src-rt-6.x.4708/router/gmp conftest.c
configure:5498: $? = 0
configure:5498: result: yes
configure:5498: checking for openssl/ecdsa.h
configure:5498: result: yes
configure:5515: checking valgrind/memcheck.h usability
configure:5515: arm-brcm-linux-uclibcgnueabi-gcc -c -O2 -Wall -DLINUX26 -DCONFIG_BCMWL5 -DCONFIG_BCMWL6 -DCONFIG_BCMWL6A -DPART_JFFS2_GAP=0UL -pipe -fno-strict-aliasing -DBCMWPA2 -DBCMARM -marm  -DTCONFIG_NVRAM_64K -DLINUX_KERNEL_VERSION=132644 -fPIC -ffunction-sections -fdata-sections -I/root/advancedtomato-arm/release/src-rt-6.x.4708/router/gmp conftest.c >&5
conftest.c:57:31: fatal error: valgrind/memcheck.h: No such file or directory
compilation terminated.
configure:5515: $? = 1
configure: failed program was:
| /* confdefs.h */
| #define PACKAGE_NAME "nettle"
| #define PACKAGE_TARNAME "nettle"
| #define PACKAGE_VERSION "3.4"
| #define PACKAGE_STRING "nettle 3.4"
| #define PACKAGE_BUGREPORT "nettle-bugs@lists.lysator.liu.se"
| #define PACKAGE_URL ""
| #define STDC_HEADERS 1
| #define HAVE_SYS_TYPES_H 1
| #define HAVE_SYS_STAT_H 1
| #define HAVE_STDLIB_H 1
| #define HAVE_STRING_H 1
| #define HAVE_MEMORY_H 1
| #define HAVE_STRINGS_H 1
| #define HAVE_INTTYPES_H 1
| #define HAVE_STDINT_H 1
| #define HAVE_UNISTD_H 1
| #define TIME_WITH_SYS_TIME 1
| #define SIZEOF_LONG 4
| #define SIZEOF_SIZE_T 4
| #define HAVE_OPENSSL_EVP_H 1
| #define HAVE_OPENSSL_ECDSA_H 1
| /* end confdefs.h.  */
| #include <stdio.h>
| #ifdef HAVE_SYS_TYPES_H
| # include <sys/types.h>
| #endif
| #ifdef HAVE_SYS_STAT_H
| # include <sys/stat.h>
| #endif
| #ifdef STDC_HEADERS
| # include <stdlib.h>
| # include <stddef.h>
| #else
| # ifdef HAVE_STDLIB_H
| #  include <stdlib.h>
| # endif
| #endif
| #ifdef HAVE_STRING_H
| # if !defined STDC_HEADERS && defined HAVE_MEMORY_H
| #  include <memory.h>
| # endif
| # include <string.h>
| #endif
| #ifdef HAVE_STRINGS_H
| # include <strings.h>
| #endif
| #ifdef HAVE_INTTYPES_H
| # include <inttypes.h>
| #endif
| #ifdef HAVE_STDINT_H
| # include <stdint.h>
| #endif
| #ifdef HAVE_UNISTD_H
| # include <unistd.h>
| #endif
| #include <valgrind/memcheck.h>
configure:5515: result: no
configure:5515: checking valgrind/memcheck.h presence
configure:5515: arm-brcm-linux-uclibcgnueabi-gcc -E -I/root/advancedtomato-arm/release/src-rt-6.x.4708/router/gmp conftest.c
conftest.c:24:31: fatal error: valgrind/memcheck.h: No such file or directory
compilation terminated.
configure:5515: $? = 1
configure: failed program was:
| /* confdefs.h */
| #define PACKAGE_NAME "nettle"
| #define PACKAGE_TARNAME "nettle"
| #define PACKAGE_VERSION "3.4"
| #define PACKAGE_STRING "nettle 3.4"
| #define PACKAGE_BUGREPORT "nettle-bugs@lists.lysator.liu.se"
| #define PACKAGE_URL ""
| #define STDC_HEADERS 1
| #define HAVE_SYS_TYPES_H 1
| #define HAVE_SYS_STAT_H 1
| #define HAVE_STDLIB_H 1
| #define HAVE_STRING_H 1
| #define HAVE_MEMORY_H 1
| #define HAVE_STRINGS_H 1
| #define HAVE_INTTYPES_H 1
| #define HAVE_STDINT_H 1
| #define HAVE_UNISTD_H 1
| #define TIME_WITH_SYS_TIME 1
| #define SIZEOF_LONG 4
| #define SIZEOF_SIZE_T 4
| #define HAVE_OPENSSL_EVP_H 1
| #define HAVE_OPENSSL_ECDSA_H 1
| /* end confdefs.h.  */
| #include <valgrind/memcheck.h>
configure:5515: result: no
configure:5515: checking for valgrind/memcheck.h
configure:5515: result: no
configure:5527: checking dlfcn.h usability
configure:5527: arm-brcm-linux-uclibcgnueabi-gcc -c -O2 -Wall -DLINUX26 -DCONFIG_BCMWL5 -DCONFIG_BCMWL6 -DCONFIG_BCMWL6A -DPART_JFFS2_GAP=0UL -pipe -fno-strict-aliasing -DBCMWPA2 -DBCMARM -marm  -DTCONFIG_NVRAM_64K -DLINUX_KERNEL_VERSION=132644 -fPIC -ffunction-sections -fdata-sections -I/root/advancedtomato-arm/release/src-rt-6.x.4708/router/gmp conftest.c >&5
configure:5527: $? = 0
configure:5527: result: yes
configure:5527: checking dlfcn.h presence
configure:5527: arm-brcm-linux-uclibcgnueabi-gcc -E -I/root/advancedtomato-arm/release/src-rt-6.x.4708/router/gmp conftest.c
configure:5527: $? = 0
configure:5527: result: yes
configure:5527: checking for dlfcn.h
configure:5527: result: yes
configure:5537: checking for dlopen in -ldl
configure:5562: arm-brcm-linux-uclibcgnueabi-gcc -o conftest -O2 -Wall -DLINUX26 -DCONFIG_BCMWL5 -DCONFIG_BCMWL6 -DCONFIG_BCMWL6A -DPART_JFFS2_GAP=0UL -pipe -fno-strict-aliasing -DBCMWPA2 -DBCMARM -marm  -DTCONFIG_NVRAM_64K -DLINUX_KERNEL_VERSION=132644 -fPIC -ffunction-sections -fdata-sections -I/root/advancedtomato-arm/release/src-rt-6.x.4708/router/gmp -L/root/advancedtomato-arm/release/src-rt-6.x.4708/router/gmp/.libs -ffunction-sections -fdata-sections -Wl,--gc-sections -fPIC conftest.c -ldl   >&5
configure:5562: $? = 0
configure:5571: result: yes
configure:5582: checking for working alloca.h
configure:5599: arm-brcm-linux-uclibcgnueabi-gcc -o conftest -O2 -Wall -DLINUX26 -DCONFIG_BCMWL5 -DCONFIG_BCMWL6 -DCONFIG_BCMWL6A -DPART_JFFS2_GAP=0UL -pipe -fno-strict-aliasing -DBCMWPA2 -DBCMARM -marm  -DTCONFIG_NVRAM_64K -DLINUX_KERNEL_VERSION=132644 -fPIC -ffunction-sections -fdata-sections -I/root/advancedtomato-arm/release/src-rt-6.x.4708/router/gmp -L/root/advancedtomato-arm/release/src-rt-6.x.4708/router/gmp/.libs -ffunction-sections -fdata-sections -Wl,--gc-sections -fPIC conftest.c  >&5
configure:5599: $? = 0
configure:5607: result: yes
configure:5615: checking for alloca
configure:5652: arm-brcm-linux-uclibcgnueabi-gcc -o conftest -O2 -Wall -DLINUX26 -DCONFIG_BCMWL5 -DCONFIG_BCMWL6 -DCONFIG_BCMWL6A -DPART_JFFS2_GAP=0UL -pipe -fno-strict-aliasing -DBCMWPA2 -DBCMARM -marm  -DTCONFIG_NVRAM_64K -DLINUX_KERNEL_VERSION=132644 -fPIC -ffunction-sections -fdata-sections -I/root/advancedtomato-arm/release/src-rt-6.x.4708/router/gmp -L/root/advancedtomato-arm/release/src-rt-6.x.4708/router/gmp/.libs -ffunction-sections -fdata-sections -Wl,--gc-sections -fPIC conftest.c  >&5
configure:5652: $? = 0
configure:5660: result: yes
configure:5768: checking malloc.h usability
configure:5768: arm-brcm-linux-uclibcgnueabi-gcc -c -O2 -Wall -DLINUX26 -DCONFIG_BCMWL5 -DCONFIG_BCMWL6 -DCONFIG_BCMWL6A -DPART_JFFS2_GAP=0UL -pipe -fno-strict-aliasing -DBCMWPA2 -DBCMARM -marm  -DTCONFIG_NVRAM_64K -DLINUX_KERNEL_VERSION=132644 -fPIC -ffunction-sections -fdata-sections -I/root/advancedtomato-arm/release/src-rt-6.x.4708/router/gmp conftest.c >&5
configure:5768: $? = 0
configure:5768: result: yes
configure:5768: checking malloc.h presence
configure:5768: arm-brcm-linux-uclibcgnueabi-gcc -E -I/root/advancedtomato-arm/release/src-rt-6.x.4708/router/gmp conftest.c
configure:5768: $? = 0
configure:5768: result: yes
configure:5768: checking for malloc.h
configure:5768: result: yes
configure:5781: checking for strerror
configure:5781: arm-brcm-linux-uclibcgnueabi-gcc -o conftest -O2 -Wall -DLINUX26 -DCONFIG_BCMWL5 -DCONFIG_BCMWL6 -DCONFIG_BCMWL6A -DPART_JFFS2_GAP=0UL -pipe -fno-strict-aliasing -DBCMWPA2 -DBCMARM -marm  -DTCONFIG_NVRAM_64K -DLINUX_KERNEL_VERSION=132644 -fPIC -ffunction-sections -fdata-sections -I/root/advancedtomato-arm/release/src-rt-6.x.4708/router/gmp -L/root/advancedtomato-arm/release/src-rt-6.x.4708/router/gmp/.libs -ffunction-sections -fdata-sections -Wl,--gc-sections -fPIC conftest.c  >&5
configure:5781: $? = 0
configure:5781: result: yes
configure:5796: checking for secure_getenv
configure:5796: arm-brcm-linux-uclibcgnueabi-gcc -o conftest -O2 -Wall -DLINUX26 -DCONFIG_BCMWL5 -DCONFIG_BCMWL6 -DCONFIG_BCMWL6A -DPART_JFFS2_GAP=0UL -pipe -fno-strict-aliasing -DBCMWPA2 -DBCMARM -marm  -DTCONFIG_NVRAM_64K -DLINUX_KERNEL_VERSION=132644 -fPIC -ffunction-sections -fdata-sections -I/root/advancedtomato-arm/release/src-rt-6.x.4708/router/gmp -L/root/advancedtomato-arm/release/src-rt-6.x.4708/router/gmp/.libs -ffunction-sections -fdata-sections -Wl,--gc-sections -fPIC conftest.c  >&5
/tmp/ccOyc6Vm.o: In function `main':
conftest.c:(.text.main+0x4): undefined reference to `secure_getenv'
collect2: ld returned 1 exit status
configure:5796: $? = 1
configure: failed program was:
| /* confdefs.h */
| #define PACKAGE_NAME "nettle"
| #define PACKAGE_TARNAME "nettle"
| #define PACKAGE_VERSION "3.4"
| #define PACKAGE_STRING "nettle 3.4"
| #define PACKAGE_BUGREPORT "nettle-bugs@lists.lysator.liu.se"
| #define PACKAGE_URL ""
| #define STDC_HEADERS 1
| #define HAVE_SYS_TYPES_H 1
| #define HAVE_SYS_STAT_H 1
| #define HAVE_STDLIB_H 1
| #define HAVE_STRING_H 1
| #define HAVE_MEMORY_H 1
| #define HAVE_STRINGS_H 1
| #define HAVE_INTTYPES_H 1
| #define HAVE_STDINT_H 1
| #define HAVE_UNISTD_H 1
| #define TIME_WITH_SYS_TIME 1
| #define SIZEOF_LONG 4
| #define SIZEOF_SIZE_T 4
| #define HAVE_OPENSSL_EVP_H 1
| #define HAVE_OPENSSL_ECDSA_H 1
| #define HAVE_DLFCN_H 1
| #define HAVE_LIBDL 1
| #define HAVE_ALLOCA_H 1
| #define HAVE_ALLOCA 1
| #define HAVE_MALLOC_H 1
| #define HAVE_STRERROR 1
| /* end confdefs.h.  */
| /* Define secure_getenv to an innocuous variant, in case <limits.h> declares secure_getenv.
|    For example, HP-UX 11i <limits.h> declares gettimeofday.  */
| #define secure_getenv innocuous_secure_getenv
| 
| /* System header to define __stub macros and hopefully few prototypes,
|     which can conflict with char secure_getenv (); below.
|     Prefer <limits.h> to <assert.h> if __STDC__ is defined, since
|     <limits.h> exists even on freestanding compilers.  */
| 
| #ifdef __STDC__
| # include <limits.h>
| #else
| # include <assert.h>
| #endif
| 
| #undef secure_getenv
| 
| /* Override any GCC internal prototype to avoid an error.
|    Use char because int might match the return type of a GCC
|    builtin and then its argument prototype would still apply.  */
| #ifdef __cplusplus
| extern "C"
| #endif
| char secure_getenv ();
| /* The GNU C library defines this for functions which it implements
|     to always fail with ENOSYS.  Some functions are actually named
|     something starting with __ and the normal name is an alias.  */
| #if defined __stub_secure_getenv || defined __stub___secure_getenv
| choke me
| #endif
| 
| int
| main ()
| {
| return secure_getenv ();
|   ;
|   return 0;
| }
configure:5796: result: no
configure:5796: checking for getline
configure:5796: arm-brcm-linux-uclibcgnueabi-gcc -o conftest -O2 -Wall -DLINUX26 -DCONFIG_BCMWL5 -DCONFIG_BCMWL6 -DCONFIG_BCMWL6A -DPART_JFFS2_GAP=0UL -pipe -fno-strict-aliasing -DBCMWPA2 -DBCMARM -marm  -DTCONFIG_NVRAM_64K -DLINUX_KERNEL_VERSION=132644 -fPIC -ffunction-sections -fdata-sections -I/root/advancedtomato-arm/release/src-rt-6.x.4708/router/gmp -L/root/advancedtomato-arm/release/src-rt-6.x.4708/router/gmp/.libs -ffunction-sections -fdata-sections -Wl,--gc-sections -fPIC conftest.c  >&5
configure:5796: $? = 0
configure:5796: result: yes
configure:5805: checking whether byte ordering is bigendian
configure:5820: arm-brcm-linux-uclibcgnueabi-gcc -c -O2 -Wall -DLINUX26 -DCONFIG_BCMWL5 -DCONFIG_BCMWL6 -DCONFIG_BCMWL6A -DPART_JFFS2_GAP=0UL -pipe -fno-strict-aliasing -DBCMWPA2 -DBCMARM -marm  -DTCONFIG_NVRAM_64K -DLINUX_KERNEL_VERSION=132644 -fPIC -ffunction-sections -fdata-sections -I/root/advancedtomato-arm/release/src-rt-6.x.4708/router/gmp conftest.c >&5
conftest.c:32:13: error: expected '=', ',', ';', 'asm' or '__attribute__' before 'a'
configure:5820: $? = 1
configure: failed program was:
| /* confdefs.h */
| #define PACKAGE_NAME "nettle"
| #define PACKAGE_TARNAME "nettle"
| #define PACKAGE_VERSION "3.4"
| #define PACKAGE_STRING "nettle 3.4"
| #define PACKAGE_BUGREPORT "nettle-bugs@lists.lysator.liu.se"
| #define PACKAGE_URL ""
| #define STDC_HEADERS 1
| #define HAVE_SYS_TYPES_H 1
| #define HAVE_SYS_STAT_H 1
| #define HAVE_STDLIB_H 1
| #define HAVE_STRING_H 1
| #define HAVE_MEMORY_H 1
| #define HAVE_STRINGS_H 1
| #define HAVE_INTTYPES_H 1
| #define HAVE_STDINT_H 1
| #define HAVE_UNISTD_H 1
| #define TIME_WITH_SYS_TIME 1
| #define SIZEOF_LONG 4
| #define SIZEOF_SIZE_T 4
| #define HAVE_OPENSSL_EVP_H 1
| #define HAVE_OPENSSL_ECDSA_H 1
| #define HAVE_DLFCN_H 1
| #define HAVE_LIBDL 1
| #define HAVE_ALLOCA_H 1
| #define HAVE_ALLOCA 1
| #define HAVE_MALLOC_H 1
| #define HAVE_STRERROR 1
| #define HAVE_GETLINE 1
| /* end confdefs.h.  */
| #ifndef __APPLE_CC__
| 	       not a universal capable compiler
| 	     #endif
| 	     typedef int dummy;
| 
configure:5865: arm-brcm-linux-uclibcgnueabi-gcc -c -O2 -Wall -DLINUX26 -DCONFIG_BCMWL5 -DCONFIG_BCMWL6 -DCONFIG_BCMWL6A -DPART_JFFS2_GAP=0UL -pipe -fno-strict-aliasing -DBCMWPA2 -DBCMARM -marm  -DTCONFIG_NVRAM_64K -DLINUX_KERNEL_VERSION=132644 -fPIC -ffunction-sections -fdata-sections -I/root/advancedtomato-arm/release/src-rt-6.x.4708/router/gmp conftest.c >&5
configure:5865: $? = 0
configure:5883: arm-brcm-linux-uclibcgnueabi-gcc -c -O2 -Wall -DLINUX26 -DCONFIG_BCMWL5 -DCONFIG_BCMWL6 -DCONFIG_BCMWL6A -DPART_JFFS2_GAP=0UL -pipe -fno-strict-aliasing -DBCMWPA2 -DBCMARM -marm  -DTCONFIG_NVRAM_64K -DLINUX_KERNEL_VERSION=132644 -fPIC -ffunction-sections -fdata-sections -I/root/advancedtomato-arm/release/src-rt-6.x.4708/router/gmp conftest.c >&5
conftest.c: In function 'main':
conftest.c:38:4: error: 'not' undeclared (first use in this function)
conftest.c:38:4: note: each undeclared identifier is reported only once for each function it appears in
conftest.c:38:8: error: expected ';' before 'big'
configure:5883: $? = 1
configure: failed program was:
| /* confdefs.h */
| #define PACKAGE_NAME "nettle"
| #define PACKAGE_TARNAME "nettle"
| #define PACKAGE_VERSION "3.4"
| #define PACKAGE_STRING "nettle 3.4"
| #define PACKAGE_BUGREPORT "nettle-bugs@lists.lysator.liu.se"
| #define PACKAGE_URL ""
| #define STDC_HEADERS 1
| #define HAVE_SYS_TYPES_H 1
| #define HAVE_SYS_STAT_H 1
| #define HAVE_STDLIB_H 1
| #define HAVE_STRING_H 1
| #define HAVE_MEMORY_H 1
| #define HAVE_STRINGS_H 1
| #define HAVE_INTTYPES_H 1
| #define HAVE_STDINT_H 1
| #define HAVE_UNISTD_H 1
| #define TIME_WITH_SYS_TIME 1
| #define SIZEOF_LONG 4
| #define SIZEOF_SIZE_T 4
| #define HAVE_OPENSSL_EVP_H 1
| #define HAVE_OPENSSL_ECDSA_H 1
| #define HAVE_DLFCN_H 1
| #define HAVE_LIBDL 1
| #define HAVE_ALLOCA_H 1
| #define HAVE_ALLOCA 1
| #define HAVE_MALLOC_H 1
| #define HAVE_STRERROR 1
| #define HAVE_GETLINE 1
| /* end confdefs.h.  */
| #include <sys/types.h>
| 		#include <sys/param.h>
| 
| int
| main ()
| {
| #if BYTE_ORDER != BIG_ENDIAN
| 		 not big endian
| 		#endif
| 
|   ;
|   return 0;
| }
configure:6011: result: no
configure:6030: checking for __attribute__
configure:6056: arm-brcm-linux-uclibcgnueabi-gcc -c -O2 -Wall -DLINUX26 -DCONFIG_BCMWL5 -DCONFIG_BCMWL6 -DCONFIG_BCMWL6A -DPART_JFFS2_GAP=0UL -pipe -fno-strict-aliasing -DBCMWPA2 -DBCMARM -marm  -DTCONFIG_NVRAM_64K -DLINUX_KERNEL_VERSION=132644 -fPIC -ffunction-sections -fdata-sections -I/root/advancedtomato-arm/release/src-rt-6.x.4708/router/gmp conftest.c >&5
configure:6056: $? = 0
configure:6063: result: yes
configure:6077: checking for stdint types
configure:6100: arm-brcm-linux-uclibcgnueabi-gcc -c   conftest.c >&5
configure:6100: $? = 0
configure:6125: result: stdint.h (shortcircuit)
configure:6493: result: make use of stdint.h in nettle-stdint.h (assuming C99 compatible system)
configure:6503: checking for fcntl file locking
configure:6530: arm-brcm-linux-uclibcgnueabi-gcc -c -O2 -Wall -DLINUX26 -DCONFIG_BCMWL5 -DCONFIG_BCMWL6 -DCONFIG_BCMWL6A -DPART_JFFS2_GAP=0UL -pipe -fno-strict-aliasing -DBCMWPA2 -DBCMARM -marm  -DTCONFIG_NVRAM_64K -DLINUX_KERNEL_VERSION=132644 -fPIC -ffunction-sections -fdata-sections -I/root/advancedtomato-arm/release/src-rt-6.x.4708/router/gmp conftest.c >&5
conftest.c: In function 'main':
conftest.c:46:14: warning: unused variable 'fl'
conftest.c:45:5: warning: unused variable 'op'
configure:6530: $? = 0
configure:6537: result: yes
configure:6669: checking for mini-gmp limb size
configure:6672: arm-brcm-linux-uclibcgnueabi-gcc -c -O2 -Wall -DLINUX26 -DCONFIG_BCMWL5 -DCONFIG_BCMWL6 -DCONFIG_BCMWL6A -DPART_JFFS2_GAP=0UL -pipe -fno-strict-aliasing -DBCMWPA2 -DBCMARM -marm  -DTCONFIG_NVRAM_64K -DLINUX_KERNEL_VERSION=132644 -fPIC -ffunction-sections -fdata-sections -I/root/advancedtomato-arm/release/src-rt-6.x.4708/router/gmp conftest.c >&5
configure:6672: $? = 0
configure:6672: arm-brcm-linux-uclibcgnueabi-gcc -c -O2 -Wall -DLINUX26 -DCONFIG_BCMWL5 -DCONFIG_BCMWL6 -DCONFIG_BCMWL6A -DPART_JFFS2_GAP=0UL -pipe -fno-strict-aliasing -DBCMWPA2 -DBCMARM -marm  -DTCONFIG_NVRAM_64K -DLINUX_KERNEL_VERSION=132644 -fPIC -ffunction-sections -fdata-sections -I/root/advancedtomato-arm/release/src-rt-6.x.4708/router/gmp conftest.c >&5
conftest.c: In function 'main':
conftest.c:37:12: error: size of array 'test_array' is negative
configure:6672: $? = 1
configure: failed program was:
| /* confdefs.h */
| #define PACKAGE_NAME "nettle"
| #define PACKAGE_TARNAME "nettle"
| #define PACKAGE_VERSION "3.4"
| #define PACKAGE_STRING "nettle 3.4"
| #define PACKAGE_BUGREPORT "nettle-bugs@lists.lysator.liu.se"
| #define PACKAGE_URL ""
| #define STDC_HEADERS 1
| #define HAVE_SYS_TYPES_H 1
| #define HAVE_SYS_STAT_H 1
| #define HAVE_STDLIB_H 1
| #define HAVE_STRING_H 1
| #define HAVE_MEMORY_H 1
| #define HAVE_STRINGS_H 1
| #define HAVE_INTTYPES_H 1
| #define HAVE_STDINT_H 1
| #define HAVE_UNISTD_H 1
| #define TIME_WITH_SYS_TIME 1
| #define SIZEOF_LONG 4
| #define SIZEOF_SIZE_T 4
| #define HAVE_OPENSSL_EVP_H 1
| #define HAVE_OPENSSL_ECDSA_H 1
| #define HAVE_DLFCN_H 1
| #define HAVE_LIBDL 1
| #define HAVE_ALLOCA_H 1
| #define HAVE_ALLOCA 1
| #define HAVE_MALLOC_H 1
| #define HAVE_STRERROR 1
| #define HAVE_GETLINE 1
| #define HAVE_GCC_ATTRIBUTE 1
| #define HAVE_FCNTL_LOCKING 1
| /* end confdefs.h.  */
| #include <limits.h>
| int
| main ()
| {
| static int test_array [1 - 2 * !(((sizeof(unsigned long) * CHAR_BIT)) <= 0)];
| test_array [0] = 0;
| return test_array [0];
| 
|   ;
|   return 0;
| }
configure:6672: arm-brcm-linux-uclibcgnueabi-gcc -c -O2 -Wall -DLINUX26 -DCONFIG_BCMWL5 -DCONFIG_BCMWL6 -DCONFIG_BCMWL6A -DPART_JFFS2_GAP=0UL -pipe -fno-strict-aliasing -DBCMWPA2 -DBCMARM -marm  -DTCONFIG_NVRAM_64K -DLINUX_KERNEL_VERSION=132644 -fPIC -ffunction-sections -fdata-sections -I/root/advancedtomato-arm/release/src-rt-6.x.4708/router/gmp conftest.c >&5
conftest.c: In function 'main':
conftest.c:37:12: error: size of array 'test_array' is negative
configure:6672: $? = 1
configure: failed program was:
| /* confdefs.h */
| #define PACKAGE_NAME "nettle"
| #define PACKAGE_TARNAME "nettle"
| #define PACKAGE_VERSION "3.4"
| #define PACKAGE_STRING "nettle 3.4"
| #define PACKAGE_BUGREPORT "nettle-bugs@lists.lysator.liu.se"
| #define PACKAGE_URL ""
| #define STDC_HEADERS 1
| #define HAVE_SYS_TYPES_H 1
| #define HAVE_SYS_STAT_H 1
| #define HAVE_STDLIB_H 1
| #define HAVE_STRING_H 1
| #define HAVE_MEMORY_H 1
| #define HAVE_STRINGS_H 1
| #define HAVE_INTTYPES_H 1
| #define HAVE_STDINT_H 1
| #define HAVE_UNISTD_H 1
| #define TIME_WITH_SYS_TIME 1
| #define SIZEOF_LONG 4
| #define SIZEOF_SIZE_T 4
| #define HAVE_OPENSSL_EVP_H 1
| #define HAVE_OPENSSL_ECDSA_H 1
| #define HAVE_DLFCN_H 1
| #define HAVE_LIBDL 1
| #define HAVE_ALLOCA_H 1
| #define HAVE_ALLOCA 1
| #define HAVE_MALLOC_H 1
| #define HAVE_STRERROR 1
| #define HAVE_GETLINE 1
| #define HAVE_GCC_ATTRIBUTE 1
| #define HAVE_FCNTL_LOCKING 1
| /* end confdefs.h.  */
| #include <limits.h>
| int
| main ()
| {
| static int test_array [1 - 2 * !(((sizeof(unsigned long) * CHAR_BIT)) <= 1)];
| test_array [0] = 0;
| return test_array [0];
| 
|   ;
|   return 0;
| }
configure:6672: arm-brcm-linux-uclibcgnueabi-gcc -c -O2 -Wall -DLINUX26 -DCONFIG_BCMWL5 -DCONFIG_BCMWL6 -DCONFIG_BCMWL6A -DPART_JFFS2_GAP=0UL -pipe -fno-strict-aliasing -DBCMWPA2 -DBCMARM -marm  -DTCONFIG_NVRAM_64K -DLINUX_KERNEL_VERSION=132644 -fPIC -ffunction-sections -fdata-sections -I/root/advancedtomato-arm/release/src-rt-6.x.4708/router/gmp conftest.c >&5
conftest.c: In function 'main':
conftest.c:37:12: error: size of array 'test_array' is negative
configure:6672: $? = 1
configure: failed program was:
| /* confdefs.h */
| #define PACKAGE_NAME "nettle"
| #define PACKAGE_TARNAME "nettle"
| #define PACKAGE_VERSION "3.4"
| #define PACKAGE_STRING "nettle 3.4"
| #define PACKAGE_BUGREPORT "nettle-bugs@lists.lysator.liu.se"
| #define PACKAGE_URL ""
| #define STDC_HEADERS 1
| #define HAVE_SYS_TYPES_H 1
| #define HAVE_SYS_STAT_H 1
| #define HAVE_STDLIB_H 1
| #define HAVE_STRING_H 1
| #define HAVE_MEMORY_H 1
| #define HAVE_STRINGS_H 1
| #define HAVE_INTTYPES_H 1
| #define HAVE_STDINT_H 1
| #define HAVE_UNISTD_H 1
| #define TIME_WITH_SYS_TIME 1
| #define SIZEOF_LONG 4
| #define SIZEOF_SIZE_T 4
| #define HAVE_OPENSSL_EVP_H 1
| #define HAVE_OPENSSL_ECDSA_H 1
| #define HAVE_DLFCN_H 1
| #define HAVE_LIBDL 1
| #define HAVE_ALLOCA_H 1
| #define HAVE_ALLOCA 1
| #define HAVE_MALLOC_H 1
| #define HAVE_STRERROR 1
| #define HAVE_GETLINE 1
| #define HAVE_GCC_ATTRIBUTE 1
| #define HAVE_FCNTL_LOCKING 1
| /* end confdefs.h.  */
| #include <limits.h>
| int
| main ()
| {
| static int test_array [1 - 2 * !(((sizeof(unsigned long) * CHAR_BIT)) <= 3)];
| test_array [0] = 0;
| return test_array [0];
| 
|   ;
|   return 0;
| }
configure:6672: arm-brcm-linux-uclibcgnueabi-gcc -c -O2 -Wall -DLINUX26 -DCONFIG_BCMWL5 -DCONFIG_BCMWL6 -DCONFIG_BCMWL6A -DPART_JFFS2_GAP=0UL -pipe -fno-strict-aliasing -DBCMWPA2 -DBCMARM -marm  -DTCONFIG_NVRAM_64K -DLINUX_KERNEL_VERSION=132644 -fPIC -ffunction-sections -fdata-sections -I/root/advancedtomato-arm/release/src-rt-6.x.4708/router/gmp conftest.c >&5
conftest.c: In function 'main':
conftest.c:37:12: error: size of array 'test_array' is negative
configure:6672: $? = 1
configure: failed program was:
| /* confdefs.h */
| #define PACKAGE_NAME "nettle"
| #define PACKAGE_TARNAME "nettle"
| #define PACKAGE_VERSION "3.4"
| #define PACKAGE_STRING "nettle 3.4"
| #define PACKAGE_BUGREPORT "nettle-bugs@lists.lysator.liu.se"
| #define PACKAGE_URL ""
| #define STDC_HEADERS 1
| #define HAVE_SYS_TYPES_H 1
| #define HAVE_SYS_STAT_H 1
| #define HAVE_STDLIB_H 1
| #define HAVE_STRING_H 1
| #define HAVE_MEMORY_H 1
| #define HAVE_STRINGS_H 1
| #define HAVE_INTTYPES_H 1
| #define HAVE_STDINT_H 1
| #define HAVE_UNISTD_H 1
| #define TIME_WITH_SYS_TIME 1
| #define SIZEOF_LONG 4
| #define SIZEOF_SIZE_T 4
| #define HAVE_OPENSSL_EVP_H 1
| #define HAVE_OPENSSL_ECDSA_H 1
| #define HAVE_DLFCN_H 1
| #define HAVE_LIBDL 1
| #define HAVE_ALLOCA_H 1
| #define HAVE_ALLOCA 1
| #define HAVE_MALLOC_H 1
| #define HAVE_STRERROR 1
| #define HAVE_GETLINE 1
| #define HAVE_GCC_ATTRIBUTE 1
| #define HAVE_FCNTL_LOCKING 1
| /* end confdefs.h.  */
| #include <limits.h>
| int
| main ()
| {
| static int test_array [1 - 2 * !(((sizeof(unsigned long) * CHAR_BIT)) <= 7)];
| test_array [0] = 0;
| return test_array [0];
| 
|   ;
|   return 0;
| }
configure:6672: arm-brcm-linux-uclibcgnueabi-gcc -c -O2 -Wall -DLINUX26 -DCONFIG_BCMWL5 -DCONFIG_BCMWL6 -DCONFIG_BCMWL6A -DPART_JFFS2_GAP=0UL -pipe -fno-strict-aliasing -DBCMWPA2 -DBCMARM -marm  -DTCONFIG_NVRAM_64K -DLINUX_KERNEL_VERSION=132644 -fPIC -ffunction-sections -fdata-sections -I/root/advancedtomato-arm/release/src-rt-6.x.4708/router/gmp conftest.c >&5
conftest.c: In function 'main':
conftest.c:37:12: error: size of array 'test_array' is negative
configure:6672: $? = 1
configure: failed program was:
| /* confdefs.h */
| #define PACKAGE_NAME "nettle"
| #define PACKAGE_TARNAME "nettle"
| #define PACKAGE_VERSION "3.4"
| #define PACKAGE_STRING "nettle 3.4"
| #define PACKAGE_BUGREPORT "nettle-bugs@lists.lysator.liu.se"
| #define PACKAGE_URL ""
| #define STDC_HEADERS 1
| #define HAVE_SYS_TYPES_H 1
| #define HAVE_SYS_STAT_H 1
| #define HAVE_STDLIB_H 1
| #define HAVE_STRING_H 1
| #define HAVE_MEMORY_H 1
| #define HAVE_STRINGS_H 1
| #define HAVE_INTTYPES_H 1
| #define HAVE_STDINT_H 1
| #define HAVE_UNISTD_H 1
| #define TIME_WITH_SYS_TIME 1
| #define SIZEOF_LONG 4
| #define SIZEOF_SIZE_T 4
| #define HAVE_OPENSSL_EVP_H 1
| #define HAVE_OPENSSL_ECDSA_H 1
| #define HAVE_DLFCN_H 1
| #define HAVE_LIBDL 1
| #define HAVE_ALLOCA_H 1
| #define HAVE_ALLOCA 1
| #define HAVE_MALLOC_H 1
| #define HAVE_STRERROR 1
| #define HAVE_GETLINE 1
| #define HAVE_GCC_ATTRIBUTE 1
| #define HAVE_FCNTL_LOCKING 1
| /* end confdefs.h.  */
| #include <limits.h>
| int
| main ()
| {
| static int test_array [1 - 2 * !(((sizeof(unsigned long) * CHAR_BIT)) <= 15)];
| test_array [0] = 0;
| return test_array [0];
| 
|   ;
|   return 0;
| }
configure:6672: arm-brcm-linux-uclibcgnueabi-gcc -c -O2 -Wall -DLINUX26 -DCONFIG_BCMWL5 -DCONFIG_BCMWL6 -DCONFIG_BCMWL6A -DPART_JFFS2_GAP=0UL -pipe -fno-strict-aliasing -DBCMWPA2 -DBCMARM -marm  -DTCONFIG_NVRAM_64K -DLINUX_KERNEL_VERSION=132644 -fPIC -ffunction-sections -fdata-sections -I/root/advancedtomato-arm/release/src-rt-6.x.4708/router/gmp conftest.c >&5
conftest.c: In function 'main':
conftest.c:37:12: error: size of array 'test_array' is negative
configure:6672: $? = 1
configure: failed program was:
| /* confdefs.h */
| #define PACKAGE_NAME "nettle"
| #define PACKAGE_TARNAME "nettle"
| #define PACKAGE_VERSION "3.4"
| #define PACKAGE_STRING "nettle 3.4"
| #define PACKAGE_BUGREPORT "nettle-bugs@lists.lysator.liu.se"
| #define PACKAGE_URL ""
| #define STDC_HEADERS 1
| #define HAVE_SYS_TYPES_H 1
| #define HAVE_SYS_STAT_H 1
| #define HAVE_STDLIB_H 1
| #define HAVE_STRING_H 1
| #define HAVE_MEMORY_H 1
| #define HAVE_STRINGS_H 1
| #define HAVE_INTTYPES_H 1
| #define HAVE_STDINT_H 1
| #define HAVE_UNISTD_H 1
| #define TIME_WITH_SYS_TIME 1
| #define SIZEOF_LONG 4
| #define SIZEOF_SIZE_T 4
| #define HAVE_OPENSSL_EVP_H 1
| #define HAVE_OPENSSL_ECDSA_H 1
| #define HAVE_DLFCN_H 1
| #define HAVE_LIBDL 1
| #define HAVE_ALLOCA_H 1
| #define HAVE_ALLOCA 1
| #define HAVE_MALLOC_H 1
| #define HAVE_STRERROR 1
| #define HAVE_GETLINE 1
| #define HAVE_GCC_ATTRIBUTE 1
| #define HAVE_FCNTL_LOCKING 1
| /* end confdefs.h.  */
| #include <limits.h>
| int
| main ()
| {
| static int test_array [1 - 2 * !(((sizeof(unsigned long) * CHAR_BIT)) <= 31)];
| test_array [0] = 0;
| return test_array [0];
| 
|   ;
|   return 0;
| }
configure:6672: arm-brcm-linux-uclibcgnueabi-gcc -c -O2 -Wall -DLINUX26 -DCONFIG_BCMWL5 -DCONFIG_BCMWL6 -DCONFIG_BCMWL6A -DPART_JFFS2_GAP=0UL -pipe -fno-strict-aliasing -DBCMWPA2 -DBCMARM -marm  -DTCONFIG_NVRAM_64K -DLINUX_KERNEL_VERSION=132644 -fPIC -ffunction-sections -fdata-sections -I/root/advancedtomato-arm/release/src-rt-6.x.4708/router/gmp conftest.c >&5
configure:6672: $? = 0
configure:6672: arm-brcm-linux-uclibcgnueabi-gcc -c -O2 -Wall -DLINUX26 -DCONFIG_BCMWL5 -DCONFIG_BCMWL6 -DCONFIG_BCMWL6A -DPART_JFFS2_GAP=0UL -pipe -fno-strict-aliasing -DBCMWPA2 -DBCMARM -marm  -DTCONFIG_NVRAM_64K -DLINUX_KERNEL_VERSION=132644 -fPIC -ffunction-sections -fdata-sections -I/root/advancedtomato-arm/release/src-rt-6.x.4708/router/gmp conftest.c >&5
configure:6672: $? = 0
configure:6672: arm-brcm-linux-uclibcgnueabi-gcc -c -O2 -Wall -DLINUX26 -DCONFIG_BCMWL5 -DCONFIG_BCMWL6 -DCONFIG_BCMWL6A -DPART_JFFS2_GAP=0UL -pipe -fno-strict-aliasing -DBCMWPA2 -DBCMARM -marm  -DTCONFIG_NVRAM_64K -DLINUX_KERNEL_VERSION=132644 -fPIC -ffunction-sections -fdata-sections -I/root/advancedtomato-arm/release/src-rt-6.x.4708/router/gmp conftest.c >&5
configure:6672: $? = 0
configure:6672: arm-brcm-linux-uclibcgnueabi-gcc -c -O2 -Wall -DLINUX26 -DCONFIG_BCMWL5 -DCONFIG_BCMWL6 -DCONFIG_BCMWL6A -DPART_JFFS2_GAP=0UL -pipe -fno-strict-aliasing -DBCMWPA2 -DBCMARM -marm  -DTCONFIG_NVRAM_64K -DLINUX_KERNEL_VERSION=132644 -fPIC -ffunction-sections -fdata-sections -I/root/advancedtomato-arm/release/src-rt-6.x.4708/router/gmp conftest.c >&5
configure:6672: $? = 0
configure:6672: arm-brcm-linux-uclibcgnueabi-gcc -c -O2 -Wall -DLINUX26 -DCONFIG_BCMWL5 -DCONFIG_BCMWL6 -DCONFIG_BCMWL6A -DPART_JFFS2_GAP=0UL -pipe -fno-strict-aliasing -DBCMWPA2 -DBCMARM -marm  -DTCONFIG_NVRAM_64K -DLINUX_KERNEL_VERSION=132644 -fPIC -ffunction-sections -fdata-sections -I/root/advancedtomato-arm/release/src-rt-6.x.4708/router/gmp conftest.c >&5
configure:6672: $? = 0
configure:6672: arm-brcm-linux-uclibcgnueabi-gcc -c -O2 -Wall -DLINUX26 -DCONFIG_BCMWL5 -DCONFIG_BCMWL6 -DCONFIG_BCMWL6A -DPART_JFFS2_GAP=0UL -pipe -fno-strict-aliasing -DBCMWPA2 -DBCMARM -marm  -DTCONFIG_NVRAM_64K -DLINUX_KERNEL_VERSION=132644 -fPIC -ffunction-sections -fdata-sections -I/root/advancedtomato-arm/release/src-rt-6.x.4708/router/gmp conftest.c >&5
configure:6672: $? = 0
configure:6682: result: 32 bits
configure:6990: Looking for assembler files in arm.
configure:7081: checking CCPIC
configure:7125: arm-brcm-linux-uclibcgnueabi-gcc -c -O2 -Wall -DLINUX26 -DCONFIG_BCMWL5 -DCONFIG_BCMWL6 -DCONFIG_BCMWL6A -DPART_JFFS2_GAP=0UL -pipe -fno-strict-aliasing -DBCMWPA2 -DBCMARM -marm  -DTCONFIG_NVRAM_64K -DLINUX_KERNEL_VERSION=132644 -fPIC -ffunction-sections -fdata-sections -fpic -I/root/advancedtomato-arm/release/src-rt-6.x.4708/router/gmp conftest.c >&5
conftest.c: In function 'main':
conftest.c:42:1: warning: implicit declaration of function 'exit'
conftest.c:42:1: warning: incompatible implicit declaration of built-in function 'exit'
configure:7125: $? = 0
configure:7136: result: -fpic
configure:7249: checking if globals are prefixed by underscore
configure:7260: arm-brcm-linux-uclibcgnueabi-gcc -c -O2 -Wall -DLINUX26 -DCONFIG_BCMWL5 -DCONFIG_BCMWL6 -DCONFIG_BCMWL6A -DPART_JFFS2_GAP=0UL -pipe -fno-strict-aliasing -DBCMWPA2 -DBCMARM -marm  -DTCONFIG_NVRAM_64K -DLINUX_KERNEL_VERSION=132644 -fPIC -ffunction-sections -fdata-sections -I/root/advancedtomato-arm/release/src-rt-6.x.4708/router/gmp conftest.c >&5
configure:7260: $? = 0
configure:7276: result: no
configure:7282: checking for ELF-style .type,%function pseudo-ops
configure:7299: arm-brcm-linux-uclibcgnueabi-gcc -O2 -Wall -DLINUX26 -DCONFIG_BCMWL5 -DCONFIG_BCMWL6 -DCONFIG_BCMWL6A -DPART_JFFS2_GAP=0UL -pipe -fno-strict-aliasing -DBCMWPA2 -DBCMARM -marm  -DTCONFIG_NVRAM_64K -DLINUX_KERNEL_VERSION=132644 -fPIC -ffunction-sections -fdata-sections -I/root/advancedtomato-arm/release/src-rt-6.x.4708/router/gmp -c conftest.s >conftest.out 2>&1
configure:7302: $? = 0
configure:7315: result: yes
configure:7318: checking for ELF-style .type,#function pseudo-ops
configure:7335: arm-brcm-linux-uclibcgnueabi-gcc -O2 -Wall -DLINUX26 -DCONFIG_BCMWL5 -DCONFIG_BCMWL6 -DCONFIG_BCMWL6A -DPART_JFFS2_GAP=0UL -pipe -fno-strict-aliasing -DBCMWPA2 -DBCMARM -marm  -DTCONFIG_NVRAM_64K -DLINUX_KERNEL_VERSION=132644 -fPIC -ffunction-sections -fdata-sections -I/root/advancedtomato-arm/release/src-rt-6.x.4708/router/gmp -c conftest.s >conftest.out 2>&1
configure:7338: $? = 0
configure:7351: result: yes
configure:7366: checking for COFF-style .type directive
configure:7383: arm-brcm-linux-uclibcgnueabi-gcc -O2 -Wall -DLINUX26 -DCONFIG_BCMWL5 -DCONFIG_BCMWL6 -DCONFIG_BCMWL6A -DPART_JFFS2_GAP=0UL -pipe -fno-strict-aliasing -DBCMWPA2 -DBCMARM -marm  -DTCONFIG_NVRAM_64K -DLINUX_KERNEL_VERSION=132644 -fPIC -ffunction-sections -fdata-sections -I/root/advancedtomato-arm/release/src-rt-6.x.4708/router/gmp -c conftest.s >conftest.out 2>&1
configure:7386: $? = 1
conftest.s: Assembler messages:
conftest.s:4: Error: unknown pseudo-op: `.def'
conftest.s:5: Error: unknown pseudo-op: `.scl'
conftest.s:6: Error: Missing symbol name in directive
conftest.s:6: Error: unrecognized symbol type "32"
conftest.s:7: Error: unknown pseudo-op: `.endef'
configure: failed program was:

.text
.globl _foo
.def _foo
.scl 2
.type 32
.endef
_foo:

configure:7399: result: no
configure:7405: checking if we should use a .note.GNU-stack section
configure:7417: arm-brcm-linux-uclibcgnueabi-gcc -O2 -Wall -DLINUX26 -DCONFIG_BCMWL5 -DCONFIG_BCMWL6 -DCONFIG_BCMWL6A -DPART_JFFS2_GAP=0UL -pipe -fno-strict-aliasing -DBCMWPA2 -DBCMARM -marm  -DTCONFIG_NVRAM_64K -DLINUX_KERNEL_VERSION=132644 -fPIC -ffunction-sections -fdata-sections -I/root/advancedtomato-arm/release/src-rt-6.x.4708/router/gmp -c conftest.c >conftest.out 2>&1
configure:7420: $? = 0
configure:7432: result: yes
configure:7438: checking if .align assembly directive is logarithmic
configure:7449: arm-brcm-linux-uclibcgnueabi-gcc -O2 -Wall -DLINUX26 -DCONFIG_BCMWL5 -DCONFIG_BCMWL6 -DCONFIG_BCMWL6A -DPART_JFFS2_GAP=0UL -pipe -fno-strict-aliasing -DBCMWPA2 -DBCMARM -marm  -DTCONFIG_NVRAM_64K -DLINUX_KERNEL_VERSION=132644 -fPIC -ffunction-sections -fdata-sections -I/root/advancedtomato-arm/release/src-rt-6.x.4708/router/gmp -c conftest.s >conftest.out 2>&1
configure:7452: $? = 0
configure:7465: result: yes
configure:7500: checking for m4
configure:7518: found /usr/bin/m4
configure:7531: result: /usr/bin/m4
configure:7649: checking for EVP_CIPHER_CTX_new in -lcrypto
configure:7674: arm-brcm-linux-uclibcgnueabi-gcc -o conftest -O2 -Wall -DLINUX26 -DCONFIG_BCMWL5 -DCONFIG_BCMWL6 -DCONFIG_BCMWL6A -DPART_JFFS2_GAP=0UL -pipe -fno-strict-aliasing -DBCMWPA2 -DBCMARM -marm  -DTCONFIG_NVRAM_64K -DLINUX_KERNEL_VERSION=132644 -fPIC -ffunction-sections -fdata-sections -I/root/advancedtomato-arm/release/src-rt-6.x.4708/router/gmp -L/root/advancedtomato-arm/release/src-rt-6.x.4708/router/gmp/.libs -ffunction-sections -fdata-sections -Wl,--gc-sections -fPIC conftest.c -lcrypto   >&5
configure:7674: $? = 0
configure:7683: result: yes
configure:7709: checking for library containing clock_gettime
configure:7740: arm-brcm-linux-uclibcgnueabi-gcc -o conftest -O2 -Wall -DLINUX26 -DCONFIG_BCMWL5 -DCONFIG_BCMWL6 -DCONFIG_BCMWL6A -DPART_JFFS2_GAP=0UL -pipe -fno-strict-aliasing -DBCMWPA2 -DBCMARM -marm  -DTCONFIG_NVRAM_64K -DLINUX_KERNEL_VERSION=132644 -fPIC -ffunction-sections -fdata-sections -I/root/advancedtomato-arm/release/src-rt-6.x.4708/router/gmp -L/root/advancedtomato-arm/release/src-rt-6.x.4708/router/gmp/.libs -ffunction-sections -fdata-sections -Wl,--gc-sections -fPIC conftest.c  >&5
configure:7740: $? = 0
configure:7757: result: none required
configure:7918: creating ./config.status

## ---------------------- ##
## Running config.status. ##
## ---------------------- ##

This file was extended by nettle config.status 3.4, which was
generated by GNU Autoconf 2.69.  Invocation command line was

  CONFIG_FILES    = 
  CONFIG_HEADERS  = 
  CONFIG_LINKS    = 
  CONFIG_COMMANDS = 
  $ ./config.status 

on debian

config.status:950: creating config.make
config.status:950: creating config.m4
config.status:950: creating Makefile
config.status:950: creating version.h
config.status:950: creating tools/Makefile
config.status:950: creating testsuite/Makefile
config.status:950: creating examples/Makefile
config.status:950: creating nettle.pc
config.status:950: creating hogweed.pc
config.status:950: creating libnettle.map
config.status:950: creating libhogweed.map
config.status:950: creating config.h
config.status:1157: linking arm/aes-encrypt-internal.asm to aes-encrypt-internal.asm
config.status:1157: linking arm/aes-decrypt-internal.asm to aes-decrypt-internal.asm
config.status:1157: linking arm/memxor.asm to memxor.asm
config.status:1157: linking arm/memxor3.asm to memxor3.asm
config.status:1157: linking arm/machine.m4 to machine.m4
config.status:1157: linking arm/ecc-192-modp.asm to ecc-192-modp.asm
config.status:1157: linking arm/ecc-224-modp.asm to ecc-224-modp.asm
config.status:1157: linking arm/ecc-256-redc.asm to ecc-256-redc.asm
config.status:1157: linking arm/ecc-384-modp.asm to ecc-384-modp.asm
config.status:1157: linking arm/ecc-521-modp.asm to ecc-521-modp.asm
config.status:1176: executing dummy-dep-files commands
config.status:1176: executing nettle-stdint.h commands
config.status:1189: creating nettle-stdint.h : __NETTLE_STDINT_H
configure:9576: summary of build options:

  Version:           nettle 3.4
  Host type:         arm-unknown-linux-gnu
  ABI:               standard
  Assembly files:    arm
  Install prefix:    /root/advancedtomato-arm/release/src-rt-6.x.4708/router/nettle
  Library directory: ${exec_prefix}/lib
  Compiler:          arm-brcm-linux-uclibcgnueabi-gcc
  Static libraries:  yes
  Shared libraries:  no
  Public key crypto: yes
  Using mini-gmp:    yes
  Documentation:     no


## ---------------- ##
## Cache variables. ##
## ---------------- ##

ac_cv_build=x86_64-pc-linux-gnu
ac_cv_c_bigendian=no
ac_cv_c_compiler_gnu=yes
ac_cv_c_const=yes
ac_cv_c_inline=inline
ac_cv_cxx_compiler_gnu=yes
ac_cv_env_CCC_set=
ac_cv_env_CCC_value=
ac_cv_env_CC_FOR_BUILD_set=
ac_cv_env_CC_FOR_BUILD_value=
ac_cv_env_CC_set=set
ac_cv_env_CC_value=arm-brcm-linux-uclibcgnueabi-gcc
ac_cv_env_CFLAGS_set=set
ac_cv_env_CFLAGS_value='-O2 -Wall -DLINUX26 -DCONFIG_BCMWL5 -DCONFIG_BCMWL6 -DCONFIG_BCMWL6A -DPART_JFFS2_GAP=0UL -pipe -fno-strict-aliasing -DBCMWPA2 -DBCMARM -marm  -DTCONFIG_NVRAM_64K -DLINUX_KERNEL_VERSION=132644 -fPIC -ffunction-sections -fdata-sections'
ac_cv_env_CPPFLAGS_set=set
ac_cv_env_CPPFLAGS_value=-I/root/advancedtomato-arm/release/src-rt-6.x.4708/router/gmp
ac_cv_env_CPP_set=
ac_cv_env_CPP_value=
ac_cv_env_CXXFLAGS_set=
ac_cv_env_CXXFLAGS_value=
ac_cv_env_CXX_set=
ac_cv_env_CXX_value=
ac_cv_env_LDFLAGS_set=set
ac_cv_env_LDFLAGS_value='-L/root/advancedtomato-arm/release/src-rt-6.x.4708/router/gmp/.libs -ffunction-sections -fdata-sections -Wl,--gc-sections -fPIC'
ac_cv_env_LIBS_set=
ac_cv_env_LIBS_value=
ac_cv_env_build_alias_set=set
ac_cv_env_build_alias_value=x86_64-linux-gnu
ac_cv_env_host_alias_set=set
ac_cv_env_host_alias_value=arm-linux
ac_cv_env_target_alias_set=
ac_cv_env_target_alias_value=
ac_cv_func_alloca_works=yes
ac_cv_func_getline=yes
ac_cv_func_malloc_0_nonnull=yes
ac_cv_func_secure_getenv=no
ac_cv_func_strerror=yes
ac_cv_header_dlfcn_h=yes
ac_cv_header_inttypes_h=yes
ac_cv_header_malloc_h=yes
ac_cv_header_memory_h=yes
ac_cv_header_openssl_ecdsa_h=yes
ac_cv_header_openssl_evp_h=yes
ac_cv_header_stdc=yes
ac_cv_header_stdint=stdint.h
ac_cv_header_stdint_h=yes
ac_cv_header_stdint_t=stdint.h
ac_cv_header_stdlib_h=yes
ac_cv_header_string_h=yes
ac_cv_header_strings_h=yes
ac_cv_header_sys_stat_h=yes
ac_cv_header_sys_types_h=yes
ac_cv_header_time=yes
ac_cv_header_unistd_h=yes
ac_cv_header_valgrind_memcheck_h=no
ac_cv_host=arm-unknown-linux-gnu
ac_cv_lib_crypto_EVP_CIPHER_CTX_new=yes
ac_cv_lib_dl_dlopen=yes
ac_cv_objext=o
ac_cv_path_EGREP='/bin/grep -E'
ac_cv_path_GREP=/bin/grep
ac_cv_path_M4=/usr/bin/m4
ac_cv_path_install='/usr/bin/install -c'
ac_cv_path_mkdir=/bin/mkdir
ac_cv_prog_AR=arm-brcm-linux-uclibcgnueabi-ar
ac_cv_prog_CC=arm-brcm-linux-uclibcgnueabi-gcc
ac_cv_prog_CPP='arm-brcm-linux-uclibcgnueabi-gcc -E'
ac_cv_prog_CXX=arm-linux-g++
ac_cv_prog_NM=arm-brcm-linux-uclibcgnueabi-nm
ac_cv_prog_RANLIB=arm-brcm-linux-uclibcgnueabi-ranlib
ac_cv_prog_ac_ct_OBJDUMP=objdump
ac_cv_prog_cc_c89=
ac_cv_prog_cc_g=yes
ac_cv_prog_cxx_g=yes
ac_cv_prog_make_make_set=yes
ac_cv_search_clock_gettime='none required'
ac_cv_sizeof_long=4
ac_cv_sizeof_size_t=4
ac_cv_stdint_message='using gnu compiler arm-brcm-linux-uclibcgnueabi-gcc (Buildroot 2012.02) 4.5.3'
ac_cv_stdint_result='(assuming C99 compatible system)'
ac_cv_type_size_t=yes
ac_cv_type_uid_t=yes
ac_cv_working_alloca_h=yes
gmp_cv_prog_exeext_for_build=
lsh_cv_c_attribute=yes
lsh_cv_sys_ccpic=-fpic
nettle_cv_asm_align_log=yes
nettle_cv_asm_coff_type=no
nettle_cv_asm_gnu_stack=yes
nettle_cv_asm_type_hash_function=yes
nettle_cv_asm_type_percent_function=yes
nettle_cv_asm_underscore=no
nettle_cv_fcntl_locking=yes
nettle_cv_gmp_numb_bits=32
nettle_cv_link_ifunc=no

## ----------------- ##
## Output variables. ##
## ----------------- ##

ALLOCA=''
AR='arm-brcm-linux-uclibcgnueabi-ar'
ASM_ALIGN_LOG='yes'
ASM_COFF_STYLE='no'
ASM_ELF_STYLE='yes'
ASM_MARK_NOEXEC_STACK='.section .note.GNU-stack,"",TYPE_PROGBITS'
ASM_RODATA='.section .rodata'
ASM_SYMBOL_PREFIX=''
ASM_TYPE_FUNCTION='%function'
ASM_TYPE_PROGBITS='%progbits'
BENCH_LIBS=''
CC='arm-brcm-linux-uclibcgnueabi-gcc'
CCPIC='-fpic'
CC_FOR_BUILD='gcc -O -g'
CFLAGS='-O2 -Wall -DLINUX26 -DCONFIG_BCMWL5 -DCONFIG_BCMWL6 -DCONFIG_BCMWL6A -DPART_JFFS2_GAP=0UL -pipe -fno-strict-aliasing -DBCMWPA2 -DBCMARM -marm  -DTCONFIG_NVRAM_64K -DLINUX_KERNEL_VERSION=132644 -fPIC -ffunction-sections -fdata-sections -ggdb3 -Wno-pointer-sign -Wall -W   -Wmissing-prototypes -Wmissing-declarations -Wstrict-prototypes   -Wpointer-arith -Wbad-function-cast -Wnested-externs'
CPP='arm-brcm-linux-uclibcgnueabi-gcc -E'
CPPFLAGS='-I/root/advancedtomato-arm/release/src-rt-6.x.4708/router/gmp'
CXX='arm-linux-g++'
CXXFLAGS='-g -O2'
DEFS='-DHAVE_CONFIG_H'
DEP_FLAGS='-MT $@ -MD -MP -MF $@.d'
DEP_INCLUDE='include '
DEP_PROCESS='true'
ECHO_C=''
ECHO_N='-n'
ECHO_T=''
EGREP='/bin/grep -E'
EMULATOR=''
EXEEXT=''
EXEEXT_FOR_BUILD=''
EXTRA_HOGWEED_LINKER_FLAGS='-Wl,--version-script=libhogweed.map'
EXTRA_LINKER_FLAGS='-Wl,--version-script=libnettle.map'
GMP_NUMB_BITS='32'
GREP='/bin/grep'
HOGWEED_EXTRA_SYMBOLS='mpz_*;gmp_*;mpn_*;mp_*;'
IF_ASM=''
IF_CXX=''
IF_DLL='#'
IF_DLOPEN_TEST='#'
IF_DOCUMENTATION='#'
IF_HOGWEED=''
IF_MINI_GMP=''
IF_NOT_SHARED=''
IF_SHARED='#'
IF_STATIC=''
INSTALL_DATA='${INSTALL} -m 644'
INSTALL_PROGRAM='${INSTALL}'
INSTALL_SCRIPT='${INSTALL}'
LDFLAGS='-L/root/advancedtomato-arm/release/src-rt-6.x.4708/router/gmp/.libs -ffunction-sections -fdata-sections -Wl,--gc-sections -fPIC'
LIBHOGWEED_FILE='$(LIBHOGWEED_SONAME).$(LIBHOGWEED_MINOR)'
LIBHOGWEED_FILE_SRC='$(LIBHOGWEED_FORLINK)'
LIBHOGWEED_FORLINK='libhogweed.so'
LIBHOGWEED_LIBS='libnettle.so $(LIBS)'
LIBHOGWEED_LINK='$(CC) $(CFLAGS) $(LDFLAGS) -shared -Wl,-soname=$(LIBHOGWEED_SONAME)'
LIBHOGWEED_MAJOR='4'
LIBHOGWEED_MINOR='4'
LIBHOGWEED_SONAME='$(LIBHOGWEED_FORLINK).$(LIBHOGWEED_MAJOR)'
LIBNETTLE_FILE='$(LIBNETTLE_SONAME).$(LIBNETTLE_MINOR)'
LIBNETTLE_FILE_SRC='$(LIBNETTLE_FORLINK)'
LIBNETTLE_FORLINK='libnettle.so'
LIBNETTLE_LIBS=''
LIBNETTLE_LINK='$(CC) $(CFLAGS) $(LDFLAGS) -shared -Wl,-soname=$(LIBNETTLE_SONAME)'
LIBNETTLE_MAJOR='6'
LIBNETTLE_MINOR='4'
LIBNETTLE_SONAME='$(LIBNETTLE_FORLINK).$(LIBNETTLE_MAJOR)'
LIBOBJS=''
LIBS=''
LN_S='ln -s'
LTLIBOBJS=''
M4='/usr/bin/m4'
MAJOR_VERSION='3'
MAKEINFO=''
MINOR_VERSION='4'
MKDIR_P='/bin/mkdir -p'
NETTLE_USE_MINI_GMP='1'
NM='arm-brcm-linux-uclibcgnueabi-nm'
NUMB_BITS='32'
OBJDUMP='objdump'
OBJEXT='o'
OPENSSL_LIBFLAGS='-lcrypto'
OPT_HOGWEED_OBJS=' ecc-192-modp.$(OBJEXT) ecc-224-modp.$(OBJEXT) ecc-256-redc.$(OBJEXT) ecc-384-modp.$(OBJEXT) ecc-521-modp.$(OBJEXT)'
OPT_NETTLE_OBJS=''
OPT_NETTLE_SOURCES=''
PACKAGE_BUGREPORT='nettle-bugs@lists.lysator.liu.se'
PACKAGE_NAME='nettle'
PACKAGE_STRING='nettle 3.4'
PACKAGE_TARNAME='nettle'
PACKAGE_URL=''
PACKAGE_VERSION='3.4'
PATH_SEPARATOR=':'
RANLIB='arm-brcm-linux-uclibcgnueabi-ranlib'
SET_MAKE=''
SHELL='/bin/bash'
W64_ABI='no'
ac_ct_CC=''
ac_ct_CXX=''
bindir='${exec_prefix}/bin'
build='x86_64-pc-linux-gnu'
build_alias='x86_64-linux-gnu'
build_cpu='x86_64'
build_os='linux-gnu'
build_vendor='pc'
datadir='${datarootdir}'
datarootdir='${prefix}/share'
docdir='${datarootdir}/doc/${PACKAGE_TARNAME}'
dvidir='${docdir}'
exec_prefix='${prefix}'
host='arm-unknown-linux-gnu'
host_alias='arm-linux'
host_cpu='arm'
host_os='linux-gnu'
host_vendor='unknown'
htmldir='${docdir}'
includedir='${prefix}/include'
infodir='${datarootdir}/info'
libdir='${exec_prefix}/lib'
libexecdir='${exec_prefix}/libexec'
localedir='${datarootdir}/locale'
localstatedir='${prefix}/var'
mandir='${datarootdir}/man'
oldincludedir='/usr/include'
pdfdir='${docdir}'
prefix='/root/advancedtomato-arm/release/src-rt-6.x.4708/router/nettle'
program_transform_name='s,x,x,'
psdir='${docdir}'
runstatedir='${localstatedir}/run'
sbindir='${exec_prefix}/sbin'
sharedstatedir='${prefix}/com'
sysconfdir='${prefix}/etc'
target_alias=''

## ----------- ##
## confdefs.h. ##
## ----------- ##

/* confdefs.h */
#define PACKAGE_NAME "nettle"
#define PACKAGE_TARNAME "nettle"
#define PACKAGE_VERSION "3.4"
#define PACKAGE_STRING "nettle 3.4"
#define PACKAGE_BUGREPORT "nettle-bugs@lists.lysator.liu.se"
#define PACKAGE_URL ""
#define STDC_HEADERS 1
#define HAVE_SYS_TYPES_H 1
#define HAVE_SYS_STAT_H 1
#define HAVE_STDLIB_H 1
#define HAVE_STRING_H 1
#define HAVE_MEMORY_H 1
#define HAVE_STRINGS_H 1
#define HAVE_INTTYPES_H 1
#define HAVE_STDINT_H 1
#define HAVE_UNISTD_H 1
#define TIME_WITH_SYS_TIME 1
#define SIZEOF_LONG 4
#define SIZEOF_SIZE_T 4
#define HAVE_OPENSSL_EVP_H 1
#define HAVE_OPENSSL_ECDSA_H 1
#define HAVE_DLFCN_H 1
#define HAVE_LIBDL 1
#define HAVE_ALLOCA_H 1
#define HAVE_ALLOCA 1
#define HAVE_MALLOC_H 1
#define HAVE_STRERROR 1
#define HAVE_GETLINE 1
#define HAVE_GCC_ATTRIBUTE 1
#define HAVE_FCNTL_LOCKING 1
#define HAVE_NATIVE_ecc_192_modp 1
#define HAVE_NATIVE_ecc_224_modp 1
#define HAVE_NATIVE_ecc_256_redc 1
#define HAVE_NATIVE_ecc_384_modp 1
#define HAVE_NATIVE_ecc_521_modp 1
#define WITH_HOGWEED 1
#define WITH_OPENSSL 1
#define HAVE_CLOCK_GETTIME 1

configure: exit 0

## ---------------------- ##
## Running config.status. ##
## ---------------------- ##

This file was extended by nettle config.status 3.4, which was
generated by GNU Autoconf 2.69.  Invocation command line was

  CONFIG_FILES    = 
  CONFIG_HEADERS  = 
  CONFIG_LINKS    = 
  CONFIG_COMMANDS = 
  $ ./config.status config.h

on debian

config.status:950: creating config.h
config.status:1131: config.h is unchanged
